[0.129s] DEBUG:colcon:Command line arguments: ['/usr/bin/colcon', 'build']
[0.129s] DEBUG:colcon:Parsed command line arguments: Namespace(log_base=None, log_level=None, verb_name='build', build_base='build', install_base='install', merge_install=False, symlink_install=False, test_result_base=None, continue_on_error=False, executor='parallel', parallel_workers=12, event_handlers=None, ignore_user_meta=False, metas=['./colcon.meta'], base_paths=['.'], packages_ignore=None, packages_ignore_regex=None, paths=None, packages_up_to=None, packages_up_to_regex=None, packages_above=None, packages_above_and_dependencies=None, packages_above_depth=None, packages_select_by_dep=None, packages_skip_by_dep=None, packages_skip_up_to=None, packages_select_build_failed=False, packages_skip_build_finished=False, packages_select_test_failures=False, packages_skip_test_passed=False, packages_select=None, packages_skip=None, packages_select_regex=None, packages_skip_regex=None, packages_start=None, packages_end=None, allow_overriding=[], cmake_args=None, cmake_target=None, cmake_target_skip_unavailable=False, cmake_clean_cache=False, cmake_clean_first=False, cmake_force_configure=False, ament_cmake_args=None, catkin_cmake_args=None, catkin_skip_building_tests=False, verb_parser=<colcon_defaults.argument_parser.defaults.DefaultArgumentsDecorator object at 0x7b2f1855fb50>, verb_extension=<colcon_core.verb.build.BuildVerb object at 0x7b2f1855f8e0>, main=<bound method BuildVerb.main of <colcon_core.verb.build.BuildVerb object at 0x7b2f1855f8e0>>)
[0.377s] Level 1:colcon.colcon_core.package_discovery:discover_packages(colcon_meta) check parameters
[0.377s] Level 1:colcon.colcon_core.package_discovery:discover_packages(recursive) check parameters
[0.377s] Level 1:colcon.colcon_core.package_discovery:discover_packages(ignore) check parameters
[0.377s] Level 1:colcon.colcon_core.package_discovery:discover_packages(path) check parameters
[0.377s] Level 1:colcon.colcon_core.package_discovery:discover_packages(colcon_meta) discover
[0.377s] Level 1:colcon.colcon_core.package_discovery:discover_packages(recursive) discover
[0.377s] INFO:colcon.colcon_core.package_discovery:Crawling recursively for packages in '/home/joseph/Turtle_Pursuit'
[0.377s] Level 1:colcon.colcon_core.package_identification:_identify(.) by extensions ['ignore', 'ignore_ament_install']
[0.377s] Level 1:colcon.colcon_core.package_identification:_identify(.) by extension 'ignore'
[0.377s] Level 1:colcon.colcon_core.package_identification:_identify(.) by extension 'ignore_ament_install'
[0.377s] Level 1:colcon.colcon_core.package_identification:_identify(.) by extensions ['colcon_pkg']
[0.377s] Level 1:colcon.colcon_core.package_identification:_identify(.) by extension 'colcon_pkg'
[0.378s] Level 1:colcon.colcon_core.package_identification:_identify(.) by extensions ['colcon_meta']
[0.378s] Level 1:colcon.colcon_core.package_identification:_identify(.) by extension 'colcon_meta'
[0.378s] Level 1:colcon.colcon_core.package_identification:_identify(.) by extensions ['ros']
[0.378s] Level 1:colcon.colcon_core.package_identification:_identify(.) by extension 'ros'
[0.387s] Level 1:colcon.colcon_core.package_identification:_identify(.) by extensions ['cmake', 'python']
[0.387s] Level 1:colcon.colcon_core.package_identification:_identify(.) by extension 'cmake'
[0.387s] Level 1:colcon.colcon_core.package_identification:_identify(.) by extension 'python'
[0.387s] Level 1:colcon.colcon_core.package_identification:_identify(.) by extensions ['python_setup_py']
[0.387s] Level 1:colcon.colcon_core.package_identification:_identify(.) by extension 'python_setup_py'
[0.387s] Level 1:colcon.colcon_core.package_identification:_identify(build) by extensions ['ignore', 'ignore_ament_install']
[0.387s] Level 1:colcon.colcon_core.package_identification:_identify(build) by extension 'ignore'
[0.387s] Level 1:colcon.colcon_core.package_identification:_identify(build) ignored
[0.387s] Level 1:colcon.colcon_core.package_identification:_identify(install) by extensions ['ignore', 'ignore_ament_install']
[0.387s] Level 1:colcon.colcon_core.package_identification:_identify(install) by extension 'ignore'
[0.388s] Level 1:colcon.colcon_core.package_identification:_identify(install) ignored
[0.388s] Level 1:colcon.colcon_core.package_identification:_identify(log) by extensions ['ignore', 'ignore_ament_install']
[0.388s] Level 1:colcon.colcon_core.package_identification:_identify(log) by extension 'ignore'
[0.388s] Level 1:colcon.colcon_core.package_identification:_identify(log) ignored
[0.388s] Level 1:colcon.colcon_core.package_identification:_identify(src) by extensions ['ignore', 'ignore_ament_install']
[0.388s] Level 1:colcon.colcon_core.package_identification:_identify(src) by extension 'ignore'
[0.388s] Level 1:colcon.colcon_core.package_identification:_identify(src) by extension 'ignore_ament_install'
[0.388s] Level 1:colcon.colcon_core.package_identification:_identify(src) by extensions ['colcon_pkg']
[0.388s] Level 1:colcon.colcon_core.package_identification:_identify(src) by extension 'colcon_pkg'
[0.388s] Level 1:colcon.colcon_core.package_identification:_identify(src) by extensions ['colcon_meta']
[0.388s] Level 1:colcon.colcon_core.package_identification:_identify(src) by extension 'colcon_meta'
[0.388s] Level 1:colcon.colcon_core.package_identification:_identify(src) by extensions ['ros']
[0.388s] Level 1:colcon.colcon_core.package_identification:_identify(src) by extension 'ros'
[0.388s] Level 1:colcon.colcon_core.package_identification:_identify(src) by extensions ['cmake', 'python']
[0.388s] Level 1:colcon.colcon_core.package_identification:_identify(src) by extension 'cmake'
[0.388s] Level 1:colcon.colcon_core.package_identification:_identify(src) by extension 'python'
[0.388s] Level 1:colcon.colcon_core.package_identification:_identify(src) by extensions ['python_setup_py']
[0.388s] Level 1:colcon.colcon_core.package_identification:_identify(src) by extension 'python_setup_py'
[0.388s] Level 1:colcon.colcon_core.package_identification:_identify(src/pursuit_launch) by extensions ['ignore', 'ignore_ament_install']
[0.388s] Level 1:colcon.colcon_core.package_identification:_identify(src/pursuit_launch) by extension 'ignore'
[0.388s] Level 1:colcon.colcon_core.package_identification:_identify(src/pursuit_launch) by extension 'ignore_ament_install'
[0.388s] Level 1:colcon.colcon_core.package_identification:_identify(src/pursuit_launch) by extensions ['colcon_pkg']
[0.388s] Level 1:colcon.colcon_core.package_identification:_identify(src/pursuit_launch) by extension 'colcon_pkg'
[0.388s] Level 1:colcon.colcon_core.package_identification:_identify(src/pursuit_launch) by extensions ['colcon_meta']
[0.389s] Level 1:colcon.colcon_core.package_identification:_identify(src/pursuit_launch) by extension 'colcon_meta'
[0.389s] Level 1:colcon.colcon_core.package_identification:_identify(src/pursuit_launch) by extensions ['ros']
[0.389s] Level 1:colcon.colcon_core.package_identification:_identify(src/pursuit_launch) by extension 'ros'
[0.391s] DEBUG:colcon.colcon_core.package_identification:Package 'src/pursuit_launch' with type 'ros.ament_cmake' and name 'pursuit_launch'
[0.391s] Level 1:colcon.colcon_core.package_identification:_identify(src/turtle_pursuit) by extensions ['ignore', 'ignore_ament_install']
[0.391s] Level 1:colcon.colcon_core.package_identification:_identify(src/turtle_pursuit) by extension 'ignore'
[0.391s] Level 1:colcon.colcon_core.package_identification:_identify(src/turtle_pursuit) by extension 'ignore_ament_install'
[0.391s] Level 1:colcon.colcon_core.package_identification:_identify(src/turtle_pursuit) by extensions ['colcon_pkg']
[0.391s] Level 1:colcon.colcon_core.package_identification:_identify(src/turtle_pursuit) by extension 'colcon_pkg'
[0.391s] Level 1:colcon.colcon_core.package_identification:_identify(src/turtle_pursuit) by extensions ['colcon_meta']
[0.391s] Level 1:colcon.colcon_core.package_identification:_identify(src/turtle_pursuit) by extension 'colcon_meta'
[0.391s] Level 1:colcon.colcon_core.package_identification:_identify(src/turtle_pursuit) by extensions ['ros']
[0.391s] Level 1:colcon.colcon_core.package_identification:_identify(src/turtle_pursuit) by extension 'ros'
[0.392s] DEBUG:colcon.colcon_core.package_identification:Package 'src/turtle_pursuit' with type 'ros.ament_python' and name 'turtle_pursuit'
[0.392s] Level 1:colcon.colcon_core.package_identification:_identify(src/turtle_pursuit_custom_interfaces) by extensions ['ignore', 'ignore_ament_install']
[0.392s] Level 1:colcon.colcon_core.package_identification:_identify(src/turtle_pursuit_custom_interfaces) by extension 'ignore'
[0.392s] Level 1:colcon.colcon_core.package_identification:_identify(src/turtle_pursuit_custom_interfaces) by extension 'ignore_ament_install'
[0.392s] Level 1:colcon.colcon_core.package_identification:_identify(src/turtle_pursuit_custom_interfaces) by extensions ['colcon_pkg']
[0.392s] Level 1:colcon.colcon_core.package_identification:_identify(src/turtle_pursuit_custom_interfaces) by extension 'colcon_pkg'
[0.392s] Level 1:colcon.colcon_core.package_identification:_identify(src/turtle_pursuit_custom_interfaces) by extensions ['colcon_meta']
[0.392s] Level 1:colcon.colcon_core.package_identification:_identify(src/turtle_pursuit_custom_interfaces) by extension 'colcon_meta'
[0.392s] Level 1:colcon.colcon_core.package_identification:_identify(src/turtle_pursuit_custom_interfaces) by extensions ['ros']
[0.392s] Level 1:colcon.colcon_core.package_identification:_identify(src/turtle_pursuit_custom_interfaces) by extension 'ros'
[0.392s] DEBUG:colcon.colcon_core.package_identification:Package 'src/turtle_pursuit_custom_interfaces' with type 'ros.ament_cmake' and name 'turtle_pursuit_custom_interfaces'
[0.392s] Level 1:colcon.colcon_core.package_discovery:discover_packages(recursive) using defaults
[0.393s] Level 1:colcon.colcon_core.package_discovery:discover_packages(ignore) discover
[0.393s] Level 1:colcon.colcon_core.package_discovery:discover_packages(ignore) using defaults
[0.393s] Level 1:colcon.colcon_core.package_discovery:discover_packages(path) discover
[0.393s] Level 1:colcon.colcon_core.package_discovery:discover_packages(path) using defaults
[0.412s] Level 1:colcon.colcon_core.package_discovery:discover_packages(prefix_path) check parameters
[0.412s] Level 1:colcon.colcon_core.package_discovery:discover_packages(prefix_path) discover
[0.418s] DEBUG:colcon.colcon_installed_package_information.package_discovery:Found 3 installed packages in /home/joseph/Turtle_Pursuit/install
[0.419s] DEBUG:colcon.colcon_installed_package_information.package_discovery:Found 5 installed packages in /home/joseph/learn_ros/install
[0.419s] DEBUG:colcon.colcon_installed_package_information.package_discovery:Found 2 installed packages in /home/joseph/ros2_urdf_ws/install
[0.419s] DEBUG:colcon.colcon_installed_package_information.package_discovery:Found 4 installed packages in /home/joseph/turtlesim_catch_turtles/install
[0.420s] DEBUG:colcon.colcon_installed_package_information.package_discovery:Found 17 installed packages in /home/joseph/e-Yantra/install
[0.422s] DEBUG:colcon.colcon_installed_package_information.package_discovery:Found 469 installed packages in /opt/ros/humble
[0.424s] Level 1:colcon.colcon_core.package_discovery:discover_packages(prefix_path) using defaults
[0.502s] Level 5:colcon.colcon_core.verb:set package 'turtle_pursuit_custom_interfaces' build argument 'cmake_args' from command line to 'None'
[0.503s] Level 5:colcon.colcon_core.verb:set package 'turtle_pursuit_custom_interfaces' build argument 'cmake_target' from command line to 'None'
[0.503s] Level 5:colcon.colcon_core.verb:set package 'turtle_pursuit_custom_interfaces' build argument 'cmake_target_skip_unavailable' from command line to 'False'
[0.503s] Level 5:colcon.colcon_core.verb:set package 'turtle_pursuit_custom_interfaces' build argument 'cmake_clean_cache' from command line to 'False'
[0.503s] Level 5:colcon.colcon_core.verb:set package 'turtle_pursuit_custom_interfaces' build argument 'cmake_clean_first' from command line to 'False'
[0.503s] Level 5:colcon.colcon_core.verb:set package 'turtle_pursuit_custom_interfaces' build argument 'cmake_force_configure' from command line to 'False'
[0.503s] Level 5:colcon.colcon_core.verb:set package 'turtle_pursuit_custom_interfaces' build argument 'ament_cmake_args' from command line to 'None'
[0.503s] Level 5:colcon.colcon_core.verb:set package 'turtle_pursuit_custom_interfaces' build argument 'catkin_cmake_args' from command line to 'None'
[0.503s] Level 5:colcon.colcon_core.verb:set package 'turtle_pursuit_custom_interfaces' build argument 'catkin_skip_building_tests' from command line to 'False'
[0.503s] DEBUG:colcon.colcon_core.verb:Building package 'turtle_pursuit_custom_interfaces' with the following arguments: {'ament_cmake_args': None, 'build_base': '/home/joseph/Turtle_Pursuit/build/turtle_pursuit_custom_interfaces', 'catkin_cmake_args': None, 'catkin_skip_building_tests': False, 'cmake_args': None, 'cmake_clean_cache': False, 'cmake_clean_first': False, 'cmake_force_configure': False, 'cmake_target': None, 'cmake_target_skip_unavailable': False, 'install_base': '/home/joseph/Turtle_Pursuit/install/turtle_pursuit_custom_interfaces', 'merge_install': False, 'path': '/home/joseph/Turtle_Pursuit/src/turtle_pursuit_custom_interfaces', 'symlink_install': False, 'test_result_base': None}
[0.503s] Level 5:colcon.colcon_core.verb:set package 'turtle_pursuit' build argument 'cmake_args' from command line to 'None'
[0.503s] Level 5:colcon.colcon_core.verb:set package 'turtle_pursuit' build argument 'cmake_target' from command line to 'None'
[0.503s] Level 5:colcon.colcon_core.verb:set package 'turtle_pursuit' build argument 'cmake_target_skip_unavailable' from command line to 'False'
[0.503s] Level 5:colcon.colcon_core.verb:set package 'turtle_pursuit' build argument 'cmake_clean_cache' from command line to 'False'
[0.503s] Level 5:colcon.colcon_core.verb:set package 'turtle_pursuit' build argument 'cmake_clean_first' from command line to 'False'
[0.503s] Level 5:colcon.colcon_core.verb:set package 'turtle_pursuit' build argument 'cmake_force_configure' from command line to 'False'
[0.503s] Level 5:colcon.colcon_core.verb:set package 'turtle_pursuit' build argument 'ament_cmake_args' from command line to 'None'
[0.503s] Level 5:colcon.colcon_core.verb:set package 'turtle_pursuit' build argument 'catkin_cmake_args' from command line to 'None'
[0.503s] Level 5:colcon.colcon_core.verb:set package 'turtle_pursuit' build argument 'catkin_skip_building_tests' from command line to 'False'
[0.503s] DEBUG:colcon.colcon_core.verb:Building package 'turtle_pursuit' with the following arguments: {'ament_cmake_args': None, 'build_base': '/home/joseph/Turtle_Pursuit/build/turtle_pursuit', 'catkin_cmake_args': None, 'catkin_skip_building_tests': False, 'cmake_args': None, 'cmake_clean_cache': False, 'cmake_clean_first': False, 'cmake_force_configure': False, 'cmake_target': None, 'cmake_target_skip_unavailable': False, 'install_base': '/home/joseph/Turtle_Pursuit/install/turtle_pursuit', 'merge_install': False, 'path': '/home/joseph/Turtle_Pursuit/src/turtle_pursuit', 'symlink_install': False, 'test_result_base': None}
[0.503s] Level 5:colcon.colcon_core.verb:set package 'pursuit_launch' build argument 'cmake_args' from command line to 'None'
[0.503s] Level 5:colcon.colcon_core.verb:set package 'pursuit_launch' build argument 'cmake_target' from command line to 'None'
[0.503s] Level 5:colcon.colcon_core.verb:set package 'pursuit_launch' build argument 'cmake_target_skip_unavailable' from command line to 'False'
[0.503s] Level 5:colcon.colcon_core.verb:set package 'pursuit_launch' build argument 'cmake_clean_cache' from command line to 'False'
[0.503s] Level 5:colcon.colcon_core.verb:set package 'pursuit_launch' build argument 'cmake_clean_first' from command line to 'False'
[0.503s] Level 5:colcon.colcon_core.verb:set package 'pursuit_launch' build argument 'cmake_force_configure' from command line to 'False'
[0.503s] Level 5:colcon.colcon_core.verb:set package 'pursuit_launch' build argument 'ament_cmake_args' from command line to 'None'
[0.504s] Level 5:colcon.colcon_core.verb:set package 'pursuit_launch' build argument 'catkin_cmake_args' from command line to 'None'
[0.504s] Level 5:colcon.colcon_core.verb:set package 'pursuit_launch' build argument 'catkin_skip_building_tests' from command line to 'False'
[0.504s] DEBUG:colcon.colcon_core.verb:Building package 'pursuit_launch' with the following arguments: {'ament_cmake_args': None, 'build_base': '/home/joseph/Turtle_Pursuit/build/pursuit_launch', 'catkin_cmake_args': None, 'catkin_skip_building_tests': False, 'cmake_args': None, 'cmake_clean_cache': False, 'cmake_clean_first': False, 'cmake_force_configure': False, 'cmake_target': None, 'cmake_target_skip_unavailable': False, 'install_base': '/home/joseph/Turtle_Pursuit/install/pursuit_launch', 'merge_install': False, 'path': '/home/joseph/Turtle_Pursuit/src/pursuit_launch', 'symlink_install': False, 'test_result_base': None}
[0.504s] INFO:colcon.colcon_core.executor:Executing jobs using 'parallel' executor
[0.504s] DEBUG:colcon.colcon_parallel_executor.executor.parallel:run_until_complete
[0.505s] INFO:colcon.colcon_ros.task.ament_cmake.build:Building ROS package in '/home/joseph/Turtle_Pursuit/src/turtle_pursuit_custom_interfaces' with build type 'ament_cmake'
[0.505s] INFO:colcon.colcon_cmake.task.cmake.build:Building CMake package in '/home/joseph/Turtle_Pursuit/src/turtle_pursuit_custom_interfaces'
[0.507s] INFO:colcon.colcon_core.plugin_system:Skipping extension 'colcon_core.shell.bat': Not used on non-Windows systems
[0.508s] INFO:colcon.colcon_core.shell:Skip shell extension 'powershell' for command environment: Not usable outside of PowerShell
[0.508s] DEBUG:colcon.colcon_core.shell:Skip shell extension 'dsv' for command environment
[0.520s] DEBUG:colcon.colcon_core.event_handler.log_command:Invoking command in '/home/joseph/Turtle_Pursuit/build/turtle_pursuit_custom_interfaces': CMAKE_PREFIX_PATH=${CMAKE_PREFIX_PATH}:/home/joseph/Turtle_Pursuit/install/turtle_pursuit:/home/joseph/learn_ros/install/test_pkg:/home/joseph/learn_ros/install/pubsub:/home/joseph/learn_ros/install/activity:/home/joseph/learn_ros/install/clientserver:/home/joseph/turtlesim_catch_turtles/install/handle_turtle:/home/joseph/turtlesim_catch_turtles/install/catch_turtles:/home/joseph/e-Yantra/install/ur5_control:/home/joseph/e-Yantra/install/task3b:/home/joseph/e-Yantra/install/task2a:/home/joseph/e-Yantra/install/misc:/home/joseph/e-Yantra/install/aruco:/opt/ros/humble /usr/bin/cmake --build /home/joseph/Turtle_Pursuit/build/turtle_pursuit_custom_interfaces -- -j12 -l12
[0.872s] DEBUG:colcon.colcon_core.event_handler.log_command:Invoked command in '/home/joseph/Turtle_Pursuit/build/turtle_pursuit_custom_interfaces' returned '0': CMAKE_PREFIX_PATH=${CMAKE_PREFIX_PATH}:/home/joseph/Turtle_Pursuit/install/turtle_pursuit:/home/joseph/learn_ros/install/test_pkg:/home/joseph/learn_ros/install/pubsub:/home/joseph/learn_ros/install/activity:/home/joseph/learn_ros/install/clientserver:/home/joseph/turtlesim_catch_turtles/install/handle_turtle:/home/joseph/turtlesim_catch_turtles/install/catch_turtles:/home/joseph/e-Yantra/install/ur5_control:/home/joseph/e-Yantra/install/task3b:/home/joseph/e-Yantra/install/task2a:/home/joseph/e-Yantra/install/misc:/home/joseph/e-Yantra/install/aruco:/opt/ros/humble /usr/bin/cmake --build /home/joseph/Turtle_Pursuit/build/turtle_pursuit_custom_interfaces -- -j12 -l12
[1.006s] DEBUG:colcon.colcon_core.event_handler.log_command:Invoking command in '/home/joseph/Turtle_Pursuit/build/turtle_pursuit_custom_interfaces': CMAKE_PREFIX_PATH=${CMAKE_PREFIX_PATH}:/home/joseph/Turtle_Pursuit/install/turtle_pursuit:/home/joseph/learn_ros/install/test_pkg:/home/joseph/learn_ros/install/pubsub:/home/joseph/learn_ros/install/activity:/home/joseph/learn_ros/install/clientserver:/home/joseph/turtlesim_catch_turtles/install/handle_turtle:/home/joseph/turtlesim_catch_turtles/install/catch_turtles:/home/joseph/e-Yantra/install/ur5_control:/home/joseph/e-Yantra/install/task3b:/home/joseph/e-Yantra/install/task2a:/home/joseph/e-Yantra/install/misc:/home/joseph/e-Yantra/install/aruco:/opt/ros/humble /usr/bin/cmake --install /home/joseph/Turtle_Pursuit/build/turtle_pursuit_custom_interfaces
[1.070s] Level 1:colcon.colcon_core.environment:create_environment_scripts_only(turtle_pursuit_custom_interfaces)
[1.071s] DEBUG:colcon.colcon_core.event_handler.log_command:Invoked command in '/home/joseph/Turtle_Pursuit/build/turtle_pursuit_custom_interfaces' returned '0': CMAKE_PREFIX_PATH=${CMAKE_PREFIX_PATH}:/home/joseph/Turtle_Pursuit/install/turtle_pursuit:/home/joseph/learn_ros/install/test_pkg:/home/joseph/learn_ros/install/pubsub:/home/joseph/learn_ros/install/activity:/home/joseph/learn_ros/install/clientserver:/home/joseph/turtlesim_catch_turtles/install/handle_turtle:/home/joseph/turtlesim_catch_turtles/install/catch_turtles:/home/joseph/e-Yantra/install/ur5_control:/home/joseph/e-Yantra/install/task3b:/home/joseph/e-Yantra/install/task2a:/home/joseph/e-Yantra/install/misc:/home/joseph/e-Yantra/install/aruco:/opt/ros/humble /usr/bin/cmake --install /home/joseph/Turtle_Pursuit/build/turtle_pursuit_custom_interfaces
[1.075s] Level 1:colcon.colcon_core.environment:checking '/home/joseph/Turtle_Pursuit/install/turtle_pursuit_custom_interfaces' for CMake module files
[1.076s] Level 1:colcon.colcon_core.environment:checking '/home/joseph/Turtle_Pursuit/install/turtle_pursuit_custom_interfaces' for CMake config files
[1.076s] Level 1:colcon.colcon_core.shell:create_environment_hook('turtle_pursuit_custom_interfaces', 'cmake_prefix_path')
[1.077s] INFO:colcon.colcon_core.shell:Creating environment hook '/home/joseph/Turtle_Pursuit/install/turtle_pursuit_custom_interfaces/share/turtle_pursuit_custom_interfaces/hook/cmake_prefix_path.ps1'
[1.077s] INFO:colcon.colcon_core.shell:Creating environment descriptor '/home/joseph/Turtle_Pursuit/install/turtle_pursuit_custom_interfaces/share/turtle_pursuit_custom_interfaces/hook/cmake_prefix_path.dsv'
[1.078s] INFO:colcon.colcon_core.shell:Creating environment hook '/home/joseph/Turtle_Pursuit/install/turtle_pursuit_custom_interfaces/share/turtle_pursuit_custom_interfaces/hook/cmake_prefix_path.sh'
[1.079s] Level 1:colcon.colcon_core.environment:checking '/home/joseph/Turtle_Pursuit/install/turtle_pursuit_custom_interfaces/lib'
[1.079s] Level 1:colcon.colcon_core.shell:create_environment_hook('turtle_pursuit_custom_interfaces', 'ld_library_path_lib')
[1.079s] INFO:colcon.colcon_core.shell:Creating environment hook '/home/joseph/Turtle_Pursuit/install/turtle_pursuit_custom_interfaces/share/turtle_pursuit_custom_interfaces/hook/ld_library_path_lib.ps1'
[1.080s] INFO:colcon.colcon_core.shell:Creating environment descriptor '/home/joseph/Turtle_Pursuit/install/turtle_pursuit_custom_interfaces/share/turtle_pursuit_custom_interfaces/hook/ld_library_path_lib.dsv'
[1.080s] INFO:colcon.colcon_core.shell:Creating environment hook '/home/joseph/Turtle_Pursuit/install/turtle_pursuit_custom_interfaces/share/turtle_pursuit_custom_interfaces/hook/ld_library_path_lib.sh'
[1.081s] Level 1:colcon.colcon_core.environment:checking '/home/joseph/Turtle_Pursuit/install/turtle_pursuit_custom_interfaces/bin'
[1.081s] Level 1:colcon.colcon_core.environment:checking '/home/joseph/Turtle_Pursuit/install/turtle_pursuit_custom_interfaces/lib/pkgconfig/turtle_pursuit_custom_interfaces.pc'
[1.081s] Level 1:colcon.colcon_core.environment:checking '/home/joseph/Turtle_Pursuit/install/turtle_pursuit_custom_interfaces/lib/python3.10/site-packages'
[1.081s] Level 1:colcon.colcon_core.environment:checking '/home/joseph/Turtle_Pursuit/install/turtle_pursuit_custom_interfaces/bin'
[1.081s] INFO:colcon.colcon_core.shell:Creating package script '/home/joseph/Turtle_Pursuit/install/turtle_pursuit_custom_interfaces/share/turtle_pursuit_custom_interfaces/package.ps1'
[1.082s] INFO:colcon.colcon_core.shell:Creating package descriptor '/home/joseph/Turtle_Pursuit/install/turtle_pursuit_custom_interfaces/share/turtle_pursuit_custom_interfaces/package.dsv'
[1.083s] INFO:colcon.colcon_core.shell:Creating package script '/home/joseph/Turtle_Pursuit/install/turtle_pursuit_custom_interfaces/share/turtle_pursuit_custom_interfaces/package.sh'
[1.084s] INFO:colcon.colcon_core.shell:Creating package script '/home/joseph/Turtle_Pursuit/install/turtle_pursuit_custom_interfaces/share/turtle_pursuit_custom_interfaces/package.bash'
[1.087s] INFO:colcon.colcon_core.shell:Creating package script '/home/joseph/Turtle_Pursuit/install/turtle_pursuit_custom_interfaces/share/turtle_pursuit_custom_interfaces/package.zsh'
[1.087s] Level 1:colcon.colcon_core.environment:create_file_with_runtime_dependencies(/home/joseph/Turtle_Pursuit/install/turtle_pursuit_custom_interfaces/share/colcon-core/packages/turtle_pursuit_custom_interfaces)
[1.210s] Level 1:colcon.colcon_core.environment:create_environment_scripts_only(turtle_pursuit_custom_interfaces)
[1.210s] Level 1:colcon.colcon_core.environment:checking '/home/joseph/Turtle_Pursuit/install/turtle_pursuit_custom_interfaces' for CMake module files
[1.211s] Level 1:colcon.colcon_core.environment:checking '/home/joseph/Turtle_Pursuit/install/turtle_pursuit_custom_interfaces' for CMake config files
[1.211s] Level 1:colcon.colcon_core.shell:create_environment_hook('turtle_pursuit_custom_interfaces', 'cmake_prefix_path')
[1.212s] INFO:colcon.colcon_core.shell:Creating environment hook '/home/joseph/Turtle_Pursuit/install/turtle_pursuit_custom_interfaces/share/turtle_pursuit_custom_interfaces/hook/cmake_prefix_path.ps1'
[1.212s] INFO:colcon.colcon_core.shell:Creating environment descriptor '/home/joseph/Turtle_Pursuit/install/turtle_pursuit_custom_interfaces/share/turtle_pursuit_custom_interfaces/hook/cmake_prefix_path.dsv'
[1.212s] INFO:colcon.colcon_core.shell:Creating environment hook '/home/joseph/Turtle_Pursuit/install/turtle_pursuit_custom_interfaces/share/turtle_pursuit_custom_interfaces/hook/cmake_prefix_path.sh'
[1.213s] Level 1:colcon.colcon_core.environment:checking '/home/joseph/Turtle_Pursuit/install/turtle_pursuit_custom_interfaces/lib'
[1.213s] Level 1:colcon.colcon_core.shell:create_environment_hook('turtle_pursuit_custom_interfaces', 'ld_library_path_lib')
[1.213s] INFO:colcon.colcon_core.shell:Creating environment hook '/home/joseph/Turtle_Pursuit/install/turtle_pursuit_custom_interfaces/share/turtle_pursuit_custom_interfaces/hook/ld_library_path_lib.ps1'
[1.214s] INFO:colcon.colcon_core.shell:Creating environment descriptor '/home/joseph/Turtle_Pursuit/install/turtle_pursuit_custom_interfaces/share/turtle_pursuit_custom_interfaces/hook/ld_library_path_lib.dsv'
[1.214s] INFO:colcon.colcon_core.shell:Creating environment hook '/home/joseph/Turtle_Pursuit/install/turtle_pursuit_custom_interfaces/share/turtle_pursuit_custom_interfaces/hook/ld_library_path_lib.sh'
[1.215s] Level 1:colcon.colcon_core.environment:checking '/home/joseph/Turtle_Pursuit/install/turtle_pursuit_custom_interfaces/bin'
[1.215s] Level 1:colcon.colcon_core.environment:checking '/home/joseph/Turtle_Pursuit/install/turtle_pursuit_custom_interfaces/lib/pkgconfig/turtle_pursuit_custom_interfaces.pc'
[1.215s] Level 1:colcon.colcon_core.environment:checking '/home/joseph/Turtle_Pursuit/install/turtle_pursuit_custom_interfaces/lib/python3.10/site-packages'
[1.215s] Level 1:colcon.colcon_core.environment:checking '/home/joseph/Turtle_Pursuit/install/turtle_pursuit_custom_interfaces/bin'
[1.216s] INFO:colcon.colcon_core.shell:Creating package script '/home/joseph/Turtle_Pursuit/install/turtle_pursuit_custom_interfaces/share/turtle_pursuit_custom_interfaces/package.ps1'
[1.216s] INFO:colcon.colcon_core.shell:Creating package descriptor '/home/joseph/Turtle_Pursuit/install/turtle_pursuit_custom_interfaces/share/turtle_pursuit_custom_interfaces/package.dsv'
[1.217s] INFO:colcon.colcon_core.shell:Creating package script '/home/joseph/Turtle_Pursuit/install/turtle_pursuit_custom_interfaces/share/turtle_pursuit_custom_interfaces/package.sh'
[1.217s] INFO:colcon.colcon_core.shell:Creating package script '/home/joseph/Turtle_Pursuit/install/turtle_pursuit_custom_interfaces/share/turtle_pursuit_custom_interfaces/package.bash'
[1.218s] INFO:colcon.colcon_core.shell:Creating package script '/home/joseph/Turtle_Pursuit/install/turtle_pursuit_custom_interfaces/share/turtle_pursuit_custom_interfaces/package.zsh'
[1.218s] Level 1:colcon.colcon_core.environment:create_file_with_runtime_dependencies(/home/joseph/Turtle_Pursuit/install/turtle_pursuit_custom_interfaces/share/colcon-core/packages/turtle_pursuit_custom_interfaces)
[1.219s] INFO:colcon.colcon_ros.task.ament_python.build:Building ROS package in '/home/joseph/Turtle_Pursuit/src/turtle_pursuit' with build type 'ament_python'
[1.219s] Level 1:colcon.colcon_core.shell:create_environment_hook('turtle_pursuit', 'ament_prefix_path')
[1.219s] INFO:colcon.colcon_core.shell:Creating environment hook '/home/joseph/Turtle_Pursuit/install/turtle_pursuit/share/turtle_pursuit/hook/ament_prefix_path.ps1'
[1.220s] INFO:colcon.colcon_core.shell:Creating environment descriptor '/home/joseph/Turtle_Pursuit/install/turtle_pursuit/share/turtle_pursuit/hook/ament_prefix_path.dsv'
[1.220s] INFO:colcon.colcon_core.shell:Creating environment hook '/home/joseph/Turtle_Pursuit/install/turtle_pursuit/share/turtle_pursuit/hook/ament_prefix_path.sh'
[1.221s] INFO:colcon.colcon_core.shell:Skip shell extension 'powershell' for command environment: Not usable outside of PowerShell
[1.221s] DEBUG:colcon.colcon_core.shell:Skip shell extension 'dsv' for command environment
[1.482s] INFO:colcon.colcon_core.task.python.build:Building Python package in '/home/joseph/Turtle_Pursuit/src/turtle_pursuit'
[1.483s] INFO:colcon.colcon_core.shell:Skip shell extension 'powershell' for command environment: Not usable outside of PowerShell
[1.483s] DEBUG:colcon.colcon_core.shell:Skip shell extension 'dsv' for command environment
[1.878s] DEBUG:colcon.colcon_core.event_handler.log_command:Invoking command in '/home/joseph/Turtle_Pursuit/src/turtle_pursuit': CMAKE_PREFIX_PATH=/home/joseph/Turtle_Pursuit/install/turtle_pursuit_custom_interfaces:/home/joseph/Turtle_Pursuit/install/pursuit_launch:/home/joseph/learn_ros/install/practice_interfaces:/home/joseph/ros2_urdf_ws/install/my_robot_bringup:/home/joseph/ros2_urdf_ws/install/robot_description:/home/joseph/turtlesim_catch_turtles/install/turtlesim_catch_turtle_interfaces:/home/joseph/turtlesim_catch_turtles/install/turtlesim_catch_turtle:/home/joseph/e-Yantra/install/ur_simulation_gazebo:/home/joseph/e-Yantra/install/ur_moveit_config:/home/joseph/e-Yantra/install/ur_description:/home/joseph/e-Yantra/install/servo_msgs:/home/joseph/e-Yantra/install/realsense_gazebo_plugin:/home/joseph/e-Yantra/install/pymoveit2:/home/joseph/e-Yantra/install/ebot_description:/home/joseph/e-Yantra/install/payload_service:/home/joseph/e-Yantra/install/linkattacher_msgs:/home/joseph/e-Yantra/install/eyantra_warehouse:/home/joseph/e-Yantra/install/ebot_nav2:/home/joseph/e-Yantra/install/ebot_docking LD_LIBRARY_PATH=/home/joseph/Turtle_Pursuit/install/turtle_pursuit_custom_interfaces/lib:/home/joseph/learn_ros/install/practice_interfaces/lib:/home/joseph/turtlesim_catch_turtles/install/turtlesim_catch_turtle_interfaces/lib:/home/joseph/e-Yantra/install/servo_msgs/lib:/home/joseph/e-Yantra/install/realsense_gazebo_plugin/lib:/home/joseph/e-Yantra/install/payload_service/lib:/home/joseph/e-Yantra/install/linkattacher_msgs/lib:/home/joseph/e-Yantra/install/ebot_docking/lib:/usr/lib/x86_64-linux-gnu/gazebo-11/plugins:/opt/ros/humble/opt/rviz_ogre_vendor/lib:/opt/ros/humble/lib/x86_64-linux-gnu:/opt/ros/humble/lib:/usr/share/gazebo-11/../../lib/x86_64-linux-gnu/gazebo-11/plugins PYTHONPATH=/home/joseph/Turtle_Pursuit/build/turtle_pursuit/prefix_override:/usr/lib/python3/dist-packages/colcon_core/task/python/colcon_distutils_commands:/home/joseph/Turtle_Pursuit/install/turtle_pursuit/lib/python3.10/site-packages:${PYTHONPATH} /usr/bin/python3 -W ignore:setup.py install is deprecated setup.py egg_info --egg-base ../../build/turtle_pursuit build --build-base /home/joseph/Turtle_Pursuit/build/turtle_pursuit/build install --record /home/joseph/Turtle_Pursuit/build/turtle_pursuit/install.log --single-version-externally-managed install_data
[2.149s] Level 1:colcon.colcon_core.environment:checking '/home/joseph/Turtle_Pursuit/install/turtle_pursuit' for CMake module files
[2.149s] DEBUG:colcon.colcon_core.event_handler.log_command:Invoked command in '/home/joseph/Turtle_Pursuit/src/turtle_pursuit' returned '0': CMAKE_PREFIX_PATH=/home/joseph/Turtle_Pursuit/install/turtle_pursuit_custom_interfaces:/home/joseph/Turtle_Pursuit/install/pursuit_launch:/home/joseph/learn_ros/install/practice_interfaces:/home/joseph/ros2_urdf_ws/install/my_robot_bringup:/home/joseph/ros2_urdf_ws/install/robot_description:/home/joseph/turtlesim_catch_turtles/install/turtlesim_catch_turtle_interfaces:/home/joseph/turtlesim_catch_turtles/install/turtlesim_catch_turtle:/home/joseph/e-Yantra/install/ur_simulation_gazebo:/home/joseph/e-Yantra/install/ur_moveit_config:/home/joseph/e-Yantra/install/ur_description:/home/joseph/e-Yantra/install/servo_msgs:/home/joseph/e-Yantra/install/realsense_gazebo_plugin:/home/joseph/e-Yantra/install/pymoveit2:/home/joseph/e-Yantra/install/ebot_description:/home/joseph/e-Yantra/install/payload_service:/home/joseph/e-Yantra/install/linkattacher_msgs:/home/joseph/e-Yantra/install/eyantra_warehouse:/home/joseph/e-Yantra/install/ebot_nav2:/home/joseph/e-Yantra/install/ebot_docking LD_LIBRARY_PATH=/home/joseph/Turtle_Pursuit/install/turtle_pursuit_custom_interfaces/lib:/home/joseph/learn_ros/install/practice_interfaces/lib:/home/joseph/turtlesim_catch_turtles/install/turtlesim_catch_turtle_interfaces/lib:/home/joseph/e-Yantra/install/servo_msgs/lib:/home/joseph/e-Yantra/install/realsense_gazebo_plugin/lib:/home/joseph/e-Yantra/install/payload_service/lib:/home/joseph/e-Yantra/install/linkattacher_msgs/lib:/home/joseph/e-Yantra/install/ebot_docking/lib:/usr/lib/x86_64-linux-gnu/gazebo-11/plugins:/opt/ros/humble/opt/rviz_ogre_vendor/lib:/opt/ros/humble/lib/x86_64-linux-gnu:/opt/ros/humble/lib:/usr/share/gazebo-11/../../lib/x86_64-linux-gnu/gazebo-11/plugins PYTHONPATH=/home/joseph/Turtle_Pursuit/build/turtle_pursuit/prefix_override:/usr/lib/python3/dist-packages/colcon_core/task/python/colcon_distutils_commands:/home/joseph/Turtle_Pursuit/install/turtle_pursuit/lib/python3.10/site-packages:${PYTHONPATH} /usr/bin/python3 -W ignore:setup.py install is deprecated setup.py egg_info --egg-base ../../build/turtle_pursuit build --build-base /home/joseph/Turtle_Pursuit/build/turtle_pursuit/build install --record /home/joseph/Turtle_Pursuit/build/turtle_pursuit/install.log --single-version-externally-managed install_data
[2.149s] Level 1:colcon.colcon_core.environment:checking '/home/joseph/Turtle_Pursuit/install/turtle_pursuit' for CMake config files
[2.150s] Level 1:colcon.colcon_core.environment:checking '/home/joseph/Turtle_Pursuit/install/turtle_pursuit/lib'
[2.150s] Level 1:colcon.colcon_core.environment:checking '/home/joseph/Turtle_Pursuit/install/turtle_pursuit/bin'
[2.150s] Level 1:colcon.colcon_core.environment:checking '/home/joseph/Turtle_Pursuit/install/turtle_pursuit/lib/pkgconfig/turtle_pursuit.pc'
[2.150s] Level 1:colcon.colcon_core.environment:checking '/home/joseph/Turtle_Pursuit/install/turtle_pursuit/lib/python3.10/site-packages'
[2.150s] Level 1:colcon.colcon_core.shell:create_environment_hook('turtle_pursuit', 'pythonpath')
[2.150s] INFO:colcon.colcon_core.shell:Creating environment hook '/home/joseph/Turtle_Pursuit/install/turtle_pursuit/share/turtle_pursuit/hook/pythonpath.ps1'
[2.151s] INFO:colcon.colcon_core.shell:Creating environment descriptor '/home/joseph/Turtle_Pursuit/install/turtle_pursuit/share/turtle_pursuit/hook/pythonpath.dsv'
[2.151s] INFO:colcon.colcon_core.shell:Creating environment hook '/home/joseph/Turtle_Pursuit/install/turtle_pursuit/share/turtle_pursuit/hook/pythonpath.sh'
[2.152s] Level 1:colcon.colcon_core.environment:checking '/home/joseph/Turtle_Pursuit/install/turtle_pursuit/bin'
[2.152s] Level 1:colcon.colcon_core.environment:create_environment_scripts_only(turtle_pursuit)
[2.152s] INFO:colcon.colcon_core.shell:Creating package script '/home/joseph/Turtle_Pursuit/install/turtle_pursuit/share/turtle_pursuit/package.ps1'
[2.152s] INFO:colcon.colcon_core.shell:Creating package descriptor '/home/joseph/Turtle_Pursuit/install/turtle_pursuit/share/turtle_pursuit/package.dsv'
[2.153s] INFO:colcon.colcon_core.shell:Creating package script '/home/joseph/Turtle_Pursuit/install/turtle_pursuit/share/turtle_pursuit/package.sh'
[2.153s] INFO:colcon.colcon_core.shell:Creating package script '/home/joseph/Turtle_Pursuit/install/turtle_pursuit/share/turtle_pursuit/package.bash'
[2.153s] INFO:colcon.colcon_core.shell:Creating package script '/home/joseph/Turtle_Pursuit/install/turtle_pursuit/share/turtle_pursuit/package.zsh'
[2.154s] Level 1:colcon.colcon_core.environment:create_file_with_runtime_dependencies(/home/joseph/Turtle_Pursuit/install/turtle_pursuit/share/colcon-core/packages/turtle_pursuit)
[2.154s] INFO:colcon.colcon_ros.task.ament_cmake.build:Building ROS package in '/home/joseph/Turtle_Pursuit/src/pursuit_launch' with build type 'ament_cmake'
[2.154s] INFO:colcon.colcon_cmake.task.cmake.build:Building CMake package in '/home/joseph/Turtle_Pursuit/src/pursuit_launch'
[2.154s] INFO:colcon.colcon_core.shell:Skip shell extension 'powershell' for command environment: Not usable outside of PowerShell
[2.154s] DEBUG:colcon.colcon_core.shell:Skip shell extension 'dsv' for command environment
[2.168s] DEBUG:colcon.colcon_core.event_handler.log_command:Invoking command in '/home/joseph/Turtle_Pursuit/build/pursuit_launch': AMENT_PREFIX_PATH=/home/joseph/Turtle_Pursuit/install/turtle_pursuit:/home/joseph/Turtle_Pursuit/install/pursuit_launch:/home/joseph/Turtle_Pursuit/install/turtle_pursuit_custom_interfaces:/home/joseph/learn_ros/install/test_pkg:/home/joseph/learn_ros/install/pubsub:/home/joseph/learn_ros/install/activity:/home/joseph/learn_ros/install/practice_interfaces:/home/joseph/learn_ros/install/clientserver:/home/joseph/ros2_urdf_ws/install/my_robot_bringup:/home/joseph/ros2_urdf_ws/install/robot_description:/home/joseph/turtlesim_catch_turtles/install/handle_turtle:/home/joseph/turtlesim_catch_turtles/install/catch_turtles:/home/joseph/turtlesim_catch_turtles/install/turtlesim_catch_turtle_interfaces:/home/joseph/turtlesim_catch_turtles/install/turtlesim_catch_turtle:/home/joseph/e-Yantra/install/ur_simulation_gazebo:/home/joseph/e-Yantra/install/ur_moveit_config:/home/joseph/e-Yantra/install/ur_description:/home/joseph/e-Yantra/install/ur5_control:/home/joseph/e-Yantra/install/task3b:/home/joseph/e-Yantra/install/task2a:/home/joseph/e-Yantra/install/servo_msgs:/home/joseph/e-Yantra/install/realsense_gazebo_plugin:/home/joseph/e-Yantra/install/pymoveit2:/home/joseph/e-Yantra/install/ebot_description:/home/joseph/e-Yantra/install/payload_service:/home/joseph/e-Yantra/install/misc:/home/joseph/e-Yantra/install/linkattacher_msgs:/home/joseph/e-Yantra/install/eyantra_warehouse:/home/joseph/e-Yantra/install/ebot_nav2:/home/joseph/e-Yantra/install/ebot_docking:/home/joseph/e-Yantra/install/aruco:/opt/ros/humble CMAKE_PREFIX_PATH=/home/joseph/Turtle_Pursuit/install/turtle_pursuit_custom_interfaces:/home/joseph/Turtle_Pursuit/install/pursuit_launch:/home/joseph/learn_ros/install/practice_interfaces:/home/joseph/ros2_urdf_ws/install/my_robot_bringup:/home/joseph/ros2_urdf_ws/install/robot_description:/home/joseph/turtlesim_catch_turtles/install/turtlesim_catch_turtle_interfaces:/home/joseph/turtlesim_catch_turtles/install/turtlesim_catch_turtle:/home/joseph/e-Yantra/install/ur_simulation_gazebo:/home/joseph/e-Yantra/install/ur_moveit_config:/home/joseph/e-Yantra/install/ur_description:/home/joseph/e-Yantra/install/servo_msgs:/home/joseph/e-Yantra/install/realsense_gazebo_plugin:/home/joseph/e-Yantra/install/pymoveit2:/home/joseph/e-Yantra/install/ebot_description:/home/joseph/e-Yantra/install/payload_service:/home/joseph/e-Yantra/install/linkattacher_msgs:/home/joseph/e-Yantra/install/eyantra_warehouse:/home/joseph/e-Yantra/install/ebot_nav2:/home/joseph/e-Yantra/install/ebot_docking:/home/joseph/Turtle_Pursuit/install/turtle_pursuit:/home/joseph/learn_ros/install/test_pkg:/home/joseph/learn_ros/install/pubsub:/home/joseph/learn_ros/install/activity:/home/joseph/learn_ros/install/clientserver:/home/joseph/turtlesim_catch_turtles/install/handle_turtle:/home/joseph/turtlesim_catch_turtles/install/catch_turtles:/home/joseph/e-Yantra/install/ur5_control:/home/joseph/e-Yantra/install/task3b:/home/joseph/e-Yantra/install/task2a:/home/joseph/e-Yantra/install/misc:/home/joseph/e-Yantra/install/aruco:/opt/ros/humble LD_LIBRARY_PATH=/home/joseph/Turtle_Pursuit/install/turtle_pursuit_custom_interfaces/lib:/home/joseph/learn_ros/install/practice_interfaces/lib:/home/joseph/turtlesim_catch_turtles/install/turtlesim_catch_turtle_interfaces/lib:/home/joseph/e-Yantra/install/servo_msgs/lib:/home/joseph/e-Yantra/install/realsense_gazebo_plugin/lib:/home/joseph/e-Yantra/install/payload_service/lib:/home/joseph/e-Yantra/install/linkattacher_msgs/lib:/home/joseph/e-Yantra/install/ebot_docking/lib:/usr/lib/x86_64-linux-gnu/gazebo-11/plugins:/opt/ros/humble/opt/rviz_ogre_vendor/lib:/opt/ros/humble/lib/x86_64-linux-gnu:/opt/ros/humble/lib:/usr/share/gazebo-11/../../lib/x86_64-linux-gnu/gazebo-11/plugins /usr/bin/cmake --build /home/joseph/Turtle_Pursuit/build/pursuit_launch -- -j12 -l12
[2.205s] DEBUG:colcon.colcon_core.event_handler.log_command:Invoked command in '/home/joseph/Turtle_Pursuit/build/pursuit_launch' returned '0': AMENT_PREFIX_PATH=/home/joseph/Turtle_Pursuit/install/turtle_pursuit:/home/joseph/Turtle_Pursuit/install/pursuit_launch:/home/joseph/Turtle_Pursuit/install/turtle_pursuit_custom_interfaces:/home/joseph/learn_ros/install/test_pkg:/home/joseph/learn_ros/install/pubsub:/home/joseph/learn_ros/install/activity:/home/joseph/learn_ros/install/practice_interfaces:/home/joseph/learn_ros/install/clientserver:/home/joseph/ros2_urdf_ws/install/my_robot_bringup:/home/joseph/ros2_urdf_ws/install/robot_description:/home/joseph/turtlesim_catch_turtles/install/handle_turtle:/home/joseph/turtlesim_catch_turtles/install/catch_turtles:/home/joseph/turtlesim_catch_turtles/install/turtlesim_catch_turtle_interfaces:/home/joseph/turtlesim_catch_turtles/install/turtlesim_catch_turtle:/home/joseph/e-Yantra/install/ur_simulation_gazebo:/home/joseph/e-Yantra/install/ur_moveit_config:/home/joseph/e-Yantra/install/ur_description:/home/joseph/e-Yantra/install/ur5_control:/home/joseph/e-Yantra/install/task3b:/home/joseph/e-Yantra/install/task2a:/home/joseph/e-Yantra/install/servo_msgs:/home/joseph/e-Yantra/install/realsense_gazebo_plugin:/home/joseph/e-Yantra/install/pymoveit2:/home/joseph/e-Yantra/install/ebot_description:/home/joseph/e-Yantra/install/payload_service:/home/joseph/e-Yantra/install/misc:/home/joseph/e-Yantra/install/linkattacher_msgs:/home/joseph/e-Yantra/install/eyantra_warehouse:/home/joseph/e-Yantra/install/ebot_nav2:/home/joseph/e-Yantra/install/ebot_docking:/home/joseph/e-Yantra/install/aruco:/opt/ros/humble CMAKE_PREFIX_PATH=/home/joseph/Turtle_Pursuit/install/turtle_pursuit_custom_interfaces:/home/joseph/Turtle_Pursuit/install/pursuit_launch:/home/joseph/learn_ros/install/practice_interfaces:/home/joseph/ros2_urdf_ws/install/my_robot_bringup:/home/joseph/ros2_urdf_ws/install/robot_description:/home/joseph/turtlesim_catch_turtles/install/turtlesim_catch_turtle_interfaces:/home/joseph/turtlesim_catch_turtles/install/turtlesim_catch_turtle:/home/joseph/e-Yantra/install/ur_simulation_gazebo:/home/joseph/e-Yantra/install/ur_moveit_config:/home/joseph/e-Yantra/install/ur_description:/home/joseph/e-Yantra/install/servo_msgs:/home/joseph/e-Yantra/install/realsense_gazebo_plugin:/home/joseph/e-Yantra/install/pymoveit2:/home/joseph/e-Yantra/install/ebot_description:/home/joseph/e-Yantra/install/payload_service:/home/joseph/e-Yantra/install/linkattacher_msgs:/home/joseph/e-Yantra/install/eyantra_warehouse:/home/joseph/e-Yantra/install/ebot_nav2:/home/joseph/e-Yantra/install/ebot_docking:/home/joseph/Turtle_Pursuit/install/turtle_pursuit:/home/joseph/learn_ros/install/test_pkg:/home/joseph/learn_ros/install/pubsub:/home/joseph/learn_ros/install/activity:/home/joseph/learn_ros/install/clientserver:/home/joseph/turtlesim_catch_turtles/install/handle_turtle:/home/joseph/turtlesim_catch_turtles/install/catch_turtles:/home/joseph/e-Yantra/install/ur5_control:/home/joseph/e-Yantra/install/task3b:/home/joseph/e-Yantra/install/task2a:/home/joseph/e-Yantra/install/misc:/home/joseph/e-Yantra/install/aruco:/opt/ros/humble LD_LIBRARY_PATH=/home/joseph/Turtle_Pursuit/install/turtle_pursuit_custom_interfaces/lib:/home/joseph/learn_ros/install/practice_interfaces/lib:/home/joseph/turtlesim_catch_turtles/install/turtlesim_catch_turtle_interfaces/lib:/home/joseph/e-Yantra/install/servo_msgs/lib:/home/joseph/e-Yantra/install/realsense_gazebo_plugin/lib:/home/joseph/e-Yantra/install/payload_service/lib:/home/joseph/e-Yantra/install/linkattacher_msgs/lib:/home/joseph/e-Yantra/install/ebot_docking/lib:/usr/lib/x86_64-linux-gnu/gazebo-11/plugins:/opt/ros/humble/opt/rviz_ogre_vendor/lib:/opt/ros/humble/lib/x86_64-linux-gnu:/opt/ros/humble/lib:/usr/share/gazebo-11/../../lib/x86_64-linux-gnu/gazebo-11/plugins /usr/bin/cmake --build /home/joseph/Turtle_Pursuit/build/pursuit_launch -- -j12 -l12
[2.231s] DEBUG:colcon.colcon_core.event_handler.log_command:Invoking command in '/home/joseph/Turtle_Pursuit/build/pursuit_launch': AMENT_PREFIX_PATH=/home/joseph/Turtle_Pursuit/install/turtle_pursuit:/home/joseph/Turtle_Pursuit/install/pursuit_launch:/home/joseph/Turtle_Pursuit/install/turtle_pursuit_custom_interfaces:/home/joseph/learn_ros/install/test_pkg:/home/joseph/learn_ros/install/pubsub:/home/joseph/learn_ros/install/activity:/home/joseph/learn_ros/install/practice_interfaces:/home/joseph/learn_ros/install/clientserver:/home/joseph/ros2_urdf_ws/install/my_robot_bringup:/home/joseph/ros2_urdf_ws/install/robot_description:/home/joseph/turtlesim_catch_turtles/install/handle_turtle:/home/joseph/turtlesim_catch_turtles/install/catch_turtles:/home/joseph/turtlesim_catch_turtles/install/turtlesim_catch_turtle_interfaces:/home/joseph/turtlesim_catch_turtles/install/turtlesim_catch_turtle:/home/joseph/e-Yantra/install/ur_simulation_gazebo:/home/joseph/e-Yantra/install/ur_moveit_config:/home/joseph/e-Yantra/install/ur_description:/home/joseph/e-Yantra/install/ur5_control:/home/joseph/e-Yantra/install/task3b:/home/joseph/e-Yantra/install/task2a:/home/joseph/e-Yantra/install/servo_msgs:/home/joseph/e-Yantra/install/realsense_gazebo_plugin:/home/joseph/e-Yantra/install/pymoveit2:/home/joseph/e-Yantra/install/ebot_description:/home/joseph/e-Yantra/install/payload_service:/home/joseph/e-Yantra/install/misc:/home/joseph/e-Yantra/install/linkattacher_msgs:/home/joseph/e-Yantra/install/eyantra_warehouse:/home/joseph/e-Yantra/install/ebot_nav2:/home/joseph/e-Yantra/install/ebot_docking:/home/joseph/e-Yantra/install/aruco:/opt/ros/humble CMAKE_PREFIX_PATH=/home/joseph/Turtle_Pursuit/install/turtle_pursuit_custom_interfaces:/home/joseph/Turtle_Pursuit/install/pursuit_launch:/home/joseph/learn_ros/install/practice_interfaces:/home/joseph/ros2_urdf_ws/install/my_robot_bringup:/home/joseph/ros2_urdf_ws/install/robot_description:/home/joseph/turtlesim_catch_turtles/install/turtlesim_catch_turtle_interfaces:/home/joseph/turtlesim_catch_turtles/install/turtlesim_catch_turtle:/home/joseph/e-Yantra/install/ur_simulation_gazebo:/home/joseph/e-Yantra/install/ur_moveit_config:/home/joseph/e-Yantra/install/ur_description:/home/joseph/e-Yantra/install/servo_msgs:/home/joseph/e-Yantra/install/realsense_gazebo_plugin:/home/joseph/e-Yantra/install/pymoveit2:/home/joseph/e-Yantra/install/ebot_description:/home/joseph/e-Yantra/install/payload_service:/home/joseph/e-Yantra/install/linkattacher_msgs:/home/joseph/e-Yantra/install/eyantra_warehouse:/home/joseph/e-Yantra/install/ebot_nav2:/home/joseph/e-Yantra/install/ebot_docking:/home/joseph/Turtle_Pursuit/install/turtle_pursuit:/home/joseph/learn_ros/install/test_pkg:/home/joseph/learn_ros/install/pubsub:/home/joseph/learn_ros/install/activity:/home/joseph/learn_ros/install/clientserver:/home/joseph/turtlesim_catch_turtles/install/handle_turtle:/home/joseph/turtlesim_catch_turtles/install/catch_turtles:/home/joseph/e-Yantra/install/ur5_control:/home/joseph/e-Yantra/install/task3b:/home/joseph/e-Yantra/install/task2a:/home/joseph/e-Yantra/install/misc:/home/joseph/e-Yantra/install/aruco:/opt/ros/humble LD_LIBRARY_PATH=/home/joseph/Turtle_Pursuit/install/turtle_pursuit_custom_interfaces/lib:/home/joseph/learn_ros/install/practice_interfaces/lib:/home/joseph/turtlesim_catch_turtles/install/turtlesim_catch_turtle_interfaces/lib:/home/joseph/e-Yantra/install/servo_msgs/lib:/home/joseph/e-Yantra/install/realsense_gazebo_plugin/lib:/home/joseph/e-Yantra/install/payload_service/lib:/home/joseph/e-Yantra/install/linkattacher_msgs/lib:/home/joseph/e-Yantra/install/ebot_docking/lib:/usr/lib/x86_64-linux-gnu/gazebo-11/plugins:/opt/ros/humble/opt/rviz_ogre_vendor/lib:/opt/ros/humble/lib/x86_64-linux-gnu:/opt/ros/humble/lib:/usr/share/gazebo-11/../../lib/x86_64-linux-gnu/gazebo-11/plugins /usr/bin/cmake --install /home/joseph/Turtle_Pursuit/build/pursuit_launch
[2.241s] Level 1:colcon.colcon_core.environment:create_environment_scripts_only(pursuit_launch)
[2.241s] Level 1:colcon.colcon_core.environment:checking '/home/joseph/Turtle_Pursuit/install/pursuit_launch' for CMake module files
[2.242s] DEBUG:colcon.colcon_core.event_handler.log_command:Invoked command in '/home/joseph/Turtle_Pursuit/build/pursuit_launch' returned '0': AMENT_PREFIX_PATH=/home/joseph/Turtle_Pursuit/install/turtle_pursuit:/home/joseph/Turtle_Pursuit/install/pursuit_launch:/home/joseph/Turtle_Pursuit/install/turtle_pursuit_custom_interfaces:/home/joseph/learn_ros/install/test_pkg:/home/joseph/learn_ros/install/pubsub:/home/joseph/learn_ros/install/activity:/home/joseph/learn_ros/install/practice_interfaces:/home/joseph/learn_ros/install/clientserver:/home/joseph/ros2_urdf_ws/install/my_robot_bringup:/home/joseph/ros2_urdf_ws/install/robot_description:/home/joseph/turtlesim_catch_turtles/install/handle_turtle:/home/joseph/turtlesim_catch_turtles/install/catch_turtles:/home/joseph/turtlesim_catch_turtles/install/turtlesim_catch_turtle_interfaces:/home/joseph/turtlesim_catch_turtles/install/turtlesim_catch_turtle:/home/joseph/e-Yantra/install/ur_simulation_gazebo:/home/joseph/e-Yantra/install/ur_moveit_config:/home/joseph/e-Yantra/install/ur_description:/home/joseph/e-Yantra/install/ur5_control:/home/joseph/e-Yantra/install/task3b:/home/joseph/e-Yantra/install/task2a:/home/joseph/e-Yantra/install/servo_msgs:/home/joseph/e-Yantra/install/realsense_gazebo_plugin:/home/joseph/e-Yantra/install/pymoveit2:/home/joseph/e-Yantra/install/ebot_description:/home/joseph/e-Yantra/install/payload_service:/home/joseph/e-Yantra/install/misc:/home/joseph/e-Yantra/install/linkattacher_msgs:/home/joseph/e-Yantra/install/eyantra_warehouse:/home/joseph/e-Yantra/install/ebot_nav2:/home/joseph/e-Yantra/install/ebot_docking:/home/joseph/e-Yantra/install/aruco:/opt/ros/humble CMAKE_PREFIX_PATH=/home/joseph/Turtle_Pursuit/install/turtle_pursuit_custom_interfaces:/home/joseph/Turtle_Pursuit/install/pursuit_launch:/home/joseph/learn_ros/install/practice_interfaces:/home/joseph/ros2_urdf_ws/install/my_robot_bringup:/home/joseph/ros2_urdf_ws/install/robot_description:/home/joseph/turtlesim_catch_turtles/install/turtlesim_catch_turtle_interfaces:/home/joseph/turtlesim_catch_turtles/install/turtlesim_catch_turtle:/home/joseph/e-Yantra/install/ur_simulation_gazebo:/home/joseph/e-Yantra/install/ur_moveit_config:/home/joseph/e-Yantra/install/ur_description:/home/joseph/e-Yantra/install/servo_msgs:/home/joseph/e-Yantra/install/realsense_gazebo_plugin:/home/joseph/e-Yantra/install/pymoveit2:/home/joseph/e-Yantra/install/ebot_description:/home/joseph/e-Yantra/install/payload_service:/home/joseph/e-Yantra/install/linkattacher_msgs:/home/joseph/e-Yantra/install/eyantra_warehouse:/home/joseph/e-Yantra/install/ebot_nav2:/home/joseph/e-Yantra/install/ebot_docking:/home/joseph/Turtle_Pursuit/install/turtle_pursuit:/home/joseph/learn_ros/install/test_pkg:/home/joseph/learn_ros/install/pubsub:/home/joseph/learn_ros/install/activity:/home/joseph/learn_ros/install/clientserver:/home/joseph/turtlesim_catch_turtles/install/handle_turtle:/home/joseph/turtlesim_catch_turtles/install/catch_turtles:/home/joseph/e-Yantra/install/ur5_control:/home/joseph/e-Yantra/install/task3b:/home/joseph/e-Yantra/install/task2a:/home/joseph/e-Yantra/install/misc:/home/joseph/e-Yantra/install/aruco:/opt/ros/humble LD_LIBRARY_PATH=/home/joseph/Turtle_Pursuit/install/turtle_pursuit_custom_interfaces/lib:/home/joseph/learn_ros/install/practice_interfaces/lib:/home/joseph/turtlesim_catch_turtles/install/turtlesim_catch_turtle_interfaces/lib:/home/joseph/e-Yantra/install/servo_msgs/lib:/home/joseph/e-Yantra/install/realsense_gazebo_plugin/lib:/home/joseph/e-Yantra/install/payload_service/lib:/home/joseph/e-Yantra/install/linkattacher_msgs/lib:/home/joseph/e-Yantra/install/ebot_docking/lib:/usr/lib/x86_64-linux-gnu/gazebo-11/plugins:/opt/ros/humble/opt/rviz_ogre_vendor/lib:/opt/ros/humble/lib/x86_64-linux-gnu:/opt/ros/humble/lib:/usr/share/gazebo-11/../../lib/x86_64-linux-gnu/gazebo-11/plugins /usr/bin/cmake --install /home/joseph/Turtle_Pursuit/build/pursuit_launch
[2.242s] Level 1:colcon.colcon_core.environment:checking '/home/joseph/Turtle_Pursuit/install/pursuit_launch' for CMake config files
[2.242s] Level 1:colcon.colcon_core.shell:create_environment_hook('pursuit_launch', 'cmake_prefix_path')
[2.242s] INFO:colcon.colcon_core.shell:Creating environment hook '/home/joseph/Turtle_Pursuit/install/pursuit_launch/share/pursuit_launch/hook/cmake_prefix_path.ps1'
[2.243s] INFO:colcon.colcon_core.shell:Creating environment descriptor '/home/joseph/Turtle_Pursuit/install/pursuit_launch/share/pursuit_launch/hook/cmake_prefix_path.dsv'
[2.243s] INFO:colcon.colcon_core.shell:Creating environment hook '/home/joseph/Turtle_Pursuit/install/pursuit_launch/share/pursuit_launch/hook/cmake_prefix_path.sh'
[2.243s] Level 1:colcon.colcon_core.environment:checking '/home/joseph/Turtle_Pursuit/install/pursuit_launch/bin'
[2.243s] Level 1:colcon.colcon_core.environment:checking '/home/joseph/Turtle_Pursuit/install/pursuit_launch/lib/pkgconfig/pursuit_launch.pc'
[2.244s] Level 1:colcon.colcon_core.environment:checking '/home/joseph/Turtle_Pursuit/install/pursuit_launch/lib/python3.10/site-packages'
[2.244s] Level 1:colcon.colcon_core.environment:checking '/home/joseph/Turtle_Pursuit/install/pursuit_launch/bin'
[2.244s] INFO:colcon.colcon_core.shell:Creating package script '/home/joseph/Turtle_Pursuit/install/pursuit_launch/share/pursuit_launch/package.ps1'
[2.244s] INFO:colcon.colcon_core.shell:Creating package descriptor '/home/joseph/Turtle_Pursuit/install/pursuit_launch/share/pursuit_launch/package.dsv'
[2.245s] INFO:colcon.colcon_core.shell:Creating package script '/home/joseph/Turtle_Pursuit/install/pursuit_launch/share/pursuit_launch/package.sh'
[2.245s] INFO:colcon.colcon_core.shell:Creating package script '/home/joseph/Turtle_Pursuit/install/pursuit_launch/share/pursuit_launch/package.bash'
[2.245s] INFO:colcon.colcon_core.shell:Creating package script '/home/joseph/Turtle_Pursuit/install/pursuit_launch/share/pursuit_launch/package.zsh'
[2.245s] Level 1:colcon.colcon_core.environment:create_file_with_runtime_dependencies(/home/joseph/Turtle_Pursuit/install/pursuit_launch/share/colcon-core/packages/pursuit_launch)
[2.271s] Level 1:colcon.colcon_core.environment:create_environment_scripts_only(pursuit_launch)
[2.271s] Level 1:colcon.colcon_core.environment:checking '/home/joseph/Turtle_Pursuit/install/pursuit_launch' for CMake module files
[2.271s] Level 1:colcon.colcon_core.environment:checking '/home/joseph/Turtle_Pursuit/install/pursuit_launch' for CMake config files
[2.272s] Level 1:colcon.colcon_core.shell:create_environment_hook('pursuit_launch', 'cmake_prefix_path')
[2.272s] INFO:colcon.colcon_core.shell:Creating environment hook '/home/joseph/Turtle_Pursuit/install/pursuit_launch/share/pursuit_launch/hook/cmake_prefix_path.ps1'
[2.272s] INFO:colcon.colcon_core.shell:Creating environment descriptor '/home/joseph/Turtle_Pursuit/install/pursuit_launch/share/pursuit_launch/hook/cmake_prefix_path.dsv'
[2.272s] INFO:colcon.colcon_core.shell:Creating environment hook '/home/joseph/Turtle_Pursuit/install/pursuit_launch/share/pursuit_launch/hook/cmake_prefix_path.sh'
[2.273s] Level 1:colcon.colcon_core.environment:checking '/home/joseph/Turtle_Pursuit/install/pursuit_launch/bin'
[2.273s] Level 1:colcon.colcon_core.environment:checking '/home/joseph/Turtle_Pursuit/install/pursuit_launch/lib/pkgconfig/pursuit_launch.pc'
[2.273s] Level 1:colcon.colcon_core.environment:checking '/home/joseph/Turtle_Pursuit/install/pursuit_launch/lib/python3.10/site-packages'
[2.273s] Level 1:colcon.colcon_core.environment:checking '/home/joseph/Turtle_Pursuit/install/pursuit_launch/bin'
[2.273s] INFO:colcon.colcon_core.shell:Creating package script '/home/joseph/Turtle_Pursuit/install/pursuit_launch/share/pursuit_launch/package.ps1'
[2.274s] INFO:colcon.colcon_core.shell:Creating package descriptor '/home/joseph/Turtle_Pursuit/install/pursuit_launch/share/pursuit_launch/package.dsv'
[2.274s] INFO:colcon.colcon_core.shell:Creating package script '/home/joseph/Turtle_Pursuit/install/pursuit_launch/share/pursuit_launch/package.sh'
[2.275s] INFO:colcon.colcon_core.shell:Creating package script '/home/joseph/Turtle_Pursuit/install/pursuit_launch/share/pursuit_launch/package.bash'
[2.275s] INFO:colcon.colcon_core.shell:Creating package script '/home/joseph/Turtle_Pursuit/install/pursuit_launch/share/pursuit_launch/package.zsh'
[2.275s] Level 1:colcon.colcon_core.environment:create_file_with_runtime_dependencies(/home/joseph/Turtle_Pursuit/install/pursuit_launch/share/colcon-core/packages/pursuit_launch)
[2.275s] DEBUG:colcon.colcon_parallel_executor.executor.parallel:closing loop
[2.276s] DEBUG:colcon.colcon_parallel_executor.executor.parallel:loop closed
[2.276s] DEBUG:colcon.colcon_parallel_executor.executor.parallel:run_until_complete finished with '0'
[2.276s] DEBUG:colcon.colcon_core.event_reactor:joining thread
[2.281s] INFO:colcon.colcon_core.plugin_system:Skipping extension 'colcon_notification.desktop_notification.terminal_notifier': Not used on non-Darwin systems
[2.281s] INFO:colcon.colcon_core.plugin_system:Skipping extension 'colcon_notification.desktop_notification.win32': Not used on non-Windows systems
[2.281s] INFO:colcon.colcon_notification.desktop_notification:Sending desktop notification using 'notify2'
[2.289s] DEBUG:colcon.colcon_core.event_reactor:joined thread
[2.290s] INFO:colcon.colcon_core.shell:Creating prefix script '/home/joseph/Turtle_Pursuit/install/local_setup.ps1'
[2.291s] INFO:colcon.colcon_core.shell:Creating prefix util module '/home/joseph/Turtle_Pursuit/install/_local_setup_util_ps1.py'
[2.292s] INFO:colcon.colcon_core.shell:Creating prefix chain script '/home/joseph/Turtle_Pursuit/install/setup.ps1'
[2.294s] INFO:colcon.colcon_core.shell:Creating prefix script '/home/joseph/Turtle_Pursuit/install/local_setup.sh'
[2.295s] INFO:colcon.colcon_core.shell:Creating prefix util module '/home/joseph/Turtle_Pursuit/install/_local_setup_util_sh.py'
[2.295s] INFO:colcon.colcon_core.shell:Creating prefix chain script '/home/joseph/Turtle_Pursuit/install/setup.sh'
[2.297s] INFO:colcon.colcon_core.shell:Creating prefix script '/home/joseph/Turtle_Pursuit/install/local_setup.bash'
[2.297s] INFO:colcon.colcon_core.shell:Creating prefix chain script '/home/joseph/Turtle_Pursuit/install/setup.bash'
[2.299s] INFO:colcon.colcon_core.shell:Creating prefix script '/home/joseph/Turtle_Pursuit/install/local_setup.zsh'
[2.300s] INFO:colcon.colcon_core.shell:Creating prefix chain script '/home/joseph/Turtle_Pursuit/install/setup.zsh'
