[0.259s] Invoking command in '/home/joseph/Turtle_Pursuit/build/turtlesim_custom_msg': CMAKE_PREFIX_PATH=${CMAKE_PREFIX_PATH}:/home/joseph/Turtle_Pursuit/install/turtle_handlers:/home/joseph/learn_ros/install/test_pkg:/home/joseph/learn_ros/install/pubsub:/home/joseph/learn_ros/install/activity:/home/joseph/learn_ros/install/clientserver:/home/joseph/turtlesim_catch_turtles/install/handle_turtle:/home/joseph/turtlesim_catch_turtles/install/catch_turtles:/home/joseph/e-Yantra/install/ur5_control:/home/joseph/e-Yantra/install/task3b:/home/joseph/e-Yantra/install/task2a:/home/joseph/e-Yantra/install/misc:/home/joseph/e-Yantra/install/aruco:/opt/ros/humble /usr/bin/cmake --build /home/joseph/Turtle_Pursuit/build/turtlesim_custom_msg -- -j12 -l12
[0.324s] [35m[1mConsolidate compiler generated dependencies of target turtlesim_custom_msg__rosidl_generator_c[0m
[0.334s] [  1%] Built target turtlesim_custom_msg__cpp
[0.336s] [ 12%] Built target turtlesim_custom_msg__rosidl_generator_c
[0.349s] [35m[1mConsolidate compiler generated dependencies of target turtlesim_custom_msg__rosidl_typesupport_c[0m
[0.349s] [ 12%] Built target ament_cmake_python_copy_turtlesim_custom_msg
[0.349s] [35m[1mConsolidate compiler generated dependencies of target turtlesim_custom_msg__rosidl_typesupport_introspection_cpp[0m
[0.350s] [35m[1mConsolidate compiler generated dependencies of target turtlesim_custom_msg__rosidl_typesupport_cpp[0m
[0.351s] [35m[1mConsolidate compiler generated dependencies of target turtlesim_custom_msg__rosidl_typesupport_introspection_c[0m
[0.352s] [35m[1mConsolidate compiler generated dependencies of target turtlesim_custom_msg__rosidl_typesupport_fastrtps_cpp[0m
[0.353s] [35m[1mConsolidate compiler generated dependencies of target turtlesim_custom_msg__rosidl_typesupport_fastrtps_c[0m
[0.362s] [ 23%] Built target turtlesim_custom_msg__rosidl_typesupport_c
[0.367s] [ 34%] Built target turtlesim_custom_msg__rosidl_typesupport_introspection_cpp
[0.367s] [ 45%] Built target turtlesim_custom_msg__rosidl_typesupport_cpp
[0.368s] [ 56%] Built target turtlesim_custom_msg__rosidl_typesupport_introspection_c
[0.373s] [ 78%] Built target turtlesim_custom_msg__rosidl_typesupport_fastrtps_cpp
[0.373s] [ 78%] Built target turtlesim_custom_msg__rosidl_typesupport_fastrtps_c
[0.395s] [ 78%] Built target turtlesim_custom_msg
[0.419s] [ 80%] Built target turtlesim_custom_msg__py
[0.433s] [35m[1mConsolidate compiler generated dependencies of target turtlesim_custom_msg__rosidl_generator_py[0m
[0.449s] [ 89%] Built target turtlesim_custom_msg__rosidl_generator_py
[0.462s] [35m[1mConsolidate compiler generated dependencies of target turtlesim_custom_msg__rosidl_typesupport_fastrtps_c__pyext[0m
[0.462s] [35m[1mConsolidate compiler generated dependencies of target turtlesim_custom_msg__rosidl_typesupport_introspection_c__pyext[0m
[0.462s] [35m[1mConsolidate compiler generated dependencies of target turtlesim_custom_msg__rosidl_typesupport_c__pyext[0m
[0.476s] [100%] Built target turtlesim_custom_msg__rosidl_typesupport_introspection_c__pyext
[0.477s] [100%] Built target turtlesim_custom_msg__rosidl_typesupport_fastrtps_c__pyext
[0.477s] [100%] Built target turtlesim_custom_msg__rosidl_typesupport_c__pyext
[0.596s] running egg_info
[0.597s] writing turtlesim_custom_msg.egg-info/PKG-INFO
[0.597s] writing dependency_links to turtlesim_custom_msg.egg-info/dependency_links.txt
[0.597s] writing top-level names to turtlesim_custom_msg.egg-info/top_level.txt
[0.599s] reading manifest file 'turtlesim_custom_msg.egg-info/SOURCES.txt'
[0.600s] writing manifest file 'turtlesim_custom_msg.egg-info/SOURCES.txt'
[0.627s] [100%] Built target ament_cmake_python_build_turtlesim_custom_msg_egg
[0.640s] Invoked command in '/home/joseph/Turtle_Pursuit/build/turtlesim_custom_msg' returned '0': CMAKE_PREFIX_PATH=${CMAKE_PREFIX_PATH}:/home/joseph/Turtle_Pursuit/install/turtle_handlers:/home/joseph/learn_ros/install/test_pkg:/home/joseph/learn_ros/install/pubsub:/home/joseph/learn_ros/install/activity:/home/joseph/learn_ros/install/clientserver:/home/joseph/turtlesim_catch_turtles/install/handle_turtle:/home/joseph/turtlesim_catch_turtles/install/catch_turtles:/home/joseph/e-Yantra/install/ur5_control:/home/joseph/e-Yantra/install/task3b:/home/joseph/e-Yantra/install/task2a:/home/joseph/e-Yantra/install/misc:/home/joseph/e-Yantra/install/aruco:/opt/ros/humble /usr/bin/cmake --build /home/joseph/Turtle_Pursuit/build/turtlesim_custom_msg -- -j12 -l12
[0.788s] Invoking command in '/home/joseph/Turtle_Pursuit/build/turtlesim_custom_msg': CMAKE_PREFIX_PATH=${CMAKE_PREFIX_PATH}:/home/joseph/Turtle_Pursuit/install/turtle_handlers:/home/joseph/learn_ros/install/test_pkg:/home/joseph/learn_ros/install/pubsub:/home/joseph/learn_ros/install/activity:/home/joseph/learn_ros/install/clientserver:/home/joseph/turtlesim_catch_turtles/install/handle_turtle:/home/joseph/turtlesim_catch_turtles/install/catch_turtles:/home/joseph/e-Yantra/install/ur5_control:/home/joseph/e-Yantra/install/task3b:/home/joseph/e-Yantra/install/task2a:/home/joseph/e-Yantra/install/misc:/home/joseph/e-Yantra/install/aruco:/opt/ros/humble /usr/bin/cmake --install /home/joseph/Turtle_Pursuit/build/turtlesim_custom_msg
[0.797s] -- Install configuration: ""
[0.798s] -- Up-to-date: /home/joseph/Turtle_Pursuit/install/turtlesim_custom_msg/share/ament_index/resource_index/rosidl_interfaces/turtlesim_custom_msg
[0.798s] -- Up-to-date: /home/joseph/Turtle_Pursuit/install/turtlesim_custom_msg/include/turtlesim_custom_msg/turtlesim_custom_msg
[0.798s] -- Up-to-date: /home/joseph/Turtle_Pursuit/install/turtlesim_custom_msg/include/turtlesim_custom_msg/turtlesim_custom_msg/msg
[0.798s] -- Up-to-date: /home/joseph/Turtle_Pursuit/install/turtlesim_custom_msg/include/turtlesim_custom_msg/turtlesim_custom_msg/msg/detail
[0.798s] -- Up-to-date: /home/joseph/Turtle_Pursuit/install/turtlesim_custom_msg/include/turtlesim_custom_msg/turtlesim_custom_msg/msg/detail/turtle__struct.h
[0.798s] -- Up-to-date: /home/joseph/Turtle_Pursuit/install/turtlesim_custom_msg/include/turtlesim_custom_msg/turtlesim_custom_msg/msg/detail/alive_turtle_array__functions.h
[0.798s] -- Up-to-date: /home/joseph/Turtle_Pursuit/install/turtlesim_custom_msg/include/turtlesim_custom_msg/turtlesim_custom_msg/msg/detail/alive_turtle_array__struct.h
[0.798s] -- Up-to-date: /home/joseph/Turtle_Pursuit/install/turtlesim_custom_msg/include/turtlesim_custom_msg/turtlesim_custom_msg/msg/detail/turtle__functions.h
[0.798s] -- Up-to-date: /home/joseph/Turtle_Pursuit/install/turtlesim_custom_msg/include/turtlesim_custom_msg/turtlesim_custom_msg/msg/detail/turtle__type_support.h
[0.798s] -- Up-to-date: /home/joseph/Turtle_Pursuit/install/turtlesim_custom_msg/include/turtlesim_custom_msg/turtlesim_custom_msg/msg/detail/alive_turtle_array__functions.c
[0.799s] -- Up-to-date: /home/joseph/Turtle_Pursuit/install/turtlesim_custom_msg/include/turtlesim_custom_msg/turtlesim_custom_msg/msg/detail/alive_turtle_array__type_support.h
[0.799s] -- Up-to-date: /home/joseph/Turtle_Pursuit/install/turtlesim_custom_msg/include/turtlesim_custom_msg/turtlesim_custom_msg/msg/detail/turtle__functions.c
[0.799s] -- Up-to-date: /home/joseph/Turtle_Pursuit/install/turtlesim_custom_msg/include/turtlesim_custom_msg/turtlesim_custom_msg/msg/turtle.h
[0.799s] -- Up-to-date: /home/joseph/Turtle_Pursuit/install/turtlesim_custom_msg/include/turtlesim_custom_msg/turtlesim_custom_msg/msg/rosidl_generator_c__visibility_control.h
[0.799s] -- Up-to-date: /home/joseph/Turtle_Pursuit/install/turtlesim_custom_msg/include/turtlesim_custom_msg/turtlesim_custom_msg/msg/alive_turtle_array.h
[0.799s] -- Up-to-date: /home/joseph/Turtle_Pursuit/install/turtlesim_custom_msg/include/turtlesim_custom_msg/turtlesim_custom_msg/srv
[0.799s] -- Up-to-date: /home/joseph/Turtle_Pursuit/install/turtlesim_custom_msg/include/turtlesim_custom_msg/turtlesim_custom_msg/srv/get_turtle_alive.h
[0.799s] -- Up-to-date: /home/joseph/Turtle_Pursuit/install/turtlesim_custom_msg/include/turtlesim_custom_msg/turtlesim_custom_msg/srv/detail
[0.799s] -- Up-to-date: /home/joseph/Turtle_Pursuit/install/turtlesim_custom_msg/include/turtlesim_custom_msg/turtlesim_custom_msg/srv/detail/get_turtle_alive__struct.h
[0.799s] -- Up-to-date: /home/joseph/Turtle_Pursuit/install/turtlesim_custom_msg/include/turtlesim_custom_msg/turtlesim_custom_msg/srv/detail/get_turtle_alive__type_support.h
[0.799s] -- Up-to-date: /home/joseph/Turtle_Pursuit/install/turtlesim_custom_msg/include/turtlesim_custom_msg/turtlesim_custom_msg/srv/detail/get_turtle_alive__functions.h
[0.799s] -- Up-to-date: /home/joseph/Turtle_Pursuit/install/turtlesim_custom_msg/include/turtlesim_custom_msg/turtlesim_custom_msg/srv/detail/kill_turtle__struct.h
[0.799s] -- Up-to-date: /home/joseph/Turtle_Pursuit/install/turtlesim_custom_msg/include/turtlesim_custom_msg/turtlesim_custom_msg/srv/detail/get_turtle_alive__functions.c
[0.799s] -- Up-to-date: /home/joseph/Turtle_Pursuit/install/turtlesim_custom_msg/include/turtlesim_custom_msg/turtlesim_custom_msg/srv/detail/kill_turtle__functions.h
[0.799s] -- Up-to-date: /home/joseph/Turtle_Pursuit/install/turtlesim_custom_msg/include/turtlesim_custom_msg/turtlesim_custom_msg/srv/detail/kill_turtle__type_support.h
[0.800s] -- Up-to-date: /home/joseph/Turtle_Pursuit/install/turtlesim_custom_msg/include/turtlesim_custom_msg/turtlesim_custom_msg/srv/detail/kill_turtle__functions.c
[0.800s] -- Up-to-date: /home/joseph/Turtle_Pursuit/install/turtlesim_custom_msg/include/turtlesim_custom_msg/turtlesim_custom_msg/srv/kill_turtle.h
[0.800s] -- Up-to-date: /home/joseph/Turtle_Pursuit/install/turtlesim_custom_msg/share/turtlesim_custom_msg/environment/library_path.sh
[0.800s] -- Up-to-date: /home/joseph/Turtle_Pursuit/install/turtlesim_custom_msg/share/turtlesim_custom_msg/environment/library_path.dsv
[0.800s] -- Up-to-date: /home/joseph/Turtle_Pursuit/install/turtlesim_custom_msg/lib/libturtlesim_custom_msg__rosidl_generator_c.so
[0.800s] -- Up-to-date: /home/joseph/Turtle_Pursuit/install/turtlesim_custom_msg/include/turtlesim_custom_msg/turtlesim_custom_msg
[0.800s] -- Up-to-date: /home/joseph/Turtle_Pursuit/install/turtlesim_custom_msg/include/turtlesim_custom_msg/turtlesim_custom_msg/msg
[0.800s] -- Up-to-date: /home/joseph/Turtle_Pursuit/install/turtlesim_custom_msg/include/turtlesim_custom_msg/turtlesim_custom_msg/msg/rosidl_typesupport_fastrtps_c__visibility_control.h
[0.800s] -- Up-to-date: /home/joseph/Turtle_Pursuit/install/turtlesim_custom_msg/include/turtlesim_custom_msg/turtlesim_custom_msg/msg/detail
[0.800s] -- Up-to-date: /home/joseph/Turtle_Pursuit/install/turtlesim_custom_msg/include/turtlesim_custom_msg/turtlesim_custom_msg/msg/detail/turtle__rosidl_typesupport_fastrtps_c.h
[0.800s] -- Up-to-date: /home/joseph/Turtle_Pursuit/install/turtlesim_custom_msg/include/turtlesim_custom_msg/turtlesim_custom_msg/msg/detail/alive_turtle_array__rosidl_typesupport_fastrtps_c.h
[0.800s] -- Up-to-date: /home/joseph/Turtle_Pursuit/install/turtlesim_custom_msg/include/turtlesim_custom_msg/turtlesim_custom_msg/srv
[0.801s] -- Up-to-date: /home/joseph/Turtle_Pursuit/install/turtlesim_custom_msg/include/turtlesim_custom_msg/turtlesim_custom_msg/srv/detail
[0.801s] -- Up-to-date: /home/joseph/Turtle_Pursuit/install/turtlesim_custom_msg/include/turtlesim_custom_msg/turtlesim_custom_msg/srv/detail/kill_turtle__rosidl_typesupport_fastrtps_c.h
[0.801s] -- Up-to-date: /home/joseph/Turtle_Pursuit/install/turtlesim_custom_msg/include/turtlesim_custom_msg/turtlesim_custom_msg/srv/detail/get_turtle_alive__rosidl_typesupport_fastrtps_c.h
[0.801s] -- Up-to-date: /home/joseph/Turtle_Pursuit/install/turtlesim_custom_msg/lib/libturtlesim_custom_msg__rosidl_typesupport_fastrtps_c.so
[0.801s] -- Up-to-date: /home/joseph/Turtle_Pursuit/install/turtlesim_custom_msg/include/turtlesim_custom_msg/turtlesim_custom_msg
[0.801s] -- Up-to-date: /home/joseph/Turtle_Pursuit/install/turtlesim_custom_msg/include/turtlesim_custom_msg/turtlesim_custom_msg/msg
[0.801s] -- Up-to-date: /home/joseph/Turtle_Pursuit/install/turtlesim_custom_msg/include/turtlesim_custom_msg/turtlesim_custom_msg/msg/detail
[0.801s] -- Up-to-date: /home/joseph/Turtle_Pursuit/install/turtlesim_custom_msg/include/turtlesim_custom_msg/turtlesim_custom_msg/msg/detail/alive_turtle_array__type_support.c
[0.801s] -- Up-to-date: /home/joseph/Turtle_Pursuit/install/turtlesim_custom_msg/include/turtlesim_custom_msg/turtlesim_custom_msg/msg/detail/turtle__type_support.c
[0.801s] -- Up-to-date: /home/joseph/Turtle_Pursuit/install/turtlesim_custom_msg/include/turtlesim_custom_msg/turtlesim_custom_msg/msg/detail/turtle__rosidl_typesupport_introspection_c.h
[0.801s] -- Up-to-date: /home/joseph/Turtle_Pursuit/install/turtlesim_custom_msg/include/turtlesim_custom_msg/turtlesim_custom_msg/msg/detail/alive_turtle_array__rosidl_typesupport_introspection_c.h
[0.801s] -- Up-to-date: /home/joseph/Turtle_Pursuit/install/turtlesim_custom_msg/include/turtlesim_custom_msg/turtlesim_custom_msg/msg/rosidl_typesupport_introspection_c__visibility_control.h
[0.801s] -- Up-to-date: /home/joseph/Turtle_Pursuit/install/turtlesim_custom_msg/include/turtlesim_custom_msg/turtlesim_custom_msg/srv
[0.801s] -- Up-to-date: /home/joseph/Turtle_Pursuit/install/turtlesim_custom_msg/include/turtlesim_custom_msg/turtlesim_custom_msg/srv/detail
[0.802s] -- Up-to-date: /home/joseph/Turtle_Pursuit/install/turtlesim_custom_msg/include/turtlesim_custom_msg/turtlesim_custom_msg/srv/detail/get_turtle_alive__rosidl_typesupport_introspection_c.h
[0.802s] -- Up-to-date: /home/joseph/Turtle_Pursuit/install/turtlesim_custom_msg/include/turtlesim_custom_msg/turtlesim_custom_msg/srv/detail/get_turtle_alive__type_support.c
[0.802s] -- Up-to-date: /home/joseph/Turtle_Pursuit/install/turtlesim_custom_msg/include/turtlesim_custom_msg/turtlesim_custom_msg/srv/detail/kill_turtle__type_support.c
[0.802s] -- Up-to-date: /home/joseph/Turtle_Pursuit/install/turtlesim_custom_msg/include/turtlesim_custom_msg/turtlesim_custom_msg/srv/detail/kill_turtle__rosidl_typesupport_introspection_c.h
[0.802s] -- Up-to-date: /home/joseph/Turtle_Pursuit/install/turtlesim_custom_msg/lib/libturtlesim_custom_msg__rosidl_typesupport_introspection_c.so
[0.802s] -- Up-to-date: /home/joseph/Turtle_Pursuit/install/turtlesim_custom_msg/lib/libturtlesim_custom_msg__rosidl_typesupport_c.so
[0.802s] -- Up-to-date: /home/joseph/Turtle_Pursuit/install/turtlesim_custom_msg/include/turtlesim_custom_msg/turtlesim_custom_msg
[0.802s] -- Up-to-date: /home/joseph/Turtle_Pursuit/install/turtlesim_custom_msg/include/turtlesim_custom_msg/turtlesim_custom_msg/msg
[0.802s] -- Up-to-date: /home/joseph/Turtle_Pursuit/install/turtlesim_custom_msg/include/turtlesim_custom_msg/turtlesim_custom_msg/msg/alive_turtle_array.hpp
[0.802s] -- Up-to-date: /home/joseph/Turtle_Pursuit/install/turtlesim_custom_msg/include/turtlesim_custom_msg/turtlesim_custom_msg/msg/detail
[0.802s] -- Up-to-date: /home/joseph/Turtle_Pursuit/install/turtlesim_custom_msg/include/turtlesim_custom_msg/turtlesim_custom_msg/msg/detail/turtle__builder.hpp
[0.802s] -- Up-to-date: /home/joseph/Turtle_Pursuit/install/turtlesim_custom_msg/include/turtlesim_custom_msg/turtlesim_custom_msg/msg/detail/alive_turtle_array__struct.hpp
[0.803s] -- Up-to-date: /home/joseph/Turtle_Pursuit/install/turtlesim_custom_msg/include/turtlesim_custom_msg/turtlesim_custom_msg/msg/detail/alive_turtle_array__builder.hpp
[0.803s] -- Up-to-date: /home/joseph/Turtle_Pursuit/install/turtlesim_custom_msg/include/turtlesim_custom_msg/turtlesim_custom_msg/msg/detail/alive_turtle_array__traits.hpp
[0.803s] -- Up-to-date: /home/joseph/Turtle_Pursuit/install/turtlesim_custom_msg/include/turtlesim_custom_msg/turtlesim_custom_msg/msg/detail/turtle__struct.hpp
[0.803s] -- Up-to-date: /home/joseph/Turtle_Pursuit/install/turtlesim_custom_msg/include/turtlesim_custom_msg/turtlesim_custom_msg/msg/detail/turtle__traits.hpp
[0.803s] -- Up-to-date: /home/joseph/Turtle_Pursuit/install/turtlesim_custom_msg/include/turtlesim_custom_msg/turtlesim_custom_msg/msg/turtle.hpp
[0.803s] -- Up-to-date: /home/joseph/Turtle_Pursuit/install/turtlesim_custom_msg/include/turtlesim_custom_msg/turtlesim_custom_msg/srv
[0.803s] -- Up-to-date: /home/joseph/Turtle_Pursuit/install/turtlesim_custom_msg/include/turtlesim_custom_msg/turtlesim_custom_msg/srv/get_turtle_alive.hpp
[0.803s] -- Up-to-date: /home/joseph/Turtle_Pursuit/install/turtlesim_custom_msg/include/turtlesim_custom_msg/turtlesim_custom_msg/srv/detail
[0.803s] -- Up-to-date: /home/joseph/Turtle_Pursuit/install/turtlesim_custom_msg/include/turtlesim_custom_msg/turtlesim_custom_msg/srv/detail/get_turtle_alive__builder.hpp
[0.803s] -- Up-to-date: /home/joseph/Turtle_Pursuit/install/turtlesim_custom_msg/include/turtlesim_custom_msg/turtlesim_custom_msg/srv/detail/kill_turtle__struct.hpp
[0.803s] -- Up-to-date: /home/joseph/Turtle_Pursuit/install/turtlesim_custom_msg/include/turtlesim_custom_msg/turtlesim_custom_msg/srv/detail/kill_turtle__traits.hpp
[0.803s] -- Up-to-date: /home/joseph/Turtle_Pursuit/install/turtlesim_custom_msg/include/turtlesim_custom_msg/turtlesim_custom_msg/srv/detail/get_turtle_alive__traits.hpp
[0.803s] -- Up-to-date: /home/joseph/Turtle_Pursuit/install/turtlesim_custom_msg/include/turtlesim_custom_msg/turtlesim_custom_msg/srv/detail/get_turtle_alive__struct.hpp
[0.803s] -- Up-to-date: /home/joseph/Turtle_Pursuit/install/turtlesim_custom_msg/include/turtlesim_custom_msg/turtlesim_custom_msg/srv/detail/kill_turtle__builder.hpp
[0.804s] -- Up-to-date: /home/joseph/Turtle_Pursuit/install/turtlesim_custom_msg/include/turtlesim_custom_msg/turtlesim_custom_msg/srv/kill_turtle.hpp
[0.804s] -- Up-to-date: /home/joseph/Turtle_Pursuit/install/turtlesim_custom_msg/include/turtlesim_custom_msg/turtlesim_custom_msg
[0.804s] -- Up-to-date: /home/joseph/Turtle_Pursuit/install/turtlesim_custom_msg/include/turtlesim_custom_msg/turtlesim_custom_msg/msg
[0.804s] -- Up-to-date: /home/joseph/Turtle_Pursuit/install/turtlesim_custom_msg/include/turtlesim_custom_msg/turtlesim_custom_msg/msg/detail
[0.804s] -- Up-to-date: /home/joseph/Turtle_Pursuit/install/turtlesim_custom_msg/include/turtlesim_custom_msg/turtlesim_custom_msg/msg/detail/dds_fastrtps
[0.804s] -- Up-to-date: /home/joseph/Turtle_Pursuit/install/turtlesim_custom_msg/include/turtlesim_custom_msg/turtlesim_custom_msg/msg/detail/turtle__rosidl_typesupport_fastrtps_cpp.hpp
[0.804s] -- Up-to-date: /home/joseph/Turtle_Pursuit/install/turtlesim_custom_msg/include/turtlesim_custom_msg/turtlesim_custom_msg/msg/detail/alive_turtle_array__rosidl_typesupport_fastrtps_cpp.hpp
[0.804s] -- Up-to-date: /home/joseph/Turtle_Pursuit/install/turtlesim_custom_msg/include/turtlesim_custom_msg/turtlesim_custom_msg/msg/rosidl_typesupport_fastrtps_cpp__visibility_control.h
[0.804s] -- Up-to-date: /home/joseph/Turtle_Pursuit/install/turtlesim_custom_msg/include/turtlesim_custom_msg/turtlesim_custom_msg/srv
[0.804s] -- Up-to-date: /home/joseph/Turtle_Pursuit/install/turtlesim_custom_msg/include/turtlesim_custom_msg/turtlesim_custom_msg/srv/detail
[0.804s] -- Up-to-date: /home/joseph/Turtle_Pursuit/install/turtlesim_custom_msg/include/turtlesim_custom_msg/turtlesim_custom_msg/srv/detail/dds_fastrtps
[0.804s] -- Up-to-date: /home/joseph/Turtle_Pursuit/install/turtlesim_custom_msg/include/turtlesim_custom_msg/turtlesim_custom_msg/srv/detail/kill_turtle__rosidl_typesupport_fastrtps_cpp.hpp
[0.804s] -- Up-to-date: /home/joseph/Turtle_Pursuit/install/turtlesim_custom_msg/include/turtlesim_custom_msg/turtlesim_custom_msg/srv/detail/get_turtle_alive__rosidl_typesupport_fastrtps_cpp.hpp
[0.804s] -- Up-to-date: /home/joseph/Turtle_Pursuit/install/turtlesim_custom_msg/lib/libturtlesim_custom_msg__rosidl_typesupport_fastrtps_cpp.so
[0.805s] -- Up-to-date: /home/joseph/Turtle_Pursuit/install/turtlesim_custom_msg/include/turtlesim_custom_msg/turtlesim_custom_msg
[0.805s] -- Up-to-date: /home/joseph/Turtle_Pursuit/install/turtlesim_custom_msg/include/turtlesim_custom_msg/turtlesim_custom_msg/msg
[0.805s] -- Up-to-date: /home/joseph/Turtle_Pursuit/install/turtlesim_custom_msg/include/turtlesim_custom_msg/turtlesim_custom_msg/msg/detail
[0.805s] -- Up-to-date: /home/joseph/Turtle_Pursuit/install/turtlesim_custom_msg/include/turtlesim_custom_msg/turtlesim_custom_msg/msg/detail/alive_turtle_array__type_support.cpp
[0.805s] -- Up-to-date: /home/joseph/Turtle_Pursuit/install/turtlesim_custom_msg/include/turtlesim_custom_msg/turtlesim_custom_msg/msg/detail/alive_turtle_array__rosidl_typesupport_introspection_cpp.hpp
[0.805s] -- Up-to-date: /home/joseph/Turtle_Pursuit/install/turtlesim_custom_msg/include/turtlesim_custom_msg/turtlesim_custom_msg/msg/detail/turtle__rosidl_typesupport_introspection_cpp.hpp
[0.805s] -- Up-to-date: /home/joseph/Turtle_Pursuit/install/turtlesim_custom_msg/include/turtlesim_custom_msg/turtlesim_custom_msg/msg/detail/turtle__type_support.cpp
[0.805s] -- Up-to-date: /home/joseph/Turtle_Pursuit/install/turtlesim_custom_msg/include/turtlesim_custom_msg/turtlesim_custom_msg/srv
[0.805s] -- Up-to-date: /home/joseph/Turtle_Pursuit/install/turtlesim_custom_msg/include/turtlesim_custom_msg/turtlesim_custom_msg/srv/detail
[0.805s] -- Up-to-date: /home/joseph/Turtle_Pursuit/install/turtlesim_custom_msg/include/turtlesim_custom_msg/turtlesim_custom_msg/srv/detail/kill_turtle__type_support.cpp
[0.805s] -- Up-to-date: /home/joseph/Turtle_Pursuit/install/turtlesim_custom_msg/include/turtlesim_custom_msg/turtlesim_custom_msg/srv/detail/get_turtle_alive__rosidl_typesupport_introspection_cpp.hpp
[0.805s] -- Up-to-date: /home/joseph/Turtle_Pursuit/install/turtlesim_custom_msg/include/turtlesim_custom_msg/turtlesim_custom_msg/srv/detail/get_turtle_alive__type_support.cpp
[0.805s] -- Up-to-date: /home/joseph/Turtle_Pursuit/install/turtlesim_custom_msg/include/turtlesim_custom_msg/turtlesim_custom_msg/srv/detail/kill_turtle__rosidl_typesupport_introspection_cpp.hpp
[0.805s] -- Up-to-date: /home/joseph/Turtle_Pursuit/install/turtlesim_custom_msg/lib/libturtlesim_custom_msg__rosidl_typesupport_introspection_cpp.so
[0.805s] -- Up-to-date: /home/joseph/Turtle_Pursuit/install/turtlesim_custom_msg/lib/libturtlesim_custom_msg__rosidl_typesupport_cpp.so
[0.806s] -- Up-to-date: /home/joseph/Turtle_Pursuit/install/turtlesim_custom_msg/share/turtlesim_custom_msg/environment/pythonpath.sh
[0.806s] -- Up-to-date: /home/joseph/Turtle_Pursuit/install/turtlesim_custom_msg/share/turtlesim_custom_msg/environment/pythonpath.dsv
[0.806s] -- Up-to-date: /home/joseph/Turtle_Pursuit/install/turtlesim_custom_msg/local/lib/python3.10/dist-packages/turtlesim_custom_msg-0.0.0-py3.10.egg-info
[0.806s] -- Installing: /home/joseph/Turtle_Pursuit/install/turtlesim_custom_msg/local/lib/python3.10/dist-packages/turtlesim_custom_msg-0.0.0-py3.10.egg-info/PKG-INFO
[0.806s] -- Installing: /home/joseph/Turtle_Pursuit/install/turtlesim_custom_msg/local/lib/python3.10/dist-packages/turtlesim_custom_msg-0.0.0-py3.10.egg-info/SOURCES.txt
[0.806s] -- Installing: /home/joseph/Turtle_Pursuit/install/turtlesim_custom_msg/local/lib/python3.10/dist-packages/turtlesim_custom_msg-0.0.0-py3.10.egg-info/dependency_links.txt
[0.806s] -- Installing: /home/joseph/Turtle_Pursuit/install/turtlesim_custom_msg/local/lib/python3.10/dist-packages/turtlesim_custom_msg-0.0.0-py3.10.egg-info/top_level.txt
[0.806s] -- Up-to-date: /home/joseph/Turtle_Pursuit/install/turtlesim_custom_msg/local/lib/python3.10/dist-packages/turtlesim_custom_msg
[0.806s] -- Up-to-date: /home/joseph/Turtle_Pursuit/install/turtlesim_custom_msg/local/lib/python3.10/dist-packages/turtlesim_custom_msg/msg
[0.806s] -- Up-to-date: /home/joseph/Turtle_Pursuit/install/turtlesim_custom_msg/local/lib/python3.10/dist-packages/turtlesim_custom_msg/msg/__init__.py
[0.807s] -- Up-to-date: /home/joseph/Turtle_Pursuit/install/turtlesim_custom_msg/local/lib/python3.10/dist-packages/turtlesim_custom_msg/msg/_alive_turtle_array_s.c
[0.807s] -- Up-to-date: /home/joseph/Turtle_Pursuit/install/turtlesim_custom_msg/local/lib/python3.10/dist-packages/turtlesim_custom_msg/msg/_turtle_s.c
[0.807s] -- Up-to-date: /home/joseph/Turtle_Pursuit/install/turtlesim_custom_msg/local/lib/python3.10/dist-packages/turtlesim_custom_msg/msg/_alive_turtle_array.py
[0.807s] -- Up-to-date: /home/joseph/Turtle_Pursuit/install/turtlesim_custom_msg/local/lib/python3.10/dist-packages/turtlesim_custom_msg/msg/_turtle.py
[0.807s] -- Up-to-date: /home/joseph/Turtle_Pursuit/install/turtlesim_custom_msg/local/lib/python3.10/dist-packages/turtlesim_custom_msg/srv
[0.807s] -- Up-to-date: /home/joseph/Turtle_Pursuit/install/turtlesim_custom_msg/local/lib/python3.10/dist-packages/turtlesim_custom_msg/srv/_get_turtle_alive.py
[0.807s] -- Up-to-date: /home/joseph/Turtle_Pursuit/install/turtlesim_custom_msg/local/lib/python3.10/dist-packages/turtlesim_custom_msg/srv/__init__.py
[0.807s] -- Up-to-date: /home/joseph/Turtle_Pursuit/install/turtlesim_custom_msg/local/lib/python3.10/dist-packages/turtlesim_custom_msg/srv/_kill_turtle_s.c
[0.807s] -- Up-to-date: /home/joseph/Turtle_Pursuit/install/turtlesim_custom_msg/local/lib/python3.10/dist-packages/turtlesim_custom_msg/srv/_get_turtle_alive_s.c
[0.807s] -- Up-to-date: /home/joseph/Turtle_Pursuit/install/turtlesim_custom_msg/local/lib/python3.10/dist-packages/turtlesim_custom_msg/srv/_kill_turtle.py
[0.807s] -- Up-to-date: /home/joseph/Turtle_Pursuit/install/turtlesim_custom_msg/local/lib/python3.10/dist-packages/turtlesim_custom_msg/_turtlesim_custom_msg_s.ep.rosidl_typesupport_c.c
[0.807s] -- Up-to-date: /home/joseph/Turtle_Pursuit/install/turtlesim_custom_msg/local/lib/python3.10/dist-packages/turtlesim_custom_msg/turtlesim_custom_msg_s__rosidl_typesupport_fastrtps_c.cpython-310-x86_64-linux-gnu.so
[0.807s] -- Up-to-date: /home/joseph/Turtle_Pursuit/install/turtlesim_custom_msg/local/lib/python3.10/dist-packages/turtlesim_custom_msg/__init__.py
[0.808s] -- Up-to-date: /home/joseph/Turtle_Pursuit/install/turtlesim_custom_msg/local/lib/python3.10/dist-packages/turtlesim_custom_msg/_turtlesim_custom_msg_s.ep.rosidl_typesupport_introspection_c.c
[0.808s] -- Up-to-date: /home/joseph/Turtle_Pursuit/install/turtlesim_custom_msg/local/lib/python3.10/dist-packages/turtlesim_custom_msg/_turtlesim_custom_msg_s.ep.rosidl_typesupport_fastrtps_c.c
[0.808s] -- Up-to-date: /home/joseph/Turtle_Pursuit/install/turtlesim_custom_msg/local/lib/python3.10/dist-packages/turtlesim_custom_msg/libturtlesim_custom_msg__rosidl_generator_py.so
[0.808s] -- Up-to-date: /home/joseph/Turtle_Pursuit/install/turtlesim_custom_msg/local/lib/python3.10/dist-packages/turtlesim_custom_msg/turtlesim_custom_msg_s__rosidl_typesupport_c.cpython-310-x86_64-linux-gnu.so
[0.808s] -- Up-to-date: /home/joseph/Turtle_Pursuit/install/turtlesim_custom_msg/local/lib/python3.10/dist-packages/turtlesim_custom_msg/turtlesim_custom_msg_s__rosidl_typesupport_introspection_c.cpython-310-x86_64-linux-gnu.so
[0.846s] Listing '/home/joseph/Turtle_Pursuit/install/turtlesim_custom_msg/local/lib/python3.10/dist-packages/turtlesim_custom_msg'...
[0.846s] Listing '/home/joseph/Turtle_Pursuit/install/turtlesim_custom_msg/local/lib/python3.10/dist-packages/turtlesim_custom_msg/msg'...
[0.846s] Listing '/home/joseph/Turtle_Pursuit/install/turtlesim_custom_msg/local/lib/python3.10/dist-packages/turtlesim_custom_msg/srv'...
[0.850s] -- Up-to-date: /home/joseph/Turtle_Pursuit/install/turtlesim_custom_msg/local/lib/python3.10/dist-packages/turtlesim_custom_msg/turtlesim_custom_msg_s__rosidl_typesupport_fastrtps_c.cpython-310-x86_64-linux-gnu.so
[0.851s] -- Up-to-date: /home/joseph/Turtle_Pursuit/install/turtlesim_custom_msg/local/lib/python3.10/dist-packages/turtlesim_custom_msg/turtlesim_custom_msg_s__rosidl_typesupport_introspection_c.cpython-310-x86_64-linux-gnu.so
[0.851s] -- Up-to-date: /home/joseph/Turtle_Pursuit/install/turtlesim_custom_msg/local/lib/python3.10/dist-packages/turtlesim_custom_msg/turtlesim_custom_msg_s__rosidl_typesupport_c.cpython-310-x86_64-linux-gnu.so
[0.852s] -- Up-to-date: /home/joseph/Turtle_Pursuit/install/turtlesim_custom_msg/lib/libturtlesim_custom_msg__rosidl_generator_py.so
[0.852s] -- Up-to-date: /home/joseph/Turtle_Pursuit/install/turtlesim_custom_msg/share/turtlesim_custom_msg/srv/GetTurtleAlive.idl
[0.852s] -- Up-to-date: /home/joseph/Turtle_Pursuit/install/turtlesim_custom_msg/share/turtlesim_custom_msg/msg/Turtle.idl
[0.852s] -- Up-to-date: /home/joseph/Turtle_Pursuit/install/turtlesim_custom_msg/share/turtlesim_custom_msg/msg/AliveTurtleArray.idl
[0.852s] -- Up-to-date: /home/joseph/Turtle_Pursuit/install/turtlesim_custom_msg/share/turtlesim_custom_msg/srv/KillTurtle.idl
[0.852s] -- Up-to-date: /home/joseph/Turtle_Pursuit/install/turtlesim_custom_msg/share/turtlesim_custom_msg/srv/GetTurtleAlive.srv
[0.852s] -- Up-to-date: /home/joseph/Turtle_Pursuit/install/turtlesim_custom_msg/share/turtlesim_custom_msg/srv/GetTurtleAlive_Request.msg
[0.852s] -- Up-to-date: /home/joseph/Turtle_Pursuit/install/turtlesim_custom_msg/share/turtlesim_custom_msg/srv/GetTurtleAlive_Response.msg
[0.852s] -- Up-to-date: /home/joseph/Turtle_Pursuit/install/turtlesim_custom_msg/share/turtlesim_custom_msg/msg/Turtle.msg
[0.852s] -- Up-to-date: /home/joseph/Turtle_Pursuit/install/turtlesim_custom_msg/share/turtlesim_custom_msg/msg/AliveTurtleArray.msg
[0.853s] -- Up-to-date: /home/joseph/Turtle_Pursuit/install/turtlesim_custom_msg/share/turtlesim_custom_msg/srv/KillTurtle.srv
[0.853s] -- Up-to-date: /home/joseph/Turtle_Pursuit/install/turtlesim_custom_msg/share/turtlesim_custom_msg/srv/KillTurtle_Request.msg
[0.853s] -- Up-to-date: /home/joseph/Turtle_Pursuit/install/turtlesim_custom_msg/share/turtlesim_custom_msg/srv/KillTurtle_Response.msg
[0.853s] -- Up-to-date: /home/joseph/Turtle_Pursuit/install/turtlesim_custom_msg/share/ament_index/resource_index/package_run_dependencies/turtlesim_custom_msg
[0.853s] -- Up-to-date: /home/joseph/Turtle_Pursuit/install/turtlesim_custom_msg/share/ament_index/resource_index/parent_prefix_path/turtlesim_custom_msg
[0.853s] -- Up-to-date: /home/joseph/Turtle_Pursuit/install/turtlesim_custom_msg/share/turtlesim_custom_msg/environment/ament_prefix_path.sh
[0.853s] -- Up-to-date: /home/joseph/Turtle_Pursuit/install/turtlesim_custom_msg/share/turtlesim_custom_msg/environment/ament_prefix_path.dsv
[0.853s] -- Up-to-date: /home/joseph/Turtle_Pursuit/install/turtlesim_custom_msg/share/turtlesim_custom_msg/environment/path.sh
[0.853s] -- Up-to-date: /home/joseph/Turtle_Pursuit/install/turtlesim_custom_msg/share/turtlesim_custom_msg/environment/path.dsv
[0.853s] -- Up-to-date: /home/joseph/Turtle_Pursuit/install/turtlesim_custom_msg/share/turtlesim_custom_msg/local_setup.bash
[0.853s] -- Up-to-date: /home/joseph/Turtle_Pursuit/install/turtlesim_custom_msg/share/turtlesim_custom_msg/local_setup.sh
[0.853s] -- Up-to-date: /home/joseph/Turtle_Pursuit/install/turtlesim_custom_msg/share/turtlesim_custom_msg/local_setup.zsh
[0.853s] -- Up-to-date: /home/joseph/Turtle_Pursuit/install/turtlesim_custom_msg/share/turtlesim_custom_msg/local_setup.dsv
[0.853s] -- Installing: /home/joseph/Turtle_Pursuit/install/turtlesim_custom_msg/share/turtlesim_custom_msg/package.dsv
[0.853s] -- Up-to-date: /home/joseph/Turtle_Pursuit/install/turtlesim_custom_msg/share/ament_index/resource_index/packages/turtlesim_custom_msg
[0.854s] -- Up-to-date: /home/joseph/Turtle_Pursuit/install/turtlesim_custom_msg/share/turtlesim_custom_msg/cmake/export_turtlesim_custom_msg__rosidl_generator_cExport.cmake
[0.854s] -- Up-to-date: /home/joseph/Turtle_Pursuit/install/turtlesim_custom_msg/share/turtlesim_custom_msg/cmake/export_turtlesim_custom_msg__rosidl_generator_cExport-noconfig.cmake
[0.854s] -- Up-to-date: /home/joseph/Turtle_Pursuit/install/turtlesim_custom_msg/share/turtlesim_custom_msg/cmake/export_turtlesim_custom_msg__rosidl_typesupport_fastrtps_cExport.cmake
[0.854s] -- Up-to-date: /home/joseph/Turtle_Pursuit/install/turtlesim_custom_msg/share/turtlesim_custom_msg/cmake/export_turtlesim_custom_msg__rosidl_typesupport_fastrtps_cExport-noconfig.cmake
[0.854s] -- Up-to-date: /home/joseph/Turtle_Pursuit/install/turtlesim_custom_msg/share/turtlesim_custom_msg/cmake/turtlesim_custom_msg__rosidl_typesupport_introspection_cExport.cmake
[0.854s] -- Up-to-date: /home/joseph/Turtle_Pursuit/install/turtlesim_custom_msg/share/turtlesim_custom_msg/cmake/turtlesim_custom_msg__rosidl_typesupport_introspection_cExport-noconfig.cmake
[0.854s] -- Up-to-date: /home/joseph/Turtle_Pursuit/install/turtlesim_custom_msg/share/turtlesim_custom_msg/cmake/turtlesim_custom_msg__rosidl_typesupport_cExport.cmake
[0.854s] -- Up-to-date: /home/joseph/Turtle_Pursuit/install/turtlesim_custom_msg/share/turtlesim_custom_msg/cmake/turtlesim_custom_msg__rosidl_typesupport_cExport-noconfig.cmake
[0.854s] -- Up-to-date: /home/joseph/Turtle_Pursuit/install/turtlesim_custom_msg/share/turtlesim_custom_msg/cmake/export_turtlesim_custom_msg__rosidl_generator_cppExport.cmake
[0.855s] -- Up-to-date: /home/joseph/Turtle_Pursuit/install/turtlesim_custom_msg/share/turtlesim_custom_msg/cmake/export_turtlesim_custom_msg__rosidl_typesupport_fastrtps_cppExport.cmake
[0.855s] -- Up-to-date: /home/joseph/Turtle_Pursuit/install/turtlesim_custom_msg/share/turtlesim_custom_msg/cmake/export_turtlesim_custom_msg__rosidl_typesupport_fastrtps_cppExport-noconfig.cmake
[0.855s] -- Up-to-date: /home/joseph/Turtle_Pursuit/install/turtlesim_custom_msg/share/turtlesim_custom_msg/cmake/turtlesim_custom_msg__rosidl_typesupport_introspection_cppExport.cmake
[0.855s] -- Up-to-date: /home/joseph/Turtle_Pursuit/install/turtlesim_custom_msg/share/turtlesim_custom_msg/cmake/turtlesim_custom_msg__rosidl_typesupport_introspection_cppExport-noconfig.cmake
[0.855s] -- Up-to-date: /home/joseph/Turtle_Pursuit/install/turtlesim_custom_msg/share/turtlesim_custom_msg/cmake/turtlesim_custom_msg__rosidl_typesupport_cppExport.cmake
[0.855s] -- Up-to-date: /home/joseph/Turtle_Pursuit/install/turtlesim_custom_msg/share/turtlesim_custom_msg/cmake/turtlesim_custom_msg__rosidl_typesupport_cppExport-noconfig.cmake
[0.856s] -- Up-to-date: /home/joseph/Turtle_Pursuit/install/turtlesim_custom_msg/share/turtlesim_custom_msg/cmake/export_turtlesim_custom_msg__rosidl_generator_pyExport.cmake
[0.856s] -- Up-to-date: /home/joseph/Turtle_Pursuit/install/turtlesim_custom_msg/share/turtlesim_custom_msg/cmake/export_turtlesim_custom_msg__rosidl_generator_pyExport-noconfig.cmake
[0.856s] -- Up-to-date: /home/joseph/Turtle_Pursuit/install/turtlesim_custom_msg/share/turtlesim_custom_msg/cmake/rosidl_cmake-extras.cmake
[0.856s] -- Up-to-date: /home/joseph/Turtle_Pursuit/install/turtlesim_custom_msg/share/turtlesim_custom_msg/cmake/ament_cmake_export_include_directories-extras.cmake
[0.856s] -- Up-to-date: /home/joseph/Turtle_Pursuit/install/turtlesim_custom_msg/share/turtlesim_custom_msg/cmake/ament_cmake_export_libraries-extras.cmake
[0.856s] -- Up-to-date: /home/joseph/Turtle_Pursuit/install/turtlesim_custom_msg/share/turtlesim_custom_msg/cmake/ament_cmake_export_targets-extras.cmake
[0.856s] -- Up-to-date: /home/joseph/Turtle_Pursuit/install/turtlesim_custom_msg/share/turtlesim_custom_msg/cmake/rosidl_cmake_export_typesupport_targets-extras.cmake
[0.856s] -- Up-to-date: /home/joseph/Turtle_Pursuit/install/turtlesim_custom_msg/share/turtlesim_custom_msg/cmake/ament_cmake_export_dependencies-extras.cmake
[0.856s] -- Up-to-date: /home/joseph/Turtle_Pursuit/install/turtlesim_custom_msg/share/turtlesim_custom_msg/cmake/rosidl_cmake_export_typesupport_libraries-extras.cmake
[0.856s] -- Up-to-date: /home/joseph/Turtle_Pursuit/install/turtlesim_custom_msg/share/turtlesim_custom_msg/cmake/turtlesim_custom_msgConfig.cmake
[0.856s] -- Up-to-date: /home/joseph/Turtle_Pursuit/install/turtlesim_custom_msg/share/turtlesim_custom_msg/cmake/turtlesim_custom_msgConfig-version.cmake
[0.856s] -- Up-to-date: /home/joseph/Turtle_Pursuit/install/turtlesim_custom_msg/share/turtlesim_custom_msg/package.xml
[0.859s] Invoked command in '/home/joseph/Turtle_Pursuit/build/turtlesim_custom_msg' returned '0': CMAKE_PREFIX_PATH=${CMAKE_PREFIX_PATH}:/home/joseph/Turtle_Pursuit/install/turtle_handlers:/home/joseph/learn_ros/install/test_pkg:/home/joseph/learn_ros/install/pubsub:/home/joseph/learn_ros/install/activity:/home/joseph/learn_ros/install/clientserver:/home/joseph/turtlesim_catch_turtles/install/handle_turtle:/home/joseph/turtlesim_catch_turtles/install/catch_turtles:/home/joseph/e-Yantra/install/ur5_control:/home/joseph/e-Yantra/install/task3b:/home/joseph/e-Yantra/install/task2a:/home/joseph/e-Yantra/install/misc:/home/joseph/e-Yantra/install/aruco:/opt/ros/humble /usr/bin/cmake --install /home/joseph/Turtle_Pursuit/build/turtlesim_custom_msg
