[0.579s] Invoking command in '/home/joseph/Turtle_Pursuit/src/turtle_handlers': PYTHONPATH=/home/joseph/Turtle_Pursuit/build/turtle_handlers/prefix_override:/usr/lib/python3/dist-packages/colcon_core/task/python/colcon_distutils_commands:/home/joseph/Turtle_Pursuit/install/turtle_handlers/lib/python3.10/site-packages:${PYTHONPATH} /usr/bin/python3 -W ignore:setup.py install is deprecated setup.py egg_info --egg-base ../../build/turtle_handlers build --build-base /home/joseph/Turtle_Pursuit/build/turtle_handlers/build install --record /home/joseph/Turtle_Pursuit/build/turtle_handlers/install.log --single-version-externally-managed install_data
[0.801s] running egg_info
[0.802s] writing ../../build/turtle_handlers/turtle_handlers.egg-info/PKG-INFO
[0.802s] writing dependency_links to ../../build/turtle_handlers/turtle_handlers.egg-info/dependency_links.txt
[0.802s] writing entry points to ../../build/turtle_handlers/turtle_handlers.egg-info/entry_points.txt
[0.802s] writing requirements to ../../build/turtle_handlers/turtle_handlers.egg-info/requires.txt
[0.802s] writing top-level names to ../../build/turtle_handlers/turtle_handlers.egg-info/top_level.txt
[0.803s] reading manifest file '../../build/turtle_handlers/turtle_handlers.egg-info/SOURCES.txt'
[0.809s] writing manifest file '../../build/turtle_handlers/turtle_handlers.egg-info/SOURCES.txt'
[0.809s] running build
[0.809s] running build_py
[0.809s] running install
[0.810s] running install_lib
[0.811s] running install_data
[0.811s] running install_egg_info
[0.812s] removing '/home/joseph/Turtle_Pursuit/install/turtle_handlers/lib/python3.10/site-packages/turtle_handlers-0.0.0-py3.10.egg-info' (and everything under it)
[0.812s] Copying ../../build/turtle_handlers/turtle_handlers.egg-info to /home/joseph/Turtle_Pursuit/install/turtle_handlers/lib/python3.10/site-packages/turtle_handlers-0.0.0-py3.10.egg-info
[0.813s] running install_scripts
[0.829s] Installing alive_turtle_server script to /home/joseph/Turtle_Pursuit/install/turtle_handlers/lib/turtle_handlers
[0.829s] writing list of installed files to '/home/joseph/Turtle_Pursuit/build/turtle_handlers/install.log'
[0.850s] Invoked command in '/home/joseph/Turtle_Pursuit/src/turtle_handlers' returned '0': PYTHONPATH=/home/joseph/Turtle_Pursuit/build/turtle_handlers/prefix_override:/usr/lib/python3/dist-packages/colcon_core/task/python/colcon_distutils_commands:/home/joseph/Turtle_Pursuit/install/turtle_handlers/lib/python3.10/site-packages:${PYTHONPATH} /usr/bin/python3 -W ignore:setup.py install is deprecated setup.py egg_info --egg-base ../../build/turtle_handlers build --build-base /home/joseph/Turtle_Pursuit/build/turtle_handlers/build install --record /home/joseph/Turtle_Pursuit/build/turtle_handlers/install.log --single-version-externally-managed install_data
