running egg_info
writing ../../build/turtle_pursuit/turtle_pursuit.egg-info/PKG-INFO
writing dependency_links to ../../build/turtle_pursuit/turtle_pursuit.egg-info/dependency_links.txt
writing entry points to ../../build/turtle_pursuit/turtle_pursuit.egg-info/entry_points.txt
writing requirements to ../../build/turtle_pursuit/turtle_pursuit.egg-info/requires.txt
writing top-level names to ../../build/turtle_pursuit/turtle_pursuit.egg-info/top_level.txt
reading manifest file '../../build/turtle_pursuit/turtle_pursuit.egg-info/SOURCES.txt'
writing manifest file '../../build/turtle_pursuit/turtle_pursuit.egg-info/SOURCES.txt'
running build
running build_py
running install
running install_lib
running install_data
copying package.xml -> /home/joseph/Turtle_Pursuit/install/turtle_pursuit/share/turtle_pursuit
running install_egg_info
removing '/home/joseph/Turtle_Pursuit/install/turtle_pursuit/lib/python3.10/site-packages/turtle_pursuit-0.0.0-py3.10.egg-info' (and everything under it)
Copying ../../build/turtle_pursuit/turtle_pursuit.egg-info to /home/joseph/Turtle_Pursuit/install/turtle_pursuit/lib/python3.10/site-packages/turtle_pursuit-0.0.0-py3.10.egg-info
running install_scripts
Installing TurtleController script to /home/joseph/Turtle_Pursuit/install/turtle_pursuit/lib/turtle_pursuit
Installing TurtleSpawner script to /home/joseph/Turtle_Pursuit/install/turtle_pursuit/lib/turtle_pursuit
writing list of installed files to '/home/joseph/Turtle_Pursuit/build/turtle_pursuit/install.log'
