[0.557s] Invoking command in '/home/joseph/Turtle_Pursuit/src/turtle_pursuit': LD_LIBRARY_PATH=/home/joseph/Turtle_Pursuit/install/turtle_pursuit_custom_interfaces/lib:/home/joseph/learn_ros/install/practice_interfaces/lib:/home/joseph/turtlesim_catch_turtles/install/turtlesim_catch_turtle_interfaces/lib:/home/joseph/e-Yantra/install/servo_msgs/lib:/home/joseph/e-Yantra/install/realsense_gazebo_plugin/lib:/home/joseph/e-Yantra/install/payload_service/lib:/home/joseph/e-Yantra/install/linkattacher_msgs/lib:/home/joseph/e-Yantra/install/ebot_docking/lib:/usr/lib/x86_64-linux-gnu/gazebo-11/plugins:/opt/ros/humble/opt/rviz_ogre_vendor/lib:/opt/ros/humble/lib/x86_64-linux-gnu:/opt/ros/humble/lib:/usr/share/gazebo-11/../../lib/x86_64-linux-gnu/gazebo-11/plugins PYTHONPATH=/home/joseph/Turtle_Pursuit/build/turtle_pursuit/prefix_override:/usr/lib/python3/dist-packages/colcon_core/task/python/colcon_distutils_commands:/home/joseph/Turtle_Pursuit/install/turtle_pursuit/lib/python3.10/site-packages:${PYTHONPATH} /usr/bin/python3 -W ignore:setup.py install is deprecated setup.py egg_info --egg-base ../../build/turtle_pursuit build --build-base /home/joseph/Turtle_Pursuit/build/turtle_pursuit/build install --record /home/joseph/Turtle_Pursuit/build/turtle_pursuit/install.log --single-version-externally-managed install_data
[0.775s] running egg_info
[0.775s] writing ../../build/turtle_pursuit/turtle_pursuit.egg-info/PKG-INFO
[0.776s] writing dependency_links to ../../build/turtle_pursuit/turtle_pursuit.egg-info/dependency_links.txt
[0.776s] writing entry points to ../../build/turtle_pursuit/turtle_pursuit.egg-info/entry_points.txt
[0.776s] writing requirements to ../../build/turtle_pursuit/turtle_pursuit.egg-info/requires.txt
[0.776s] writing top-level names to ../../build/turtle_pursuit/turtle_pursuit.egg-info/top_level.txt
[0.777s] reading manifest file '../../build/turtle_pursuit/turtle_pursuit.egg-info/SOURCES.txt'
[0.778s] writing manifest file '../../build/turtle_pursuit/turtle_pursuit.egg-info/SOURCES.txt'
[0.778s] running build
[0.778s] running build_py
[0.778s] running install
[0.778s] running install_lib
[0.779s] running install_data
[0.780s] copying package.xml -> /home/joseph/Turtle_Pursuit/install/turtle_pursuit/share/turtle_pursuit
[0.780s] running install_egg_info
[0.781s] removing '/home/joseph/Turtle_Pursuit/install/turtle_pursuit/lib/python3.10/site-packages/turtle_pursuit-0.0.0-py3.10.egg-info' (and everything under it)
[0.781s] Copying ../../build/turtle_pursuit/turtle_pursuit.egg-info to /home/joseph/Turtle_Pursuit/install/turtle_pursuit/lib/python3.10/site-packages/turtle_pursuit-0.0.0-py3.10.egg-info
[0.782s] running install_scripts
[0.798s] Installing TurtleController script to /home/joseph/Turtle_Pursuit/install/turtle_pursuit/lib/turtle_pursuit
[0.798s] Installing TurtleSpawner script to /home/joseph/Turtle_Pursuit/install/turtle_pursuit/lib/turtle_pursuit
[0.798s] writing list of installed files to '/home/joseph/Turtle_Pursuit/build/turtle_pursuit/install.log'
[0.816s] Invoked command in '/home/joseph/Turtle_Pursuit/src/turtle_pursuit' returned '0': LD_LIBRARY_PATH=/home/joseph/Turtle_Pursuit/install/turtle_pursuit_custom_interfaces/lib:/home/joseph/learn_ros/install/practice_interfaces/lib:/home/joseph/turtlesim_catch_turtles/install/turtlesim_catch_turtle_interfaces/lib:/home/joseph/e-Yantra/install/servo_msgs/lib:/home/joseph/e-Yantra/install/realsense_gazebo_plugin/lib:/home/joseph/e-Yantra/install/payload_service/lib:/home/joseph/e-Yantra/install/linkattacher_msgs/lib:/home/joseph/e-Yantra/install/ebot_docking/lib:/usr/lib/x86_64-linux-gnu/gazebo-11/plugins:/opt/ros/humble/opt/rviz_ogre_vendor/lib:/opt/ros/humble/lib/x86_64-linux-gnu:/opt/ros/humble/lib:/usr/share/gazebo-11/../../lib/x86_64-linux-gnu/gazebo-11/plugins PYTHONPATH=/home/joseph/Turtle_Pursuit/build/turtle_pursuit/prefix_override:/usr/lib/python3/dist-packages/colcon_core/task/python/colcon_distutils_commands:/home/joseph/Turtle_Pursuit/install/turtle_pursuit/lib/python3.10/site-packages:${PYTHONPATH} /usr/bin/python3 -W ignore:setup.py install is deprecated setup.py egg_info --egg-base ../../build/turtle_pursuit build --build-base /home/joseph/Turtle_Pursuit/build/turtle_pursuit/build install --record /home/joseph/Turtle_Pursuit/build/turtle_pursuit/install.log --single-version-externally-managed install_data
