[0.014s] Invoking command in '/home/joseph/Turtle_Pursuit/build/turtle_pursuit_custom_interfaces': CMAKE_PREFIX_PATH=${CMAKE_PREFIX_PATH}:/home/joseph/Turtle_Pursuit/install/turtle_pursuit:/home/joseph/learn_ros/install/test_pkg:/home/joseph/learn_ros/install/pubsub:/home/joseph/learn_ros/install/activity:/home/joseph/learn_ros/install/clientserver:/home/joseph/turtlesim_catch_turtles/install/handle_turtle:/home/joseph/turtlesim_catch_turtles/install/catch_turtles:/home/joseph/e-Yantra/install/ur5_control:/home/joseph/e-Yantra/install/task3b:/home/joseph/e-Yantra/install/task2a:/home/joseph/e-Yantra/install/misc:/home/joseph/e-Yantra/install/aruco:/opt/ros/humble /usr/bin/cmake --build /home/joseph/Turtle_Pursuit/build/turtle_pursuit_custom_interfaces -- -j12 -l12
[0.069s] [  2%] Built target turtle_pursuit_custom_interfaces__cpp
[0.070s] [ 12%] Built target turtle_pursuit_custom_interfaces__rosidl_generator_c
[0.084s] [ 12%] Built target ament_cmake_python_copy_turtle_pursuit_custom_interfaces
[0.095s] [ 44%] Built target turtle_pursuit_custom_interfaces__rosidl_typesupport_fastrtps_c
[0.095s] [ 44%] Built target turtle_pursuit_custom_interfaces__rosidl_typesupport_cpp
[0.095s] [ 44%] Built target turtle_pursuit_custom_interfaces__rosidl_typesupport_introspection_c
[0.096s] [ 55%] Built target turtle_pursuit_custom_interfaces__rosidl_typesupport_c
[0.096s] [ 65%] Built target turtle_pursuit_custom_interfaces__rosidl_typesupport_introspection_cpp
[0.097s] [ 76%] Built target turtle_pursuit_custom_interfaces__rosidl_typesupport_fastrtps_cpp
[0.120s] [ 76%] Built target turtle_pursuit_custom_interfaces
[0.143s] [ 78%] Built target turtle_pursuit_custom_interfaces__py
[0.168s] [ 87%] Built target turtle_pursuit_custom_interfaces__rosidl_generator_py
[0.193s] [100%] Built target turtle_pursuit_custom_interfaces__rosidl_typesupport_introspection_c__pyext
[0.193s] [100%] Built target turtle_pursuit_custom_interfaces__rosidl_typesupport_fastrtps_c__pyext
[0.193s] [100%] Built target turtle_pursuit_custom_interfaces__rosidl_typesupport_c__pyext
[0.326s] running egg_info
[0.326s] writing turtle_pursuit_custom_interfaces.egg-info/PKG-INFO
[0.327s] writing dependency_links to turtle_pursuit_custom_interfaces.egg-info/dependency_links.txt
[0.327s] writing top-level names to turtle_pursuit_custom_interfaces.egg-info/top_level.txt
[0.329s] reading manifest file 'turtle_pursuit_custom_interfaces.egg-info/SOURCES.txt'
[0.330s] writing manifest file 'turtle_pursuit_custom_interfaces.egg-info/SOURCES.txt'
[0.354s] [100%] Built target ament_cmake_python_build_turtle_pursuit_custom_interfaces_egg
[0.366s] Invoked command in '/home/joseph/Turtle_Pursuit/build/turtle_pursuit_custom_interfaces' returned '0': CMAKE_PREFIX_PATH=${CMAKE_PREFIX_PATH}:/home/joseph/Turtle_Pursuit/install/turtle_pursuit:/home/joseph/learn_ros/install/test_pkg:/home/joseph/learn_ros/install/pubsub:/home/joseph/learn_ros/install/activity:/home/joseph/learn_ros/install/clientserver:/home/joseph/turtlesim_catch_turtles/install/handle_turtle:/home/joseph/turtlesim_catch_turtles/install/catch_turtles:/home/joseph/e-Yantra/install/ur5_control:/home/joseph/e-Yantra/install/task3b:/home/joseph/e-Yantra/install/task2a:/home/joseph/e-Yantra/install/misc:/home/joseph/e-Yantra/install/aruco:/opt/ros/humble /usr/bin/cmake --build /home/joseph/Turtle_Pursuit/build/turtle_pursuit_custom_interfaces -- -j12 -l12
[0.501s] Invoking command in '/home/joseph/Turtle_Pursuit/build/turtle_pursuit_custom_interfaces': CMAKE_PREFIX_PATH=${CMAKE_PREFIX_PATH}:/home/joseph/Turtle_Pursuit/install/turtle_pursuit:/home/joseph/learn_ros/install/test_pkg:/home/joseph/learn_ros/install/pubsub:/home/joseph/learn_ros/install/activity:/home/joseph/learn_ros/install/clientserver:/home/joseph/turtlesim_catch_turtles/install/handle_turtle:/home/joseph/turtlesim_catch_turtles/install/catch_turtles:/home/joseph/e-Yantra/install/ur5_control:/home/joseph/e-Yantra/install/task3b:/home/joseph/e-Yantra/install/task2a:/home/joseph/e-Yantra/install/misc:/home/joseph/e-Yantra/install/aruco:/opt/ros/humble /usr/bin/cmake --install /home/joseph/Turtle_Pursuit/build/turtle_pursuit_custom_interfaces
[0.516s] -- Install configuration: ""
[0.517s] -- Up-to-date: /home/joseph/Turtle_Pursuit/install/turtle_pursuit_custom_interfaces/share/ament_index/resource_index/rosidl_interfaces/turtle_pursuit_custom_interfaces
[0.517s] -- Up-to-date: /home/joseph/Turtle_Pursuit/install/turtle_pursuit_custom_interfaces/include/turtle_pursuit_custom_interfaces/turtle_pursuit_custom_interfaces
[0.517s] -- Up-to-date: /home/joseph/Turtle_Pursuit/install/turtle_pursuit_custom_interfaces/include/turtle_pursuit_custom_interfaces/turtle_pursuit_custom_interfaces/msg
[0.517s] -- Up-to-date: /home/joseph/Turtle_Pursuit/install/turtle_pursuit_custom_interfaces/include/turtle_pursuit_custom_interfaces/turtle_pursuit_custom_interfaces/msg/detail
[0.517s] -- Up-to-date: /home/joseph/Turtle_Pursuit/install/turtle_pursuit_custom_interfaces/include/turtle_pursuit_custom_interfaces/turtle_pursuit_custom_interfaces/msg/detail/turtle__struct.h
[0.517s] -- Up-to-date: /home/joseph/Turtle_Pursuit/install/turtle_pursuit_custom_interfaces/include/turtle_pursuit_custom_interfaces/turtle_pursuit_custom_interfaces/msg/detail/alive_turtle_array__functions.h
[0.517s] -- Up-to-date: /home/joseph/Turtle_Pursuit/install/turtle_pursuit_custom_interfaces/include/turtle_pursuit_custom_interfaces/turtle_pursuit_custom_interfaces/msg/detail/alive_turtle_array__struct.h
[0.517s] -- Up-to-date: /home/joseph/Turtle_Pursuit/install/turtle_pursuit_custom_interfaces/include/turtle_pursuit_custom_interfaces/turtle_pursuit_custom_interfaces/msg/detail/turtle__functions.h
[0.517s] -- Up-to-date: /home/joseph/Turtle_Pursuit/install/turtle_pursuit_custom_interfaces/include/turtle_pursuit_custom_interfaces/turtle_pursuit_custom_interfaces/msg/detail/turtle__type_support.h
[0.517s] -- Up-to-date: /home/joseph/Turtle_Pursuit/install/turtle_pursuit_custom_interfaces/include/turtle_pursuit_custom_interfaces/turtle_pursuit_custom_interfaces/msg/detail/alive_turtle_array__functions.c
[0.517s] -- Up-to-date: /home/joseph/Turtle_Pursuit/install/turtle_pursuit_custom_interfaces/include/turtle_pursuit_custom_interfaces/turtle_pursuit_custom_interfaces/msg/detail/alive_turtle_array__type_support.h
[0.517s] -- Up-to-date: /home/joseph/Turtle_Pursuit/install/turtle_pursuit_custom_interfaces/include/turtle_pursuit_custom_interfaces/turtle_pursuit_custom_interfaces/msg/detail/turtle__functions.c
[0.517s] -- Up-to-date: /home/joseph/Turtle_Pursuit/install/turtle_pursuit_custom_interfaces/include/turtle_pursuit_custom_interfaces/turtle_pursuit_custom_interfaces/msg/turtle.h
[0.517s] -- Up-to-date: /home/joseph/Turtle_Pursuit/install/turtle_pursuit_custom_interfaces/include/turtle_pursuit_custom_interfaces/turtle_pursuit_custom_interfaces/msg/rosidl_generator_c__visibility_control.h
[0.518s] -- Up-to-date: /home/joseph/Turtle_Pursuit/install/turtle_pursuit_custom_interfaces/include/turtle_pursuit_custom_interfaces/turtle_pursuit_custom_interfaces/msg/alive_turtle_array.h
[0.518s] -- Up-to-date: /home/joseph/Turtle_Pursuit/install/turtle_pursuit_custom_interfaces/include/turtle_pursuit_custom_interfaces/turtle_pursuit_custom_interfaces/srv
[0.518s] -- Up-to-date: /home/joseph/Turtle_Pursuit/install/turtle_pursuit_custom_interfaces/include/turtle_pursuit_custom_interfaces/turtle_pursuit_custom_interfaces/srv/detail
[0.518s] -- Up-to-date: /home/joseph/Turtle_Pursuit/install/turtle_pursuit_custom_interfaces/include/turtle_pursuit_custom_interfaces/turtle_pursuit_custom_interfaces/srv/detail/kill_turtle__struct.h
[0.518s] -- Up-to-date: /home/joseph/Turtle_Pursuit/install/turtle_pursuit_custom_interfaces/include/turtle_pursuit_custom_interfaces/turtle_pursuit_custom_interfaces/srv/detail/kill_turtle__functions.h
[0.518s] -- Up-to-date: /home/joseph/Turtle_Pursuit/install/turtle_pursuit_custom_interfaces/include/turtle_pursuit_custom_interfaces/turtle_pursuit_custom_interfaces/srv/detail/kill_turtle__type_support.h
[0.518s] -- Up-to-date: /home/joseph/Turtle_Pursuit/install/turtle_pursuit_custom_interfaces/include/turtle_pursuit_custom_interfaces/turtle_pursuit_custom_interfaces/srv/detail/kill_turtle__functions.c
[0.518s] -- Up-to-date: /home/joseph/Turtle_Pursuit/install/turtle_pursuit_custom_interfaces/include/turtle_pursuit_custom_interfaces/turtle_pursuit_custom_interfaces/srv/kill_turtle.h
[0.518s] -- Up-to-date: /home/joseph/Turtle_Pursuit/install/turtle_pursuit_custom_interfaces/share/turtle_pursuit_custom_interfaces/environment/library_path.sh
[0.518s] -- Up-to-date: /home/joseph/Turtle_Pursuit/install/turtle_pursuit_custom_interfaces/share/turtle_pursuit_custom_interfaces/environment/library_path.dsv
[0.518s] -- Up-to-date: /home/joseph/Turtle_Pursuit/install/turtle_pursuit_custom_interfaces/lib/libturtle_pursuit_custom_interfaces__rosidl_generator_c.so
[0.518s] -- Up-to-date: /home/joseph/Turtle_Pursuit/install/turtle_pursuit_custom_interfaces/include/turtle_pursuit_custom_interfaces/turtle_pursuit_custom_interfaces
[0.518s] -- Up-to-date: /home/joseph/Turtle_Pursuit/install/turtle_pursuit_custom_interfaces/include/turtle_pursuit_custom_interfaces/turtle_pursuit_custom_interfaces/msg
[0.518s] -- Up-to-date: /home/joseph/Turtle_Pursuit/install/turtle_pursuit_custom_interfaces/include/turtle_pursuit_custom_interfaces/turtle_pursuit_custom_interfaces/msg/rosidl_typesupport_fastrtps_c__visibility_control.h
[0.518s] -- Up-to-date: /home/joseph/Turtle_Pursuit/install/turtle_pursuit_custom_interfaces/include/turtle_pursuit_custom_interfaces/turtle_pursuit_custom_interfaces/msg/detail
[0.518s] -- Up-to-date: /home/joseph/Turtle_Pursuit/install/turtle_pursuit_custom_interfaces/include/turtle_pursuit_custom_interfaces/turtle_pursuit_custom_interfaces/msg/detail/turtle__rosidl_typesupport_fastrtps_c.h
[0.518s] -- Up-to-date: /home/joseph/Turtle_Pursuit/install/turtle_pursuit_custom_interfaces/include/turtle_pursuit_custom_interfaces/turtle_pursuit_custom_interfaces/msg/detail/alive_turtle_array__rosidl_typesupport_fastrtps_c.h
[0.518s] -- Up-to-date: /home/joseph/Turtle_Pursuit/install/turtle_pursuit_custom_interfaces/include/turtle_pursuit_custom_interfaces/turtle_pursuit_custom_interfaces/srv
[0.518s] -- Up-to-date: /home/joseph/Turtle_Pursuit/install/turtle_pursuit_custom_interfaces/include/turtle_pursuit_custom_interfaces/turtle_pursuit_custom_interfaces/srv/detail
[0.518s] -- Up-to-date: /home/joseph/Turtle_Pursuit/install/turtle_pursuit_custom_interfaces/include/turtle_pursuit_custom_interfaces/turtle_pursuit_custom_interfaces/srv/detail/kill_turtle__rosidl_typesupport_fastrtps_c.h
[0.519s] -- Up-to-date: /home/joseph/Turtle_Pursuit/install/turtle_pursuit_custom_interfaces/lib/libturtle_pursuit_custom_interfaces__rosidl_typesupport_fastrtps_c.so
[0.519s] -- Up-to-date: /home/joseph/Turtle_Pursuit/install/turtle_pursuit_custom_interfaces/include/turtle_pursuit_custom_interfaces/turtle_pursuit_custom_interfaces
[0.519s] -- Up-to-date: /home/joseph/Turtle_Pursuit/install/turtle_pursuit_custom_interfaces/include/turtle_pursuit_custom_interfaces/turtle_pursuit_custom_interfaces/msg
[0.519s] -- Up-to-date: /home/joseph/Turtle_Pursuit/install/turtle_pursuit_custom_interfaces/include/turtle_pursuit_custom_interfaces/turtle_pursuit_custom_interfaces/msg/detail
[0.519s] -- Up-to-date: /home/joseph/Turtle_Pursuit/install/turtle_pursuit_custom_interfaces/include/turtle_pursuit_custom_interfaces/turtle_pursuit_custom_interfaces/msg/detail/alive_turtle_array__type_support.c
[0.519s] -- Up-to-date: /home/joseph/Turtle_Pursuit/install/turtle_pursuit_custom_interfaces/include/turtle_pursuit_custom_interfaces/turtle_pursuit_custom_interfaces/msg/detail/turtle__type_support.c
[0.519s] -- Up-to-date: /home/joseph/Turtle_Pursuit/install/turtle_pursuit_custom_interfaces/include/turtle_pursuit_custom_interfaces/turtle_pursuit_custom_interfaces/msg/detail/turtle__rosidl_typesupport_introspection_c.h
[0.519s] -- Up-to-date: /home/joseph/Turtle_Pursuit/install/turtle_pursuit_custom_interfaces/include/turtle_pursuit_custom_interfaces/turtle_pursuit_custom_interfaces/msg/detail/alive_turtle_array__rosidl_typesupport_introspection_c.h
[0.519s] -- Up-to-date: /home/joseph/Turtle_Pursuit/install/turtle_pursuit_custom_interfaces/include/turtle_pursuit_custom_interfaces/turtle_pursuit_custom_interfaces/msg/rosidl_typesupport_introspection_c__visibility_control.h
[0.519s] -- Up-to-date: /home/joseph/Turtle_Pursuit/install/turtle_pursuit_custom_interfaces/include/turtle_pursuit_custom_interfaces/turtle_pursuit_custom_interfaces/srv
[0.519s] -- Up-to-date: /home/joseph/Turtle_Pursuit/install/turtle_pursuit_custom_interfaces/include/turtle_pursuit_custom_interfaces/turtle_pursuit_custom_interfaces/srv/detail
[0.519s] -- Up-to-date: /home/joseph/Turtle_Pursuit/install/turtle_pursuit_custom_interfaces/include/turtle_pursuit_custom_interfaces/turtle_pursuit_custom_interfaces/srv/detail/kill_turtle__type_support.c
[0.519s] -- Up-to-date: /home/joseph/Turtle_Pursuit/install/turtle_pursuit_custom_interfaces/include/turtle_pursuit_custom_interfaces/turtle_pursuit_custom_interfaces/srv/detail/kill_turtle__rosidl_typesupport_introspection_c.h
[0.519s] -- Up-to-date: /home/joseph/Turtle_Pursuit/install/turtle_pursuit_custom_interfaces/lib/libturtle_pursuit_custom_interfaces__rosidl_typesupport_introspection_c.so
[0.519s] -- Up-to-date: /home/joseph/Turtle_Pursuit/install/turtle_pursuit_custom_interfaces/lib/libturtle_pursuit_custom_interfaces__rosidl_typesupport_c.so
[0.519s] -- Up-to-date: /home/joseph/Turtle_Pursuit/install/turtle_pursuit_custom_interfaces/include/turtle_pursuit_custom_interfaces/turtle_pursuit_custom_interfaces
[0.519s] -- Up-to-date: /home/joseph/Turtle_Pursuit/install/turtle_pursuit_custom_interfaces/include/turtle_pursuit_custom_interfaces/turtle_pursuit_custom_interfaces/msg
[0.519s] -- Up-to-date: /home/joseph/Turtle_Pursuit/install/turtle_pursuit_custom_interfaces/include/turtle_pursuit_custom_interfaces/turtle_pursuit_custom_interfaces/msg/alive_turtle_array.hpp
[0.520s] -- Up-to-date: /home/joseph/Turtle_Pursuit/install/turtle_pursuit_custom_interfaces/include/turtle_pursuit_custom_interfaces/turtle_pursuit_custom_interfaces/msg/detail
[0.520s] -- Up-to-date: /home/joseph/Turtle_Pursuit/install/turtle_pursuit_custom_interfaces/include/turtle_pursuit_custom_interfaces/turtle_pursuit_custom_interfaces/msg/detail/turtle__builder.hpp
[0.520s] -- Up-to-date: /home/joseph/Turtle_Pursuit/install/turtle_pursuit_custom_interfaces/include/turtle_pursuit_custom_interfaces/turtle_pursuit_custom_interfaces/msg/detail/alive_turtle_array__struct.hpp
[0.520s] -- Up-to-date: /home/joseph/Turtle_Pursuit/install/turtle_pursuit_custom_interfaces/include/turtle_pursuit_custom_interfaces/turtle_pursuit_custom_interfaces/msg/detail/alive_turtle_array__builder.hpp
[0.520s] -- Up-to-date: /home/joseph/Turtle_Pursuit/install/turtle_pursuit_custom_interfaces/include/turtle_pursuit_custom_interfaces/turtle_pursuit_custom_interfaces/msg/detail/alive_turtle_array__traits.hpp
[0.520s] -- Up-to-date: /home/joseph/Turtle_Pursuit/install/turtle_pursuit_custom_interfaces/include/turtle_pursuit_custom_interfaces/turtle_pursuit_custom_interfaces/msg/detail/turtle__struct.hpp
[0.520s] -- Up-to-date: /home/joseph/Turtle_Pursuit/install/turtle_pursuit_custom_interfaces/include/turtle_pursuit_custom_interfaces/turtle_pursuit_custom_interfaces/msg/detail/turtle__traits.hpp
[0.520s] -- Up-to-date: /home/joseph/Turtle_Pursuit/install/turtle_pursuit_custom_interfaces/include/turtle_pursuit_custom_interfaces/turtle_pursuit_custom_interfaces/msg/turtle.hpp
[0.520s] -- Up-to-date: /home/joseph/Turtle_Pursuit/install/turtle_pursuit_custom_interfaces/include/turtle_pursuit_custom_interfaces/turtle_pursuit_custom_interfaces/srv
[0.520s] -- Up-to-date: /home/joseph/Turtle_Pursuit/install/turtle_pursuit_custom_interfaces/include/turtle_pursuit_custom_interfaces/turtle_pursuit_custom_interfaces/srv/detail
[0.520s] -- Up-to-date: /home/joseph/Turtle_Pursuit/install/turtle_pursuit_custom_interfaces/include/turtle_pursuit_custom_interfaces/turtle_pursuit_custom_interfaces/srv/detail/kill_turtle__struct.hpp
[0.520s] -- Up-to-date: /home/joseph/Turtle_Pursuit/install/turtle_pursuit_custom_interfaces/include/turtle_pursuit_custom_interfaces/turtle_pursuit_custom_interfaces/srv/detail/kill_turtle__traits.hpp
[0.520s] -- Up-to-date: /home/joseph/Turtle_Pursuit/install/turtle_pursuit_custom_interfaces/include/turtle_pursuit_custom_interfaces/turtle_pursuit_custom_interfaces/srv/detail/kill_turtle__builder.hpp
[0.520s] -- Up-to-date: /home/joseph/Turtle_Pursuit/install/turtle_pursuit_custom_interfaces/include/turtle_pursuit_custom_interfaces/turtle_pursuit_custom_interfaces/srv/kill_turtle.hpp
[0.520s] -- Up-to-date: /home/joseph/Turtle_Pursuit/install/turtle_pursuit_custom_interfaces/include/turtle_pursuit_custom_interfaces/turtle_pursuit_custom_interfaces
[0.520s] -- Up-to-date: /home/joseph/Turtle_Pursuit/install/turtle_pursuit_custom_interfaces/include/turtle_pursuit_custom_interfaces/turtle_pursuit_custom_interfaces/msg
[0.520s] -- Up-to-date: /home/joseph/Turtle_Pursuit/install/turtle_pursuit_custom_interfaces/include/turtle_pursuit_custom_interfaces/turtle_pursuit_custom_interfaces/msg/detail
[0.520s] -- Up-to-date: /home/joseph/Turtle_Pursuit/install/turtle_pursuit_custom_interfaces/include/turtle_pursuit_custom_interfaces/turtle_pursuit_custom_interfaces/msg/detail/dds_fastrtps
[0.521s] -- Up-to-date: /home/joseph/Turtle_Pursuit/install/turtle_pursuit_custom_interfaces/include/turtle_pursuit_custom_interfaces/turtle_pursuit_custom_interfaces/msg/detail/turtle__rosidl_typesupport_fastrtps_cpp.hpp
[0.521s] -- Up-to-date: /home/joseph/Turtle_Pursuit/install/turtle_pursuit_custom_interfaces/include/turtle_pursuit_custom_interfaces/turtle_pursuit_custom_interfaces/msg/detail/alive_turtle_array__rosidl_typesupport_fastrtps_cpp.hpp
[0.521s] -- Up-to-date: /home/joseph/Turtle_Pursuit/install/turtle_pursuit_custom_interfaces/include/turtle_pursuit_custom_interfaces/turtle_pursuit_custom_interfaces/msg/rosidl_typesupport_fastrtps_cpp__visibility_control.h
[0.521s] -- Up-to-date: /home/joseph/Turtle_Pursuit/install/turtle_pursuit_custom_interfaces/include/turtle_pursuit_custom_interfaces/turtle_pursuit_custom_interfaces/srv
[0.521s] -- Up-to-date: /home/joseph/Turtle_Pursuit/install/turtle_pursuit_custom_interfaces/include/turtle_pursuit_custom_interfaces/turtle_pursuit_custom_interfaces/srv/detail
[0.521s] -- Up-to-date: /home/joseph/Turtle_Pursuit/install/turtle_pursuit_custom_interfaces/include/turtle_pursuit_custom_interfaces/turtle_pursuit_custom_interfaces/srv/detail/dds_fastrtps
[0.521s] -- Up-to-date: /home/joseph/Turtle_Pursuit/install/turtle_pursuit_custom_interfaces/include/turtle_pursuit_custom_interfaces/turtle_pursuit_custom_interfaces/srv/detail/kill_turtle__rosidl_typesupport_fastrtps_cpp.hpp
[0.521s] -- Up-to-date: /home/joseph/Turtle_Pursuit/install/turtle_pursuit_custom_interfaces/lib/libturtle_pursuit_custom_interfaces__rosidl_typesupport_fastrtps_cpp.so
[0.521s] -- Up-to-date: /home/joseph/Turtle_Pursuit/install/turtle_pursuit_custom_interfaces/include/turtle_pursuit_custom_interfaces/turtle_pursuit_custom_interfaces
[0.521s] -- Up-to-date: /home/joseph/Turtle_Pursuit/install/turtle_pursuit_custom_interfaces/include/turtle_pursuit_custom_interfaces/turtle_pursuit_custom_interfaces/msg
[0.521s] -- Up-to-date: /home/joseph/Turtle_Pursuit/install/turtle_pursuit_custom_interfaces/include/turtle_pursuit_custom_interfaces/turtle_pursuit_custom_interfaces/msg/detail
[0.521s] -- Up-to-date: /home/joseph/Turtle_Pursuit/install/turtle_pursuit_custom_interfaces/include/turtle_pursuit_custom_interfaces/turtle_pursuit_custom_interfaces/msg/detail/alive_turtle_array__type_support.cpp
[0.521s] -- Up-to-date: /home/joseph/Turtle_Pursuit/install/turtle_pursuit_custom_interfaces/include/turtle_pursuit_custom_interfaces/turtle_pursuit_custom_interfaces/msg/detail/alive_turtle_array__rosidl_typesupport_introspection_cpp.hpp
[0.521s] -- Up-to-date: /home/joseph/Turtle_Pursuit/install/turtle_pursuit_custom_interfaces/include/turtle_pursuit_custom_interfaces/turtle_pursuit_custom_interfaces/msg/detail/turtle__rosidl_typesupport_introspection_cpp.hpp
[0.521s] -- Up-to-date: /home/joseph/Turtle_Pursuit/install/turtle_pursuit_custom_interfaces/include/turtle_pursuit_custom_interfaces/turtle_pursuit_custom_interfaces/msg/detail/turtle__type_support.cpp
[0.521s] -- Up-to-date: /home/joseph/Turtle_Pursuit/install/turtle_pursuit_custom_interfaces/include/turtle_pursuit_custom_interfaces/turtle_pursuit_custom_interfaces/srv
[0.521s] -- Up-to-date: /home/joseph/Turtle_Pursuit/install/turtle_pursuit_custom_interfaces/include/turtle_pursuit_custom_interfaces/turtle_pursuit_custom_interfaces/srv/detail
[0.521s] -- Up-to-date: /home/joseph/Turtle_Pursuit/install/turtle_pursuit_custom_interfaces/include/turtle_pursuit_custom_interfaces/turtle_pursuit_custom_interfaces/srv/detail/kill_turtle__type_support.cpp
[0.521s] -- Up-to-date: /home/joseph/Turtle_Pursuit/install/turtle_pursuit_custom_interfaces/include/turtle_pursuit_custom_interfaces/turtle_pursuit_custom_interfaces/srv/detail/kill_turtle__rosidl_typesupport_introspection_cpp.hpp
[0.521s] -- Up-to-date: /home/joseph/Turtle_Pursuit/install/turtle_pursuit_custom_interfaces/lib/libturtle_pursuit_custom_interfaces__rosidl_typesupport_introspection_cpp.so
[0.521s] -- Up-to-date: /home/joseph/Turtle_Pursuit/install/turtle_pursuit_custom_interfaces/lib/libturtle_pursuit_custom_interfaces__rosidl_typesupport_cpp.so
[0.522s] -- Up-to-date: /home/joseph/Turtle_Pursuit/install/turtle_pursuit_custom_interfaces/share/turtle_pursuit_custom_interfaces/environment/pythonpath.sh
[0.522s] -- Up-to-date: /home/joseph/Turtle_Pursuit/install/turtle_pursuit_custom_interfaces/share/turtle_pursuit_custom_interfaces/environment/pythonpath.dsv
[0.522s] -- Up-to-date: /home/joseph/Turtle_Pursuit/install/turtle_pursuit_custom_interfaces/local/lib/python3.10/dist-packages/turtle_pursuit_custom_interfaces-0.0.0-py3.10.egg-info
[0.522s] -- Installing: /home/joseph/Turtle_Pursuit/install/turtle_pursuit_custom_interfaces/local/lib/python3.10/dist-packages/turtle_pursuit_custom_interfaces-0.0.0-py3.10.egg-info/PKG-INFO
[0.522s] -- Installing: /home/joseph/Turtle_Pursuit/install/turtle_pursuit_custom_interfaces/local/lib/python3.10/dist-packages/turtle_pursuit_custom_interfaces-0.0.0-py3.10.egg-info/SOURCES.txt
[0.522s] -- Installing: /home/joseph/Turtle_Pursuit/install/turtle_pursuit_custom_interfaces/local/lib/python3.10/dist-packages/turtle_pursuit_custom_interfaces-0.0.0-py3.10.egg-info/dependency_links.txt
[0.522s] -- Installing: /home/joseph/Turtle_Pursuit/install/turtle_pursuit_custom_interfaces/local/lib/python3.10/dist-packages/turtle_pursuit_custom_interfaces-0.0.0-py3.10.egg-info/top_level.txt
[0.522s] -- Up-to-date: /home/joseph/Turtle_Pursuit/install/turtle_pursuit_custom_interfaces/local/lib/python3.10/dist-packages/turtle_pursuit_custom_interfaces
[0.522s] -- Up-to-date: /home/joseph/Turtle_Pursuit/install/turtle_pursuit_custom_interfaces/local/lib/python3.10/dist-packages/turtle_pursuit_custom_interfaces/msg
[0.522s] -- Up-to-date: /home/joseph/Turtle_Pursuit/install/turtle_pursuit_custom_interfaces/local/lib/python3.10/dist-packages/turtle_pursuit_custom_interfaces/msg/__init__.py
[0.523s] -- Up-to-date: /home/joseph/Turtle_Pursuit/install/turtle_pursuit_custom_interfaces/local/lib/python3.10/dist-packages/turtle_pursuit_custom_interfaces/msg/_alive_turtle_array_s.c
[0.523s] -- Up-to-date: /home/joseph/Turtle_Pursuit/install/turtle_pursuit_custom_interfaces/local/lib/python3.10/dist-packages/turtle_pursuit_custom_interfaces/msg/_turtle_s.c
[0.523s] -- Up-to-date: /home/joseph/Turtle_Pursuit/install/turtle_pursuit_custom_interfaces/local/lib/python3.10/dist-packages/turtle_pursuit_custom_interfaces/msg/_alive_turtle_array.py
[0.523s] -- Up-to-date: /home/joseph/Turtle_Pursuit/install/turtle_pursuit_custom_interfaces/local/lib/python3.10/dist-packages/turtle_pursuit_custom_interfaces/msg/_turtle.py
[0.523s] -- Up-to-date: /home/joseph/Turtle_Pursuit/install/turtle_pursuit_custom_interfaces/local/lib/python3.10/dist-packages/turtle_pursuit_custom_interfaces/srv
[0.523s] -- Up-to-date: /home/joseph/Turtle_Pursuit/install/turtle_pursuit_custom_interfaces/local/lib/python3.10/dist-packages/turtle_pursuit_custom_interfaces/srv/__init__.py
[0.523s] -- Up-to-date: /home/joseph/Turtle_Pursuit/install/turtle_pursuit_custom_interfaces/local/lib/python3.10/dist-packages/turtle_pursuit_custom_interfaces/srv/_kill_turtle_s.c
[0.523s] -- Up-to-date: /home/joseph/Turtle_Pursuit/install/turtle_pursuit_custom_interfaces/local/lib/python3.10/dist-packages/turtle_pursuit_custom_interfaces/srv/_kill_turtle.py
[0.523s] -- Up-to-date: /home/joseph/Turtle_Pursuit/install/turtle_pursuit_custom_interfaces/local/lib/python3.10/dist-packages/turtle_pursuit_custom_interfaces/_turtle_pursuit_custom_interfaces_s.ep.rosidl_typesupport_introspection_c.c
[0.523s] -- Up-to-date: /home/joseph/Turtle_Pursuit/install/turtle_pursuit_custom_interfaces/local/lib/python3.10/dist-packages/turtle_pursuit_custom_interfaces/libturtle_pursuit_custom_interfaces__rosidl_generator_py.so
[0.523s] -- Up-to-date: /home/joseph/Turtle_Pursuit/install/turtle_pursuit_custom_interfaces/local/lib/python3.10/dist-packages/turtle_pursuit_custom_interfaces/turtle_pursuit_custom_interfaces_s__rosidl_typesupport_introspection_c.cpython-310-x86_64-linux-gnu.so
[0.523s] -- Up-to-date: /home/joseph/Turtle_Pursuit/install/turtle_pursuit_custom_interfaces/local/lib/python3.10/dist-packages/turtle_pursuit_custom_interfaces/_turtle_pursuit_custom_interfaces_s.ep.rosidl_typesupport_fastrtps_c.c
[0.523s] -- Up-to-date: /home/joseph/Turtle_Pursuit/install/turtle_pursuit_custom_interfaces/local/lib/python3.10/dist-packages/turtle_pursuit_custom_interfaces/__init__.py
[0.523s] -- Up-to-date: /home/joseph/Turtle_Pursuit/install/turtle_pursuit_custom_interfaces/local/lib/python3.10/dist-packages/turtle_pursuit_custom_interfaces/_turtle_pursuit_custom_interfaces_s.ep.rosidl_typesupport_c.c
[0.523s] -- Up-to-date: /home/joseph/Turtle_Pursuit/install/turtle_pursuit_custom_interfaces/local/lib/python3.10/dist-packages/turtle_pursuit_custom_interfaces/turtle_pursuit_custom_interfaces_s__rosidl_typesupport_fastrtps_c.cpython-310-x86_64-linux-gnu.so
[0.523s] -- Up-to-date: /home/joseph/Turtle_Pursuit/install/turtle_pursuit_custom_interfaces/local/lib/python3.10/dist-packages/turtle_pursuit_custom_interfaces/turtle_pursuit_custom_interfaces_s__rosidl_typesupport_c.cpython-310-x86_64-linux-gnu.so
[0.556s] Listing '/home/joseph/Turtle_Pursuit/install/turtle_pursuit_custom_interfaces/local/lib/python3.10/dist-packages/turtle_pursuit_custom_interfaces'...
[0.556s] Listing '/home/joseph/Turtle_Pursuit/install/turtle_pursuit_custom_interfaces/local/lib/python3.10/dist-packages/turtle_pursuit_custom_interfaces/msg'...
[0.556s] Listing '/home/joseph/Turtle_Pursuit/install/turtle_pursuit_custom_interfaces/local/lib/python3.10/dist-packages/turtle_pursuit_custom_interfaces/srv'...
[0.559s] -- Up-to-date: /home/joseph/Turtle_Pursuit/install/turtle_pursuit_custom_interfaces/local/lib/python3.10/dist-packages/turtle_pursuit_custom_interfaces/turtle_pursuit_custom_interfaces_s__rosidl_typesupport_fastrtps_c.cpython-310-x86_64-linux-gnu.so
[0.559s] -- Up-to-date: /home/joseph/Turtle_Pursuit/install/turtle_pursuit_custom_interfaces/local/lib/python3.10/dist-packages/turtle_pursuit_custom_interfaces/turtle_pursuit_custom_interfaces_s__rosidl_typesupport_introspection_c.cpython-310-x86_64-linux-gnu.so
[0.560s] -- Up-to-date: /home/joseph/Turtle_Pursuit/install/turtle_pursuit_custom_interfaces/local/lib/python3.10/dist-packages/turtle_pursuit_custom_interfaces/turtle_pursuit_custom_interfaces_s__rosidl_typesupport_c.cpython-310-x86_64-linux-gnu.so
[0.560s] -- Up-to-date: /home/joseph/Turtle_Pursuit/install/turtle_pursuit_custom_interfaces/lib/libturtle_pursuit_custom_interfaces__rosidl_generator_py.so
[0.560s] -- Up-to-date: /home/joseph/Turtle_Pursuit/install/turtle_pursuit_custom_interfaces/share/turtle_pursuit_custom_interfaces/msg/Turtle.idl
[0.560s] -- Up-to-date: /home/joseph/Turtle_Pursuit/install/turtle_pursuit_custom_interfaces/share/turtle_pursuit_custom_interfaces/msg/AliveTurtleArray.idl
[0.560s] -- Up-to-date: /home/joseph/Turtle_Pursuit/install/turtle_pursuit_custom_interfaces/share/turtle_pursuit_custom_interfaces/srv/KillTurtle.idl
[0.560s] -- Up-to-date: /home/joseph/Turtle_Pursuit/install/turtle_pursuit_custom_interfaces/share/turtle_pursuit_custom_interfaces/msg/Turtle.msg
[0.560s] -- Up-to-date: /home/joseph/Turtle_Pursuit/install/turtle_pursuit_custom_interfaces/share/turtle_pursuit_custom_interfaces/msg/AliveTurtleArray.msg
[0.560s] -- Up-to-date: /home/joseph/Turtle_Pursuit/install/turtle_pursuit_custom_interfaces/share/turtle_pursuit_custom_interfaces/srv/KillTurtle.srv
[0.561s] -- Up-to-date: /home/joseph/Turtle_Pursuit/install/turtle_pursuit_custom_interfaces/share/turtle_pursuit_custom_interfaces/srv/KillTurtle_Request.msg
[0.561s] -- Up-to-date: /home/joseph/Turtle_Pursuit/install/turtle_pursuit_custom_interfaces/share/turtle_pursuit_custom_interfaces/srv/KillTurtle_Response.msg
[0.561s] -- Up-to-date: /home/joseph/Turtle_Pursuit/install/turtle_pursuit_custom_interfaces/share/ament_index/resource_index/package_run_dependencies/turtle_pursuit_custom_interfaces
[0.561s] -- Up-to-date: /home/joseph/Turtle_Pursuit/install/turtle_pursuit_custom_interfaces/share/ament_index/resource_index/parent_prefix_path/turtle_pursuit_custom_interfaces
[0.561s] -- Up-to-date: /home/joseph/Turtle_Pursuit/install/turtle_pursuit_custom_interfaces/share/turtle_pursuit_custom_interfaces/environment/ament_prefix_path.sh
[0.561s] -- Up-to-date: /home/joseph/Turtle_Pursuit/install/turtle_pursuit_custom_interfaces/share/turtle_pursuit_custom_interfaces/environment/ament_prefix_path.dsv
[0.561s] -- Up-to-date: /home/joseph/Turtle_Pursuit/install/turtle_pursuit_custom_interfaces/share/turtle_pursuit_custom_interfaces/environment/path.sh
[0.561s] -- Up-to-date: /home/joseph/Turtle_Pursuit/install/turtle_pursuit_custom_interfaces/share/turtle_pursuit_custom_interfaces/environment/path.dsv
[0.561s] -- Up-to-date: /home/joseph/Turtle_Pursuit/install/turtle_pursuit_custom_interfaces/share/turtle_pursuit_custom_interfaces/local_setup.bash
[0.561s] -- Up-to-date: /home/joseph/Turtle_Pursuit/install/turtle_pursuit_custom_interfaces/share/turtle_pursuit_custom_interfaces/local_setup.sh
[0.561s] -- Up-to-date: /home/joseph/Turtle_Pursuit/install/turtle_pursuit_custom_interfaces/share/turtle_pursuit_custom_interfaces/local_setup.zsh
[0.561s] -- Up-to-date: /home/joseph/Turtle_Pursuit/install/turtle_pursuit_custom_interfaces/share/turtle_pursuit_custom_interfaces/local_setup.dsv
[0.561s] -- Installing: /home/joseph/Turtle_Pursuit/install/turtle_pursuit_custom_interfaces/share/turtle_pursuit_custom_interfaces/package.dsv
[0.561s] -- Up-to-date: /home/joseph/Turtle_Pursuit/install/turtle_pursuit_custom_interfaces/share/ament_index/resource_index/packages/turtle_pursuit_custom_interfaces
[0.561s] -- Up-to-date: /home/joseph/Turtle_Pursuit/install/turtle_pursuit_custom_interfaces/share/turtle_pursuit_custom_interfaces/cmake/export_turtle_pursuit_custom_interfaces__rosidl_generator_cExport.cmake
[0.561s] -- Up-to-date: /home/joseph/Turtle_Pursuit/install/turtle_pursuit_custom_interfaces/share/turtle_pursuit_custom_interfaces/cmake/export_turtle_pursuit_custom_interfaces__rosidl_generator_cExport-noconfig.cmake
[0.561s] -- Up-to-date: /home/joseph/Turtle_Pursuit/install/turtle_pursuit_custom_interfaces/share/turtle_pursuit_custom_interfaces/cmake/export_turtle_pursuit_custom_interfaces__rosidl_typesupport_fastrtps_cExport.cmake
[0.561s] -- Up-to-date: /home/joseph/Turtle_Pursuit/install/turtle_pursuit_custom_interfaces/share/turtle_pursuit_custom_interfaces/cmake/export_turtle_pursuit_custom_interfaces__rosidl_typesupport_fastrtps_cExport-noconfig.cmake
[0.562s] -- Up-to-date: /home/joseph/Turtle_Pursuit/install/turtle_pursuit_custom_interfaces/share/turtle_pursuit_custom_interfaces/cmake/turtle_pursuit_custom_interfaces__rosidl_typesupport_introspection_cExport.cmake
[0.562s] -- Up-to-date: /home/joseph/Turtle_Pursuit/install/turtle_pursuit_custom_interfaces/share/turtle_pursuit_custom_interfaces/cmake/turtle_pursuit_custom_interfaces__rosidl_typesupport_introspection_cExport-noconfig.cmake
[0.562s] -- Up-to-date: /home/joseph/Turtle_Pursuit/install/turtle_pursuit_custom_interfaces/share/turtle_pursuit_custom_interfaces/cmake/turtle_pursuit_custom_interfaces__rosidl_typesupport_cExport.cmake
[0.562s] -- Up-to-date: /home/joseph/Turtle_Pursuit/install/turtle_pursuit_custom_interfaces/share/turtle_pursuit_custom_interfaces/cmake/turtle_pursuit_custom_interfaces__rosidl_typesupport_cExport-noconfig.cmake
[0.562s] -- Up-to-date: /home/joseph/Turtle_Pursuit/install/turtle_pursuit_custom_interfaces/share/turtle_pursuit_custom_interfaces/cmake/export_turtle_pursuit_custom_interfaces__rosidl_generator_cppExport.cmake
[0.562s] -- Up-to-date: /home/joseph/Turtle_Pursuit/install/turtle_pursuit_custom_interfaces/share/turtle_pursuit_custom_interfaces/cmake/export_turtle_pursuit_custom_interfaces__rosidl_typesupport_fastrtps_cppExport.cmake
[0.562s] -- Up-to-date: /home/joseph/Turtle_Pursuit/install/turtle_pursuit_custom_interfaces/share/turtle_pursuit_custom_interfaces/cmake/export_turtle_pursuit_custom_interfaces__rosidl_typesupport_fastrtps_cppExport-noconfig.cmake
[0.562s] -- Up-to-date: /home/joseph/Turtle_Pursuit/install/turtle_pursuit_custom_interfaces/share/turtle_pursuit_custom_interfaces/cmake/turtle_pursuit_custom_interfaces__rosidl_typesupport_introspection_cppExport.cmake
[0.562s] -- Up-to-date: /home/joseph/Turtle_Pursuit/install/turtle_pursuit_custom_interfaces/share/turtle_pursuit_custom_interfaces/cmake/turtle_pursuit_custom_interfaces__rosidl_typesupport_introspection_cppExport-noconfig.cmake
[0.562s] -- Up-to-date: /home/joseph/Turtle_Pursuit/install/turtle_pursuit_custom_interfaces/share/turtle_pursuit_custom_interfaces/cmake/turtle_pursuit_custom_interfaces__rosidl_typesupport_cppExport.cmake
[0.562s] -- Up-to-date: /home/joseph/Turtle_Pursuit/install/turtle_pursuit_custom_interfaces/share/turtle_pursuit_custom_interfaces/cmake/turtle_pursuit_custom_interfaces__rosidl_typesupport_cppExport-noconfig.cmake
[0.562s] -- Up-to-date: /home/joseph/Turtle_Pursuit/install/turtle_pursuit_custom_interfaces/share/turtle_pursuit_custom_interfaces/cmake/export_turtle_pursuit_custom_interfaces__rosidl_generator_pyExport.cmake
[0.563s] -- Up-to-date: /home/joseph/Turtle_Pursuit/install/turtle_pursuit_custom_interfaces/share/turtle_pursuit_custom_interfaces/cmake/export_turtle_pursuit_custom_interfaces__rosidl_generator_pyExport-noconfig.cmake
[0.563s] -- Up-to-date: /home/joseph/Turtle_Pursuit/install/turtle_pursuit_custom_interfaces/share/turtle_pursuit_custom_interfaces/cmake/rosidl_cmake-extras.cmake
[0.563s] -- Up-to-date: /home/joseph/Turtle_Pursuit/install/turtle_pursuit_custom_interfaces/share/turtle_pursuit_custom_interfaces/cmake/ament_cmake_export_include_directories-extras.cmake
[0.563s] -- Up-to-date: /home/joseph/Turtle_Pursuit/install/turtle_pursuit_custom_interfaces/share/turtle_pursuit_custom_interfaces/cmake/ament_cmake_export_libraries-extras.cmake
[0.563s] -- Up-to-date: /home/joseph/Turtle_Pursuit/install/turtle_pursuit_custom_interfaces/share/turtle_pursuit_custom_interfaces/cmake/ament_cmake_export_targets-extras.cmake
[0.563s] -- Up-to-date: /home/joseph/Turtle_Pursuit/install/turtle_pursuit_custom_interfaces/share/turtle_pursuit_custom_interfaces/cmake/rosidl_cmake_export_typesupport_targets-extras.cmake
[0.563s] -- Up-to-date: /home/joseph/Turtle_Pursuit/install/turtle_pursuit_custom_interfaces/share/turtle_pursuit_custom_interfaces/cmake/ament_cmake_export_dependencies-extras.cmake
[0.563s] -- Up-to-date: /home/joseph/Turtle_Pursuit/install/turtle_pursuit_custom_interfaces/share/turtle_pursuit_custom_interfaces/cmake/rosidl_cmake_export_typesupport_libraries-extras.cmake
[0.563s] -- Up-to-date: /home/joseph/Turtle_Pursuit/install/turtle_pursuit_custom_interfaces/share/turtle_pursuit_custom_interfaces/cmake/turtle_pursuit_custom_interfacesConfig.cmake
[0.563s] -- Up-to-date: /home/joseph/Turtle_Pursuit/install/turtle_pursuit_custom_interfaces/share/turtle_pursuit_custom_interfaces/cmake/turtle_pursuit_custom_interfacesConfig-version.cmake
[0.563s] -- Up-to-date: /home/joseph/Turtle_Pursuit/install/turtle_pursuit_custom_interfaces/share/turtle_pursuit_custom_interfaces/package.xml
[0.566s] Invoked command in '/home/joseph/Turtle_Pursuit/build/turtle_pursuit_custom_interfaces' returned '0': CMAKE_PREFIX_PATH=${CMAKE_PREFIX_PATH}:/home/joseph/Turtle_Pursuit/install/turtle_pursuit:/home/joseph/learn_ros/install/test_pkg:/home/joseph/learn_ros/install/pubsub:/home/joseph/learn_ros/install/activity:/home/joseph/learn_ros/install/clientserver:/home/joseph/turtlesim_catch_turtles/install/handle_turtle:/home/joseph/turtlesim_catch_turtles/install/catch_turtles:/home/joseph/e-Yantra/install/ur5_control:/home/joseph/e-Yantra/install/task3b:/home/joseph/e-Yantra/install/task2a:/home/joseph/e-Yantra/install/misc:/home/joseph/e-Yantra/install/aruco:/opt/ros/humble /usr/bin/cmake --install /home/joseph/Turtle_Pursuit/build/turtle_pursuit_custom_interfaces
