[0.121s] DEBUG:colcon:Command line arguments: ['/usr/bin/colcon', 'build']
[0.122s] DEBUG:colcon:Parsed command line arguments: Namespace(log_base=None, log_level=None, verb_name='build', build_base='build', install_base='install', merge_install=False, symlink_install=False, test_result_base=None, continue_on_error=False, executor='parallel', parallel_workers=12, event_handlers=None, ignore_user_meta=False, metas=['./colcon.meta'], base_paths=['.'], packages_ignore=None, packages_ignore_regex=None, paths=None, packages_up_to=None, packages_up_to_regex=None, packages_above=None, packages_above_and_dependencies=None, packages_above_depth=None, packages_select_by_dep=None, packages_skip_by_dep=None, packages_skip_up_to=None, packages_select_build_failed=False, packages_skip_build_finished=False, packages_select_test_failures=False, packages_skip_test_passed=False, packages_select=None, packages_skip=None, packages_select_regex=None, packages_skip_regex=None, packages_start=None, packages_end=None, allow_overriding=[], cmake_args=None, cmake_target=None, cmake_target_skip_unavailable=False, cmake_clean_cache=False, cmake_clean_first=False, cmake_force_configure=False, ament_cmake_args=None, catkin_cmake_args=None, catkin_skip_building_tests=False, verb_parser=<colcon_defaults.argument_parser.defaults.DefaultArgumentsDecorator object at 0x788d0896fbe0>, verb_extension=<colcon_core.verb.build.BuildVerb object at 0x788d0896f970>, main=<bound method BuildVerb.main of <colcon_core.verb.build.BuildVerb object at 0x788d0896f970>>)
[0.290s] Level 1:colcon.colcon_core.package_discovery:discover_packages(colcon_meta) check parameters
[0.290s] Level 1:colcon.colcon_core.package_discovery:discover_packages(recursive) check parameters
[0.290s] Level 1:colcon.colcon_core.package_discovery:discover_packages(ignore) check parameters
[0.290s] Level 1:colcon.colcon_core.package_discovery:discover_packages(path) check parameters
[0.290s] Level 1:colcon.colcon_core.package_discovery:discover_packages(colcon_meta) discover
[0.291s] Level 1:colcon.colcon_core.package_discovery:discover_packages(recursive) discover
[0.291s] INFO:colcon.colcon_core.package_discovery:Crawling recursively for packages in '/home/joseph/Turtle_Pursuit'
[0.291s] Level 1:colcon.colcon_core.package_identification:_identify(.) by extensions ['ignore', 'ignore_ament_install']
[0.291s] Level 1:colcon.colcon_core.package_identification:_identify(.) by extension 'ignore'
[0.291s] Level 1:colcon.colcon_core.package_identification:_identify(.) by extension 'ignore_ament_install'
[0.291s] Level 1:colcon.colcon_core.package_identification:_identify(.) by extensions ['colcon_pkg']
[0.291s] Level 1:colcon.colcon_core.package_identification:_identify(.) by extension 'colcon_pkg'
[0.291s] Level 1:colcon.colcon_core.package_identification:_identify(.) by extensions ['colcon_meta']
[0.291s] Level 1:colcon.colcon_core.package_identification:_identify(.) by extension 'colcon_meta'
[0.291s] Level 1:colcon.colcon_core.package_identification:_identify(.) by extensions ['ros']
[0.291s] Level 1:colcon.colcon_core.package_identification:_identify(.) by extension 'ros'
[0.299s] Level 1:colcon.colcon_core.package_identification:_identify(.) by extensions ['cmake', 'python']
[0.299s] Level 1:colcon.colcon_core.package_identification:_identify(.) by extension 'cmake'
[0.299s] Level 1:colcon.colcon_core.package_identification:_identify(.) by extension 'python'
[0.299s] Level 1:colcon.colcon_core.package_identification:_identify(.) by extensions ['python_setup_py']
[0.299s] Level 1:colcon.colcon_core.package_identification:_identify(.) by extension 'python_setup_py'
[0.299s] Level 1:colcon.colcon_core.package_identification:_identify(build) by extensions ['ignore', 'ignore_ament_install']
[0.300s] Level 1:colcon.colcon_core.package_identification:_identify(build) by extension 'ignore'
[0.300s] Level 1:colcon.colcon_core.package_identification:_identify(build) ignored
[0.300s] Level 1:colcon.colcon_core.package_identification:_identify(install) by extensions ['ignore', 'ignore_ament_install']
[0.300s] Level 1:colcon.colcon_core.package_identification:_identify(install) by extension 'ignore'
[0.300s] Level 1:colcon.colcon_core.package_identification:_identify(install) ignored
[0.300s] Level 1:colcon.colcon_core.package_identification:_identify(log) by extensions ['ignore', 'ignore_ament_install']
[0.300s] Level 1:colcon.colcon_core.package_identification:_identify(log) by extension 'ignore'
[0.300s] Level 1:colcon.colcon_core.package_identification:_identify(log) ignored
[0.300s] Level 1:colcon.colcon_core.package_identification:_identify(src) by extensions ['ignore', 'ignore_ament_install']
[0.300s] Level 1:colcon.colcon_core.package_identification:_identify(src) by extension 'ignore'
[0.300s] Level 1:colcon.colcon_core.package_identification:_identify(src) by extension 'ignore_ament_install'
[0.300s] Level 1:colcon.colcon_core.package_identification:_identify(src) by extensions ['colcon_pkg']
[0.300s] Level 1:colcon.colcon_core.package_identification:_identify(src) by extension 'colcon_pkg'
[0.300s] Level 1:colcon.colcon_core.package_identification:_identify(src) by extensions ['colcon_meta']
[0.300s] Level 1:colcon.colcon_core.package_identification:_identify(src) by extension 'colcon_meta'
[0.300s] Level 1:colcon.colcon_core.package_identification:_identify(src) by extensions ['ros']
[0.300s] Level 1:colcon.colcon_core.package_identification:_identify(src) by extension 'ros'
[0.300s] Level 1:colcon.colcon_core.package_identification:_identify(src) by extensions ['cmake', 'python']
[0.300s] Level 1:colcon.colcon_core.package_identification:_identify(src) by extension 'cmake'
[0.300s] Level 1:colcon.colcon_core.package_identification:_identify(src) by extension 'python'
[0.301s] Level 1:colcon.colcon_core.package_identification:_identify(src) by extensions ['python_setup_py']
[0.301s] Level 1:colcon.colcon_core.package_identification:_identify(src) by extension 'python_setup_py'
[0.301s] Level 1:colcon.colcon_core.package_identification:_identify(src/turtle_handlers) by extensions ['ignore', 'ignore_ament_install']
[0.301s] Level 1:colcon.colcon_core.package_identification:_identify(src/turtle_handlers) by extension 'ignore'
[0.301s] Level 1:colcon.colcon_core.package_identification:_identify(src/turtle_handlers) by extension 'ignore_ament_install'
[0.301s] Level 1:colcon.colcon_core.package_identification:_identify(src/turtle_handlers) by extensions ['colcon_pkg']
[0.301s] Level 1:colcon.colcon_core.package_identification:_identify(src/turtle_handlers) by extension 'colcon_pkg'
[0.301s] Level 1:colcon.colcon_core.package_identification:_identify(src/turtle_handlers) by extensions ['colcon_meta']
[0.301s] Level 1:colcon.colcon_core.package_identification:_identify(src/turtle_handlers) by extension 'colcon_meta'
[0.301s] Level 1:colcon.colcon_core.package_identification:_identify(src/turtle_handlers) by extensions ['ros']
[0.301s] Level 1:colcon.colcon_core.package_identification:_identify(src/turtle_handlers) by extension 'ros'
[0.303s] DEBUG:colcon.colcon_core.package_identification:Package 'src/turtle_handlers' with type 'ros.ament_python' and name 'turtle_handlers'
[0.303s] Level 1:colcon.colcon_core.package_identification:_identify(src/turtlesim_custom_msg) by extensions ['ignore', 'ignore_ament_install']
[0.303s] Level 1:colcon.colcon_core.package_identification:_identify(src/turtlesim_custom_msg) by extension 'ignore'
[0.303s] Level 1:colcon.colcon_core.package_identification:_identify(src/turtlesim_custom_msg) by extension 'ignore_ament_install'
[0.303s] Level 1:colcon.colcon_core.package_identification:_identify(src/turtlesim_custom_msg) by extensions ['colcon_pkg']
[0.303s] Level 1:colcon.colcon_core.package_identification:_identify(src/turtlesim_custom_msg) by extension 'colcon_pkg'
[0.303s] Level 1:colcon.colcon_core.package_identification:_identify(src/turtlesim_custom_msg) by extensions ['colcon_meta']
[0.303s] Level 1:colcon.colcon_core.package_identification:_identify(src/turtlesim_custom_msg) by extension 'colcon_meta'
[0.303s] Level 1:colcon.colcon_core.package_identification:_identify(src/turtlesim_custom_msg) by extensions ['ros']
[0.303s] Level 1:colcon.colcon_core.package_identification:_identify(src/turtlesim_custom_msg) by extension 'ros'
[0.304s] DEBUG:colcon.colcon_core.package_identification:Package 'src/turtlesim_custom_msg' with type 'ros.ament_cmake' and name 'turtlesim_custom_msg'
[0.304s] Level 1:colcon.colcon_core.package_discovery:discover_packages(recursive) using defaults
[0.304s] Level 1:colcon.colcon_core.package_discovery:discover_packages(ignore) discover
[0.304s] Level 1:colcon.colcon_core.package_discovery:discover_packages(ignore) using defaults
[0.304s] Level 1:colcon.colcon_core.package_discovery:discover_packages(path) discover
[0.304s] Level 1:colcon.colcon_core.package_discovery:discover_packages(path) using defaults
[0.326s] Level 1:colcon.colcon_core.package_discovery:discover_packages(prefix_path) check parameters
[0.326s] Level 1:colcon.colcon_core.package_discovery:discover_packages(prefix_path) discover
[0.331s] DEBUG:colcon.colcon_installed_package_information.package_discovery:Found 2 installed packages in /home/joseph/Turtle_Pursuit/install
[0.331s] DEBUG:colcon.colcon_installed_package_information.package_discovery:Found 5 installed packages in /home/joseph/learn_ros/install
[0.331s] DEBUG:colcon.colcon_installed_package_information.package_discovery:Found 2 installed packages in /home/joseph/ros2_urdf_ws/install
[0.332s] DEBUG:colcon.colcon_installed_package_information.package_discovery:Found 4 installed packages in /home/joseph/turtlesim_catch_turtles/install
[0.332s] DEBUG:colcon.colcon_installed_package_information.package_discovery:Found 17 installed packages in /home/joseph/e-Yantra/install
[0.334s] DEBUG:colcon.colcon_installed_package_information.package_discovery:Found 469 installed packages in /opt/ros/humble
[0.336s] Level 1:colcon.colcon_core.package_discovery:discover_packages(prefix_path) using defaults
[0.431s] Level 5:colcon.colcon_core.verb:set package 'turtle_handlers' build argument 'cmake_args' from command line to 'None'
[0.431s] Level 5:colcon.colcon_core.verb:set package 'turtle_handlers' build argument 'cmake_target' from command line to 'None'
[0.431s] Level 5:colcon.colcon_core.verb:set package 'turtle_handlers' build argument 'cmake_target_skip_unavailable' from command line to 'False'
[0.431s] Level 5:colcon.colcon_core.verb:set package 'turtle_handlers' build argument 'cmake_clean_cache' from command line to 'False'
[0.431s] Level 5:colcon.colcon_core.verb:set package 'turtle_handlers' build argument 'cmake_clean_first' from command line to 'False'
[0.431s] Level 5:colcon.colcon_core.verb:set package 'turtle_handlers' build argument 'cmake_force_configure' from command line to 'False'
[0.431s] Level 5:colcon.colcon_core.verb:set package 'turtle_handlers' build argument 'ament_cmake_args' from command line to 'None'
[0.431s] Level 5:colcon.colcon_core.verb:set package 'turtle_handlers' build argument 'catkin_cmake_args' from command line to 'None'
[0.431s] Level 5:colcon.colcon_core.verb:set package 'turtle_handlers' build argument 'catkin_skip_building_tests' from command line to 'False'
[0.432s] DEBUG:colcon.colcon_core.verb:Building package 'turtle_handlers' with the following arguments: {'ament_cmake_args': None, 'build_base': '/home/joseph/Turtle_Pursuit/build/turtle_handlers', 'catkin_cmake_args': None, 'catkin_skip_building_tests': False, 'cmake_args': None, 'cmake_clean_cache': False, 'cmake_clean_first': False, 'cmake_force_configure': False, 'cmake_target': None, 'cmake_target_skip_unavailable': False, 'install_base': '/home/joseph/Turtle_Pursuit/install/turtle_handlers', 'merge_install': False, 'path': '/home/joseph/Turtle_Pursuit/src/turtle_handlers', 'symlink_install': False, 'test_result_base': None}
[0.432s] Level 5:colcon.colcon_core.verb:set package 'turtlesim_custom_msg' build argument 'cmake_args' from command line to 'None'
[0.432s] Level 5:colcon.colcon_core.verb:set package 'turtlesim_custom_msg' build argument 'cmake_target' from command line to 'None'
[0.432s] Level 5:colcon.colcon_core.verb:set package 'turtlesim_custom_msg' build argument 'cmake_target_skip_unavailable' from command line to 'False'
[0.432s] Level 5:colcon.colcon_core.verb:set package 'turtlesim_custom_msg' build argument 'cmake_clean_cache' from command line to 'False'
[0.432s] Level 5:colcon.colcon_core.verb:set package 'turtlesim_custom_msg' build argument 'cmake_clean_first' from command line to 'False'
[0.432s] Level 5:colcon.colcon_core.verb:set package 'turtlesim_custom_msg' build argument 'cmake_force_configure' from command line to 'False'
[0.432s] Level 5:colcon.colcon_core.verb:set package 'turtlesim_custom_msg' build argument 'ament_cmake_args' from command line to 'None'
[0.432s] Level 5:colcon.colcon_core.verb:set package 'turtlesim_custom_msg' build argument 'catkin_cmake_args' from command line to 'None'
[0.432s] Level 5:colcon.colcon_core.verb:set package 'turtlesim_custom_msg' build argument 'catkin_skip_building_tests' from command line to 'False'
[0.432s] DEBUG:colcon.colcon_core.verb:Building package 'turtlesim_custom_msg' with the following arguments: {'ament_cmake_args': None, 'build_base': '/home/joseph/Turtle_Pursuit/build/turtlesim_custom_msg', 'catkin_cmake_args': None, 'catkin_skip_building_tests': False, 'cmake_args': None, 'cmake_clean_cache': False, 'cmake_clean_first': False, 'cmake_force_configure': False, 'cmake_target': None, 'cmake_target_skip_unavailable': False, 'install_base': '/home/joseph/Turtle_Pursuit/install/turtlesim_custom_msg', 'merge_install': False, 'path': '/home/joseph/Turtle_Pursuit/src/turtlesim_custom_msg', 'symlink_install': False, 'test_result_base': None}
[0.432s] INFO:colcon.colcon_core.executor:Executing jobs using 'parallel' executor
[0.433s] DEBUG:colcon.colcon_parallel_executor.executor.parallel:run_until_complete
[0.433s] INFO:colcon.colcon_ros.task.ament_python.build:Building ROS package in '/home/joseph/Turtle_Pursuit/src/turtle_handlers' with build type 'ament_python'
[0.433s] Level 1:colcon.colcon_core.shell:create_environment_hook('turtle_handlers', 'ament_prefix_path')
[0.438s] INFO:colcon.colcon_core.plugin_system:Skipping extension 'colcon_core.shell.bat': Not used on non-Windows systems
[0.438s] INFO:colcon.colcon_core.shell:Creating environment hook '/home/joseph/Turtle_Pursuit/install/turtle_handlers/share/turtle_handlers/hook/ament_prefix_path.ps1'
[0.439s] INFO:colcon.colcon_core.shell:Creating environment descriptor '/home/joseph/Turtle_Pursuit/install/turtle_handlers/share/turtle_handlers/hook/ament_prefix_path.dsv'
[0.439s] INFO:colcon.colcon_core.shell:Creating environment hook '/home/joseph/Turtle_Pursuit/install/turtle_handlers/share/turtle_handlers/hook/ament_prefix_path.sh'
[0.440s] INFO:colcon.colcon_core.shell:Skip shell extension 'powershell' for command environment: Not usable outside of PowerShell
[0.440s] DEBUG:colcon.colcon_core.shell:Skip shell extension 'dsv' for command environment
[0.446s] INFO:colcon.colcon_ros.task.ament_cmake.build:Building ROS package in '/home/joseph/Turtle_Pursuit/src/turtlesim_custom_msg' with build type 'ament_cmake'
[0.446s] INFO:colcon.colcon_cmake.task.cmake.build:Building CMake package in '/home/joseph/Turtle_Pursuit/src/turtlesim_custom_msg'
[0.446s] INFO:colcon.colcon_core.shell:Skip shell extension 'powershell' for command environment: Not usable outside of PowerShell
[0.446s] DEBUG:colcon.colcon_core.shell:Skip shell extension 'dsv' for command environment
[0.695s] INFO:colcon.colcon_core.task.python.build:Building Python package in '/home/joseph/Turtle_Pursuit/src/turtle_handlers'
[0.695s] INFO:colcon.colcon_core.shell:Skip shell extension 'powershell' for command environment: Not usable outside of PowerShell
[0.695s] DEBUG:colcon.colcon_core.shell:Skip shell extension 'dsv' for command environment
[0.704s] DEBUG:colcon.colcon_core.event_handler.log_command:Invoking command in '/home/joseph/Turtle_Pursuit/build/turtlesim_custom_msg': CMAKE_PREFIX_PATH=${CMAKE_PREFIX_PATH}:/home/joseph/Turtle_Pursuit/install/turtle_handlers:/home/joseph/learn_ros/install/test_pkg:/home/joseph/learn_ros/install/pubsub:/home/joseph/learn_ros/install/activity:/home/joseph/learn_ros/install/clientserver:/home/joseph/turtlesim_catch_turtles/install/handle_turtle:/home/joseph/turtlesim_catch_turtles/install/catch_turtles:/home/joseph/e-Yantra/install/ur5_control:/home/joseph/e-Yantra/install/task3b:/home/joseph/e-Yantra/install/task2a:/home/joseph/e-Yantra/install/misc:/home/joseph/e-Yantra/install/aruco:/opt/ros/humble /usr/bin/cmake --build /home/joseph/Turtle_Pursuit/build/turtlesim_custom_msg -- -j12 -l12
[1.153s] DEBUG:colcon.colcon_core.event_handler.log_command:Invoked command in '/home/joseph/Turtle_Pursuit/build/turtlesim_custom_msg' returned '0': CMAKE_PREFIX_PATH=${CMAKE_PREFIX_PATH}:/home/joseph/Turtle_Pursuit/install/turtle_handlers:/home/joseph/learn_ros/install/test_pkg:/home/joseph/learn_ros/install/pubsub:/home/joseph/learn_ros/install/activity:/home/joseph/learn_ros/install/clientserver:/home/joseph/turtlesim_catch_turtles/install/handle_turtle:/home/joseph/turtlesim_catch_turtles/install/catch_turtles:/home/joseph/e-Yantra/install/ur5_control:/home/joseph/e-Yantra/install/task3b:/home/joseph/e-Yantra/install/task2a:/home/joseph/e-Yantra/install/misc:/home/joseph/e-Yantra/install/aruco:/opt/ros/humble /usr/bin/cmake --build /home/joseph/Turtle_Pursuit/build/turtlesim_custom_msg -- -j12 -l12
[1.232s] DEBUG:colcon.colcon_core.event_handler.log_command:Invoking command in '/home/joseph/Turtle_Pursuit/src/turtle_handlers': PYTHONPATH=/home/joseph/Turtle_Pursuit/build/turtle_handlers/prefix_override:/usr/lib/python3/dist-packages/colcon_core/task/python/colcon_distutils_commands:/home/joseph/Turtle_Pursuit/install/turtle_handlers/lib/python3.10/site-packages:${PYTHONPATH} /usr/bin/python3 -W ignore:setup.py install is deprecated setup.py egg_info --egg-base ../../build/turtle_handlers build --build-base /home/joseph/Turtle_Pursuit/build/turtle_handlers/build install --record /home/joseph/Turtle_Pursuit/build/turtle_handlers/install.log --single-version-externally-managed install_data
[1.369s] DEBUG:colcon.colcon_core.event_handler.log_command:Invoking command in '/home/joseph/Turtle_Pursuit/build/turtlesim_custom_msg': CMAKE_PREFIX_PATH=${CMAKE_PREFIX_PATH}:/home/joseph/Turtle_Pursuit/install/turtle_handlers:/home/joseph/learn_ros/install/test_pkg:/home/joseph/learn_ros/install/pubsub:/home/joseph/learn_ros/install/activity:/home/joseph/learn_ros/install/clientserver:/home/joseph/turtlesim_catch_turtles/install/handle_turtle:/home/joseph/turtlesim_catch_turtles/install/catch_turtles:/home/joseph/e-Yantra/install/ur5_control:/home/joseph/e-Yantra/install/task3b:/home/joseph/e-Yantra/install/task2a:/home/joseph/e-Yantra/install/misc:/home/joseph/e-Yantra/install/aruco:/opt/ros/humble /usr/bin/cmake --install /home/joseph/Turtle_Pursuit/build/turtlesim_custom_msg
[1.471s] Level 1:colcon.colcon_core.environment:create_environment_scripts_only(turtlesim_custom_msg)
[1.471s] DEBUG:colcon.colcon_core.event_handler.log_command:Invoked command in '/home/joseph/Turtle_Pursuit/build/turtlesim_custom_msg' returned '0': CMAKE_PREFIX_PATH=${CMAKE_PREFIX_PATH}:/home/joseph/Turtle_Pursuit/install/turtle_handlers:/home/joseph/learn_ros/install/test_pkg:/home/joseph/learn_ros/install/pubsub:/home/joseph/learn_ros/install/activity:/home/joseph/learn_ros/install/clientserver:/home/joseph/turtlesim_catch_turtles/install/handle_turtle:/home/joseph/turtlesim_catch_turtles/install/catch_turtles:/home/joseph/e-Yantra/install/ur5_control:/home/joseph/e-Yantra/install/task3b:/home/joseph/e-Yantra/install/task2a:/home/joseph/e-Yantra/install/misc:/home/joseph/e-Yantra/install/aruco:/opt/ros/humble /usr/bin/cmake --install /home/joseph/Turtle_Pursuit/build/turtlesim_custom_msg
[1.477s] Level 1:colcon.colcon_core.environment:checking '/home/joseph/Turtle_Pursuit/install/turtlesim_custom_msg' for CMake module files
[1.477s] Level 1:colcon.colcon_core.environment:checking '/home/joseph/Turtle_Pursuit/install/turtlesim_custom_msg' for CMake config files
[1.478s] Level 1:colcon.colcon_core.shell:create_environment_hook('turtlesim_custom_msg', 'cmake_prefix_path')
[1.478s] INFO:colcon.colcon_core.shell:Creating environment hook '/home/joseph/Turtle_Pursuit/install/turtlesim_custom_msg/share/turtlesim_custom_msg/hook/cmake_prefix_path.ps1'
[1.479s] INFO:colcon.colcon_core.shell:Creating environment descriptor '/home/joseph/Turtle_Pursuit/install/turtlesim_custom_msg/share/turtlesim_custom_msg/hook/cmake_prefix_path.dsv'
[1.479s] INFO:colcon.colcon_core.shell:Creating environment hook '/home/joseph/Turtle_Pursuit/install/turtlesim_custom_msg/share/turtlesim_custom_msg/hook/cmake_prefix_path.sh'
[1.480s] Level 1:colcon.colcon_core.environment:checking '/home/joseph/Turtle_Pursuit/install/turtlesim_custom_msg/lib'
[1.480s] Level 1:colcon.colcon_core.shell:create_environment_hook('turtlesim_custom_msg', 'ld_library_path_lib')
[1.480s] INFO:colcon.colcon_core.shell:Creating environment hook '/home/joseph/Turtle_Pursuit/install/turtlesim_custom_msg/share/turtlesim_custom_msg/hook/ld_library_path_lib.ps1'
[1.480s] INFO:colcon.colcon_core.shell:Creating environment descriptor '/home/joseph/Turtle_Pursuit/install/turtlesim_custom_msg/share/turtlesim_custom_msg/hook/ld_library_path_lib.dsv'
[1.481s] INFO:colcon.colcon_core.shell:Creating environment hook '/home/joseph/Turtle_Pursuit/install/turtlesim_custom_msg/share/turtlesim_custom_msg/hook/ld_library_path_lib.sh'
[1.481s] Level 1:colcon.colcon_core.environment:checking '/home/joseph/Turtle_Pursuit/install/turtlesim_custom_msg/bin'
[1.481s] Level 1:colcon.colcon_core.environment:checking '/home/joseph/Turtle_Pursuit/install/turtlesim_custom_msg/lib/pkgconfig/turtlesim_custom_msg.pc'
[1.481s] Level 1:colcon.colcon_core.environment:checking '/home/joseph/Turtle_Pursuit/install/turtlesim_custom_msg/lib/python3.10/site-packages'
[1.482s] Level 1:colcon.colcon_core.environment:checking '/home/joseph/Turtle_Pursuit/install/turtlesim_custom_msg/bin'
[1.482s] INFO:colcon.colcon_core.shell:Creating package script '/home/joseph/Turtle_Pursuit/install/turtlesim_custom_msg/share/turtlesim_custom_msg/package.ps1'
[1.483s] INFO:colcon.colcon_core.shell:Creating package descriptor '/home/joseph/Turtle_Pursuit/install/turtlesim_custom_msg/share/turtlesim_custom_msg/package.dsv'
[1.484s] INFO:colcon.colcon_core.shell:Creating package script '/home/joseph/Turtle_Pursuit/install/turtlesim_custom_msg/share/turtlesim_custom_msg/package.sh'
[1.485s] INFO:colcon.colcon_core.shell:Creating package script '/home/joseph/Turtle_Pursuit/install/turtlesim_custom_msg/share/turtlesim_custom_msg/package.bash'
[1.486s] INFO:colcon.colcon_core.shell:Creating package script '/home/joseph/Turtle_Pursuit/install/turtlesim_custom_msg/share/turtlesim_custom_msg/package.zsh'
[1.487s] Level 1:colcon.colcon_core.environment:create_file_with_runtime_dependencies(/home/joseph/Turtle_Pursuit/install/turtlesim_custom_msg/share/colcon-core/packages/turtlesim_custom_msg)
[1.669s] Level 1:colcon.colcon_core.environment:checking '/home/joseph/Turtle_Pursuit/install/turtle_handlers' for CMake module files
[1.669s] DEBUG:colcon.colcon_core.event_handler.log_command:Invoked command in '/home/joseph/Turtle_Pursuit/src/turtle_handlers' returned '0': PYTHONPATH=/home/joseph/Turtle_Pursuit/build/turtle_handlers/prefix_override:/usr/lib/python3/dist-packages/colcon_core/task/python/colcon_distutils_commands:/home/joseph/Turtle_Pursuit/install/turtle_handlers/lib/python3.10/site-packages:${PYTHONPATH} /usr/bin/python3 -W ignore:setup.py install is deprecated setup.py egg_info --egg-base ../../build/turtle_handlers build --build-base /home/joseph/Turtle_Pursuit/build/turtle_handlers/build install --record /home/joseph/Turtle_Pursuit/build/turtle_handlers/install.log --single-version-externally-managed install_data
[1.670s] Level 1:colcon.colcon_core.environment:checking '/home/joseph/Turtle_Pursuit/install/turtle_handlers' for CMake config files
[1.670s] Level 1:colcon.colcon_core.environment:checking '/home/joseph/Turtle_Pursuit/install/turtle_handlers/lib'
[1.670s] Level 1:colcon.colcon_core.environment:checking '/home/joseph/Turtle_Pursuit/install/turtle_handlers/bin'
[1.670s] Level 1:colcon.colcon_core.environment:checking '/home/joseph/Turtle_Pursuit/install/turtle_handlers/lib/pkgconfig/turtle_handlers.pc'
[1.671s] Level 1:colcon.colcon_core.environment:checking '/home/joseph/Turtle_Pursuit/install/turtle_handlers/lib/python3.10/site-packages'
[1.671s] Level 1:colcon.colcon_core.shell:create_environment_hook('turtle_handlers', 'pythonpath')
[1.671s] INFO:colcon.colcon_core.shell:Creating environment hook '/home/joseph/Turtle_Pursuit/install/turtle_handlers/share/turtle_handlers/hook/pythonpath.ps1'
[1.672s] INFO:colcon.colcon_core.shell:Creating environment descriptor '/home/joseph/Turtle_Pursuit/install/turtle_handlers/share/turtle_handlers/hook/pythonpath.dsv'
[1.672s] INFO:colcon.colcon_core.shell:Creating environment hook '/home/joseph/Turtle_Pursuit/install/turtle_handlers/share/turtle_handlers/hook/pythonpath.sh'
[1.673s] Level 1:colcon.colcon_core.environment:checking '/home/joseph/Turtle_Pursuit/install/turtle_handlers/bin'
[1.673s] Level 1:colcon.colcon_core.environment:create_environment_scripts_only(turtle_handlers)
[1.674s] INFO:colcon.colcon_core.shell:Creating package script '/home/joseph/Turtle_Pursuit/install/turtle_handlers/share/turtle_handlers/package.ps1'
[1.674s] INFO:colcon.colcon_core.shell:Creating package descriptor '/home/joseph/Turtle_Pursuit/install/turtle_handlers/share/turtle_handlers/package.dsv'
[1.675s] INFO:colcon.colcon_core.shell:Creating package script '/home/joseph/Turtle_Pursuit/install/turtle_handlers/share/turtle_handlers/package.sh'
[1.675s] INFO:colcon.colcon_core.shell:Creating package script '/home/joseph/Turtle_Pursuit/install/turtle_handlers/share/turtle_handlers/package.bash'
[1.676s] INFO:colcon.colcon_core.shell:Creating package script '/home/joseph/Turtle_Pursuit/install/turtle_handlers/share/turtle_handlers/package.zsh'
[1.676s] Level 1:colcon.colcon_core.environment:create_file_with_runtime_dependencies(/home/joseph/Turtle_Pursuit/install/turtle_handlers/share/colcon-core/packages/turtle_handlers)
[1.711s] Level 1:colcon.colcon_core.environment:create_environment_scripts_only(turtlesim_custom_msg)
[1.711s] Level 1:colcon.colcon_core.environment:checking '/home/joseph/Turtle_Pursuit/install/turtlesim_custom_msg' for CMake module files
[1.712s] Level 1:colcon.colcon_core.environment:checking '/home/joseph/Turtle_Pursuit/install/turtlesim_custom_msg' for CMake config files
[1.713s] Level 1:colcon.colcon_core.shell:create_environment_hook('turtlesim_custom_msg', 'cmake_prefix_path')
[1.713s] INFO:colcon.colcon_core.shell:Creating environment hook '/home/joseph/Turtle_Pursuit/install/turtlesim_custom_msg/share/turtlesim_custom_msg/hook/cmake_prefix_path.ps1'
[1.714s] INFO:colcon.colcon_core.shell:Creating environment descriptor '/home/joseph/Turtle_Pursuit/install/turtlesim_custom_msg/share/turtlesim_custom_msg/hook/cmake_prefix_path.dsv'
[1.715s] INFO:colcon.colcon_core.shell:Creating environment hook '/home/joseph/Turtle_Pursuit/install/turtlesim_custom_msg/share/turtlesim_custom_msg/hook/cmake_prefix_path.sh'
[1.715s] Level 1:colcon.colcon_core.environment:checking '/home/joseph/Turtle_Pursuit/install/turtlesim_custom_msg/lib'
[1.715s] Level 1:colcon.colcon_core.shell:create_environment_hook('turtlesim_custom_msg', 'ld_library_path_lib')
[1.716s] INFO:colcon.colcon_core.shell:Creating environment hook '/home/joseph/Turtle_Pursuit/install/turtlesim_custom_msg/share/turtlesim_custom_msg/hook/ld_library_path_lib.ps1'
[1.716s] INFO:colcon.colcon_core.shell:Creating environment descriptor '/home/joseph/Turtle_Pursuit/install/turtlesim_custom_msg/share/turtlesim_custom_msg/hook/ld_library_path_lib.dsv'
[1.717s] INFO:colcon.colcon_core.shell:Creating environment hook '/home/joseph/Turtle_Pursuit/install/turtlesim_custom_msg/share/turtlesim_custom_msg/hook/ld_library_path_lib.sh'
[1.717s] Level 1:colcon.colcon_core.environment:checking '/home/joseph/Turtle_Pursuit/install/turtlesim_custom_msg/bin'
[1.717s] Level 1:colcon.colcon_core.environment:checking '/home/joseph/Turtle_Pursuit/install/turtlesim_custom_msg/lib/pkgconfig/turtlesim_custom_msg.pc'
[1.718s] Level 1:colcon.colcon_core.environment:checking '/home/joseph/Turtle_Pursuit/install/turtlesim_custom_msg/lib/python3.10/site-packages'
[1.718s] Level 1:colcon.colcon_core.environment:checking '/home/joseph/Turtle_Pursuit/install/turtlesim_custom_msg/bin'
[1.718s] INFO:colcon.colcon_core.shell:Creating package script '/home/joseph/Turtle_Pursuit/install/turtlesim_custom_msg/share/turtlesim_custom_msg/package.ps1'
[1.719s] INFO:colcon.colcon_core.shell:Creating package descriptor '/home/joseph/Turtle_Pursuit/install/turtlesim_custom_msg/share/turtlesim_custom_msg/package.dsv'
[1.720s] INFO:colcon.colcon_core.shell:Creating package script '/home/joseph/Turtle_Pursuit/install/turtlesim_custom_msg/share/turtlesim_custom_msg/package.sh'
[1.721s] INFO:colcon.colcon_core.shell:Creating package script '/home/joseph/Turtle_Pursuit/install/turtlesim_custom_msg/share/turtlesim_custom_msg/package.bash'
[1.721s] INFO:colcon.colcon_core.shell:Creating package script '/home/joseph/Turtle_Pursuit/install/turtlesim_custom_msg/share/turtlesim_custom_msg/package.zsh'
[1.722s] Level 1:colcon.colcon_core.environment:create_file_with_runtime_dependencies(/home/joseph/Turtle_Pursuit/install/turtlesim_custom_msg/share/colcon-core/packages/turtlesim_custom_msg)
[1.722s] DEBUG:colcon.colcon_parallel_executor.executor.parallel:closing loop
[1.723s] DEBUG:colcon.colcon_parallel_executor.executor.parallel:loop closed
[1.723s] DEBUG:colcon.colcon_parallel_executor.executor.parallel:run_until_complete finished with '0'
[1.723s] DEBUG:colcon.colcon_core.event_reactor:joining thread
[1.731s] INFO:colcon.colcon_core.plugin_system:Skipping extension 'colcon_notification.desktop_notification.terminal_notifier': Not used on non-Darwin systems
[1.731s] INFO:colcon.colcon_core.plugin_system:Skipping extension 'colcon_notification.desktop_notification.win32': Not used on non-Windows systems
[1.731s] INFO:colcon.colcon_notification.desktop_notification:Sending desktop notification using 'notify2'
[1.760s] DEBUG:colcon.colcon_core.event_reactor:joined thread
[1.760s] INFO:colcon.colcon_core.shell:Creating prefix script '/home/joseph/Turtle_Pursuit/install/local_setup.ps1'
[1.761s] INFO:colcon.colcon_core.shell:Creating prefix util module '/home/joseph/Turtle_Pursuit/install/_local_setup_util_ps1.py'
[1.763s] INFO:colcon.colcon_core.shell:Creating prefix chain script '/home/joseph/Turtle_Pursuit/install/setup.ps1'
[1.766s] INFO:colcon.colcon_core.shell:Creating prefix script '/home/joseph/Turtle_Pursuit/install/local_setup.sh'
[1.766s] INFO:colcon.colcon_core.shell:Creating prefix util module '/home/joseph/Turtle_Pursuit/install/_local_setup_util_sh.py'
[1.767s] INFO:colcon.colcon_core.shell:Creating prefix chain script '/home/joseph/Turtle_Pursuit/install/setup.sh'
[1.771s] INFO:colcon.colcon_core.shell:Creating prefix script '/home/joseph/Turtle_Pursuit/install/local_setup.bash'
[1.772s] INFO:colcon.colcon_core.shell:Creating prefix chain script '/home/joseph/Turtle_Pursuit/install/setup.bash'
[1.776s] INFO:colcon.colcon_core.shell:Creating prefix script '/home/joseph/Turtle_Pursuit/install/local_setup.zsh'
[1.777s] INFO:colcon.colcon_core.shell:Creating prefix chain script '/home/joseph/Turtle_Pursuit/install/setup.zsh'
