[0.013s] Invoking command in '/home/joseph/Turtle_Pursuit/build/pursuit_launch': CMAKE_PREFIX_PATH=${CMAKE_PREFIX_PATH}:/home/joseph/Turtle_Pursuit/install/turtle_pursuit:/home/joseph/learn_ros/install/test_pkg:/home/joseph/learn_ros/install/pubsub:/home/joseph/learn_ros/install/activity:/home/joseph/learn_ros/install/clientserver:/home/joseph/turtlesim_catch_turtles/install/handle_turtle:/home/joseph/turtlesim_catch_turtles/install/catch_turtles:/home/joseph/e-Yantra/install/ur5_control:/home/joseph/e-Yantra/install/task3b:/home/joseph/e-Yantra/install/task2a:/home/joseph/e-Yantra/install/misc:/home/joseph/e-Yantra/install/aruco:/opt/ros/humble LD_LIBRARY_PATH=/home/joseph/Turtle_Pursuit/install/turtle_pursuit_custom_interfaces/lib:/home/joseph/learn_ros/install/practice_interfaces/lib:/home/joseph/turtlesim_catch_turtles/install/turtlesim_catch_turtle_interfaces/lib:/home/joseph/e-Yantra/install/servo_msgs/lib:/home/joseph/e-Yantra/install/realsense_gazebo_plugin/lib:/home/joseph/e-Yantra/install/payload_service/lib:/home/joseph/e-Yantra/install/linkattacher_msgs/lib:/home/joseph/e-Yantra/install/ebot_docking/lib:/usr/lib/x86_64-linux-gnu/gazebo-11/plugins:/opt/ros/humble/opt/rviz_ogre_vendor/lib:/opt/ros/humble/lib/x86_64-linux-gnu:/opt/ros/humble/lib:/usr/share/gazebo-11/../../lib/x86_64-linux-gnu/gazebo-11/plugins /usr/bin/cmake /home/joseph/Turtle_Pursuit/src/pursuit_launch -DCMAKE_INSTALL_PREFIX=/home/joseph/Turtle_Pursuit/install/pursuit_launch
[0.062s] -- The C compiler identification is GNU 11.4.0
[0.107s] -- The CXX compiler identification is GNU 11.4.0
[0.114s] -- Detecting C compiler ABI info
[0.178s] -- Detecting C compiler ABI info - done
[0.183s] -- Check for working C compiler: /usr/bin/cc - skipped
[0.183s] -- Detecting C compile features
[0.183s] -- Detecting C compile features - done
[0.186s] -- Detecting CXX compiler ABI info
[0.257s] -- Detecting CXX compiler ABI info - done
[0.262s] -- Check for working CXX compiler: /usr/bin/c++ - skipped
[0.262s] -- Detecting CXX compile features
[0.263s] -- Detecting CXX compile features - done
[0.268s] -- Found ament_cmake: 1.3.10 (/opt/ros/humble/share/ament_cmake/cmake)
[0.427s] -- Found Python3: /usr/bin/python3 (found version "3.10.12") found components: Interpreter 
[0.580s] -- Found ament_lint_auto: 0.12.11 (/opt/ros/humble/share/ament_lint_auto/cmake)
[0.699s] -- Added test 'lint_cmake' to check CMake code style
[0.701s] -- Added test 'xmllint' to check XML markup files
[0.703s] -- Configuring done
[0.706s] -- Generating done
[0.707s] -- Build files have been written to: /home/joseph/Turtle_Pursuit/build/pursuit_launch
[0.713s] Invoked command in '/home/joseph/Turtle_Pursuit/build/pursuit_launch' returned '0': CMAKE_PREFIX_PATH=${CMAKE_PREFIX_PATH}:/home/joseph/Turtle_Pursuit/install/turtle_pursuit:/home/joseph/learn_ros/install/test_pkg:/home/joseph/learn_ros/install/pubsub:/home/joseph/learn_ros/install/activity:/home/joseph/learn_ros/install/clientserver:/home/joseph/turtlesim_catch_turtles/install/handle_turtle:/home/joseph/turtlesim_catch_turtles/install/catch_turtles:/home/joseph/e-Yantra/install/ur5_control:/home/joseph/e-Yantra/install/task3b:/home/joseph/e-Yantra/install/task2a:/home/joseph/e-Yantra/install/misc:/home/joseph/e-Yantra/install/aruco:/opt/ros/humble LD_LIBRARY_PATH=/home/joseph/Turtle_Pursuit/install/turtle_pursuit_custom_interfaces/lib:/home/joseph/learn_ros/install/practice_interfaces/lib:/home/joseph/turtlesim_catch_turtles/install/turtlesim_catch_turtle_interfaces/lib:/home/joseph/e-Yantra/install/servo_msgs/lib:/home/joseph/e-Yantra/install/realsense_gazebo_plugin/lib:/home/joseph/e-Yantra/install/payload_service/lib:/home/joseph/e-Yantra/install/linkattacher_msgs/lib:/home/joseph/e-Yantra/install/ebot_docking/lib:/usr/lib/x86_64-linux-gnu/gazebo-11/plugins:/opt/ros/humble/opt/rviz_ogre_vendor/lib:/opt/ros/humble/lib/x86_64-linux-gnu:/opt/ros/humble/lib:/usr/share/gazebo-11/../../lib/x86_64-linux-gnu/gazebo-11/plugins /usr/bin/cmake /home/joseph/Turtle_Pursuit/src/pursuit_launch -DCMAKE_INSTALL_PREFIX=/home/joseph/Turtle_Pursuit/install/pursuit_launch
[0.715s] Invoking command in '/home/joseph/Turtle_Pursuit/build/pursuit_launch': CMAKE_PREFIX_PATH=${CMAKE_PREFIX_PATH}:/home/joseph/Turtle_Pursuit/install/turtle_pursuit:/home/joseph/learn_ros/install/test_pkg:/home/joseph/learn_ros/install/pubsub:/home/joseph/learn_ros/install/activity:/home/joseph/learn_ros/install/clientserver:/home/joseph/turtlesim_catch_turtles/install/handle_turtle:/home/joseph/turtlesim_catch_turtles/install/catch_turtles:/home/joseph/e-Yantra/install/ur5_control:/home/joseph/e-Yantra/install/task3b:/home/joseph/e-Yantra/install/task2a:/home/joseph/e-Yantra/install/misc:/home/joseph/e-Yantra/install/aruco:/opt/ros/humble LD_LIBRARY_PATH=/home/joseph/Turtle_Pursuit/install/turtle_pursuit_custom_interfaces/lib:/home/joseph/learn_ros/install/practice_interfaces/lib:/home/joseph/turtlesim_catch_turtles/install/turtlesim_catch_turtle_interfaces/lib:/home/joseph/e-Yantra/install/servo_msgs/lib:/home/joseph/e-Yantra/install/realsense_gazebo_plugin/lib:/home/joseph/e-Yantra/install/payload_service/lib:/home/joseph/e-Yantra/install/linkattacher_msgs/lib:/home/joseph/e-Yantra/install/ebot_docking/lib:/usr/lib/x86_64-linux-gnu/gazebo-11/plugins:/opt/ros/humble/opt/rviz_ogre_vendor/lib:/opt/ros/humble/lib/x86_64-linux-gnu:/opt/ros/humble/lib:/usr/share/gazebo-11/../../lib/x86_64-linux-gnu/gazebo-11/plugins /usr/bin/cmake --build /home/joseph/Turtle_Pursuit/build/pursuit_launch -- -j12 -l12
[0.763s] Invoked command in '/home/joseph/Turtle_Pursuit/build/pursuit_launch' returned '0': CMAKE_PREFIX_PATH=${CMAKE_PREFIX_PATH}:/home/joseph/Turtle_Pursuit/install/turtle_pursuit:/home/joseph/learn_ros/install/test_pkg:/home/joseph/learn_ros/install/pubsub:/home/joseph/learn_ros/install/activity:/home/joseph/learn_ros/install/clientserver:/home/joseph/turtlesim_catch_turtles/install/handle_turtle:/home/joseph/turtlesim_catch_turtles/install/catch_turtles:/home/joseph/e-Yantra/install/ur5_control:/home/joseph/e-Yantra/install/task3b:/home/joseph/e-Yantra/install/task2a:/home/joseph/e-Yantra/install/misc:/home/joseph/e-Yantra/install/aruco:/opt/ros/humble LD_LIBRARY_PATH=/home/joseph/Turtle_Pursuit/install/turtle_pursuit_custom_interfaces/lib:/home/joseph/learn_ros/install/practice_interfaces/lib:/home/joseph/turtlesim_catch_turtles/install/turtlesim_catch_turtle_interfaces/lib:/home/joseph/e-Yantra/install/servo_msgs/lib:/home/joseph/e-Yantra/install/realsense_gazebo_plugin/lib:/home/joseph/e-Yantra/install/payload_service/lib:/home/joseph/e-Yantra/install/linkattacher_msgs/lib:/home/joseph/e-Yantra/install/ebot_docking/lib:/usr/lib/x86_64-linux-gnu/gazebo-11/plugins:/opt/ros/humble/opt/rviz_ogre_vendor/lib:/opt/ros/humble/lib/x86_64-linux-gnu:/opt/ros/humble/lib:/usr/share/gazebo-11/../../lib/x86_64-linux-gnu/gazebo-11/plugins /usr/bin/cmake --build /home/joseph/Turtle_Pursuit/build/pursuit_launch -- -j12 -l12
[0.794s] Invoking command in '/home/joseph/Turtle_Pursuit/build/pursuit_launch': CMAKE_PREFIX_PATH=${CMAKE_PREFIX_PATH}:/home/joseph/Turtle_Pursuit/install/turtle_pursuit:/home/joseph/learn_ros/install/test_pkg:/home/joseph/learn_ros/install/pubsub:/home/joseph/learn_ros/install/activity:/home/joseph/learn_ros/install/clientserver:/home/joseph/turtlesim_catch_turtles/install/handle_turtle:/home/joseph/turtlesim_catch_turtles/install/catch_turtles:/home/joseph/e-Yantra/install/ur5_control:/home/joseph/e-Yantra/install/task3b:/home/joseph/e-Yantra/install/task2a:/home/joseph/e-Yantra/install/misc:/home/joseph/e-Yantra/install/aruco:/opt/ros/humble LD_LIBRARY_PATH=/home/joseph/Turtle_Pursuit/install/turtle_pursuit_custom_interfaces/lib:/home/joseph/learn_ros/install/practice_interfaces/lib:/home/joseph/turtlesim_catch_turtles/install/turtlesim_catch_turtle_interfaces/lib:/home/joseph/e-Yantra/install/servo_msgs/lib:/home/joseph/e-Yantra/install/realsense_gazebo_plugin/lib:/home/joseph/e-Yantra/install/payload_service/lib:/home/joseph/e-Yantra/install/linkattacher_msgs/lib:/home/joseph/e-Yantra/install/ebot_docking/lib:/usr/lib/x86_64-linux-gnu/gazebo-11/plugins:/opt/ros/humble/opt/rviz_ogre_vendor/lib:/opt/ros/humble/lib/x86_64-linux-gnu:/opt/ros/humble/lib:/usr/share/gazebo-11/../../lib/x86_64-linux-gnu/gazebo-11/plugins /usr/bin/cmake --install /home/joseph/Turtle_Pursuit/build/pursuit_launch
[0.803s] -- Install configuration: ""
[0.803s] -- Installing: /home/joseph/Turtle_Pursuit/install/pursuit_launch/share/ament_index/resource_index/package_run_dependencies/pursuit_launch
[0.804s] -- Installing: /home/joseph/Turtle_Pursuit/install/pursuit_launch/share/ament_index/resource_index/parent_prefix_path/pursuit_launch
[0.804s] -- Installing: /home/joseph/Turtle_Pursuit/install/pursuit_launch/share/pursuit_launch/environment/ament_prefix_path.sh
[0.804s] -- Installing: /home/joseph/Turtle_Pursuit/install/pursuit_launch/share/pursuit_launch/environment/ament_prefix_path.dsv
[0.804s] -- Installing: /home/joseph/Turtle_Pursuit/install/pursuit_launch/share/pursuit_launch/environment/path.sh
[0.804s] -- Installing: /home/joseph/Turtle_Pursuit/install/pursuit_launch/share/pursuit_launch/environment/path.dsv
[0.804s] -- Installing: /home/joseph/Turtle_Pursuit/install/pursuit_launch/share/pursuit_launch/local_setup.bash
[0.804s] -- Installing: /home/joseph/Turtle_Pursuit/install/pursuit_launch/share/pursuit_launch/local_setup.sh
[0.805s] -- Installing: /home/joseph/Turtle_Pursuit/install/pursuit_launch/share/pursuit_launch/local_setup.zsh
[0.805s] -- Installing: /home/joseph/Turtle_Pursuit/install/pursuit_launch/share/pursuit_launch/local_setup.dsv
[0.805s] -- Installing: /home/joseph/Turtle_Pursuit/install/pursuit_launch/share/pursuit_launch/package.dsv
[0.805s] -- Installing: /home/joseph/Turtle_Pursuit/install/pursuit_launch/share/ament_index/resource_index/packages/pursuit_launch
[0.805s] -- Installing: /home/joseph/Turtle_Pursuit/install/pursuit_launch/share/pursuit_launch/cmake/pursuit_launchConfig.cmake
[0.805s] -- Installing: /home/joseph/Turtle_Pursuit/install/pursuit_launch/share/pursuit_launch/cmake/pursuit_launchConfig-version.cmake
[0.806s] -- Installing: /home/joseph/Turtle_Pursuit/install/pursuit_launch/share/pursuit_launch/package.xml
[0.808s] Invoked command in '/home/joseph/Turtle_Pursuit/build/pursuit_launch' returned '0': CMAKE_PREFIX_PATH=${CMAKE_PREFIX_PATH}:/home/joseph/Turtle_Pursuit/install/turtle_pursuit:/home/joseph/learn_ros/install/test_pkg:/home/joseph/learn_ros/install/pubsub:/home/joseph/learn_ros/install/activity:/home/joseph/learn_ros/install/clientserver:/home/joseph/turtlesim_catch_turtles/install/handle_turtle:/home/joseph/turtlesim_catch_turtles/install/catch_turtles:/home/joseph/e-Yantra/install/ur5_control:/home/joseph/e-Yantra/install/task3b:/home/joseph/e-Yantra/install/task2a:/home/joseph/e-Yantra/install/misc:/home/joseph/e-Yantra/install/aruco:/opt/ros/humble LD_LIBRARY_PATH=/home/joseph/Turtle_Pursuit/install/turtle_pursuit_custom_interfaces/lib:/home/joseph/learn_ros/install/practice_interfaces/lib:/home/joseph/turtlesim_catch_turtles/install/turtlesim_catch_turtle_interfaces/lib:/home/joseph/e-Yantra/install/servo_msgs/lib:/home/joseph/e-Yantra/install/realsense_gazebo_plugin/lib:/home/joseph/e-Yantra/install/payload_service/lib:/home/joseph/e-Yantra/install/linkattacher_msgs/lib:/home/joseph/e-Yantra/install/ebot_docking/lib:/usr/lib/x86_64-linux-gnu/gazebo-11/plugins:/opt/ros/humble/opt/rviz_ogre_vendor/lib:/opt/ros/humble/lib/x86_64-linux-gnu:/opt/ros/humble/lib:/usr/share/gazebo-11/../../lib/x86_64-linux-gnu/gazebo-11/plugins /usr/bin/cmake --install /home/joseph/Turtle_Pursuit/build/pursuit_launch
