-- Found ament_cmake: 1.3.10 (/opt/ros/humble/share/ament_cmake/cmake)
-- Found rosidl_default_generators: 1.2.0 (/opt/ros/humble/share/rosidl_default_generators/cmake)
-- Using all available rosidl_typesupport_c: rosidl_typesupport_fastrtps_c;rosidl_typesupport_introspection_c
-- Found rosidl_adapter: 3.1.5 (/opt/ros/humble/share/rosidl_adapter/cmake)
-- Using all available rosidl_typesupport_cpp: rosidl_typesupport_fastrtps_cpp;rosidl_typesupport_introspection_cpp
-- Found builtin_interfaces: 1.2.1 (/opt/ros/humble/share/builtin_interfaces/cmake)
-- Found ament_cmake_ros: 0.10.0 (/opt/ros/humble/share/ament_cmake_ros/cmake)
-- Using all available rosidl_typesupport_c: rosidl_typesupport_fastrtps_c;rosidl_typesupport_introspection_c
-- Using all available rosidl_typesupport_cpp: rosidl_typesupport_fastrtps_cpp;rosidl_typesupport_introspection_cpp
-- Found python_cmake_module: 0.10.0 (/opt/ros/humble/share/python_cmake_module/cmake)
-- Using PYTHON_EXECUTABLE: /usr/bin/python3
-- Using PYTHON_INCLUDE_DIRS: /usr/include/python3.10
-- Using PYTHON_LIBRARIES: /usr/lib/x86_64-linux-gnu/libpython3.10.so
-- Configuring done
-- Generating done
-- Build files have been written to: /home/joseph/Turtle_Pursuit/build/turtlesim_custom_msg
[  1%] [34m[1mGenerating C code for ROS interfaces[0m
[  3%] [34m[1mGenerating C++ code for ROS interfaces[0m
[  3%] Built target ament_cmake_python_copy_turtlesim_custom_msg
running egg_info
writing turtlesim_custom_msg.egg-info/PKG-INFO
writing dependency_links to turtlesim_custom_msg.egg-info/dependency_links.txt
writing top-level names to turtlesim_custom_msg.egg-info/top_level.txt
reading manifest file 'turtlesim_custom_msg.egg-info/SOURCES.txt'
writing manifest file 'turtlesim_custom_msg.egg-info/SOURCES.txt'
[  3%] Built target ament_cmake_python_build_turtlesim_custom_msg_egg
[35m[1mConsolidate compiler generated dependencies of target turtlesim_custom_msg__rosidl_generator_c[0m
[  5%] [32mBuilding C object CMakeFiles/turtlesim_custom_msg__rosidl_generator_c.dir/rosidl_generator_c/turtlesim_custom_msg/srv/detail/kill_turtle__functions.c.o[0m
[  7%] [32mBuilding C object CMakeFiles/turtlesim_custom_msg__rosidl_generator_c.dir/rosidl_generator_c/turtlesim_custom_msg/srv/detail/get_turtle_alive__functions.c.o[0m
[  9%] [32mBuilding C object CMakeFiles/turtlesim_custom_msg__rosidl_generator_c.dir/rosidl_generator_c/turtlesim_custom_msg/msg/detail/turtle__functions.c.o[0m
[ 10%] [32mBuilding C object CMakeFiles/turtlesim_custom_msg__rosidl_generator_c.dir/rosidl_generator_c/turtlesim_custom_msg/msg/detail/alive_turtle_array__functions.c.o[0m
[ 10%] Built target turtlesim_custom_msg__cpp
[ 14%] [34m[1mGenerating C++ type support dispatch for ROS interfaces[0m
[ 16%] [34m[1mGenerating C++ type support for eProsima Fast-RTPS[0m
[ 16%] [34m[1mGenerating C++ introspection for ROS interfaces[0m
[ 18%] [32m[1mLinking C shared library libturtlesim_custom_msg__rosidl_generator_c.so[0m
[ 18%] Built target turtlesim_custom_msg__rosidl_generator_c
[ 20%] [34m[1mGenerating C type support for eProsima Fast-RTPS[0m
[ 21%] [34m[1mGenerating C introspection for ROS interfaces[0m
[ 23%] [34m[1mGenerating C type support dispatch for ROS interfaces[0m
[35m[1mConsolidate compiler generated dependencies of target turtlesim_custom_msg__rosidl_typesupport_cpp[0m
[ 27%] [32mBuilding CXX object CMakeFiles/turtlesim_custom_msg__rosidl_typesupport_cpp.dir/rosidl_typesupport_cpp/turtlesim_custom_msg/srv/kill_turtle__type_support.cpp.o[0m
[ 27%] [32mBuilding CXX object CMakeFiles/turtlesim_custom_msg__rosidl_typesupport_cpp.dir/rosidl_typesupport_cpp/turtlesim_custom_msg/srv/get_turtle_alive__type_support.cpp.o[0m
[ 29%] [32mBuilding CXX object CMakeFiles/turtlesim_custom_msg__rosidl_typesupport_cpp.dir/rosidl_typesupport_cpp/turtlesim_custom_msg/msg/alive_turtle_array__type_support.cpp.o[0m
[35m[1mConsolidate compiler generated dependencies of target turtlesim_custom_msg__rosidl_typesupport_introspection_cpp[0m
[ 30%] [32mBuilding CXX object CMakeFiles/turtlesim_custom_msg__rosidl_typesupport_cpp.dir/rosidl_typesupport_cpp/turtlesim_custom_msg/msg/turtle__type_support.cpp.o[0m
[ 32%] [32mBuilding CXX object CMakeFiles/turtlesim_custom_msg__rosidl_typesupport_introspection_cpp.dir/rosidl_typesupport_introspection_cpp/turtlesim_custom_msg/msg/detail/turtle__type_support.cpp.o[0m
[ 34%] [32mBuilding CXX object CMakeFiles/turtlesim_custom_msg__rosidl_typesupport_introspection_cpp.dir/rosidl_typesupport_introspection_cpp/turtlesim_custom_msg/srv/detail/kill_turtle__type_support.cpp.o[0m
[ 36%] [32mBuilding CXX object CMakeFiles/turtlesim_custom_msg__rosidl_typesupport_introspection_cpp.dir/rosidl_typesupport_introspection_cpp/turtlesim_custom_msg/msg/detail/alive_turtle_array__type_support.cpp.o[0m
[ 38%] [32mBuilding CXX object CMakeFiles/turtlesim_custom_msg__rosidl_typesupport_introspection_cpp.dir/rosidl_typesupport_introspection_cpp/turtlesim_custom_msg/srv/detail/get_turtle_alive__type_support.cpp.o[0m
[35m[1mConsolidate compiler generated dependencies of target turtlesim_custom_msg__rosidl_typesupport_c[0m
[ 40%] [32mBuilding CXX object CMakeFiles/turtlesim_custom_msg__rosidl_typesupport_c.dir/rosidl_typesupport_c/turtlesim_custom_msg/srv/get_turtle_alive__type_support.cpp.o[0m
[35m[1mConsolidate compiler generated dependencies of target turtlesim_custom_msg__rosidl_typesupport_fastrtps_cpp[0m
[ 41%] [32mBuilding CXX object CMakeFiles/turtlesim_custom_msg__rosidl_typesupport_c.dir/rosidl_typesupport_c/turtlesim_custom_msg/msg/turtle__type_support.cpp.o[0m
[ 43%] [32mBuilding CXX object CMakeFiles/turtlesim_custom_msg__rosidl_typesupport_fastrtps_cpp.dir/rosidl_typesupport_fastrtps_cpp/turtlesim_custom_msg/srv/detail/dds_fastrtps/get_turtle_alive__type_support.cpp.o[0m
[ 45%] [32mBuilding CXX object CMakeFiles/turtlesim_custom_msg__rosidl_typesupport_c.dir/rosidl_typesupport_c/turtlesim_custom_msg/msg/alive_turtle_array__type_support.cpp.o[0m
[ 47%] [32mBuilding CXX object CMakeFiles/turtlesim_custom_msg__rosidl_typesupport_c.dir/rosidl_typesupport_c/turtlesim_custom_msg/srv/kill_turtle__type_support.cpp.o[0m
[35m[1mConsolidate compiler generated dependencies of target turtlesim_custom_msg__rosidl_typesupport_fastrtps_c[0m
[ 49%] [32mBuilding CXX object CMakeFiles/turtlesim_custom_msg__rosidl_typesupport_fastrtps_c.dir/rosidl_typesupport_fastrtps_c/turtlesim_custom_msg/srv/detail/get_turtle_alive__type_support_c.cpp.o[0m
[ 50%] [32m[1mLinking CXX shared library libturtlesim_custom_msg__rosidl_typesupport_c.so[0m
[35m[1mConsolidate compiler generated dependencies of target turtlesim_custom_msg__rosidl_typesupport_introspection_c[0m
[ 52%] [32mBuilding C object CMakeFiles/turtlesim_custom_msg__rosidl_typesupport_introspection_c.dir/rosidl_typesupport_introspection_c/turtlesim_custom_msg/srv/detail/get_turtle_alive__type_support.c.o[0m
[ 54%] [32mBuilding C object CMakeFiles/turtlesim_custom_msg__rosidl_typesupport_introspection_c.dir/rosidl_typesupport_introspection_c/turtlesim_custom_msg/msg/detail/turtle__type_support.c.o[0m
[ 54%] Built target turtlesim_custom_msg__rosidl_typesupport_c
[ 56%] [32mBuilding C object CMakeFiles/turtlesim_custom_msg__rosidl_typesupport_introspection_c.dir/rosidl_typesupport_introspection_c/turtlesim_custom_msg/msg/detail/alive_turtle_array__type_support.c.o[0m
[ 58%] [32mBuilding C object CMakeFiles/turtlesim_custom_msg__rosidl_typesupport_introspection_c.dir/rosidl_typesupport_introspection_c/turtlesim_custom_msg/srv/detail/kill_turtle__type_support.c.o[0m
[ 60%] [32m[1mLinking CXX shared library libturtlesim_custom_msg__rosidl_typesupport_cpp.so[0m
[ 61%] [32mBuilding CXX object CMakeFiles/turtlesim_custom_msg__rosidl_typesupport_fastrtps_cpp.dir/rosidl_typesupport_fastrtps_cpp/turtlesim_custom_msg/msg/detail/dds_fastrtps/turtle__type_support.cpp.o[0m
[ 63%] [32mBuilding CXX object CMakeFiles/turtlesim_custom_msg__rosidl_typesupport_fastrtps_c.dir/rosidl_typesupport_fastrtps_c/turtlesim_custom_msg/msg/detail/turtle__type_support_c.cpp.o[0m
[ 65%] [32mBuilding CXX object CMakeFiles/turtlesim_custom_msg__rosidl_typesupport_fastrtps_cpp.dir/rosidl_typesupport_fastrtps_cpp/turtlesim_custom_msg/msg/detail/dds_fastrtps/alive_turtle_array__type_support.cpp.o[0m
[ 65%] Built target turtlesim_custom_msg__rosidl_typesupport_cpp
[ 67%] [32mBuilding CXX object CMakeFiles/turtlesim_custom_msg__rosidl_typesupport_fastrtps_c.dir/rosidl_typesupport_fastrtps_c/turtlesim_custom_msg/msg/detail/alive_turtle_array__type_support_c.cpp.o[0m
[ 69%] [32mBuilding CXX object CMakeFiles/turtlesim_custom_msg__rosidl_typesupport_fastrtps_cpp.dir/rosidl_typesupport_fastrtps_cpp/turtlesim_custom_msg/srv/detail/dds_fastrtps/kill_turtle__type_support.cpp.o[0m
[ 70%] [32mBuilding CXX object CMakeFiles/turtlesim_custom_msg__rosidl_typesupport_fastrtps_c.dir/rosidl_typesupport_fastrtps_c/turtlesim_custom_msg/srv/detail/kill_turtle__type_support_c.cpp.o[0m
[ 72%] [32m[1mLinking C shared library libturtlesim_custom_msg__rosidl_typesupport_introspection_c.so[0m
[ 72%] Built target turtlesim_custom_msg__rosidl_typesupport_introspection_c
[ 74%] [32m[1mLinking CXX shared library libturtlesim_custom_msg__rosidl_typesupport_introspection_cpp.so[0m
[ 74%] Built target turtlesim_custom_msg__rosidl_typesupport_introspection_cpp
[ 76%] [32m[1mLinking CXX shared library libturtlesim_custom_msg__rosidl_typesupport_fastrtps_c.so[0m
[ 78%] [32m[1mLinking CXX shared library libturtlesim_custom_msg__rosidl_typesupport_fastrtps_cpp.so[0m
[ 78%] Built target turtlesim_custom_msg__rosidl_typesupport_fastrtps_c
[ 78%] Built target turtlesim_custom_msg__rosidl_typesupport_fastrtps_cpp
[ 78%] Built target turtlesim_custom_msg
[ 80%] [34m[1mGenerating Python code for ROS interfaces[0m
[ 80%] Built target turtlesim_custom_msg__py
[35m[1mConsolidate compiler generated dependencies of target turtlesim_custom_msg__rosidl_generator_py[0m
[ 85%] [32mBuilding C object CMakeFiles/turtlesim_custom_msg__rosidl_generator_py.dir/rosidl_generator_py/turtlesim_custom_msg/srv/_get_turtle_alive_s.c.o[0m
[ 85%] [32mBuilding C object CMakeFiles/turtlesim_custom_msg__rosidl_generator_py.dir/rosidl_generator_py/turtlesim_custom_msg/msg/_alive_turtle_array_s.c.o[0m
[ 85%] [32mBuilding C object CMakeFiles/turtlesim_custom_msg__rosidl_generator_py.dir/rosidl_generator_py/turtlesim_custom_msg/msg/_turtle_s.c.o[0m
[ 87%] [32mBuilding C object CMakeFiles/turtlesim_custom_msg__rosidl_generator_py.dir/rosidl_generator_py/turtlesim_custom_msg/srv/_kill_turtle_s.c.o[0m
[ 89%] [32m[1mLinking C shared library rosidl_generator_py/turtlesim_custom_msg/libturtlesim_custom_msg__rosidl_generator_py.so[0m
[ 89%] Built target turtlesim_custom_msg__rosidl_generator_py
[35m[1mConsolidate compiler generated dependencies of target turtlesim_custom_msg__rosidl_typesupport_introspection_c__pyext[0m
[35m[1mConsolidate compiler generated dependencies of target turtlesim_custom_msg__rosidl_typesupport_fastrtps_c__pyext[0m
[35m[1mConsolidate compiler generated dependencies of target turtlesim_custom_msg__rosidl_typesupport_c__pyext[0m
[ 94%] [32mBuilding C object CMakeFiles/turtlesim_custom_msg__rosidl_typesupport_introspection_c__pyext.dir/rosidl_generator_py/turtlesim_custom_msg/_turtlesim_custom_msg_s.ep.rosidl_typesupport_introspection_c.c.o[0m
[ 94%] [32mBuilding C object CMakeFiles/turtlesim_custom_msg__rosidl_typesupport_c__pyext.dir/rosidl_generator_py/turtlesim_custom_msg/_turtlesim_custom_msg_s.ep.rosidl_typesupport_c.c.o[0m
[ 94%] [32mBuilding C object CMakeFiles/turtlesim_custom_msg__rosidl_typesupport_fastrtps_c__pyext.dir/rosidl_generator_py/turtlesim_custom_msg/_turtlesim_custom_msg_s.ep.rosidl_typesupport_fastrtps_c.c.o[0m
[ 98%] [32m[1mLinking C shared library rosidl_generator_py/turtlesim_custom_msg/turtlesim_custom_msg_s__rosidl_typesupport_introspection_c.cpython-310-x86_64-linux-gnu.so[0m
[ 98%] [32m[1mLinking C shared library rosidl_generator_py/turtlesim_custom_msg/turtlesim_custom_msg_s__rosidl_typesupport_c.cpython-310-x86_64-linux-gnu.so[0m
[100%] [32m[1mLinking C shared library rosidl_generator_py/turtlesim_custom_msg/turtlesim_custom_msg_s__rosidl_typesupport_fastrtps_c.cpython-310-x86_64-linux-gnu.so[0m
[100%] Built target turtlesim_custom_msg__rosidl_typesupport_c__pyext
[100%] Built target turtlesim_custom_msg__rosidl_typesupport_introspection_c__pyext
[100%] Built target turtlesim_custom_msg__rosidl_typesupport_fastrtps_c__pyext
-- Install configuration: ""
-- Installing: /home/joseph/Turtle_Pursuit/install/turtlesim_custom_msg/share/ament_index/resource_index/rosidl_interfaces/turtlesim_custom_msg
-- Up-to-date: /home/joseph/Turtle_Pursuit/install/turtlesim_custom_msg/include/turtlesim_custom_msg/turtlesim_custom_msg
-- Up-to-date: /home/joseph/Turtle_Pursuit/install/turtlesim_custom_msg/include/turtlesim_custom_msg/turtlesim_custom_msg/msg
-- Up-to-date: /home/joseph/Turtle_Pursuit/install/turtlesim_custom_msg/include/turtlesim_custom_msg/turtlesim_custom_msg/msg/detail
-- Installing: /home/joseph/Turtle_Pursuit/install/turtlesim_custom_msg/include/turtlesim_custom_msg/turtlesim_custom_msg/msg/detail/turtle__struct.h
-- Installing: /home/joseph/Turtle_Pursuit/install/turtlesim_custom_msg/include/turtlesim_custom_msg/turtlesim_custom_msg/msg/detail/alive_turtle_array__functions.h
-- Installing: /home/joseph/Turtle_Pursuit/install/turtlesim_custom_msg/include/turtlesim_custom_msg/turtlesim_custom_msg/msg/detail/alive_turtle_array__struct.h
-- Installing: /home/joseph/Turtle_Pursuit/install/turtlesim_custom_msg/include/turtlesim_custom_msg/turtlesim_custom_msg/msg/detail/turtle__functions.h
-- Installing: /home/joseph/Turtle_Pursuit/install/turtlesim_custom_msg/include/turtlesim_custom_msg/turtlesim_custom_msg/msg/detail/turtle__type_support.h
-- Installing: /home/joseph/Turtle_Pursuit/install/turtlesim_custom_msg/include/turtlesim_custom_msg/turtlesim_custom_msg/msg/detail/alive_turtle_array__functions.c
-- Installing: /home/joseph/Turtle_Pursuit/install/turtlesim_custom_msg/include/turtlesim_custom_msg/turtlesim_custom_msg/msg/detail/alive_turtle_array__type_support.h
-- Installing: /home/joseph/Turtle_Pursuit/install/turtlesim_custom_msg/include/turtlesim_custom_msg/turtlesim_custom_msg/msg/detail/turtle__functions.c
-- Installing: /home/joseph/Turtle_Pursuit/install/turtlesim_custom_msg/include/turtlesim_custom_msg/turtlesim_custom_msg/msg/turtle.h
-- Up-to-date: /home/joseph/Turtle_Pursuit/install/turtlesim_custom_msg/include/turtlesim_custom_msg/turtlesim_custom_msg/msg/rosidl_generator_c__visibility_control.h
-- Installing: /home/joseph/Turtle_Pursuit/install/turtlesim_custom_msg/include/turtlesim_custom_msg/turtlesim_custom_msg/msg/alive_turtle_array.h
-- Up-to-date: /home/joseph/Turtle_Pursuit/install/turtlesim_custom_msg/include/turtlesim_custom_msg/turtlesim_custom_msg/srv
-- Installing: /home/joseph/Turtle_Pursuit/install/turtlesim_custom_msg/include/turtlesim_custom_msg/turtlesim_custom_msg/srv/get_turtle_alive.h
-- Up-to-date: /home/joseph/Turtle_Pursuit/install/turtlesim_custom_msg/include/turtlesim_custom_msg/turtlesim_custom_msg/srv/detail
-- Installing: /home/joseph/Turtle_Pursuit/install/turtlesim_custom_msg/include/turtlesim_custom_msg/turtlesim_custom_msg/srv/detail/get_turtle_alive__struct.h
-- Installing: /home/joseph/Turtle_Pursuit/install/turtlesim_custom_msg/include/turtlesim_custom_msg/turtlesim_custom_msg/srv/detail/get_turtle_alive__type_support.h
-- Installing: /home/joseph/Turtle_Pursuit/install/turtlesim_custom_msg/include/turtlesim_custom_msg/turtlesim_custom_msg/srv/detail/get_turtle_alive__functions.h
-- Installing: /home/joseph/Turtle_Pursuit/install/turtlesim_custom_msg/include/turtlesim_custom_msg/turtlesim_custom_msg/srv/detail/kill_turtle__struct.h
-- Installing: /home/joseph/Turtle_Pursuit/install/turtlesim_custom_msg/include/turtlesim_custom_msg/turtlesim_custom_msg/srv/detail/get_turtle_alive__functions.c
-- Installing: /home/joseph/Turtle_Pursuit/install/turtlesim_custom_msg/include/turtlesim_custom_msg/turtlesim_custom_msg/srv/detail/kill_turtle__functions.h
-- Installing: /home/joseph/Turtle_Pursuit/install/turtlesim_custom_msg/include/turtlesim_custom_msg/turtlesim_custom_msg/srv/detail/kill_turtle__type_support.h
-- Installing: /home/joseph/Turtle_Pursuit/install/turtlesim_custom_msg/include/turtlesim_custom_msg/turtlesim_custom_msg/srv/detail/kill_turtle__functions.c
-- Installing: /home/joseph/Turtle_Pursuit/install/turtlesim_custom_msg/include/turtlesim_custom_msg/turtlesim_custom_msg/srv/kill_turtle.h
-- Up-to-date: /home/joseph/Turtle_Pursuit/install/turtlesim_custom_msg/share/turtlesim_custom_msg/environment/library_path.sh
-- Installing: /home/joseph/Turtle_Pursuit/install/turtlesim_custom_msg/share/turtlesim_custom_msg/environment/library_path.dsv
-- Installing: /home/joseph/Turtle_Pursuit/install/turtlesim_custom_msg/lib/libturtlesim_custom_msg__rosidl_generator_c.so
-- Set runtime path of "/home/joseph/Turtle_Pursuit/install/turtlesim_custom_msg/lib/libturtlesim_custom_msg__rosidl_generator_c.so" to ""
-- Up-to-date: /home/joseph/Turtle_Pursuit/install/turtlesim_custom_msg/include/turtlesim_custom_msg/turtlesim_custom_msg
-- Up-to-date: /home/joseph/Turtle_Pursuit/install/turtlesim_custom_msg/include/turtlesim_custom_msg/turtlesim_custom_msg/msg
-- Up-to-date: /home/joseph/Turtle_Pursuit/install/turtlesim_custom_msg/include/turtlesim_custom_msg/turtlesim_custom_msg/msg/rosidl_typesupport_fastrtps_c__visibility_control.h
-- Up-to-date: /home/joseph/Turtle_Pursuit/install/turtlesim_custom_msg/include/turtlesim_custom_msg/turtlesim_custom_msg/msg/detail
-- Installing: /home/joseph/Turtle_Pursuit/install/turtlesim_custom_msg/include/turtlesim_custom_msg/turtlesim_custom_msg/msg/detail/turtle__rosidl_typesupport_fastrtps_c.h
-- Installing: /home/joseph/Turtle_Pursuit/install/turtlesim_custom_msg/include/turtlesim_custom_msg/turtlesim_custom_msg/msg/detail/alive_turtle_array__rosidl_typesupport_fastrtps_c.h
-- Up-to-date: /home/joseph/Turtle_Pursuit/install/turtlesim_custom_msg/include/turtlesim_custom_msg/turtlesim_custom_msg/srv
-- Up-to-date: /home/joseph/Turtle_Pursuit/install/turtlesim_custom_msg/include/turtlesim_custom_msg/turtlesim_custom_msg/srv/detail
-- Installing: /home/joseph/Turtle_Pursuit/install/turtlesim_custom_msg/include/turtlesim_custom_msg/turtlesim_custom_msg/srv/detail/kill_turtle__rosidl_typesupport_fastrtps_c.h
-- Installing: /home/joseph/Turtle_Pursuit/install/turtlesim_custom_msg/include/turtlesim_custom_msg/turtlesim_custom_msg/srv/detail/get_turtle_alive__rosidl_typesupport_fastrtps_c.h
-- Installing: /home/joseph/Turtle_Pursuit/install/turtlesim_custom_msg/lib/libturtlesim_custom_msg__rosidl_typesupport_fastrtps_c.so
-- Set runtime path of "/home/joseph/Turtle_Pursuit/install/turtlesim_custom_msg/lib/libturtlesim_custom_msg__rosidl_typesupport_fastrtps_c.so" to ""
-- Up-to-date: /home/joseph/Turtle_Pursuit/install/turtlesim_custom_msg/include/turtlesim_custom_msg/turtlesim_custom_msg
-- Up-to-date: /home/joseph/Turtle_Pursuit/install/turtlesim_custom_msg/include/turtlesim_custom_msg/turtlesim_custom_msg/msg
-- Up-to-date: /home/joseph/Turtle_Pursuit/install/turtlesim_custom_msg/include/turtlesim_custom_msg/turtlesim_custom_msg/msg/detail
-- Installing: /home/joseph/Turtle_Pursuit/install/turtlesim_custom_msg/include/turtlesim_custom_msg/turtlesim_custom_msg/msg/detail/alive_turtle_array__type_support.c
-- Installing: /home/joseph/Turtle_Pursuit/install/turtlesim_custom_msg/include/turtlesim_custom_msg/turtlesim_custom_msg/msg/detail/turtle__type_support.c
-- Installing: /home/joseph/Turtle_Pursuit/install/turtlesim_custom_msg/include/turtlesim_custom_msg/turtlesim_custom_msg/msg/detail/turtle__rosidl_typesupport_introspection_c.h
-- Installing: /home/joseph/Turtle_Pursuit/install/turtlesim_custom_msg/include/turtlesim_custom_msg/turtlesim_custom_msg/msg/detail/alive_turtle_array__rosidl_typesupport_introspection_c.h
-- Up-to-date: /home/joseph/Turtle_Pursuit/install/turtlesim_custom_msg/include/turtlesim_custom_msg/turtlesim_custom_msg/msg/rosidl_typesupport_introspection_c__visibility_control.h
-- Up-to-date: /home/joseph/Turtle_Pursuit/install/turtlesim_custom_msg/include/turtlesim_custom_msg/turtlesim_custom_msg/srv
-- Up-to-date: /home/joseph/Turtle_Pursuit/install/turtlesim_custom_msg/include/turtlesim_custom_msg/turtlesim_custom_msg/srv/detail
-- Installing: /home/joseph/Turtle_Pursuit/install/turtlesim_custom_msg/include/turtlesim_custom_msg/turtlesim_custom_msg/srv/detail/get_turtle_alive__rosidl_typesupport_introspection_c.h
-- Installing: /home/joseph/Turtle_Pursuit/install/turtlesim_custom_msg/include/turtlesim_custom_msg/turtlesim_custom_msg/srv/detail/get_turtle_alive__type_support.c
-- Installing: /home/joseph/Turtle_Pursuit/install/turtlesim_custom_msg/include/turtlesim_custom_msg/turtlesim_custom_msg/srv/detail/kill_turtle__type_support.c
-- Installing: /home/joseph/Turtle_Pursuit/install/turtlesim_custom_msg/include/turtlesim_custom_msg/turtlesim_custom_msg/srv/detail/kill_turtle__rosidl_typesupport_introspection_c.h
-- Installing: /home/joseph/Turtle_Pursuit/install/turtlesim_custom_msg/lib/libturtlesim_custom_msg__rosidl_typesupport_introspection_c.so
-- Set runtime path of "/home/joseph/Turtle_Pursuit/install/turtlesim_custom_msg/lib/libturtlesim_custom_msg__rosidl_typesupport_introspection_c.so" to ""
-- Installing: /home/joseph/Turtle_Pursuit/install/turtlesim_custom_msg/lib/libturtlesim_custom_msg__rosidl_typesupport_c.so
-- Set runtime path of "/home/joseph/Turtle_Pursuit/install/turtlesim_custom_msg/lib/libturtlesim_custom_msg__rosidl_typesupport_c.so" to ""
-- Up-to-date: /home/joseph/Turtle_Pursuit/install/turtlesim_custom_msg/include/turtlesim_custom_msg/turtlesim_custom_msg
-- Up-to-date: /home/joseph/Turtle_Pursuit/install/turtlesim_custom_msg/include/turtlesim_custom_msg/turtlesim_custom_msg/msg
-- Installing: /home/joseph/Turtle_Pursuit/install/turtlesim_custom_msg/include/turtlesim_custom_msg/turtlesim_custom_msg/msg/alive_turtle_array.hpp
-- Up-to-date: /home/joseph/Turtle_Pursuit/install/turtlesim_custom_msg/include/turtlesim_custom_msg/turtlesim_custom_msg/msg/detail
-- Installing: /home/joseph/Turtle_Pursuit/install/turtlesim_custom_msg/include/turtlesim_custom_msg/turtlesim_custom_msg/msg/detail/turtle__builder.hpp
-- Installing: /home/joseph/Turtle_Pursuit/install/turtlesim_custom_msg/include/turtlesim_custom_msg/turtlesim_custom_msg/msg/detail/alive_turtle_array__struct.hpp
-- Installing: /home/joseph/Turtle_Pursuit/install/turtlesim_custom_msg/include/turtlesim_custom_msg/turtlesim_custom_msg/msg/detail/alive_turtle_array__builder.hpp
-- Installing: /home/joseph/Turtle_Pursuit/install/turtlesim_custom_msg/include/turtlesim_custom_msg/turtlesim_custom_msg/msg/detail/alive_turtle_array__traits.hpp
-- Installing: /home/joseph/Turtle_Pursuit/install/turtlesim_custom_msg/include/turtlesim_custom_msg/turtlesim_custom_msg/msg/detail/turtle__struct.hpp
-- Installing: /home/joseph/Turtle_Pursuit/install/turtlesim_custom_msg/include/turtlesim_custom_msg/turtlesim_custom_msg/msg/detail/turtle__traits.hpp
-- Installing: /home/joseph/Turtle_Pursuit/install/turtlesim_custom_msg/include/turtlesim_custom_msg/turtlesim_custom_msg/msg/turtle.hpp
-- Up-to-date: /home/joseph/Turtle_Pursuit/install/turtlesim_custom_msg/include/turtlesim_custom_msg/turtlesim_custom_msg/srv
-- Installing: /home/joseph/Turtle_Pursuit/install/turtlesim_custom_msg/include/turtlesim_custom_msg/turtlesim_custom_msg/srv/get_turtle_alive.hpp
-- Up-to-date: /home/joseph/Turtle_Pursuit/install/turtlesim_custom_msg/include/turtlesim_custom_msg/turtlesim_custom_msg/srv/detail
-- Installing: /home/joseph/Turtle_Pursuit/install/turtlesim_custom_msg/include/turtlesim_custom_msg/turtlesim_custom_msg/srv/detail/get_turtle_alive__builder.hpp
-- Installing: /home/joseph/Turtle_Pursuit/install/turtlesim_custom_msg/include/turtlesim_custom_msg/turtlesim_custom_msg/srv/detail/kill_turtle__struct.hpp
-- Installing: /home/joseph/Turtle_Pursuit/install/turtlesim_custom_msg/include/turtlesim_custom_msg/turtlesim_custom_msg/srv/detail/kill_turtle__traits.hpp
-- Installing: /home/joseph/Turtle_Pursuit/install/turtlesim_custom_msg/include/turtlesim_custom_msg/turtlesim_custom_msg/srv/detail/get_turtle_alive__traits.hpp
-- Installing: /home/joseph/Turtle_Pursuit/install/turtlesim_custom_msg/include/turtlesim_custom_msg/turtlesim_custom_msg/srv/detail/get_turtle_alive__struct.hpp
-- Installing: /home/joseph/Turtle_Pursuit/install/turtlesim_custom_msg/include/turtlesim_custom_msg/turtlesim_custom_msg/srv/detail/kill_turtle__builder.hpp
-- Installing: /home/joseph/Turtle_Pursuit/install/turtlesim_custom_msg/include/turtlesim_custom_msg/turtlesim_custom_msg/srv/kill_turtle.hpp
-- Up-to-date: /home/joseph/Turtle_Pursuit/install/turtlesim_custom_msg/include/turtlesim_custom_msg/turtlesim_custom_msg
-- Up-to-date: /home/joseph/Turtle_Pursuit/install/turtlesim_custom_msg/include/turtlesim_custom_msg/turtlesim_custom_msg/msg
-- Up-to-date: /home/joseph/Turtle_Pursuit/install/turtlesim_custom_msg/include/turtlesim_custom_msg/turtlesim_custom_msg/msg/detail
-- Up-to-date: /home/joseph/Turtle_Pursuit/install/turtlesim_custom_msg/include/turtlesim_custom_msg/turtlesim_custom_msg/msg/detail/dds_fastrtps
-- Installing: /home/joseph/Turtle_Pursuit/install/turtlesim_custom_msg/include/turtlesim_custom_msg/turtlesim_custom_msg/msg/detail/turtle__rosidl_typesupport_fastrtps_cpp.hpp
-- Installing: /home/joseph/Turtle_Pursuit/install/turtlesim_custom_msg/include/turtlesim_custom_msg/turtlesim_custom_msg/msg/detail/alive_turtle_array__rosidl_typesupport_fastrtps_cpp.hpp
-- Up-to-date: /home/joseph/Turtle_Pursuit/install/turtlesim_custom_msg/include/turtlesim_custom_msg/turtlesim_custom_msg/msg/rosidl_typesupport_fastrtps_cpp__visibility_control.h
-- Up-to-date: /home/joseph/Turtle_Pursuit/install/turtlesim_custom_msg/include/turtlesim_custom_msg/turtlesim_custom_msg/srv
-- Up-to-date: /home/joseph/Turtle_Pursuit/install/turtlesim_custom_msg/include/turtlesim_custom_msg/turtlesim_custom_msg/srv/detail
-- Up-to-date: /home/joseph/Turtle_Pursuit/install/turtlesim_custom_msg/include/turtlesim_custom_msg/turtlesim_custom_msg/srv/detail/dds_fastrtps
-- Installing: /home/joseph/Turtle_Pursuit/install/turtlesim_custom_msg/include/turtlesim_custom_msg/turtlesim_custom_msg/srv/detail/kill_turtle__rosidl_typesupport_fastrtps_cpp.hpp
-- Installing: /home/joseph/Turtle_Pursuit/install/turtlesim_custom_msg/include/turtlesim_custom_msg/turtlesim_custom_msg/srv/detail/get_turtle_alive__rosidl_typesupport_fastrtps_cpp.hpp
-- Installing: /home/joseph/Turtle_Pursuit/install/turtlesim_custom_msg/lib/libturtlesim_custom_msg__rosidl_typesupport_fastrtps_cpp.so
-- Set runtime path of "/home/joseph/Turtle_Pursuit/install/turtlesim_custom_msg/lib/libturtlesim_custom_msg__rosidl_typesupport_fastrtps_cpp.so" to ""
-- Up-to-date: /home/joseph/Turtle_Pursuit/install/turtlesim_custom_msg/include/turtlesim_custom_msg/turtlesim_custom_msg
-- Up-to-date: /home/joseph/Turtle_Pursuit/install/turtlesim_custom_msg/include/turtlesim_custom_msg/turtlesim_custom_msg/msg
-- Up-to-date: /home/joseph/Turtle_Pursuit/install/turtlesim_custom_msg/include/turtlesim_custom_msg/turtlesim_custom_msg/msg/detail
-- Installing: /home/joseph/Turtle_Pursuit/install/turtlesim_custom_msg/include/turtlesim_custom_msg/turtlesim_custom_msg/msg/detail/alive_turtle_array__type_support.cpp
-- Installing: /home/joseph/Turtle_Pursuit/install/turtlesim_custom_msg/include/turtlesim_custom_msg/turtlesim_custom_msg/msg/detail/alive_turtle_array__rosidl_typesupport_introspection_cpp.hpp
-- Installing: /home/joseph/Turtle_Pursuit/install/turtlesim_custom_msg/include/turtlesim_custom_msg/turtlesim_custom_msg/msg/detail/turtle__rosidl_typesupport_introspection_cpp.hpp
-- Installing: /home/joseph/Turtle_Pursuit/install/turtlesim_custom_msg/include/turtlesim_custom_msg/turtlesim_custom_msg/msg/detail/turtle__type_support.cpp
-- Up-to-date: /home/joseph/Turtle_Pursuit/install/turtlesim_custom_msg/include/turtlesim_custom_msg/turtlesim_custom_msg/srv
-- Up-to-date: /home/joseph/Turtle_Pursuit/install/turtlesim_custom_msg/include/turtlesim_custom_msg/turtlesim_custom_msg/srv/detail
-- Installing: /home/joseph/Turtle_Pursuit/install/turtlesim_custom_msg/include/turtlesim_custom_msg/turtlesim_custom_msg/srv/detail/kill_turtle__type_support.cpp
-- Installing: /home/joseph/Turtle_Pursuit/install/turtlesim_custom_msg/include/turtlesim_custom_msg/turtlesim_custom_msg/srv/detail/get_turtle_alive__rosidl_typesupport_introspection_cpp.hpp
-- Installing: /home/joseph/Turtle_Pursuit/install/turtlesim_custom_msg/include/turtlesim_custom_msg/turtlesim_custom_msg/srv/detail/get_turtle_alive__type_support.cpp
-- Installing: /home/joseph/Turtle_Pursuit/install/turtlesim_custom_msg/include/turtlesim_custom_msg/turtlesim_custom_msg/srv/detail/kill_turtle__rosidl_typesupport_introspection_cpp.hpp
-- Installing: /home/joseph/Turtle_Pursuit/install/turtlesim_custom_msg/lib/libturtlesim_custom_msg__rosidl_typesupport_introspection_cpp.so
-- Set runtime path of "/home/joseph/Turtle_Pursuit/install/turtlesim_custom_msg/lib/libturtlesim_custom_msg__rosidl_typesupport_introspection_cpp.so" to ""
-- Installing: /home/joseph/Turtle_Pursuit/install/turtlesim_custom_msg/lib/libturtlesim_custom_msg__rosidl_typesupport_cpp.so
-- Set runtime path of "/home/joseph/Turtle_Pursuit/install/turtlesim_custom_msg/lib/libturtlesim_custom_msg__rosidl_typesupport_cpp.so" to ""
-- Up-to-date: /home/joseph/Turtle_Pursuit/install/turtlesim_custom_msg/share/turtlesim_custom_msg/environment/pythonpath.sh
-- Installing: /home/joseph/Turtle_Pursuit/install/turtlesim_custom_msg/share/turtlesim_custom_msg/environment/pythonpath.dsv
-- Up-to-date: /home/joseph/Turtle_Pursuit/install/turtlesim_custom_msg/local/lib/python3.10/dist-packages/turtlesim_custom_msg-0.0.0-py3.10.egg-info
-- Installing: /home/joseph/Turtle_Pursuit/install/turtlesim_custom_msg/local/lib/python3.10/dist-packages/turtlesim_custom_msg-0.0.0-py3.10.egg-info/PKG-INFO
-- Installing: /home/joseph/Turtle_Pursuit/install/turtlesim_custom_msg/local/lib/python3.10/dist-packages/turtlesim_custom_msg-0.0.0-py3.10.egg-info/SOURCES.txt
-- Installing: /home/joseph/Turtle_Pursuit/install/turtlesim_custom_msg/local/lib/python3.10/dist-packages/turtlesim_custom_msg-0.0.0-py3.10.egg-info/dependency_links.txt
-- Installing: /home/joseph/Turtle_Pursuit/install/turtlesim_custom_msg/local/lib/python3.10/dist-packages/turtlesim_custom_msg-0.0.0-py3.10.egg-info/top_level.txt
-- Up-to-date: /home/joseph/Turtle_Pursuit/install/turtlesim_custom_msg/local/lib/python3.10/dist-packages/turtlesim_custom_msg
-- Up-to-date: /home/joseph/Turtle_Pursuit/install/turtlesim_custom_msg/local/lib/python3.10/dist-packages/turtlesim_custom_msg/msg
-- Installing: /home/joseph/Turtle_Pursuit/install/turtlesim_custom_msg/local/lib/python3.10/dist-packages/turtlesim_custom_msg/msg/__init__.py
-- Installing: /home/joseph/Turtle_Pursuit/install/turtlesim_custom_msg/local/lib/python3.10/dist-packages/turtlesim_custom_msg/msg/_alive_turtle_array_s.c
-- Installing: /home/joseph/Turtle_Pursuit/install/turtlesim_custom_msg/local/lib/python3.10/dist-packages/turtlesim_custom_msg/msg/_turtle_s.c
-- Installing: /home/joseph/Turtle_Pursuit/install/turtlesim_custom_msg/local/lib/python3.10/dist-packages/turtlesim_custom_msg/msg/_alive_turtle_array.py
-- Installing: /home/joseph/Turtle_Pursuit/install/turtlesim_custom_msg/local/lib/python3.10/dist-packages/turtlesim_custom_msg/msg/_turtle.py
-- Up-to-date: /home/joseph/Turtle_Pursuit/install/turtlesim_custom_msg/local/lib/python3.10/dist-packages/turtlesim_custom_msg/srv
-- Installing: /home/joseph/Turtle_Pursuit/install/turtlesim_custom_msg/local/lib/python3.10/dist-packages/turtlesim_custom_msg/srv/_get_turtle_alive.py
-- Installing: /home/joseph/Turtle_Pursuit/install/turtlesim_custom_msg/local/lib/python3.10/dist-packages/turtlesim_custom_msg/srv/__init__.py
-- Installing: /home/joseph/Turtle_Pursuit/install/turtlesim_custom_msg/local/lib/python3.10/dist-packages/turtlesim_custom_msg/srv/_kill_turtle_s.c
-- Installing: /home/joseph/Turtle_Pursuit/install/turtlesim_custom_msg/local/lib/python3.10/dist-packages/turtlesim_custom_msg/srv/_get_turtle_alive_s.c
-- Installing: /home/joseph/Turtle_Pursuit/install/turtlesim_custom_msg/local/lib/python3.10/dist-packages/turtlesim_custom_msg/srv/_kill_turtle.py
-- Installing: /home/joseph/Turtle_Pursuit/install/turtlesim_custom_msg/local/lib/python3.10/dist-packages/turtlesim_custom_msg/_turtlesim_custom_msg_s.ep.rosidl_typesupport_c.c
-- Installing: /home/joseph/Turtle_Pursuit/install/turtlesim_custom_msg/local/lib/python3.10/dist-packages/turtlesim_custom_msg/turtlesim_custom_msg_s__rosidl_typesupport_fastrtps_c.cpython-310-x86_64-linux-gnu.so
-- Installing: /home/joseph/Turtle_Pursuit/install/turtlesim_custom_msg/local/lib/python3.10/dist-packages/turtlesim_custom_msg/__init__.py
-- Installing: /home/joseph/Turtle_Pursuit/install/turtlesim_custom_msg/local/lib/python3.10/dist-packages/turtlesim_custom_msg/_turtlesim_custom_msg_s.ep.rosidl_typesupport_introspection_c.c
-- Installing: /home/joseph/Turtle_Pursuit/install/turtlesim_custom_msg/local/lib/python3.10/dist-packages/turtlesim_custom_msg/_turtlesim_custom_msg_s.ep.rosidl_typesupport_fastrtps_c.c
-- Installing: /home/joseph/Turtle_Pursuit/install/turtlesim_custom_msg/local/lib/python3.10/dist-packages/turtlesim_custom_msg/libturtlesim_custom_msg__rosidl_generator_py.so
-- Installing: /home/joseph/Turtle_Pursuit/install/turtlesim_custom_msg/local/lib/python3.10/dist-packages/turtlesim_custom_msg/turtlesim_custom_msg_s__rosidl_typesupport_c.cpython-310-x86_64-linux-gnu.so
-- Installing: /home/joseph/Turtle_Pursuit/install/turtlesim_custom_msg/local/lib/python3.10/dist-packages/turtlesim_custom_msg/turtlesim_custom_msg_s__rosidl_typesupport_introspection_c.cpython-310-x86_64-linux-gnu.so
Listing '/home/joseph/Turtle_Pursuit/install/turtlesim_custom_msg/local/lib/python3.10/dist-packages/turtlesim_custom_msg'...
Compiling '/home/joseph/Turtle_Pursuit/install/turtlesim_custom_msg/local/lib/python3.10/dist-packages/turtlesim_custom_msg/__init__.py'...
Listing '/home/joseph/Turtle_Pursuit/install/turtlesim_custom_msg/local/lib/python3.10/dist-packages/turtlesim_custom_msg/msg'...
Compiling '/home/joseph/Turtle_Pursuit/install/turtlesim_custom_msg/local/lib/python3.10/dist-packages/turtlesim_custom_msg/msg/__init__.py'...
Compiling '/home/joseph/Turtle_Pursuit/install/turtlesim_custom_msg/local/lib/python3.10/dist-packages/turtlesim_custom_msg/msg/_alive_turtle_array.py'...
Compiling '/home/joseph/Turtle_Pursuit/install/turtlesim_custom_msg/local/lib/python3.10/dist-packages/turtlesim_custom_msg/msg/_turtle.py'...
Listing '/home/joseph/Turtle_Pursuit/install/turtlesim_custom_msg/local/lib/python3.10/dist-packages/turtlesim_custom_msg/srv'...
Compiling '/home/joseph/Turtle_Pursuit/install/turtlesim_custom_msg/local/lib/python3.10/dist-packages/turtlesim_custom_msg/srv/__init__.py'...
Compiling '/home/joseph/Turtle_Pursuit/install/turtlesim_custom_msg/local/lib/python3.10/dist-packages/turtlesim_custom_msg/srv/_get_turtle_alive.py'...
Compiling '/home/joseph/Turtle_Pursuit/install/turtlesim_custom_msg/local/lib/python3.10/dist-packages/turtlesim_custom_msg/srv/_kill_turtle.py'...
-- Installing: /home/joseph/Turtle_Pursuit/install/turtlesim_custom_msg/local/lib/python3.10/dist-packages/turtlesim_custom_msg/turtlesim_custom_msg_s__rosidl_typesupport_fastrtps_c.cpython-310-x86_64-linux-gnu.so
-- Set runtime path of "/home/joseph/Turtle_Pursuit/install/turtlesim_custom_msg/local/lib/python3.10/dist-packages/turtlesim_custom_msg/turtlesim_custom_msg_s__rosidl_typesupport_fastrtps_c.cpython-310-x86_64-linux-gnu.so" to ""
-- Installing: /home/joseph/Turtle_Pursuit/install/turtlesim_custom_msg/local/lib/python3.10/dist-packages/turtlesim_custom_msg/turtlesim_custom_msg_s__rosidl_typesupport_introspection_c.cpython-310-x86_64-linux-gnu.so
-- Set runtime path of "/home/joseph/Turtle_Pursuit/install/turtlesim_custom_msg/local/lib/python3.10/dist-packages/turtlesim_custom_msg/turtlesim_custom_msg_s__rosidl_typesupport_introspection_c.cpython-310-x86_64-linux-gnu.so" to ""
-- Installing: /home/joseph/Turtle_Pursuit/install/turtlesim_custom_msg/local/lib/python3.10/dist-packages/turtlesim_custom_msg/turtlesim_custom_msg_s__rosidl_typesupport_c.cpython-310-x86_64-linux-gnu.so
-- Set runtime path of "/home/joseph/Turtle_Pursuit/install/turtlesim_custom_msg/local/lib/python3.10/dist-packages/turtlesim_custom_msg/turtlesim_custom_msg_s__rosidl_typesupport_c.cpython-310-x86_64-linux-gnu.so" to ""
-- Installing: /home/joseph/Turtle_Pursuit/install/turtlesim_custom_msg/lib/libturtlesim_custom_msg__rosidl_generator_py.so
-- Set runtime path of "/home/joseph/Turtle_Pursuit/install/turtlesim_custom_msg/lib/libturtlesim_custom_msg__rosidl_generator_py.so" to ""
-- Up-to-date: /home/joseph/Turtle_Pursuit/install/turtlesim_custom_msg/share/turtlesim_custom_msg/srv/GetTurtleAlive.idl
-- Up-to-date: /home/joseph/Turtle_Pursuit/install/turtlesim_custom_msg/share/turtlesim_custom_msg/msg/Turtle.idl
-- Up-to-date: /home/joseph/Turtle_Pursuit/install/turtlesim_custom_msg/share/turtlesim_custom_msg/msg/AliveTurtleArray.idl
-- Installing: /home/joseph/Turtle_Pursuit/install/turtlesim_custom_msg/share/turtlesim_custom_msg/srv/KillTurtle.idl
-- Up-to-date: /home/joseph/Turtle_Pursuit/install/turtlesim_custom_msg/share/turtlesim_custom_msg/srv/GetTurtleAlive.srv
-- Up-to-date: /home/joseph/Turtle_Pursuit/install/turtlesim_custom_msg/share/turtlesim_custom_msg/srv/GetTurtleAlive_Request.msg
-- Up-to-date: /home/joseph/Turtle_Pursuit/install/turtlesim_custom_msg/share/turtlesim_custom_msg/srv/GetTurtleAlive_Response.msg
-- Up-to-date: /home/joseph/Turtle_Pursuit/install/turtlesim_custom_msg/share/turtlesim_custom_msg/msg/Turtle.msg
-- Up-to-date: /home/joseph/Turtle_Pursuit/install/turtlesim_custom_msg/share/turtlesim_custom_msg/msg/AliveTurtleArray.msg
-- Installing: /home/joseph/Turtle_Pursuit/install/turtlesim_custom_msg/share/turtlesim_custom_msg/srv/KillTurtle.srv
-- Installing: /home/joseph/Turtle_Pursuit/install/turtlesim_custom_msg/share/turtlesim_custom_msg/srv/KillTurtle_Request.msg
-- Installing: /home/joseph/Turtle_Pursuit/install/turtlesim_custom_msg/share/turtlesim_custom_msg/srv/KillTurtle_Response.msg
-- Up-to-date: /home/joseph/Turtle_Pursuit/install/turtlesim_custom_msg/share/ament_index/resource_index/package_run_dependencies/turtlesim_custom_msg
-- Up-to-date: /home/joseph/Turtle_Pursuit/install/turtlesim_custom_msg/share/ament_index/resource_index/parent_prefix_path/turtlesim_custom_msg
-- Up-to-date: /home/joseph/Turtle_Pursuit/install/turtlesim_custom_msg/share/turtlesim_custom_msg/environment/ament_prefix_path.sh
-- Installing: /home/joseph/Turtle_Pursuit/install/turtlesim_custom_msg/share/turtlesim_custom_msg/environment/ament_prefix_path.dsv
-- Up-to-date: /home/joseph/Turtle_Pursuit/install/turtlesim_custom_msg/share/turtlesim_custom_msg/environment/path.sh
-- Installing: /home/joseph/Turtle_Pursuit/install/turtlesim_custom_msg/share/turtlesim_custom_msg/environment/path.dsv
-- Up-to-date: /home/joseph/Turtle_Pursuit/install/turtlesim_custom_msg/share/turtlesim_custom_msg/local_setup.bash
-- Up-to-date: /home/joseph/Turtle_Pursuit/install/turtlesim_custom_msg/share/turtlesim_custom_msg/local_setup.sh
-- Up-to-date: /home/joseph/Turtle_Pursuit/install/turtlesim_custom_msg/share/turtlesim_custom_msg/local_setup.zsh
-- Installing: /home/joseph/Turtle_Pursuit/install/turtlesim_custom_msg/share/turtlesim_custom_msg/local_setup.dsv
-- Installing: /home/joseph/Turtle_Pursuit/install/turtlesim_custom_msg/share/turtlesim_custom_msg/package.dsv
-- Up-to-date: /home/joseph/Turtle_Pursuit/install/turtlesim_custom_msg/share/ament_index/resource_index/packages/turtlesim_custom_msg
-- Up-to-date: /home/joseph/Turtle_Pursuit/install/turtlesim_custom_msg/share/turtlesim_custom_msg/cmake/export_turtlesim_custom_msg__rosidl_generator_cExport.cmake
-- Up-to-date: /home/joseph/Turtle_Pursuit/install/turtlesim_custom_msg/share/turtlesim_custom_msg/cmake/export_turtlesim_custom_msg__rosidl_generator_cExport-noconfig.cmake
-- Up-to-date: /home/joseph/Turtle_Pursuit/install/turtlesim_custom_msg/share/turtlesim_custom_msg/cmake/export_turtlesim_custom_msg__rosidl_typesupport_fastrtps_cExport.cmake
-- Up-to-date: /home/joseph/Turtle_Pursuit/install/turtlesim_custom_msg/share/turtlesim_custom_msg/cmake/export_turtlesim_custom_msg__rosidl_typesupport_fastrtps_cExport-noconfig.cmake
-- Up-to-date: /home/joseph/Turtle_Pursuit/install/turtlesim_custom_msg/share/turtlesim_custom_msg/cmake/turtlesim_custom_msg__rosidl_typesupport_introspection_cExport.cmake
-- Up-to-date: /home/joseph/Turtle_Pursuit/install/turtlesim_custom_msg/share/turtlesim_custom_msg/cmake/turtlesim_custom_msg__rosidl_typesupport_introspection_cExport-noconfig.cmake
-- Up-to-date: /home/joseph/Turtle_Pursuit/install/turtlesim_custom_msg/share/turtlesim_custom_msg/cmake/turtlesim_custom_msg__rosidl_typesupport_cExport.cmake
-- Up-to-date: /home/joseph/Turtle_Pursuit/install/turtlesim_custom_msg/share/turtlesim_custom_msg/cmake/turtlesim_custom_msg__rosidl_typesupport_cExport-noconfig.cmake
-- Up-to-date: /home/joseph/Turtle_Pursuit/install/turtlesim_custom_msg/share/turtlesim_custom_msg/cmake/export_turtlesim_custom_msg__rosidl_generator_cppExport.cmake
-- Up-to-date: /home/joseph/Turtle_Pursuit/install/turtlesim_custom_msg/share/turtlesim_custom_msg/cmake/export_turtlesim_custom_msg__rosidl_typesupport_fastrtps_cppExport.cmake
-- Up-to-date: /home/joseph/Turtle_Pursuit/install/turtlesim_custom_msg/share/turtlesim_custom_msg/cmake/export_turtlesim_custom_msg__rosidl_typesupport_fastrtps_cppExport-noconfig.cmake
-- Up-to-date: /home/joseph/Turtle_Pursuit/install/turtlesim_custom_msg/share/turtlesim_custom_msg/cmake/turtlesim_custom_msg__rosidl_typesupport_introspection_cppExport.cmake
-- Up-to-date: /home/joseph/Turtle_Pursuit/install/turtlesim_custom_msg/share/turtlesim_custom_msg/cmake/turtlesim_custom_msg__rosidl_typesupport_introspection_cppExport-noconfig.cmake
-- Up-to-date: /home/joseph/Turtle_Pursuit/install/turtlesim_custom_msg/share/turtlesim_custom_msg/cmake/turtlesim_custom_msg__rosidl_typesupport_cppExport.cmake
-- Up-to-date: /home/joseph/Turtle_Pursuit/install/turtlesim_custom_msg/share/turtlesim_custom_msg/cmake/turtlesim_custom_msg__rosidl_typesupport_cppExport-noconfig.cmake
-- Up-to-date: /home/joseph/Turtle_Pursuit/install/turtlesim_custom_msg/share/turtlesim_custom_msg/cmake/export_turtlesim_custom_msg__rosidl_generator_pyExport.cmake
-- Up-to-date: /home/joseph/Turtle_Pursuit/install/turtlesim_custom_msg/share/turtlesim_custom_msg/cmake/export_turtlesim_custom_msg__rosidl_generator_pyExport-noconfig.cmake
-- Installing: /home/joseph/Turtle_Pursuit/install/turtlesim_custom_msg/share/turtlesim_custom_msg/cmake/rosidl_cmake-extras.cmake
-- Up-to-date: /home/joseph/Turtle_Pursuit/install/turtlesim_custom_msg/share/turtlesim_custom_msg/cmake/ament_cmake_export_include_directories-extras.cmake
-- Up-to-date: /home/joseph/Turtle_Pursuit/install/turtlesim_custom_msg/share/turtlesim_custom_msg/cmake/ament_cmake_export_libraries-extras.cmake
-- Up-to-date: /home/joseph/Turtle_Pursuit/install/turtlesim_custom_msg/share/turtlesim_custom_msg/cmake/ament_cmake_export_targets-extras.cmake
-- Up-to-date: /home/joseph/Turtle_Pursuit/install/turtlesim_custom_msg/share/turtlesim_custom_msg/cmake/rosidl_cmake_export_typesupport_targets-extras.cmake
-- Up-to-date: /home/joseph/Turtle_Pursuit/install/turtlesim_custom_msg/share/turtlesim_custom_msg/cmake/ament_cmake_export_dependencies-extras.cmake
-- Up-to-date: /home/joseph/Turtle_Pursuit/install/turtlesim_custom_msg/share/turtlesim_custom_msg/cmake/rosidl_cmake_export_typesupport_libraries-extras.cmake
-- Up-to-date: /home/joseph/Turtle_Pursuit/install/turtlesim_custom_msg/share/turtlesim_custom_msg/cmake/turtlesim_custom_msgConfig.cmake
-- Up-to-date: /home/joseph/Turtle_Pursuit/install/turtlesim_custom_msg/share/turtlesim_custom_msg/cmake/turtlesim_custom_msgConfig-version.cmake
-- Up-to-date: /home/joseph/Turtle_Pursuit/install/turtlesim_custom_msg/share/turtlesim_custom_msg/package.xml
