[0.793s] Invoking command in '/home/joseph/Turtle_Pursuit/build/turtlesim_custom_msg': CMAKE_PREFIX_PATH=${CMAKE_PREFIX_PATH}:/home/joseph/Turtle_Pursuit/install/turtle_handlers:/home/joseph/learn_ros/install/test_pkg:/home/joseph/learn_ros/install/pubsub:/home/joseph/learn_ros/install/activity:/home/joseph/learn_ros/install/clientserver:/home/joseph/turtlesim_catch_turtles/install/handle_turtle:/home/joseph/turtlesim_catch_turtles/install/catch_turtles:/home/joseph/e-Yantra/install/ur5_control:/home/joseph/e-Yantra/install/task3b:/home/joseph/e-Yantra/install/task2a:/home/joseph/e-Yantra/install/misc:/home/joseph/e-Yantra/install/aruco:/opt/ros/humble /usr/bin/cmake --build /home/joseph/Turtle_Pursuit/build/turtlesim_custom_msg -- -j12 -l12
[0.886s] -- Found ament_cmake: 1.3.10 (/opt/ros/humble/share/ament_cmake/cmake)
[1.259s] -- Found rosidl_default_generators: 1.2.0 (/opt/ros/humble/share/rosidl_default_generators/cmake)
[1.272s] -- Using all available rosidl_typesupport_c: rosidl_typesupport_fastrtps_c;rosidl_typesupport_introspection_c
[1.279s] -- Found rosidl_adapter: 3.1.5 (/opt/ros/humble/share/rosidl_adapter/cmake)
[1.371s] -- Using all available rosidl_typesupport_cpp: rosidl_typesupport_fastrtps_cpp;rosidl_typesupport_introspection_cpp
[1.448s] -- Found builtin_interfaces: 1.2.1 (/opt/ros/humble/share/builtin_interfaces/cmake)
[2.185s] -- Found ament_cmake_ros: 0.10.0 (/opt/ros/humble/share/ament_cmake_ros/cmake)
[2.683s] -- Using all available rosidl_typesupport_c: rosidl_typesupport_fastrtps_c;rosidl_typesupport_introspection_c
[3.332s] -- Using all available rosidl_typesupport_cpp: rosidl_typesupport_fastrtps_cpp;rosidl_typesupport_introspection_cpp
[3.396s] -- Found python_cmake_module: 0.10.0 (/opt/ros/humble/share/python_cmake_module/cmake)
[3.461s] -- Using PYTHON_EXECUTABLE: /usr/bin/python3
[3.461s] -- Using PYTHON_INCLUDE_DIRS: /usr/include/python3.10
[3.461s] -- Using PYTHON_LIBRARIES: /usr/lib/x86_64-linux-gnu/libpython3.10.so
[3.528s] -- Configuring done
[3.622s] -- Generating done
[3.631s] -- Build files have been written to: /home/joseph/Turtle_Pursuit/build/turtlesim_custom_msg
[3.698s] [  1%] [34m[1mGenerating C code for ROS interfaces[0m
[3.729s] [  3%] [34m[1mGenerating C++ code for ROS interfaces[0m
[3.760s] [  3%] Built target ament_cmake_python_copy_turtlesim_custom_msg
[4.484s] running egg_info
[4.485s] writing turtlesim_custom_msg.egg-info/PKG-INFO
[4.486s] writing dependency_links to turtlesim_custom_msg.egg-info/dependency_links.txt
[4.486s] writing top-level names to turtlesim_custom_msg.egg-info/top_level.txt
[4.492s] reading manifest file 'turtlesim_custom_msg.egg-info/SOURCES.txt'
[4.493s] writing manifest file 'turtlesim_custom_msg.egg-info/SOURCES.txt'
[4.555s] [  3%] Built target ament_cmake_python_build_turtlesim_custom_msg_egg
[4.750s] [35m[1mConsolidate compiler generated dependencies of target turtlesim_custom_msg__rosidl_generator_c[0m
[4.791s] [  5%] [32mBuilding C object CMakeFiles/turtlesim_custom_msg__rosidl_generator_c.dir/rosidl_generator_c/turtlesim_custom_msg/srv/detail/kill_turtle__functions.c.o[0m
[4.792s] [  7%] [32mBuilding C object CMakeFiles/turtlesim_custom_msg__rosidl_generator_c.dir/rosidl_generator_c/turtlesim_custom_msg/srv/detail/get_turtle_alive__functions.c.o[0m
[4.793s] [  9%] [32mBuilding C object CMakeFiles/turtlesim_custom_msg__rosidl_generator_c.dir/rosidl_generator_c/turtlesim_custom_msg/msg/detail/turtle__functions.c.o[0m
[4.794s] [ 10%] [32mBuilding C object CMakeFiles/turtlesim_custom_msg__rosidl_generator_c.dir/rosidl_generator_c/turtlesim_custom_msg/msg/detail/alive_turtle_array__functions.c.o[0m
[4.804s] [ 10%] Built target turtlesim_custom_msg__cpp
[4.841s] [ 14%] [34m[1mGenerating C++ type support dispatch for ROS interfaces[0m
[4.842s] [ 16%] [34m[1mGenerating C++ type support for eProsima Fast-RTPS[0m
[4.842s] [ 16%] [34m[1mGenerating C++ introspection for ROS interfaces[0m
[4.982s] [ 18%] [32m[1mLinking C shared library libturtlesim_custom_msg__rosidl_generator_c.so[0m
[5.117s] [ 18%] Built target turtlesim_custom_msg__rosidl_generator_c
[5.158s] [ 20%] [34m[1mGenerating C type support for eProsima Fast-RTPS[0m
[5.159s] [ 21%] [34m[1mGenerating C introspection for ROS interfaces[0m
[5.160s] [ 23%] [34m[1mGenerating C type support dispatch for ROS interfaces[0m
[5.915s] [35m[1mConsolidate compiler generated dependencies of target turtlesim_custom_msg__rosidl_typesupport_cpp[0m
[5.972s] [ 27%] [32mBuilding CXX object CMakeFiles/turtlesim_custom_msg__rosidl_typesupport_cpp.dir/rosidl_typesupport_cpp/turtlesim_custom_msg/srv/kill_turtle__type_support.cpp.o[0m
[5.972s] [ 27%] [32mBuilding CXX object CMakeFiles/turtlesim_custom_msg__rosidl_typesupport_cpp.dir/rosidl_typesupport_cpp/turtlesim_custom_msg/srv/get_turtle_alive__type_support.cpp.o[0m
[5.976s] [ 29%] [32mBuilding CXX object CMakeFiles/turtlesim_custom_msg__rosidl_typesupport_cpp.dir/rosidl_typesupport_cpp/turtlesim_custom_msg/msg/alive_turtle_array__type_support.cpp.o[0m
[5.997s] [35m[1mConsolidate compiler generated dependencies of target turtlesim_custom_msg__rosidl_typesupport_introspection_cpp[0m
[6.000s] [ 30%] [32mBuilding CXX object CMakeFiles/turtlesim_custom_msg__rosidl_typesupport_cpp.dir/rosidl_typesupport_cpp/turtlesim_custom_msg/msg/turtle__type_support.cpp.o[0m
[6.062s] [ 32%] [32mBuilding CXX object CMakeFiles/turtlesim_custom_msg__rosidl_typesupport_introspection_cpp.dir/rosidl_typesupport_introspection_cpp/turtlesim_custom_msg/msg/detail/turtle__type_support.cpp.o[0m
[6.075s] [ 34%] [32mBuilding CXX object CMakeFiles/turtlesim_custom_msg__rosidl_typesupport_introspection_cpp.dir/rosidl_typesupport_introspection_cpp/turtlesim_custom_msg/srv/detail/kill_turtle__type_support.cpp.o[0m
[6.086s] [ 36%] [32mBuilding CXX object CMakeFiles/turtlesim_custom_msg__rosidl_typesupport_introspection_cpp.dir/rosidl_typesupport_introspection_cpp/turtlesim_custom_msg/msg/detail/alive_turtle_array__type_support.cpp.o[0m
[6.086s] [ 38%] [32mBuilding CXX object CMakeFiles/turtlesim_custom_msg__rosidl_typesupport_introspection_cpp.dir/rosidl_typesupport_introspection_cpp/turtlesim_custom_msg/srv/detail/get_turtle_alive__type_support.cpp.o[0m
[6.314s] [35m[1mConsolidate compiler generated dependencies of target turtlesim_custom_msg__rosidl_typesupport_c[0m
[6.391s] [ 40%] [32mBuilding CXX object CMakeFiles/turtlesim_custom_msg__rosidl_typesupport_c.dir/rosidl_typesupport_c/turtlesim_custom_msg/srv/get_turtle_alive__type_support.cpp.o[0m
[6.508s] [35m[1mConsolidate compiler generated dependencies of target turtlesim_custom_msg__rosidl_typesupport_fastrtps_cpp[0m
[6.596s] [ 41%] [32mBuilding CXX object CMakeFiles/turtlesim_custom_msg__rosidl_typesupport_c.dir/rosidl_typesupport_c/turtlesim_custom_msg/msg/turtle__type_support.cpp.o[0m
[6.638s] [ 43%] [32mBuilding CXX object CMakeFiles/turtlesim_custom_msg__rosidl_typesupport_fastrtps_cpp.dir/rosidl_typesupport_fastrtps_cpp/turtlesim_custom_msg/srv/detail/dds_fastrtps/get_turtle_alive__type_support.cpp.o[0m
[6.735s] [ 45%] [32mBuilding CXX object CMakeFiles/turtlesim_custom_msg__rosidl_typesupport_c.dir/rosidl_typesupport_c/turtlesim_custom_msg/msg/alive_turtle_array__type_support.cpp.o[0m
[6.883s] [ 47%] [32mBuilding CXX object CMakeFiles/turtlesim_custom_msg__rosidl_typesupport_c.dir/rosidl_typesupport_c/turtlesim_custom_msg/srv/kill_turtle__type_support.cpp.o[0m
[6.931s] [35m[1mConsolidate compiler generated dependencies of target turtlesim_custom_msg__rosidl_typesupport_fastrtps_c[0m
[7.050s] [ 49%] [32mBuilding CXX object CMakeFiles/turtlesim_custom_msg__rosidl_typesupport_fastrtps_c.dir/rosidl_typesupport_fastrtps_c/turtlesim_custom_msg/srv/detail/get_turtle_alive__type_support_c.cpp.o[0m
[7.056s] [ 50%] [32m[1mLinking CXX shared library libturtlesim_custom_msg__rosidl_typesupport_c.so[0m
[7.208s] [35m[1mConsolidate compiler generated dependencies of target turtlesim_custom_msg__rosidl_typesupport_introspection_c[0m
[7.306s] [ 52%] [32mBuilding C object CMakeFiles/turtlesim_custom_msg__rosidl_typesupport_introspection_c.dir/rosidl_typesupport_introspection_c/turtlesim_custom_msg/srv/detail/get_turtle_alive__type_support.c.o[0m
[7.308s] [ 54%] [32mBuilding C object CMakeFiles/turtlesim_custom_msg__rosidl_typesupport_introspection_c.dir/rosidl_typesupport_introspection_c/turtlesim_custom_msg/msg/detail/turtle__type_support.c.o[0m
[7.347s] [ 54%] Built target turtlesim_custom_msg__rosidl_typesupport_c
[7.361s] [ 56%] [32mBuilding C object CMakeFiles/turtlesim_custom_msg__rosidl_typesupport_introspection_c.dir/rosidl_typesupport_introspection_c/turtlesim_custom_msg/msg/detail/alive_turtle_array__type_support.c.o[0m
[7.376s] [ 58%] [32mBuilding C object CMakeFiles/turtlesim_custom_msg__rosidl_typesupport_introspection_c.dir/rosidl_typesupport_introspection_c/turtlesim_custom_msg/srv/detail/kill_turtle__type_support.c.o[0m
[7.384s] [ 60%] [32m[1mLinking CXX shared library libturtlesim_custom_msg__rosidl_typesupport_cpp.so[0m
[7.400s] [ 61%] [32mBuilding CXX object CMakeFiles/turtlesim_custom_msg__rosidl_typesupport_fastrtps_cpp.dir/rosidl_typesupport_fastrtps_cpp/turtlesim_custom_msg/msg/detail/dds_fastrtps/turtle__type_support.cpp.o[0m
[7.460s] [ 63%] [32mBuilding CXX object CMakeFiles/turtlesim_custom_msg__rosidl_typesupport_fastrtps_c.dir/rosidl_typesupport_fastrtps_c/turtlesim_custom_msg/msg/detail/turtle__type_support_c.cpp.o[0m
[7.465s] [ 65%] [32mBuilding CXX object CMakeFiles/turtlesim_custom_msg__rosidl_typesupport_fastrtps_cpp.dir/rosidl_typesupport_fastrtps_cpp/turtlesim_custom_msg/msg/detail/dds_fastrtps/alive_turtle_array__type_support.cpp.o[0m
[7.530s] [ 65%] Built target turtlesim_custom_msg__rosidl_typesupport_cpp
[7.560s] [ 67%] [32mBuilding CXX object CMakeFiles/turtlesim_custom_msg__rosidl_typesupport_fastrtps_c.dir/rosidl_typesupport_fastrtps_c/turtlesim_custom_msg/msg/detail/alive_turtle_array__type_support_c.cpp.o[0m
[7.567s] [ 69%] [32mBuilding CXX object CMakeFiles/turtlesim_custom_msg__rosidl_typesupport_fastrtps_cpp.dir/rosidl_typesupport_fastrtps_cpp/turtlesim_custom_msg/srv/detail/dds_fastrtps/kill_turtle__type_support.cpp.o[0m
[7.567s] [ 70%] [32mBuilding CXX object CMakeFiles/turtlesim_custom_msg__rosidl_typesupport_fastrtps_c.dir/rosidl_typesupport_fastrtps_c/turtlesim_custom_msg/srv/detail/kill_turtle__type_support_c.cpp.o[0m
[7.583s] [ 72%] [32m[1mLinking C shared library libturtlesim_custom_msg__rosidl_typesupport_introspection_c.so[0m
[7.696s] [ 72%] Built target turtlesim_custom_msg__rosidl_typesupport_introspection_c
[7.893s] [ 74%] [32m[1mLinking CXX shared library libturtlesim_custom_msg__rosidl_typesupport_introspection_cpp.so[0m
[8.135s] [ 74%] Built target turtlesim_custom_msg__rosidl_typesupport_introspection_cpp
[8.375s] [ 76%] [32m[1mLinking CXX shared library libturtlesim_custom_msg__rosidl_typesupport_fastrtps_c.so[0m
[8.472s] [ 78%] [32m[1mLinking CXX shared library libturtlesim_custom_msg__rosidl_typesupport_fastrtps_cpp.so[0m
[8.491s] [ 78%] Built target turtlesim_custom_msg__rosidl_typesupport_fastrtps_c
[8.580s] [ 78%] Built target turtlesim_custom_msg__rosidl_typesupport_fastrtps_cpp
[8.616s] [ 78%] Built target turtlesim_custom_msg
[8.652s] [ 80%] [34m[1mGenerating Python code for ROS interfaces[0m
[9.304s] [ 80%] Built target turtlesim_custom_msg__py
[9.319s] [35m[1mConsolidate compiler generated dependencies of target turtlesim_custom_msg__rosidl_generator_py[0m
[9.337s] [ 85%] [32mBuilding C object CMakeFiles/turtlesim_custom_msg__rosidl_generator_py.dir/rosidl_generator_py/turtlesim_custom_msg/srv/_get_turtle_alive_s.c.o[0m
[9.337s] [ 85%] [32mBuilding C object CMakeFiles/turtlesim_custom_msg__rosidl_generator_py.dir/rosidl_generator_py/turtlesim_custom_msg/msg/_alive_turtle_array_s.c.o[0m
[9.337s] [ 85%] [32mBuilding C object CMakeFiles/turtlesim_custom_msg__rosidl_generator_py.dir/rosidl_generator_py/turtlesim_custom_msg/msg/_turtle_s.c.o[0m
[9.337s] [ 87%] [32mBuilding C object CMakeFiles/turtlesim_custom_msg__rosidl_generator_py.dir/rosidl_generator_py/turtlesim_custom_msg/srv/_kill_turtle_s.c.o[0m
[9.451s] [ 89%] [32m[1mLinking C shared library rosidl_generator_py/turtlesim_custom_msg/libturtlesim_custom_msg__rosidl_generator_py.so[0m
[9.498s] [ 89%] Built target turtlesim_custom_msg__rosidl_generator_py
[9.511s] [35m[1mConsolidate compiler generated dependencies of target turtlesim_custom_msg__rosidl_typesupport_introspection_c__pyext[0m
[9.512s] [35m[1mConsolidate compiler generated dependencies of target turtlesim_custom_msg__rosidl_typesupport_fastrtps_c__pyext[0m
[9.512s] [35m[1mConsolidate compiler generated dependencies of target turtlesim_custom_msg__rosidl_typesupport_c__pyext[0m
[9.527s] [ 94%] [32mBuilding C object CMakeFiles/turtlesim_custom_msg__rosidl_typesupport_introspection_c__pyext.dir/rosidl_generator_py/turtlesim_custom_msg/_turtlesim_custom_msg_s.ep.rosidl_typesupport_introspection_c.c.o[0m
[9.527s] [ 94%] [32mBuilding C object CMakeFiles/turtlesim_custom_msg__rosidl_typesupport_c__pyext.dir/rosidl_generator_py/turtlesim_custom_msg/_turtlesim_custom_msg_s.ep.rosidl_typesupport_c.c.o[0m
[9.527s] [ 94%] [32mBuilding C object CMakeFiles/turtlesim_custom_msg__rosidl_typesupport_fastrtps_c__pyext.dir/rosidl_generator_py/turtlesim_custom_msg/_turtlesim_custom_msg_s.ep.rosidl_typesupport_fastrtps_c.c.o[0m
[9.625s] [ 98%] [32m[1mLinking C shared library rosidl_generator_py/turtlesim_custom_msg/turtlesim_custom_msg_s__rosidl_typesupport_introspection_c.cpython-310-x86_64-linux-gnu.so[0m
[9.625s] [ 98%] [32m[1mLinking C shared library rosidl_generator_py/turtlesim_custom_msg/turtlesim_custom_msg_s__rosidl_typesupport_c.cpython-310-x86_64-linux-gnu.so[0m
[9.627s] [100%] [32m[1mLinking C shared library rosidl_generator_py/turtlesim_custom_msg/turtlesim_custom_msg_s__rosidl_typesupport_fastrtps_c.cpython-310-x86_64-linux-gnu.so[0m
[9.662s] [100%] Built target turtlesim_custom_msg__rosidl_typesupport_c__pyext
[9.662s] [100%] Built target turtlesim_custom_msg__rosidl_typesupport_introspection_c__pyext
[9.664s] [100%] Built target turtlesim_custom_msg__rosidl_typesupport_fastrtps_c__pyext
[9.677s] Invoked command in '/home/joseph/Turtle_Pursuit/build/turtlesim_custom_msg' returned '0': CMAKE_PREFIX_PATH=${CMAKE_PREFIX_PATH}:/home/joseph/Turtle_Pursuit/install/turtle_handlers:/home/joseph/learn_ros/install/test_pkg:/home/joseph/learn_ros/install/pubsub:/home/joseph/learn_ros/install/activity:/home/joseph/learn_ros/install/clientserver:/home/joseph/turtlesim_catch_turtles/install/handle_turtle:/home/joseph/turtlesim_catch_turtles/install/catch_turtles:/home/joseph/e-Yantra/install/ur5_control:/home/joseph/e-Yantra/install/task3b:/home/joseph/e-Yantra/install/task2a:/home/joseph/e-Yantra/install/misc:/home/joseph/e-Yantra/install/aruco:/opt/ros/humble /usr/bin/cmake --build /home/joseph/Turtle_Pursuit/build/turtlesim_custom_msg -- -j12 -l12
[9.845s] Invoking command in '/home/joseph/Turtle_Pursuit/build/turtlesim_custom_msg': CMAKE_PREFIX_PATH=${CMAKE_PREFIX_PATH}:/home/joseph/Turtle_Pursuit/install/turtle_handlers:/home/joseph/learn_ros/install/test_pkg:/home/joseph/learn_ros/install/pubsub:/home/joseph/learn_ros/install/activity:/home/joseph/learn_ros/install/clientserver:/home/joseph/turtlesim_catch_turtles/install/handle_turtle:/home/joseph/turtlesim_catch_turtles/install/catch_turtles:/home/joseph/e-Yantra/install/ur5_control:/home/joseph/e-Yantra/install/task3b:/home/joseph/e-Yantra/install/task2a:/home/joseph/e-Yantra/install/misc:/home/joseph/e-Yantra/install/aruco:/opt/ros/humble /usr/bin/cmake --install /home/joseph/Turtle_Pursuit/build/turtlesim_custom_msg
[9.853s] -- Install configuration: ""
[9.853s] -- Installing: /home/joseph/Turtle_Pursuit/install/turtlesim_custom_msg/share/ament_index/resource_index/rosidl_interfaces/turtlesim_custom_msg
[9.854s] -- Up-to-date: /home/joseph/Turtle_Pursuit/install/turtlesim_custom_msg/include/turtlesim_custom_msg/turtlesim_custom_msg
[9.854s] -- Up-to-date: /home/joseph/Turtle_Pursuit/install/turtlesim_custom_msg/include/turtlesim_custom_msg/turtlesim_custom_msg/msg
[9.854s] -- Up-to-date: /home/joseph/Turtle_Pursuit/install/turtlesim_custom_msg/include/turtlesim_custom_msg/turtlesim_custom_msg/msg/detail
[9.854s] -- Installing: /home/joseph/Turtle_Pursuit/install/turtlesim_custom_msg/include/turtlesim_custom_msg/turtlesim_custom_msg/msg/detail/turtle__struct.h
[9.854s] -- Installing: /home/joseph/Turtle_Pursuit/install/turtlesim_custom_msg/include/turtlesim_custom_msg/turtlesim_custom_msg/msg/detail/alive_turtle_array__functions.h
[9.854s] -- Installing: /home/joseph/Turtle_Pursuit/install/turtlesim_custom_msg/include/turtlesim_custom_msg/turtlesim_custom_msg/msg/detail/alive_turtle_array__struct.h
[9.854s] -- Installing: /home/joseph/Turtle_Pursuit/install/turtlesim_custom_msg/include/turtlesim_custom_msg/turtlesim_custom_msg/msg/detail/turtle__functions.h
[9.855s] -- Installing: /home/joseph/Turtle_Pursuit/install/turtlesim_custom_msg/include/turtlesim_custom_msg/turtlesim_custom_msg/msg/detail/turtle__type_support.h
[9.855s] -- Installing: /home/joseph/Turtle_Pursuit/install/turtlesim_custom_msg/include/turtlesim_custom_msg/turtlesim_custom_msg/msg/detail/alive_turtle_array__functions.c
[9.855s] -- Installing: /home/joseph/Turtle_Pursuit/install/turtlesim_custom_msg/include/turtlesim_custom_msg/turtlesim_custom_msg/msg/detail/alive_turtle_array__type_support.h
[9.855s] -- Installing: /home/joseph/Turtle_Pursuit/install/turtlesim_custom_msg/include/turtlesim_custom_msg/turtlesim_custom_msg/msg/detail/turtle__functions.c
[9.855s] -- Installing: /home/joseph/Turtle_Pursuit/install/turtlesim_custom_msg/include/turtlesim_custom_msg/turtlesim_custom_msg/msg/turtle.h
[9.855s] -- Up-to-date: /home/joseph/Turtle_Pursuit/install/turtlesim_custom_msg/include/turtlesim_custom_msg/turtlesim_custom_msg/msg/rosidl_generator_c__visibility_control.h
[9.855s] -- Installing: /home/joseph/Turtle_Pursuit/install/turtlesim_custom_msg/include/turtlesim_custom_msg/turtlesim_custom_msg/msg/alive_turtle_array.h
[9.856s] -- Up-to-date: /home/joseph/Turtle_Pursuit/install/turtlesim_custom_msg/include/turtlesim_custom_msg/turtlesim_custom_msg/srv
[9.856s] -- Installing: /home/joseph/Turtle_Pursuit/install/turtlesim_custom_msg/include/turtlesim_custom_msg/turtlesim_custom_msg/srv/get_turtle_alive.h
[9.856s] -- Up-to-date: /home/joseph/Turtle_Pursuit/install/turtlesim_custom_msg/include/turtlesim_custom_msg/turtlesim_custom_msg/srv/detail
[9.856s] -- Installing: /home/joseph/Turtle_Pursuit/install/turtlesim_custom_msg/include/turtlesim_custom_msg/turtlesim_custom_msg/srv/detail/get_turtle_alive__struct.h
[9.856s] -- Installing: /home/joseph/Turtle_Pursuit/install/turtlesim_custom_msg/include/turtlesim_custom_msg/turtlesim_custom_msg/srv/detail/get_turtle_alive__type_support.h
[9.856s] -- Installing: /home/joseph/Turtle_Pursuit/install/turtlesim_custom_msg/include/turtlesim_custom_msg/turtlesim_custom_msg/srv/detail/get_turtle_alive__functions.h
[9.856s] -- Installing: /home/joseph/Turtle_Pursuit/install/turtlesim_custom_msg/include/turtlesim_custom_msg/turtlesim_custom_msg/srv/detail/kill_turtle__struct.h
[9.856s] -- Installing: /home/joseph/Turtle_Pursuit/install/turtlesim_custom_msg/include/turtlesim_custom_msg/turtlesim_custom_msg/srv/detail/get_turtle_alive__functions.c
[9.856s] -- Installing: /home/joseph/Turtle_Pursuit/install/turtlesim_custom_msg/include/turtlesim_custom_msg/turtlesim_custom_msg/srv/detail/kill_turtle__functions.h
[9.857s] -- Installing: /home/joseph/Turtle_Pursuit/install/turtlesim_custom_msg/include/turtlesim_custom_msg/turtlesim_custom_msg/srv/detail/kill_turtle__type_support.h
[9.857s] -- Installing: /home/joseph/Turtle_Pursuit/install/turtlesim_custom_msg/include/turtlesim_custom_msg/turtlesim_custom_msg/srv/detail/kill_turtle__functions.c
[9.857s] -- Installing: /home/joseph/Turtle_Pursuit/install/turtlesim_custom_msg/include/turtlesim_custom_msg/turtlesim_custom_msg/srv/kill_turtle.h
[9.857s] -- Up-to-date: /home/joseph/Turtle_Pursuit/install/turtlesim_custom_msg/share/turtlesim_custom_msg/environment/library_path.sh
[9.857s] -- Installing: /home/joseph/Turtle_Pursuit/install/turtlesim_custom_msg/share/turtlesim_custom_msg/environment/library_path.dsv
[9.857s] -- Installing: /home/joseph/Turtle_Pursuit/install/turtlesim_custom_msg/lib/libturtlesim_custom_msg__rosidl_generator_c.so
[9.858s] -- Set runtime path of "/home/joseph/Turtle_Pursuit/install/turtlesim_custom_msg/lib/libturtlesim_custom_msg__rosidl_generator_c.so" to ""
[9.858s] -- Up-to-date: /home/joseph/Turtle_Pursuit/install/turtlesim_custom_msg/include/turtlesim_custom_msg/turtlesim_custom_msg
[9.858s] -- Up-to-date: /home/joseph/Turtle_Pursuit/install/turtlesim_custom_msg/include/turtlesim_custom_msg/turtlesim_custom_msg/msg
[9.858s] -- Up-to-date: /home/joseph/Turtle_Pursuit/install/turtlesim_custom_msg/include/turtlesim_custom_msg/turtlesim_custom_msg/msg/rosidl_typesupport_fastrtps_c__visibility_control.h
[9.858s] -- Up-to-date: /home/joseph/Turtle_Pursuit/install/turtlesim_custom_msg/include/turtlesim_custom_msg/turtlesim_custom_msg/msg/detail
[9.858s] -- Installing: /home/joseph/Turtle_Pursuit/install/turtlesim_custom_msg/include/turtlesim_custom_msg/turtlesim_custom_msg/msg/detail/turtle__rosidl_typesupport_fastrtps_c.h
[9.858s] -- Installing: /home/joseph/Turtle_Pursuit/install/turtlesim_custom_msg/include/turtlesim_custom_msg/turtlesim_custom_msg/msg/detail/alive_turtle_array__rosidl_typesupport_fastrtps_c.h
[9.859s] -- Up-to-date: /home/joseph/Turtle_Pursuit/install/turtlesim_custom_msg/include/turtlesim_custom_msg/turtlesim_custom_msg/srv
[9.859s] -- Up-to-date: /home/joseph/Turtle_Pursuit/install/turtlesim_custom_msg/include/turtlesim_custom_msg/turtlesim_custom_msg/srv/detail
[9.859s] -- Installing: /home/joseph/Turtle_Pursuit/install/turtlesim_custom_msg/include/turtlesim_custom_msg/turtlesim_custom_msg/srv/detail/kill_turtle__rosidl_typesupport_fastrtps_c.h
[9.859s] -- Installing: /home/joseph/Turtle_Pursuit/install/turtlesim_custom_msg/include/turtlesim_custom_msg/turtlesim_custom_msg/srv/detail/get_turtle_alive__rosidl_typesupport_fastrtps_c.h
[9.859s] -- Installing: /home/joseph/Turtle_Pursuit/install/turtlesim_custom_msg/lib/libturtlesim_custom_msg__rosidl_typesupport_fastrtps_c.so
[9.859s] -- Set runtime path of "/home/joseph/Turtle_Pursuit/install/turtlesim_custom_msg/lib/libturtlesim_custom_msg__rosidl_typesupport_fastrtps_c.so" to ""
[9.860s] -- Up-to-date: /home/joseph/Turtle_Pursuit/install/turtlesim_custom_msg/include/turtlesim_custom_msg/turtlesim_custom_msg
[9.860s] -- Up-to-date: /home/joseph/Turtle_Pursuit/install/turtlesim_custom_msg/include/turtlesim_custom_msg/turtlesim_custom_msg/msg
[9.860s] -- Up-to-date: /home/joseph/Turtle_Pursuit/install/turtlesim_custom_msg/include/turtlesim_custom_msg/turtlesim_custom_msg/msg/detail
[9.860s] -- Installing: /home/joseph/Turtle_Pursuit/install/turtlesim_custom_msg/include/turtlesim_custom_msg/turtlesim_custom_msg/msg/detail/alive_turtle_array__type_support.c
[9.860s] -- Installing: /home/joseph/Turtle_Pursuit/install/turtlesim_custom_msg/include/turtlesim_custom_msg/turtlesim_custom_msg/msg/detail/turtle__type_support.c
[9.860s] -- Installing: /home/joseph/Turtle_Pursuit/install/turtlesim_custom_msg/include/turtlesim_custom_msg/turtlesim_custom_msg/msg/detail/turtle__rosidl_typesupport_introspection_c.h
[9.860s] -- Installing: /home/joseph/Turtle_Pursuit/install/turtlesim_custom_msg/include/turtlesim_custom_msg/turtlesim_custom_msg/msg/detail/alive_turtle_array__rosidl_typesupport_introspection_c.h
[9.860s] -- Up-to-date: /home/joseph/Turtle_Pursuit/install/turtlesim_custom_msg/include/turtlesim_custom_msg/turtlesim_custom_msg/msg/rosidl_typesupport_introspection_c__visibility_control.h
[9.860s] -- Up-to-date: /home/joseph/Turtle_Pursuit/install/turtlesim_custom_msg/include/turtlesim_custom_msg/turtlesim_custom_msg/srv
[9.861s] -- Up-to-date: /home/joseph/Turtle_Pursuit/install/turtlesim_custom_msg/include/turtlesim_custom_msg/turtlesim_custom_msg/srv/detail
[9.861s] -- Installing: /home/joseph/Turtle_Pursuit/install/turtlesim_custom_msg/include/turtlesim_custom_msg/turtlesim_custom_msg/srv/detail/get_turtle_alive__rosidl_typesupport_introspection_c.h
[9.861s] -- Installing: /home/joseph/Turtle_Pursuit/install/turtlesim_custom_msg/include/turtlesim_custom_msg/turtlesim_custom_msg/srv/detail/get_turtle_alive__type_support.c
[9.861s] -- Installing: /home/joseph/Turtle_Pursuit/install/turtlesim_custom_msg/include/turtlesim_custom_msg/turtlesim_custom_msg/srv/detail/kill_turtle__type_support.c
[9.861s] -- Installing: /home/joseph/Turtle_Pursuit/install/turtlesim_custom_msg/include/turtlesim_custom_msg/turtlesim_custom_msg/srv/detail/kill_turtle__rosidl_typesupport_introspection_c.h
[9.861s] -- Installing: /home/joseph/Turtle_Pursuit/install/turtlesim_custom_msg/lib/libturtlesim_custom_msg__rosidl_typesupport_introspection_c.so
[9.862s] -- Set runtime path of "/home/joseph/Turtle_Pursuit/install/turtlesim_custom_msg/lib/libturtlesim_custom_msg__rosidl_typesupport_introspection_c.so" to ""
[9.862s] -- Installing: /home/joseph/Turtle_Pursuit/install/turtlesim_custom_msg/lib/libturtlesim_custom_msg__rosidl_typesupport_c.so
[9.862s] -- Set runtime path of "/home/joseph/Turtle_Pursuit/install/turtlesim_custom_msg/lib/libturtlesim_custom_msg__rosidl_typesupport_c.so" to ""
[9.862s] -- Up-to-date: /home/joseph/Turtle_Pursuit/install/turtlesim_custom_msg/include/turtlesim_custom_msg/turtlesim_custom_msg
[9.862s] -- Up-to-date: /home/joseph/Turtle_Pursuit/install/turtlesim_custom_msg/include/turtlesim_custom_msg/turtlesim_custom_msg/msg
[9.863s] -- Installing: /home/joseph/Turtle_Pursuit/install/turtlesim_custom_msg/include/turtlesim_custom_msg/turtlesim_custom_msg/msg/alive_turtle_array.hpp
[9.863s] -- Up-to-date: /home/joseph/Turtle_Pursuit/install/turtlesim_custom_msg/include/turtlesim_custom_msg/turtlesim_custom_msg/msg/detail
[9.863s] -- Installing: /home/joseph/Turtle_Pursuit/install/turtlesim_custom_msg/include/turtlesim_custom_msg/turtlesim_custom_msg/msg/detail/turtle__builder.hpp
[9.863s] -- Installing: /home/joseph/Turtle_Pursuit/install/turtlesim_custom_msg/include/turtlesim_custom_msg/turtlesim_custom_msg/msg/detail/alive_turtle_array__struct.hpp
[9.863s] -- Installing: /home/joseph/Turtle_Pursuit/install/turtlesim_custom_msg/include/turtlesim_custom_msg/turtlesim_custom_msg/msg/detail/alive_turtle_array__builder.hpp
[9.863s] -- Installing: /home/joseph/Turtle_Pursuit/install/turtlesim_custom_msg/include/turtlesim_custom_msg/turtlesim_custom_msg/msg/detail/alive_turtle_array__traits.hpp
[9.863s] -- Installing: /home/joseph/Turtle_Pursuit/install/turtlesim_custom_msg/include/turtlesim_custom_msg/turtlesim_custom_msg/msg/detail/turtle__struct.hpp
[9.863s] -- Installing: /home/joseph/Turtle_Pursuit/install/turtlesim_custom_msg/include/turtlesim_custom_msg/turtlesim_custom_msg/msg/detail/turtle__traits.hpp
[9.864s] -- Installing: /home/joseph/Turtle_Pursuit/install/turtlesim_custom_msg/include/turtlesim_custom_msg/turtlesim_custom_msg/msg/turtle.hpp
[9.864s] -- Up-to-date: /home/joseph/Turtle_Pursuit/install/turtlesim_custom_msg/include/turtlesim_custom_msg/turtlesim_custom_msg/srv
[9.864s] -- Installing: /home/joseph/Turtle_Pursuit/install/turtlesim_custom_msg/include/turtlesim_custom_msg/turtlesim_custom_msg/srv/get_turtle_alive.hpp
[9.864s] -- Up-to-date: /home/joseph/Turtle_Pursuit/install/turtlesim_custom_msg/include/turtlesim_custom_msg/turtlesim_custom_msg/srv/detail
[9.864s] -- Installing: /home/joseph/Turtle_Pursuit/install/turtlesim_custom_msg/include/turtlesim_custom_msg/turtlesim_custom_msg/srv/detail/get_turtle_alive__builder.hpp
[9.864s] -- Installing: /home/joseph/Turtle_Pursuit/install/turtlesim_custom_msg/include/turtlesim_custom_msg/turtlesim_custom_msg/srv/detail/kill_turtle__struct.hpp
[9.864s] -- Installing: /home/joseph/Turtle_Pursuit/install/turtlesim_custom_msg/include/turtlesim_custom_msg/turtlesim_custom_msg/srv/detail/kill_turtle__traits.hpp
[9.864s] -- Installing: /home/joseph/Turtle_Pursuit/install/turtlesim_custom_msg/include/turtlesim_custom_msg/turtlesim_custom_msg/srv/detail/get_turtle_alive__traits.hpp
[9.865s] -- Installing: /home/joseph/Turtle_Pursuit/install/turtlesim_custom_msg/include/turtlesim_custom_msg/turtlesim_custom_msg/srv/detail/get_turtle_alive__struct.hpp
[9.865s] -- Installing: /home/joseph/Turtle_Pursuit/install/turtlesim_custom_msg/include/turtlesim_custom_msg/turtlesim_custom_msg/srv/detail/kill_turtle__builder.hpp
[9.865s] -- Installing: /home/joseph/Turtle_Pursuit/install/turtlesim_custom_msg/include/turtlesim_custom_msg/turtlesim_custom_msg/srv/kill_turtle.hpp
[9.865s] -- Up-to-date: /home/joseph/Turtle_Pursuit/install/turtlesim_custom_msg/include/turtlesim_custom_msg/turtlesim_custom_msg
[9.865s] -- Up-to-date: /home/joseph/Turtle_Pursuit/install/turtlesim_custom_msg/include/turtlesim_custom_msg/turtlesim_custom_msg/msg
[9.865s] -- Up-to-date: /home/joseph/Turtle_Pursuit/install/turtlesim_custom_msg/include/turtlesim_custom_msg/turtlesim_custom_msg/msg/detail
[9.865s] -- Up-to-date: /home/joseph/Turtle_Pursuit/install/turtlesim_custom_msg/include/turtlesim_custom_msg/turtlesim_custom_msg/msg/detail/dds_fastrtps
[9.866s] -- Installing: /home/joseph/Turtle_Pursuit/install/turtlesim_custom_msg/include/turtlesim_custom_msg/turtlesim_custom_msg/msg/detail/turtle__rosidl_typesupport_fastrtps_cpp.hpp
[9.866s] -- Installing: /home/joseph/Turtle_Pursuit/install/turtlesim_custom_msg/include/turtlesim_custom_msg/turtlesim_custom_msg/msg/detail/alive_turtle_array__rosidl_typesupport_fastrtps_cpp.hpp
[9.866s] -- Up-to-date: /home/joseph/Turtle_Pursuit/install/turtlesim_custom_msg/include/turtlesim_custom_msg/turtlesim_custom_msg/msg/rosidl_typesupport_fastrtps_cpp__visibility_control.h
[9.866s] -- Up-to-date: /home/joseph/Turtle_Pursuit/install/turtlesim_custom_msg/include/turtlesim_custom_msg/turtlesim_custom_msg/srv
[9.866s] -- Up-to-date: /home/joseph/Turtle_Pursuit/install/turtlesim_custom_msg/include/turtlesim_custom_msg/turtlesim_custom_msg/srv/detail
[9.866s] -- Up-to-date: /home/joseph/Turtle_Pursuit/install/turtlesim_custom_msg/include/turtlesim_custom_msg/turtlesim_custom_msg/srv/detail/dds_fastrtps
[9.866s] -- Installing: /home/joseph/Turtle_Pursuit/install/turtlesim_custom_msg/include/turtlesim_custom_msg/turtlesim_custom_msg/srv/detail/kill_turtle__rosidl_typesupport_fastrtps_cpp.hpp
[9.866s] -- Installing: /home/joseph/Turtle_Pursuit/install/turtlesim_custom_msg/include/turtlesim_custom_msg/turtlesim_custom_msg/srv/detail/get_turtle_alive__rosidl_typesupport_fastrtps_cpp.hpp
[9.866s] -- Installing: /home/joseph/Turtle_Pursuit/install/turtlesim_custom_msg/lib/libturtlesim_custom_msg__rosidl_typesupport_fastrtps_cpp.so
[9.867s] -- Set runtime path of "/home/joseph/Turtle_Pursuit/install/turtlesim_custom_msg/lib/libturtlesim_custom_msg__rosidl_typesupport_fastrtps_cpp.so" to ""
[9.867s] -- Up-to-date: /home/joseph/Turtle_Pursuit/install/turtlesim_custom_msg/include/turtlesim_custom_msg/turtlesim_custom_msg
[9.867s] -- Up-to-date: /home/joseph/Turtle_Pursuit/install/turtlesim_custom_msg/include/turtlesim_custom_msg/turtlesim_custom_msg/msg
[9.867s] -- Up-to-date: /home/joseph/Turtle_Pursuit/install/turtlesim_custom_msg/include/turtlesim_custom_msg/turtlesim_custom_msg/msg/detail
[9.867s] -- Installing: /home/joseph/Turtle_Pursuit/install/turtlesim_custom_msg/include/turtlesim_custom_msg/turtlesim_custom_msg/msg/detail/alive_turtle_array__type_support.cpp
[9.867s] -- Installing: /home/joseph/Turtle_Pursuit/install/turtlesim_custom_msg/include/turtlesim_custom_msg/turtlesim_custom_msg/msg/detail/alive_turtle_array__rosidl_typesupport_introspection_cpp.hpp
[9.868s] -- Installing: /home/joseph/Turtle_Pursuit/install/turtlesim_custom_msg/include/turtlesim_custom_msg/turtlesim_custom_msg/msg/detail/turtle__rosidl_typesupport_introspection_cpp.hpp
[9.868s] -- Installing: /home/joseph/Turtle_Pursuit/install/turtlesim_custom_msg/include/turtlesim_custom_msg/turtlesim_custom_msg/msg/detail/turtle__type_support.cpp
[9.868s] -- Up-to-date: /home/joseph/Turtle_Pursuit/install/turtlesim_custom_msg/include/turtlesim_custom_msg/turtlesim_custom_msg/srv
[9.868s] -- Up-to-date: /home/joseph/Turtle_Pursuit/install/turtlesim_custom_msg/include/turtlesim_custom_msg/turtlesim_custom_msg/srv/detail
[9.868s] -- Installing: /home/joseph/Turtle_Pursuit/install/turtlesim_custom_msg/include/turtlesim_custom_msg/turtlesim_custom_msg/srv/detail/kill_turtle__type_support.cpp
[9.868s] -- Installing: /home/joseph/Turtle_Pursuit/install/turtlesim_custom_msg/include/turtlesim_custom_msg/turtlesim_custom_msg/srv/detail/get_turtle_alive__rosidl_typesupport_introspection_cpp.hpp
[9.868s] -- Installing: /home/joseph/Turtle_Pursuit/install/turtlesim_custom_msg/include/turtlesim_custom_msg/turtlesim_custom_msg/srv/detail/get_turtle_alive__type_support.cpp
[9.868s] -- Installing: /home/joseph/Turtle_Pursuit/install/turtlesim_custom_msg/include/turtlesim_custom_msg/turtlesim_custom_msg/srv/detail/kill_turtle__rosidl_typesupport_introspection_cpp.hpp
[9.869s] -- Installing: /home/joseph/Turtle_Pursuit/install/turtlesim_custom_msg/lib/libturtlesim_custom_msg__rosidl_typesupport_introspection_cpp.so
[9.869s] -- Set runtime path of "/home/joseph/Turtle_Pursuit/install/turtlesim_custom_msg/lib/libturtlesim_custom_msg__rosidl_typesupport_introspection_cpp.so" to ""
[9.870s] -- Installing: /home/joseph/Turtle_Pursuit/install/turtlesim_custom_msg/lib/libturtlesim_custom_msg__rosidl_typesupport_cpp.so
[9.870s] -- Set runtime path of "/home/joseph/Turtle_Pursuit/install/turtlesim_custom_msg/lib/libturtlesim_custom_msg__rosidl_typesupport_cpp.so" to ""
[9.870s] -- Up-to-date: /home/joseph/Turtle_Pursuit/install/turtlesim_custom_msg/share/turtlesim_custom_msg/environment/pythonpath.sh
[9.871s] -- Installing: /home/joseph/Turtle_Pursuit/install/turtlesim_custom_msg/share/turtlesim_custom_msg/environment/pythonpath.dsv
[9.871s] -- Up-to-date: /home/joseph/Turtle_Pursuit/install/turtlesim_custom_msg/local/lib/python3.10/dist-packages/turtlesim_custom_msg-0.0.0-py3.10.egg-info
[9.871s] -- Installing: /home/joseph/Turtle_Pursuit/install/turtlesim_custom_msg/local/lib/python3.10/dist-packages/turtlesim_custom_msg-0.0.0-py3.10.egg-info/PKG-INFO
[9.871s] -- Installing: /home/joseph/Turtle_Pursuit/install/turtlesim_custom_msg/local/lib/python3.10/dist-packages/turtlesim_custom_msg-0.0.0-py3.10.egg-info/SOURCES.txt
[9.871s] -- Installing: /home/joseph/Turtle_Pursuit/install/turtlesim_custom_msg/local/lib/python3.10/dist-packages/turtlesim_custom_msg-0.0.0-py3.10.egg-info/dependency_links.txt
[9.871s] -- Installing: /home/joseph/Turtle_Pursuit/install/turtlesim_custom_msg/local/lib/python3.10/dist-packages/turtlesim_custom_msg-0.0.0-py3.10.egg-info/top_level.txt
[9.871s] -- Up-to-date: /home/joseph/Turtle_Pursuit/install/turtlesim_custom_msg/local/lib/python3.10/dist-packages/turtlesim_custom_msg
[9.871s] -- Up-to-date: /home/joseph/Turtle_Pursuit/install/turtlesim_custom_msg/local/lib/python3.10/dist-packages/turtlesim_custom_msg/msg
[9.872s] -- Installing: /home/joseph/Turtle_Pursuit/install/turtlesim_custom_msg/local/lib/python3.10/dist-packages/turtlesim_custom_msg/msg/__init__.py
[9.872s] -- Installing: /home/joseph/Turtle_Pursuit/install/turtlesim_custom_msg/local/lib/python3.10/dist-packages/turtlesim_custom_msg/msg/_alive_turtle_array_s.c
[9.872s] -- Installing: /home/joseph/Turtle_Pursuit/install/turtlesim_custom_msg/local/lib/python3.10/dist-packages/turtlesim_custom_msg/msg/_turtle_s.c
[9.872s] -- Installing: /home/joseph/Turtle_Pursuit/install/turtlesim_custom_msg/local/lib/python3.10/dist-packages/turtlesim_custom_msg/msg/_alive_turtle_array.py
[9.872s] -- Installing: /home/joseph/Turtle_Pursuit/install/turtlesim_custom_msg/local/lib/python3.10/dist-packages/turtlesim_custom_msg/msg/_turtle.py
[9.872s] -- Up-to-date: /home/joseph/Turtle_Pursuit/install/turtlesim_custom_msg/local/lib/python3.10/dist-packages/turtlesim_custom_msg/srv
[9.872s] -- Installing: /home/joseph/Turtle_Pursuit/install/turtlesim_custom_msg/local/lib/python3.10/dist-packages/turtlesim_custom_msg/srv/_get_turtle_alive.py
[9.873s] -- Installing: /home/joseph/Turtle_Pursuit/install/turtlesim_custom_msg/local/lib/python3.10/dist-packages/turtlesim_custom_msg/srv/__init__.py
[9.873s] -- Installing: /home/joseph/Turtle_Pursuit/install/turtlesim_custom_msg/local/lib/python3.10/dist-packages/turtlesim_custom_msg/srv/_kill_turtle_s.c
[9.873s] -- Installing: /home/joseph/Turtle_Pursuit/install/turtlesim_custom_msg/local/lib/python3.10/dist-packages/turtlesim_custom_msg/srv/_get_turtle_alive_s.c
[9.873s] -- Installing: /home/joseph/Turtle_Pursuit/install/turtlesim_custom_msg/local/lib/python3.10/dist-packages/turtlesim_custom_msg/srv/_kill_turtle.py
[9.873s] -- Installing: /home/joseph/Turtle_Pursuit/install/turtlesim_custom_msg/local/lib/python3.10/dist-packages/turtlesim_custom_msg/_turtlesim_custom_msg_s.ep.rosidl_typesupport_c.c
[9.873s] -- Installing: /home/joseph/Turtle_Pursuit/install/turtlesim_custom_msg/local/lib/python3.10/dist-packages/turtlesim_custom_msg/turtlesim_custom_msg_s__rosidl_typesupport_fastrtps_c.cpython-310-x86_64-linux-gnu.so
[9.874s] -- Installing: /home/joseph/Turtle_Pursuit/install/turtlesim_custom_msg/local/lib/python3.10/dist-packages/turtlesim_custom_msg/__init__.py
[9.874s] -- Installing: /home/joseph/Turtle_Pursuit/install/turtlesim_custom_msg/local/lib/python3.10/dist-packages/turtlesim_custom_msg/_turtlesim_custom_msg_s.ep.rosidl_typesupport_introspection_c.c
[9.874s] -- Installing: /home/joseph/Turtle_Pursuit/install/turtlesim_custom_msg/local/lib/python3.10/dist-packages/turtlesim_custom_msg/_turtlesim_custom_msg_s.ep.rosidl_typesupport_fastrtps_c.c
[9.874s] -- Installing: /home/joseph/Turtle_Pursuit/install/turtlesim_custom_msg/local/lib/python3.10/dist-packages/turtlesim_custom_msg/libturtlesim_custom_msg__rosidl_generator_py.so
[9.874s] -- Installing: /home/joseph/Turtle_Pursuit/install/turtlesim_custom_msg/local/lib/python3.10/dist-packages/turtlesim_custom_msg/turtlesim_custom_msg_s__rosidl_typesupport_c.cpython-310-x86_64-linux-gnu.so
[9.875s] -- Installing: /home/joseph/Turtle_Pursuit/install/turtlesim_custom_msg/local/lib/python3.10/dist-packages/turtlesim_custom_msg/turtlesim_custom_msg_s__rosidl_typesupport_introspection_c.cpython-310-x86_64-linux-gnu.so
[9.915s] Listing '/home/joseph/Turtle_Pursuit/install/turtlesim_custom_msg/local/lib/python3.10/dist-packages/turtlesim_custom_msg'...
[9.915s] Compiling '/home/joseph/Turtle_Pursuit/install/turtlesim_custom_msg/local/lib/python3.10/dist-packages/turtlesim_custom_msg/__init__.py'...
[9.915s] Listing '/home/joseph/Turtle_Pursuit/install/turtlesim_custom_msg/local/lib/python3.10/dist-packages/turtlesim_custom_msg/msg'...
[9.915s] Compiling '/home/joseph/Turtle_Pursuit/install/turtlesim_custom_msg/local/lib/python3.10/dist-packages/turtlesim_custom_msg/msg/__init__.py'...
[9.915s] Compiling '/home/joseph/Turtle_Pursuit/install/turtlesim_custom_msg/local/lib/python3.10/dist-packages/turtlesim_custom_msg/msg/_alive_turtle_array.py'...
[9.915s] Compiling '/home/joseph/Turtle_Pursuit/install/turtlesim_custom_msg/local/lib/python3.10/dist-packages/turtlesim_custom_msg/msg/_turtle.py'...
[9.915s] Listing '/home/joseph/Turtle_Pursuit/install/turtlesim_custom_msg/local/lib/python3.10/dist-packages/turtlesim_custom_msg/srv'...
[9.915s] Compiling '/home/joseph/Turtle_Pursuit/install/turtlesim_custom_msg/local/lib/python3.10/dist-packages/turtlesim_custom_msg/srv/__init__.py'...
[9.915s] Compiling '/home/joseph/Turtle_Pursuit/install/turtlesim_custom_msg/local/lib/python3.10/dist-packages/turtlesim_custom_msg/srv/_get_turtle_alive.py'...
[9.915s] Compiling '/home/joseph/Turtle_Pursuit/install/turtlesim_custom_msg/local/lib/python3.10/dist-packages/turtlesim_custom_msg/srv/_kill_turtle.py'...
[9.918s] -- Installing: /home/joseph/Turtle_Pursuit/install/turtlesim_custom_msg/local/lib/python3.10/dist-packages/turtlesim_custom_msg/turtlesim_custom_msg_s__rosidl_typesupport_fastrtps_c.cpython-310-x86_64-linux-gnu.so
[9.919s] -- Set runtime path of "/home/joseph/Turtle_Pursuit/install/turtlesim_custom_msg/local/lib/python3.10/dist-packages/turtlesim_custom_msg/turtlesim_custom_msg_s__rosidl_typesupport_fastrtps_c.cpython-310-x86_64-linux-gnu.so" to ""
[9.919s] -- Installing: /home/joseph/Turtle_Pursuit/install/turtlesim_custom_msg/local/lib/python3.10/dist-packages/turtlesim_custom_msg/turtlesim_custom_msg_s__rosidl_typesupport_introspection_c.cpython-310-x86_64-linux-gnu.so
[9.920s] -- Set runtime path of "/home/joseph/Turtle_Pursuit/install/turtlesim_custom_msg/local/lib/python3.10/dist-packages/turtlesim_custom_msg/turtlesim_custom_msg_s__rosidl_typesupport_introspection_c.cpython-310-x86_64-linux-gnu.so" to ""
[9.920s] -- Installing: /home/joseph/Turtle_Pursuit/install/turtlesim_custom_msg/local/lib/python3.10/dist-packages/turtlesim_custom_msg/turtlesim_custom_msg_s__rosidl_typesupport_c.cpython-310-x86_64-linux-gnu.so
[9.920s] -- Set runtime path of "/home/joseph/Turtle_Pursuit/install/turtlesim_custom_msg/local/lib/python3.10/dist-packages/turtlesim_custom_msg/turtlesim_custom_msg_s__rosidl_typesupport_c.cpython-310-x86_64-linux-gnu.so" to ""
[9.920s] -- Installing: /home/joseph/Turtle_Pursuit/install/turtlesim_custom_msg/lib/libturtlesim_custom_msg__rosidl_generator_py.so
[9.921s] -- Set runtime path of "/home/joseph/Turtle_Pursuit/install/turtlesim_custom_msg/lib/libturtlesim_custom_msg__rosidl_generator_py.so" to ""
[9.921s] -- Up-to-date: /home/joseph/Turtle_Pursuit/install/turtlesim_custom_msg/share/turtlesim_custom_msg/srv/GetTurtleAlive.idl
[9.921s] -- Up-to-date: /home/joseph/Turtle_Pursuit/install/turtlesim_custom_msg/share/turtlesim_custom_msg/msg/Turtle.idl
[9.921s] -- Up-to-date: /home/joseph/Turtle_Pursuit/install/turtlesim_custom_msg/share/turtlesim_custom_msg/msg/AliveTurtleArray.idl
[9.921s] -- Installing: /home/joseph/Turtle_Pursuit/install/turtlesim_custom_msg/share/turtlesim_custom_msg/srv/KillTurtle.idl
[9.921s] -- Up-to-date: /home/joseph/Turtle_Pursuit/install/turtlesim_custom_msg/share/turtlesim_custom_msg/srv/GetTurtleAlive.srv
[9.921s] -- Up-to-date: /home/joseph/Turtle_Pursuit/install/turtlesim_custom_msg/share/turtlesim_custom_msg/srv/GetTurtleAlive_Request.msg
[9.921s] -- Up-to-date: /home/joseph/Turtle_Pursuit/install/turtlesim_custom_msg/share/turtlesim_custom_msg/srv/GetTurtleAlive_Response.msg
[9.921s] -- Up-to-date: /home/joseph/Turtle_Pursuit/install/turtlesim_custom_msg/share/turtlesim_custom_msg/msg/Turtle.msg
[9.922s] -- Up-to-date: /home/joseph/Turtle_Pursuit/install/turtlesim_custom_msg/share/turtlesim_custom_msg/msg/AliveTurtleArray.msg
[9.922s] -- Installing: /home/joseph/Turtle_Pursuit/install/turtlesim_custom_msg/share/turtlesim_custom_msg/srv/KillTurtle.srv
[9.922s] -- Installing: /home/joseph/Turtle_Pursuit/install/turtlesim_custom_msg/share/turtlesim_custom_msg/srv/KillTurtle_Request.msg
[9.922s] -- Installing: /home/joseph/Turtle_Pursuit/install/turtlesim_custom_msg/share/turtlesim_custom_msg/srv/KillTurtle_Response.msg
[9.922s] -- Up-to-date: /home/joseph/Turtle_Pursuit/install/turtlesim_custom_msg/share/ament_index/resource_index/package_run_dependencies/turtlesim_custom_msg
[9.922s] -- Up-to-date: /home/joseph/Turtle_Pursuit/install/turtlesim_custom_msg/share/ament_index/resource_index/parent_prefix_path/turtlesim_custom_msg
[9.922s] -- Up-to-date: /home/joseph/Turtle_Pursuit/install/turtlesim_custom_msg/share/turtlesim_custom_msg/environment/ament_prefix_path.sh
[9.922s] -- Installing: /home/joseph/Turtle_Pursuit/install/turtlesim_custom_msg/share/turtlesim_custom_msg/environment/ament_prefix_path.dsv
[9.922s] -- Up-to-date: /home/joseph/Turtle_Pursuit/install/turtlesim_custom_msg/share/turtlesim_custom_msg/environment/path.sh
[9.922s] -- Installing: /home/joseph/Turtle_Pursuit/install/turtlesim_custom_msg/share/turtlesim_custom_msg/environment/path.dsv
[9.923s] -- Up-to-date: /home/joseph/Turtle_Pursuit/install/turtlesim_custom_msg/share/turtlesim_custom_msg/local_setup.bash
[9.923s] -- Up-to-date: /home/joseph/Turtle_Pursuit/install/turtlesim_custom_msg/share/turtlesim_custom_msg/local_setup.sh
[9.923s] -- Up-to-date: /home/joseph/Turtle_Pursuit/install/turtlesim_custom_msg/share/turtlesim_custom_msg/local_setup.zsh
[9.923s] -- Installing: /home/joseph/Turtle_Pursuit/install/turtlesim_custom_msg/share/turtlesim_custom_msg/local_setup.dsv
[9.923s] -- Installing: /home/joseph/Turtle_Pursuit/install/turtlesim_custom_msg/share/turtlesim_custom_msg/package.dsv
[9.923s] -- Up-to-date: /home/joseph/Turtle_Pursuit/install/turtlesim_custom_msg/share/ament_index/resource_index/packages/turtlesim_custom_msg
[9.923s] -- Up-to-date: /home/joseph/Turtle_Pursuit/install/turtlesim_custom_msg/share/turtlesim_custom_msg/cmake/export_turtlesim_custom_msg__rosidl_generator_cExport.cmake
[9.924s] -- Up-to-date: /home/joseph/Turtle_Pursuit/install/turtlesim_custom_msg/share/turtlesim_custom_msg/cmake/export_turtlesim_custom_msg__rosidl_generator_cExport-noconfig.cmake
[9.924s] -- Up-to-date: /home/joseph/Turtle_Pursuit/install/turtlesim_custom_msg/share/turtlesim_custom_msg/cmake/export_turtlesim_custom_msg__rosidl_typesupport_fastrtps_cExport.cmake
[9.924s] -- Up-to-date: /home/joseph/Turtle_Pursuit/install/turtlesim_custom_msg/share/turtlesim_custom_msg/cmake/export_turtlesim_custom_msg__rosidl_typesupport_fastrtps_cExport-noconfig.cmake
[9.924s] -- Up-to-date: /home/joseph/Turtle_Pursuit/install/turtlesim_custom_msg/share/turtlesim_custom_msg/cmake/turtlesim_custom_msg__rosidl_typesupport_introspection_cExport.cmake
[9.924s] -- Up-to-date: /home/joseph/Turtle_Pursuit/install/turtlesim_custom_msg/share/turtlesim_custom_msg/cmake/turtlesim_custom_msg__rosidl_typesupport_introspection_cExport-noconfig.cmake
[9.924s] -- Up-to-date: /home/joseph/Turtle_Pursuit/install/turtlesim_custom_msg/share/turtlesim_custom_msg/cmake/turtlesim_custom_msg__rosidl_typesupport_cExport.cmake
[9.924s] -- Up-to-date: /home/joseph/Turtle_Pursuit/install/turtlesim_custom_msg/share/turtlesim_custom_msg/cmake/turtlesim_custom_msg__rosidl_typesupport_cExport-noconfig.cmake
[9.925s] -- Up-to-date: /home/joseph/Turtle_Pursuit/install/turtlesim_custom_msg/share/turtlesim_custom_msg/cmake/export_turtlesim_custom_msg__rosidl_generator_cppExport.cmake
[9.925s] -- Up-to-date: /home/joseph/Turtle_Pursuit/install/turtlesim_custom_msg/share/turtlesim_custom_msg/cmake/export_turtlesim_custom_msg__rosidl_typesupport_fastrtps_cppExport.cmake
[9.925s] -- Up-to-date: /home/joseph/Turtle_Pursuit/install/turtlesim_custom_msg/share/turtlesim_custom_msg/cmake/export_turtlesim_custom_msg__rosidl_typesupport_fastrtps_cppExport-noconfig.cmake
[9.925s] -- Up-to-date: /home/joseph/Turtle_Pursuit/install/turtlesim_custom_msg/share/turtlesim_custom_msg/cmake/turtlesim_custom_msg__rosidl_typesupport_introspection_cppExport.cmake
[9.925s] -- Up-to-date: /home/joseph/Turtle_Pursuit/install/turtlesim_custom_msg/share/turtlesim_custom_msg/cmake/turtlesim_custom_msg__rosidl_typesupport_introspection_cppExport-noconfig.cmake
[9.925s] -- Up-to-date: /home/joseph/Turtle_Pursuit/install/turtlesim_custom_msg/share/turtlesim_custom_msg/cmake/turtlesim_custom_msg__rosidl_typesupport_cppExport.cmake
[9.925s] -- Up-to-date: /home/joseph/Turtle_Pursuit/install/turtlesim_custom_msg/share/turtlesim_custom_msg/cmake/turtlesim_custom_msg__rosidl_typesupport_cppExport-noconfig.cmake
[9.925s] -- Up-to-date: /home/joseph/Turtle_Pursuit/install/turtlesim_custom_msg/share/turtlesim_custom_msg/cmake/export_turtlesim_custom_msg__rosidl_generator_pyExport.cmake
[9.925s] -- Up-to-date: /home/joseph/Turtle_Pursuit/install/turtlesim_custom_msg/share/turtlesim_custom_msg/cmake/export_turtlesim_custom_msg__rosidl_generator_pyExport-noconfig.cmake
[9.925s] -- Installing: /home/joseph/Turtle_Pursuit/install/turtlesim_custom_msg/share/turtlesim_custom_msg/cmake/rosidl_cmake-extras.cmake
[9.925s] -- Up-to-date: /home/joseph/Turtle_Pursuit/install/turtlesim_custom_msg/share/turtlesim_custom_msg/cmake/ament_cmake_export_include_directories-extras.cmake
[9.926s] -- Up-to-date: /home/joseph/Turtle_Pursuit/install/turtlesim_custom_msg/share/turtlesim_custom_msg/cmake/ament_cmake_export_libraries-extras.cmake
[9.926s] -- Up-to-date: /home/joseph/Turtle_Pursuit/install/turtlesim_custom_msg/share/turtlesim_custom_msg/cmake/ament_cmake_export_targets-extras.cmake
[9.926s] -- Up-to-date: /home/joseph/Turtle_Pursuit/install/turtlesim_custom_msg/share/turtlesim_custom_msg/cmake/rosidl_cmake_export_typesupport_targets-extras.cmake
[9.926s] -- Up-to-date: /home/joseph/Turtle_Pursuit/install/turtlesim_custom_msg/share/turtlesim_custom_msg/cmake/ament_cmake_export_dependencies-extras.cmake
[9.926s] -- Up-to-date: /home/joseph/Turtle_Pursuit/install/turtlesim_custom_msg/share/turtlesim_custom_msg/cmake/rosidl_cmake_export_typesupport_libraries-extras.cmake
[9.926s] -- Up-to-date: /home/joseph/Turtle_Pursuit/install/turtlesim_custom_msg/share/turtlesim_custom_msg/cmake/turtlesim_custom_msgConfig.cmake
[9.926s] -- Up-to-date: /home/joseph/Turtle_Pursuit/install/turtlesim_custom_msg/share/turtlesim_custom_msg/cmake/turtlesim_custom_msgConfig-version.cmake
[9.926s] -- Up-to-date: /home/joseph/Turtle_Pursuit/install/turtlesim_custom_msg/share/turtlesim_custom_msg/package.xml
[9.929s] Invoked command in '/home/joseph/Turtle_Pursuit/build/turtlesim_custom_msg' returned '0': CMAKE_PREFIX_PATH=${CMAKE_PREFIX_PATH}:/home/joseph/Turtle_Pursuit/install/turtle_handlers:/home/joseph/learn_ros/install/test_pkg:/home/joseph/learn_ros/install/pubsub:/home/joseph/learn_ros/install/activity:/home/joseph/learn_ros/install/clientserver:/home/joseph/turtlesim_catch_turtles/install/handle_turtle:/home/joseph/turtlesim_catch_turtles/install/catch_turtles:/home/joseph/e-Yantra/install/ur5_control:/home/joseph/e-Yantra/install/task3b:/home/joseph/e-Yantra/install/task2a:/home/joseph/e-Yantra/install/misc:/home/joseph/e-Yantra/install/aruco:/opt/ros/humble /usr/bin/cmake --install /home/joseph/Turtle_Pursuit/build/turtlesim_custom_msg
