[0.100s] DEBUG:colcon:Command line arguments: ['/usr/bin/colcon', 'build', '--packages-select', 'pursuit_launch']
[0.100s] DEBUG:colcon:Parsed command line arguments: Namespace(log_base=None, log_level=None, verb_name='build', build_base='build', install_base='install', merge_install=False, symlink_install=False, test_result_base=None, continue_on_error=False, executor='parallel', parallel_workers=12, event_handlers=None, ignore_user_meta=False, metas=['./colcon.meta'], base_paths=['.'], packages_ignore=None, packages_ignore_regex=None, paths=None, packages_up_to=None, packages_up_to_regex=None, packages_above=None, packages_above_and_dependencies=None, packages_above_depth=None, packages_select_by_dep=None, packages_skip_by_dep=None, packages_skip_up_to=None, packages_select_build_failed=False, packages_skip_build_finished=False, packages_select_test_failures=False, packages_skip_test_passed=False, packages_select=['pursuit_launch'], packages_skip=None, packages_select_regex=None, packages_skip_regex=None, packages_start=None, packages_end=None, allow_overriding=[], cmake_args=None, cmake_target=None, cmake_target_skip_unavailable=False, cmake_clean_cache=False, cmake_clean_first=False, cmake_force_configure=False, ament_cmake_args=None, catkin_cmake_args=None, catkin_skip_building_tests=False, verb_parser=<colcon_defaults.argument_parser.defaults.DefaultArgumentsDecorator object at 0x7b5526573be0>, verb_extension=<colcon_core.verb.build.BuildVerb object at 0x7b5526573970>, main=<bound method BuildVerb.main of <colcon_core.verb.build.BuildVerb object at 0x7b5526573970>>)
[0.262s] Level 1:colcon.colcon_core.package_discovery:discover_packages(colcon_meta) check parameters
[0.262s] Level 1:colcon.colcon_core.package_discovery:discover_packages(recursive) check parameters
[0.262s] Level 1:colcon.colcon_core.package_discovery:discover_packages(ignore) check parameters
[0.262s] Level 1:colcon.colcon_core.package_discovery:discover_packages(path) check parameters
[0.262s] Level 1:colcon.colcon_core.package_discovery:discover_packages(colcon_meta) discover
[0.262s] Level 1:colcon.colcon_core.package_discovery:discover_packages(recursive) discover
[0.262s] INFO:colcon.colcon_core.package_discovery:Crawling recursively for packages in '/home/joseph/Turtle_Pursuit'
[0.263s] Level 1:colcon.colcon_core.package_identification:_identify(.) by extensions ['ignore', 'ignore_ament_install']
[0.263s] Level 1:colcon.colcon_core.package_identification:_identify(.) by extension 'ignore'
[0.263s] Level 1:colcon.colcon_core.package_identification:_identify(.) by extension 'ignore_ament_install'
[0.263s] Level 1:colcon.colcon_core.package_identification:_identify(.) by extensions ['colcon_pkg']
[0.263s] Level 1:colcon.colcon_core.package_identification:_identify(.) by extension 'colcon_pkg'
[0.263s] Level 1:colcon.colcon_core.package_identification:_identify(.) by extensions ['colcon_meta']
[0.263s] Level 1:colcon.colcon_core.package_identification:_identify(.) by extension 'colcon_meta'
[0.263s] Level 1:colcon.colcon_core.package_identification:_identify(.) by extensions ['ros']
[0.263s] Level 1:colcon.colcon_core.package_identification:_identify(.) by extension 'ros'
[0.271s] Level 1:colcon.colcon_core.package_identification:_identify(.) by extensions ['cmake', 'python']
[0.271s] Level 1:colcon.colcon_core.package_identification:_identify(.) by extension 'cmake'
[0.271s] Level 1:colcon.colcon_core.package_identification:_identify(.) by extension 'python'
[0.271s] Level 1:colcon.colcon_core.package_identification:_identify(.) by extensions ['python_setup_py']
[0.271s] Level 1:colcon.colcon_core.package_identification:_identify(.) by extension 'python_setup_py'
[0.271s] Level 1:colcon.colcon_core.package_identification:_identify(build) by extensions ['ignore', 'ignore_ament_install']
[0.271s] Level 1:colcon.colcon_core.package_identification:_identify(build) by extension 'ignore'
[0.271s] Level 1:colcon.colcon_core.package_identification:_identify(build) ignored
[0.271s] Level 1:colcon.colcon_core.package_identification:_identify(install) by extensions ['ignore', 'ignore_ament_install']
[0.271s] Level 1:colcon.colcon_core.package_identification:_identify(install) by extension 'ignore'
[0.271s] Level 1:colcon.colcon_core.package_identification:_identify(install) ignored
[0.271s] Level 1:colcon.colcon_core.package_identification:_identify(log) by extensions ['ignore', 'ignore_ament_install']
[0.271s] Level 1:colcon.colcon_core.package_identification:_identify(log) by extension 'ignore'
[0.271s] Level 1:colcon.colcon_core.package_identification:_identify(log) ignored
[0.272s] Level 1:colcon.colcon_core.package_identification:_identify(src) by extensions ['ignore', 'ignore_ament_install']
[0.272s] Level 1:colcon.colcon_core.package_identification:_identify(src) by extension 'ignore'
[0.272s] Level 1:colcon.colcon_core.package_identification:_identify(src) by extension 'ignore_ament_install'
[0.272s] Level 1:colcon.colcon_core.package_identification:_identify(src) by extensions ['colcon_pkg']
[0.272s] Level 1:colcon.colcon_core.package_identification:_identify(src) by extension 'colcon_pkg'
[0.272s] Level 1:colcon.colcon_core.package_identification:_identify(src) by extensions ['colcon_meta']
[0.272s] Level 1:colcon.colcon_core.package_identification:_identify(src) by extension 'colcon_meta'
[0.272s] Level 1:colcon.colcon_core.package_identification:_identify(src) by extensions ['ros']
[0.272s] Level 1:colcon.colcon_core.package_identification:_identify(src) by extension 'ros'
[0.272s] Level 1:colcon.colcon_core.package_identification:_identify(src) by extensions ['cmake', 'python']
[0.272s] Level 1:colcon.colcon_core.package_identification:_identify(src) by extension 'cmake'
[0.272s] Level 1:colcon.colcon_core.package_identification:_identify(src) by extension 'python'
[0.272s] Level 1:colcon.colcon_core.package_identification:_identify(src) by extensions ['python_setup_py']
[0.272s] Level 1:colcon.colcon_core.package_identification:_identify(src) by extension 'python_setup_py'
[0.272s] Level 1:colcon.colcon_core.package_identification:_identify(src/pursuit_launch) by extensions ['ignore', 'ignore_ament_install']
[0.272s] Level 1:colcon.colcon_core.package_identification:_identify(src/pursuit_launch) by extension 'ignore'
[0.272s] Level 1:colcon.colcon_core.package_identification:_identify(src/pursuit_launch) by extension 'ignore_ament_install'
[0.272s] Level 1:colcon.colcon_core.package_identification:_identify(src/pursuit_launch) by extensions ['colcon_pkg']
[0.272s] Level 1:colcon.colcon_core.package_identification:_identify(src/pursuit_launch) by extension 'colcon_pkg'
[0.272s] Level 1:colcon.colcon_core.package_identification:_identify(src/pursuit_launch) by extensions ['colcon_meta']
[0.272s] Level 1:colcon.colcon_core.package_identification:_identify(src/pursuit_launch) by extension 'colcon_meta'
[0.272s] Level 1:colcon.colcon_core.package_identification:_identify(src/pursuit_launch) by extensions ['ros']
[0.272s] Level 1:colcon.colcon_core.package_identification:_identify(src/pursuit_launch) by extension 'ros'
[0.274s] DEBUG:colcon.colcon_core.package_identification:Package 'src/pursuit_launch' with type 'ros.ament_cmake' and name 'pursuit_launch'
[0.274s] Level 1:colcon.colcon_core.package_identification:_identify(src/turtle_pursuit) by extensions ['ignore', 'ignore_ament_install']
[0.274s] Level 1:colcon.colcon_core.package_identification:_identify(src/turtle_pursuit) by extension 'ignore'
[0.274s] Level 1:colcon.colcon_core.package_identification:_identify(src/turtle_pursuit) by extension 'ignore_ament_install'
[0.274s] Level 1:colcon.colcon_core.package_identification:_identify(src/turtle_pursuit) by extensions ['colcon_pkg']
[0.274s] Level 1:colcon.colcon_core.package_identification:_identify(src/turtle_pursuit) by extension 'colcon_pkg'
[0.274s] Level 1:colcon.colcon_core.package_identification:_identify(src/turtle_pursuit) by extensions ['colcon_meta']
[0.274s] Level 1:colcon.colcon_core.package_identification:_identify(src/turtle_pursuit) by extension 'colcon_meta'
[0.274s] Level 1:colcon.colcon_core.package_identification:_identify(src/turtle_pursuit) by extensions ['ros']
[0.274s] Level 1:colcon.colcon_core.package_identification:_identify(src/turtle_pursuit) by extension 'ros'
[0.275s] DEBUG:colcon.colcon_core.package_identification:Package 'src/turtle_pursuit' with type 'ros.ament_python' and name 'turtle_pursuit'
[0.275s] Level 1:colcon.colcon_core.package_identification:_identify(src/turtle_pursuit_custom_interfaces) by extensions ['ignore', 'ignore_ament_install']
[0.275s] Level 1:colcon.colcon_core.package_identification:_identify(src/turtle_pursuit_custom_interfaces) by extension 'ignore'
[0.275s] Level 1:colcon.colcon_core.package_identification:_identify(src/turtle_pursuit_custom_interfaces) by extension 'ignore_ament_install'
[0.275s] Level 1:colcon.colcon_core.package_identification:_identify(src/turtle_pursuit_custom_interfaces) by extensions ['colcon_pkg']
[0.275s] Level 1:colcon.colcon_core.package_identification:_identify(src/turtle_pursuit_custom_interfaces) by extension 'colcon_pkg'
[0.275s] Level 1:colcon.colcon_core.package_identification:_identify(src/turtle_pursuit_custom_interfaces) by extensions ['colcon_meta']
[0.275s] Level 1:colcon.colcon_core.package_identification:_identify(src/turtle_pursuit_custom_interfaces) by extension 'colcon_meta'
[0.275s] Level 1:colcon.colcon_core.package_identification:_identify(src/turtle_pursuit_custom_interfaces) by extensions ['ros']
[0.275s] Level 1:colcon.colcon_core.package_identification:_identify(src/turtle_pursuit_custom_interfaces) by extension 'ros'
[0.276s] DEBUG:colcon.colcon_core.package_identification:Package 'src/turtle_pursuit_custom_interfaces' with type 'ros.ament_cmake' and name 'turtle_pursuit_custom_interfaces'
[0.276s] Level 1:colcon.colcon_core.package_discovery:discover_packages(recursive) using defaults
[0.276s] Level 1:colcon.colcon_core.package_discovery:discover_packages(ignore) discover
[0.276s] Level 1:colcon.colcon_core.package_discovery:discover_packages(ignore) using defaults
[0.276s] Level 1:colcon.colcon_core.package_discovery:discover_packages(path) discover
[0.276s] Level 1:colcon.colcon_core.package_discovery:discover_packages(path) using defaults
[0.291s] INFO:colcon.colcon_core.package_selection:Skipping not selected package 'turtle_pursuit_custom_interfaces' in 'src/turtle_pursuit_custom_interfaces'
[0.291s] INFO:colcon.colcon_core.package_selection:Skipping not selected package 'turtle_pursuit' in 'src/turtle_pursuit'
[0.292s] Level 1:colcon.colcon_core.package_discovery:discover_packages(prefix_path) check parameters
[0.292s] Level 1:colcon.colcon_core.package_discovery:discover_packages(prefix_path) discover
[0.294s] DEBUG:colcon.colcon_installed_package_information.package_discovery:Found 3 installed packages in /home/joseph/Turtle_Pursuit/install
[0.294s] DEBUG:colcon.colcon_installed_package_information.package_discovery:Found 5 installed packages in /home/joseph/learn_ros/install
[0.295s] DEBUG:colcon.colcon_installed_package_information.package_discovery:Found 2 installed packages in /home/joseph/ros2_urdf_ws/install
[0.295s] DEBUG:colcon.colcon_installed_package_information.package_discovery:Found 4 installed packages in /home/joseph/turtlesim_catch_turtles/install
[0.296s] DEBUG:colcon.colcon_installed_package_information.package_discovery:Found 17 installed packages in /home/joseph/e-Yantra/install
[0.297s] DEBUG:colcon.colcon_installed_package_information.package_discovery:Found 469 installed packages in /opt/ros/humble
[0.299s] Level 1:colcon.colcon_core.package_discovery:discover_packages(prefix_path) using defaults
[0.340s] Level 5:colcon.colcon_core.verb:set package 'pursuit_launch' build argument 'cmake_args' from command line to 'None'
[0.340s] Level 5:colcon.colcon_core.verb:set package 'pursuit_launch' build argument 'cmake_target' from command line to 'None'
[0.340s] Level 5:colcon.colcon_core.verb:set package 'pursuit_launch' build argument 'cmake_target_skip_unavailable' from command line to 'False'
[0.340s] Level 5:colcon.colcon_core.verb:set package 'pursuit_launch' build argument 'cmake_clean_cache' from command line to 'False'
[0.340s] Level 5:colcon.colcon_core.verb:set package 'pursuit_launch' build argument 'cmake_clean_first' from command line to 'False'
[0.340s] Level 5:colcon.colcon_core.verb:set package 'pursuit_launch' build argument 'cmake_force_configure' from command line to 'False'
[0.340s] Level 5:colcon.colcon_core.verb:set package 'pursuit_launch' build argument 'ament_cmake_args' from command line to 'None'
[0.340s] Level 5:colcon.colcon_core.verb:set package 'pursuit_launch' build argument 'catkin_cmake_args' from command line to 'None'
[0.340s] Level 5:colcon.colcon_core.verb:set package 'pursuit_launch' build argument 'catkin_skip_building_tests' from command line to 'False'
[0.340s] DEBUG:colcon.colcon_core.verb:Building package 'pursuit_launch' with the following arguments: {'ament_cmake_args': None, 'build_base': '/home/joseph/Turtle_Pursuit/build/pursuit_launch', 'catkin_cmake_args': None, 'catkin_skip_building_tests': False, 'cmake_args': None, 'cmake_clean_cache': False, 'cmake_clean_first': False, 'cmake_force_configure': False, 'cmake_target': None, 'cmake_target_skip_unavailable': False, 'install_base': '/home/joseph/Turtle_Pursuit/install/pursuit_launch', 'merge_install': False, 'path': '/home/joseph/Turtle_Pursuit/src/pursuit_launch', 'symlink_install': False, 'test_result_base': None}
[0.340s] INFO:colcon.colcon_core.executor:Executing jobs using 'parallel' executor
[0.341s] DEBUG:colcon.colcon_parallel_executor.executor.parallel:run_until_complete
[0.341s] INFO:colcon.colcon_ros.task.ament_cmake.build:Building ROS package in '/home/joseph/Turtle_Pursuit/src/pursuit_launch' with build type 'ament_cmake'
[0.341s] INFO:colcon.colcon_cmake.task.cmake.build:Building CMake package in '/home/joseph/Turtle_Pursuit/src/pursuit_launch'
[0.343s] INFO:colcon.colcon_core.plugin_system:Skipping extension 'colcon_core.shell.bat': Not used on non-Windows systems
[0.343s] INFO:colcon.colcon_core.shell:Skip shell extension 'powershell' for command environment: Not usable outside of PowerShell
[0.343s] DEBUG:colcon.colcon_core.shell:Skip shell extension 'dsv' for command environment
[0.358s] DEBUG:colcon.colcon_core.event_handler.log_command:Invoking command in '/home/joseph/Turtle_Pursuit/build/pursuit_launch': AMENT_PREFIX_PATH=/home/joseph/Turtle_Pursuit/install/turtle_pursuit:/home/joseph/Turtle_Pursuit/install/pursuit_launch:/home/joseph/Turtle_Pursuit/install/turtle_pursuit_custom_interfaces:/home/joseph/learn_ros/install/test_pkg:/home/joseph/learn_ros/install/pubsub:/home/joseph/learn_ros/install/activity:/home/joseph/learn_ros/install/practice_interfaces:/home/joseph/learn_ros/install/clientserver:/home/joseph/ros2_urdf_ws/install/my_robot_bringup:/home/joseph/ros2_urdf_ws/install/robot_description:/home/joseph/turtlesim_catch_turtles/install/handle_turtle:/home/joseph/turtlesim_catch_turtles/install/catch_turtles:/home/joseph/turtlesim_catch_turtles/install/turtlesim_catch_turtle_interfaces:/home/joseph/turtlesim_catch_turtles/install/turtlesim_catch_turtle:/home/joseph/e-Yantra/install/ur_simulation_gazebo:/home/joseph/e-Yantra/install/ur_moveit_config:/home/joseph/e-Yantra/install/ur_description:/home/joseph/e-Yantra/install/ur5_control:/home/joseph/e-Yantra/install/task3b:/home/joseph/e-Yantra/install/task2a:/home/joseph/e-Yantra/install/servo_msgs:/home/joseph/e-Yantra/install/realsense_gazebo_plugin:/home/joseph/e-Yantra/install/pymoveit2:/home/joseph/e-Yantra/install/ebot_description:/home/joseph/e-Yantra/install/payload_service:/home/joseph/e-Yantra/install/misc:/home/joseph/e-Yantra/install/linkattacher_msgs:/home/joseph/e-Yantra/install/eyantra_warehouse:/home/joseph/e-Yantra/install/ebot_nav2:/home/joseph/e-Yantra/install/ebot_docking:/home/joseph/e-Yantra/install/aruco:/opt/ros/humble CMAKE_PREFIX_PATH=/home/joseph/Turtle_Pursuit/install/turtle_pursuit_custom_interfaces:/home/joseph/Turtle_Pursuit/install/pursuit_launch:/home/joseph/learn_ros/install/practice_interfaces:/home/joseph/ros2_urdf_ws/install/my_robot_bringup:/home/joseph/ros2_urdf_ws/install/robot_description:/home/joseph/turtlesim_catch_turtles/install/turtlesim_catch_turtle_interfaces:/home/joseph/turtlesim_catch_turtles/install/turtlesim_catch_turtle:/home/joseph/e-Yantra/install/ur_simulation_gazebo:/home/joseph/e-Yantra/install/ur_moveit_config:/home/joseph/e-Yantra/install/ur_description:/home/joseph/e-Yantra/install/servo_msgs:/home/joseph/e-Yantra/install/realsense_gazebo_plugin:/home/joseph/e-Yantra/install/pymoveit2:/home/joseph/e-Yantra/install/ebot_description:/home/joseph/e-Yantra/install/payload_service:/home/joseph/e-Yantra/install/linkattacher_msgs:/home/joseph/e-Yantra/install/eyantra_warehouse:/home/joseph/e-Yantra/install/ebot_nav2:/home/joseph/e-Yantra/install/ebot_docking:/home/joseph/Turtle_Pursuit/install/turtle_pursuit:/home/joseph/learn_ros/install/test_pkg:/home/joseph/learn_ros/install/pubsub:/home/joseph/learn_ros/install/activity:/home/joseph/learn_ros/install/clientserver:/home/joseph/turtlesim_catch_turtles/install/handle_turtle:/home/joseph/turtlesim_catch_turtles/install/catch_turtles:/home/joseph/e-Yantra/install/ur5_control:/home/joseph/e-Yantra/install/task3b:/home/joseph/e-Yantra/install/task2a:/home/joseph/e-Yantra/install/misc:/home/joseph/e-Yantra/install/aruco:/opt/ros/humble LD_LIBRARY_PATH=/home/joseph/Turtle_Pursuit/install/turtle_pursuit_custom_interfaces/lib:/home/joseph/learn_ros/install/practice_interfaces/lib:/home/joseph/turtlesim_catch_turtles/install/turtlesim_catch_turtle_interfaces/lib:/home/joseph/e-Yantra/install/servo_msgs/lib:/home/joseph/e-Yantra/install/realsense_gazebo_plugin/lib:/home/joseph/e-Yantra/install/payload_service/lib:/home/joseph/e-Yantra/install/linkattacher_msgs/lib:/home/joseph/e-Yantra/install/ebot_docking/lib:/usr/lib/x86_64-linux-gnu/gazebo-11/plugins:/opt/ros/humble/opt/rviz_ogre_vendor/lib:/opt/ros/humble/lib/x86_64-linux-gnu:/opt/ros/humble/lib:/usr/share/gazebo-11/../../lib/x86_64-linux-gnu/gazebo-11/plugins:/usr/share/gazebo-11/../../lib/x86_64-linux-gnu/gazebo-11/plugins:/usr/share/gazebo-11/../../lib/x86_64-linux-gnu/gazebo-11/plugins /usr/bin/cmake --build /home/joseph/Turtle_Pursuit/build/pursuit_launch -- -j12 -l12
[0.570s] DEBUG:colcon.colcon_core.event_handler.log_command:Invoked command in '/home/joseph/Turtle_Pursuit/build/pursuit_launch' returned '0': AMENT_PREFIX_PATH=/home/joseph/Turtle_Pursuit/install/turtle_pursuit:/home/joseph/Turtle_Pursuit/install/pursuit_launch:/home/joseph/Turtle_Pursuit/install/turtle_pursuit_custom_interfaces:/home/joseph/learn_ros/install/test_pkg:/home/joseph/learn_ros/install/pubsub:/home/joseph/learn_ros/install/activity:/home/joseph/learn_ros/install/practice_interfaces:/home/joseph/learn_ros/install/clientserver:/home/joseph/ros2_urdf_ws/install/my_robot_bringup:/home/joseph/ros2_urdf_ws/install/robot_description:/home/joseph/turtlesim_catch_turtles/install/handle_turtle:/home/joseph/turtlesim_catch_turtles/install/catch_turtles:/home/joseph/turtlesim_catch_turtles/install/turtlesim_catch_turtle_interfaces:/home/joseph/turtlesim_catch_turtles/install/turtlesim_catch_turtle:/home/joseph/e-Yantra/install/ur_simulation_gazebo:/home/joseph/e-Yantra/install/ur_moveit_config:/home/joseph/e-Yantra/install/ur_description:/home/joseph/e-Yantra/install/ur5_control:/home/joseph/e-Yantra/install/task3b:/home/joseph/e-Yantra/install/task2a:/home/joseph/e-Yantra/install/servo_msgs:/home/joseph/e-Yantra/install/realsense_gazebo_plugin:/home/joseph/e-Yantra/install/pymoveit2:/home/joseph/e-Yantra/install/ebot_description:/home/joseph/e-Yantra/install/payload_service:/home/joseph/e-Yantra/install/misc:/home/joseph/e-Yantra/install/linkattacher_msgs:/home/joseph/e-Yantra/install/eyantra_warehouse:/home/joseph/e-Yantra/install/ebot_nav2:/home/joseph/e-Yantra/install/ebot_docking:/home/joseph/e-Yantra/install/aruco:/opt/ros/humble CMAKE_PREFIX_PATH=/home/joseph/Turtle_Pursuit/install/turtle_pursuit_custom_interfaces:/home/joseph/Turtle_Pursuit/install/pursuit_launch:/home/joseph/learn_ros/install/practice_interfaces:/home/joseph/ros2_urdf_ws/install/my_robot_bringup:/home/joseph/ros2_urdf_ws/install/robot_description:/home/joseph/turtlesim_catch_turtles/install/turtlesim_catch_turtle_interfaces:/home/joseph/turtlesim_catch_turtles/install/turtlesim_catch_turtle:/home/joseph/e-Yantra/install/ur_simulation_gazebo:/home/joseph/e-Yantra/install/ur_moveit_config:/home/joseph/e-Yantra/install/ur_description:/home/joseph/e-Yantra/install/servo_msgs:/home/joseph/e-Yantra/install/realsense_gazebo_plugin:/home/joseph/e-Yantra/install/pymoveit2:/home/joseph/e-Yantra/install/ebot_description:/home/joseph/e-Yantra/install/payload_service:/home/joseph/e-Yantra/install/linkattacher_msgs:/home/joseph/e-Yantra/install/eyantra_warehouse:/home/joseph/e-Yantra/install/ebot_nav2:/home/joseph/e-Yantra/install/ebot_docking:/home/joseph/Turtle_Pursuit/install/turtle_pursuit:/home/joseph/learn_ros/install/test_pkg:/home/joseph/learn_ros/install/pubsub:/home/joseph/learn_ros/install/activity:/home/joseph/learn_ros/install/clientserver:/home/joseph/turtlesim_catch_turtles/install/handle_turtle:/home/joseph/turtlesim_catch_turtles/install/catch_turtles:/home/joseph/e-Yantra/install/ur5_control:/home/joseph/e-Yantra/install/task3b:/home/joseph/e-Yantra/install/task2a:/home/joseph/e-Yantra/install/misc:/home/joseph/e-Yantra/install/aruco:/opt/ros/humble LD_LIBRARY_PATH=/home/joseph/Turtle_Pursuit/install/turtle_pursuit_custom_interfaces/lib:/home/joseph/learn_ros/install/practice_interfaces/lib:/home/joseph/turtlesim_catch_turtles/install/turtlesim_catch_turtle_interfaces/lib:/home/joseph/e-Yantra/install/servo_msgs/lib:/home/joseph/e-Yantra/install/realsense_gazebo_plugin/lib:/home/joseph/e-Yantra/install/payload_service/lib:/home/joseph/e-Yantra/install/linkattacher_msgs/lib:/home/joseph/e-Yantra/install/ebot_docking/lib:/usr/lib/x86_64-linux-gnu/gazebo-11/plugins:/opt/ros/humble/opt/rviz_ogre_vendor/lib:/opt/ros/humble/lib/x86_64-linux-gnu:/opt/ros/humble/lib:/usr/share/gazebo-11/../../lib/x86_64-linux-gnu/gazebo-11/plugins:/usr/share/gazebo-11/../../lib/x86_64-linux-gnu/gazebo-11/plugins:/usr/share/gazebo-11/../../lib/x86_64-linux-gnu/gazebo-11/plugins /usr/bin/cmake --build /home/joseph/Turtle_Pursuit/build/pursuit_launch -- -j12 -l12
[0.603s] DEBUG:colcon.colcon_core.event_handler.log_command:Invoking command in '/home/joseph/Turtle_Pursuit/build/pursuit_launch': AMENT_PREFIX_PATH=/home/joseph/Turtle_Pursuit/install/turtle_pursuit:/home/joseph/Turtle_Pursuit/install/pursuit_launch:/home/joseph/Turtle_Pursuit/install/turtle_pursuit_custom_interfaces:/home/joseph/learn_ros/install/test_pkg:/home/joseph/learn_ros/install/pubsub:/home/joseph/learn_ros/install/activity:/home/joseph/learn_ros/install/practice_interfaces:/home/joseph/learn_ros/install/clientserver:/home/joseph/ros2_urdf_ws/install/my_robot_bringup:/home/joseph/ros2_urdf_ws/install/robot_description:/home/joseph/turtlesim_catch_turtles/install/handle_turtle:/home/joseph/turtlesim_catch_turtles/install/catch_turtles:/home/joseph/turtlesim_catch_turtles/install/turtlesim_catch_turtle_interfaces:/home/joseph/turtlesim_catch_turtles/install/turtlesim_catch_turtle:/home/joseph/e-Yantra/install/ur_simulation_gazebo:/home/joseph/e-Yantra/install/ur_moveit_config:/home/joseph/e-Yantra/install/ur_description:/home/joseph/e-Yantra/install/ur5_control:/home/joseph/e-Yantra/install/task3b:/home/joseph/e-Yantra/install/task2a:/home/joseph/e-Yantra/install/servo_msgs:/home/joseph/e-Yantra/install/realsense_gazebo_plugin:/home/joseph/e-Yantra/install/pymoveit2:/home/joseph/e-Yantra/install/ebot_description:/home/joseph/e-Yantra/install/payload_service:/home/joseph/e-Yantra/install/misc:/home/joseph/e-Yantra/install/linkattacher_msgs:/home/joseph/e-Yantra/install/eyantra_warehouse:/home/joseph/e-Yantra/install/ebot_nav2:/home/joseph/e-Yantra/install/ebot_docking:/home/joseph/e-Yantra/install/aruco:/opt/ros/humble CMAKE_PREFIX_PATH=/home/joseph/Turtle_Pursuit/install/turtle_pursuit_custom_interfaces:/home/joseph/Turtle_Pursuit/install/pursuit_launch:/home/joseph/learn_ros/install/practice_interfaces:/home/joseph/ros2_urdf_ws/install/my_robot_bringup:/home/joseph/ros2_urdf_ws/install/robot_description:/home/joseph/turtlesim_catch_turtles/install/turtlesim_catch_turtle_interfaces:/home/joseph/turtlesim_catch_turtles/install/turtlesim_catch_turtle:/home/joseph/e-Yantra/install/ur_simulation_gazebo:/home/joseph/e-Yantra/install/ur_moveit_config:/home/joseph/e-Yantra/install/ur_description:/home/joseph/e-Yantra/install/servo_msgs:/home/joseph/e-Yantra/install/realsense_gazebo_plugin:/home/joseph/e-Yantra/install/pymoveit2:/home/joseph/e-Yantra/install/ebot_description:/home/joseph/e-Yantra/install/payload_service:/home/joseph/e-Yantra/install/linkattacher_msgs:/home/joseph/e-Yantra/install/eyantra_warehouse:/home/joseph/e-Yantra/install/ebot_nav2:/home/joseph/e-Yantra/install/ebot_docking:/home/joseph/Turtle_Pursuit/install/turtle_pursuit:/home/joseph/learn_ros/install/test_pkg:/home/joseph/learn_ros/install/pubsub:/home/joseph/learn_ros/install/activity:/home/joseph/learn_ros/install/clientserver:/home/joseph/turtlesim_catch_turtles/install/handle_turtle:/home/joseph/turtlesim_catch_turtles/install/catch_turtles:/home/joseph/e-Yantra/install/ur5_control:/home/joseph/e-Yantra/install/task3b:/home/joseph/e-Yantra/install/task2a:/home/joseph/e-Yantra/install/misc:/home/joseph/e-Yantra/install/aruco:/opt/ros/humble LD_LIBRARY_PATH=/home/joseph/Turtle_Pursuit/install/turtle_pursuit_custom_interfaces/lib:/home/joseph/learn_ros/install/practice_interfaces/lib:/home/joseph/turtlesim_catch_turtles/install/turtlesim_catch_turtle_interfaces/lib:/home/joseph/e-Yantra/install/servo_msgs/lib:/home/joseph/e-Yantra/install/realsense_gazebo_plugin/lib:/home/joseph/e-Yantra/install/payload_service/lib:/home/joseph/e-Yantra/install/linkattacher_msgs/lib:/home/joseph/e-Yantra/install/ebot_docking/lib:/usr/lib/x86_64-linux-gnu/gazebo-11/plugins:/opt/ros/humble/opt/rviz_ogre_vendor/lib:/opt/ros/humble/lib/x86_64-linux-gnu:/opt/ros/humble/lib:/usr/share/gazebo-11/../../lib/x86_64-linux-gnu/gazebo-11/plugins:/usr/share/gazebo-11/../../lib/x86_64-linux-gnu/gazebo-11/plugins:/usr/share/gazebo-11/../../lib/x86_64-linux-gnu/gazebo-11/plugins /usr/bin/cmake --install /home/joseph/Turtle_Pursuit/build/pursuit_launch
[0.612s] Level 1:colcon.colcon_core.environment:create_environment_scripts_only(pursuit_launch)
[0.613s] DEBUG:colcon.colcon_core.event_handler.log_command:Invoked command in '/home/joseph/Turtle_Pursuit/build/pursuit_launch' returned '0': AMENT_PREFIX_PATH=/home/joseph/Turtle_Pursuit/install/turtle_pursuit:/home/joseph/Turtle_Pursuit/install/pursuit_launch:/home/joseph/Turtle_Pursuit/install/turtle_pursuit_custom_interfaces:/home/joseph/learn_ros/install/test_pkg:/home/joseph/learn_ros/install/pubsub:/home/joseph/learn_ros/install/activity:/home/joseph/learn_ros/install/practice_interfaces:/home/joseph/learn_ros/install/clientserver:/home/joseph/ros2_urdf_ws/install/my_robot_bringup:/home/joseph/ros2_urdf_ws/install/robot_description:/home/joseph/turtlesim_catch_turtles/install/handle_turtle:/home/joseph/turtlesim_catch_turtles/install/catch_turtles:/home/joseph/turtlesim_catch_turtles/install/turtlesim_catch_turtle_interfaces:/home/joseph/turtlesim_catch_turtles/install/turtlesim_catch_turtle:/home/joseph/e-Yantra/install/ur_simulation_gazebo:/home/joseph/e-Yantra/install/ur_moveit_config:/home/joseph/e-Yantra/install/ur_description:/home/joseph/e-Yantra/install/ur5_control:/home/joseph/e-Yantra/install/task3b:/home/joseph/e-Yantra/install/task2a:/home/joseph/e-Yantra/install/servo_msgs:/home/joseph/e-Yantra/install/realsense_gazebo_plugin:/home/joseph/e-Yantra/install/pymoveit2:/home/joseph/e-Yantra/install/ebot_description:/home/joseph/e-Yantra/install/payload_service:/home/joseph/e-Yantra/install/misc:/home/joseph/e-Yantra/install/linkattacher_msgs:/home/joseph/e-Yantra/install/eyantra_warehouse:/home/joseph/e-Yantra/install/ebot_nav2:/home/joseph/e-Yantra/install/ebot_docking:/home/joseph/e-Yantra/install/aruco:/opt/ros/humble CMAKE_PREFIX_PATH=/home/joseph/Turtle_Pursuit/install/turtle_pursuit_custom_interfaces:/home/joseph/Turtle_Pursuit/install/pursuit_launch:/home/joseph/learn_ros/install/practice_interfaces:/home/joseph/ros2_urdf_ws/install/my_robot_bringup:/home/joseph/ros2_urdf_ws/install/robot_description:/home/joseph/turtlesim_catch_turtles/install/turtlesim_catch_turtle_interfaces:/home/joseph/turtlesim_catch_turtles/install/turtlesim_catch_turtle:/home/joseph/e-Yantra/install/ur_simulation_gazebo:/home/joseph/e-Yantra/install/ur_moveit_config:/home/joseph/e-Yantra/install/ur_description:/home/joseph/e-Yantra/install/servo_msgs:/home/joseph/e-Yantra/install/realsense_gazebo_plugin:/home/joseph/e-Yantra/install/pymoveit2:/home/joseph/e-Yantra/install/ebot_description:/home/joseph/e-Yantra/install/payload_service:/home/joseph/e-Yantra/install/linkattacher_msgs:/home/joseph/e-Yantra/install/eyantra_warehouse:/home/joseph/e-Yantra/install/ebot_nav2:/home/joseph/e-Yantra/install/ebot_docking:/home/joseph/Turtle_Pursuit/install/turtle_pursuit:/home/joseph/learn_ros/install/test_pkg:/home/joseph/learn_ros/install/pubsub:/home/joseph/learn_ros/install/activity:/home/joseph/learn_ros/install/clientserver:/home/joseph/turtlesim_catch_turtles/install/handle_turtle:/home/joseph/turtlesim_catch_turtles/install/catch_turtles:/home/joseph/e-Yantra/install/ur5_control:/home/joseph/e-Yantra/install/task3b:/home/joseph/e-Yantra/install/task2a:/home/joseph/e-Yantra/install/misc:/home/joseph/e-Yantra/install/aruco:/opt/ros/humble LD_LIBRARY_PATH=/home/joseph/Turtle_Pursuit/install/turtle_pursuit_custom_interfaces/lib:/home/joseph/learn_ros/install/practice_interfaces/lib:/home/joseph/turtlesim_catch_turtles/install/turtlesim_catch_turtle_interfaces/lib:/home/joseph/e-Yantra/install/servo_msgs/lib:/home/joseph/e-Yantra/install/realsense_gazebo_plugin/lib:/home/joseph/e-Yantra/install/payload_service/lib:/home/joseph/e-Yantra/install/linkattacher_msgs/lib:/home/joseph/e-Yantra/install/ebot_docking/lib:/usr/lib/x86_64-linux-gnu/gazebo-11/plugins:/opt/ros/humble/opt/rviz_ogre_vendor/lib:/opt/ros/humble/lib/x86_64-linux-gnu:/opt/ros/humble/lib:/usr/share/gazebo-11/../../lib/x86_64-linux-gnu/gazebo-11/plugins:/usr/share/gazebo-11/../../lib/x86_64-linux-gnu/gazebo-11/plugins:/usr/share/gazebo-11/../../lib/x86_64-linux-gnu/gazebo-11/plugins /usr/bin/cmake --install /home/joseph/Turtle_Pursuit/build/pursuit_launch
[0.614s] Level 1:colcon.colcon_core.environment:checking '/home/joseph/Turtle_Pursuit/install/pursuit_launch' for CMake module files
[0.615s] Level 1:colcon.colcon_core.environment:checking '/home/joseph/Turtle_Pursuit/install/pursuit_launch' for CMake config files
[0.615s] Level 1:colcon.colcon_core.shell:create_environment_hook('pursuit_launch', 'cmake_prefix_path')
[0.615s] INFO:colcon.colcon_core.shell:Creating environment hook '/home/joseph/Turtle_Pursuit/install/pursuit_launch/share/pursuit_launch/hook/cmake_prefix_path.ps1'
[0.616s] INFO:colcon.colcon_core.shell:Creating environment descriptor '/home/joseph/Turtle_Pursuit/install/pursuit_launch/share/pursuit_launch/hook/cmake_prefix_path.dsv'
[0.616s] INFO:colcon.colcon_core.shell:Creating environment hook '/home/joseph/Turtle_Pursuit/install/pursuit_launch/share/pursuit_launch/hook/cmake_prefix_path.sh'
[0.617s] Level 1:colcon.colcon_core.environment:checking '/home/joseph/Turtle_Pursuit/install/pursuit_launch/bin'
[0.617s] Level 1:colcon.colcon_core.environment:checking '/home/joseph/Turtle_Pursuit/install/pursuit_launch/lib/pkgconfig/pursuit_launch.pc'
[0.617s] Level 1:colcon.colcon_core.environment:checking '/home/joseph/Turtle_Pursuit/install/pursuit_launch/lib/python3.10/site-packages'
[0.617s] Level 1:colcon.colcon_core.environment:checking '/home/joseph/Turtle_Pursuit/install/pursuit_launch/bin'
[0.617s] INFO:colcon.colcon_core.shell:Creating package script '/home/joseph/Turtle_Pursuit/install/pursuit_launch/share/pursuit_launch/package.ps1'
[0.618s] INFO:colcon.colcon_core.shell:Creating package descriptor '/home/joseph/Turtle_Pursuit/install/pursuit_launch/share/pursuit_launch/package.dsv'
[0.618s] INFO:colcon.colcon_core.shell:Creating package script '/home/joseph/Turtle_Pursuit/install/pursuit_launch/share/pursuit_launch/package.sh'
[0.618s] INFO:colcon.colcon_core.shell:Creating package script '/home/joseph/Turtle_Pursuit/install/pursuit_launch/share/pursuit_launch/package.bash'
[0.619s] INFO:colcon.colcon_core.shell:Creating package script '/home/joseph/Turtle_Pursuit/install/pursuit_launch/share/pursuit_launch/package.zsh'
[0.619s] Level 1:colcon.colcon_core.environment:create_file_with_runtime_dependencies(/home/joseph/Turtle_Pursuit/install/pursuit_launch/share/colcon-core/packages/pursuit_launch)
[0.644s] Level 1:colcon.colcon_core.environment:create_environment_scripts_only(pursuit_launch)
[0.645s] Level 1:colcon.colcon_core.environment:checking '/home/joseph/Turtle_Pursuit/install/pursuit_launch' for CMake module files
[0.645s] Level 1:colcon.colcon_core.environment:checking '/home/joseph/Turtle_Pursuit/install/pursuit_launch' for CMake config files
[0.645s] Level 1:colcon.colcon_core.shell:create_environment_hook('pursuit_launch', 'cmake_prefix_path')
[0.645s] INFO:colcon.colcon_core.shell:Creating environment hook '/home/joseph/Turtle_Pursuit/install/pursuit_launch/share/pursuit_launch/hook/cmake_prefix_path.ps1'
[0.646s] INFO:colcon.colcon_core.shell:Creating environment descriptor '/home/joseph/Turtle_Pursuit/install/pursuit_launch/share/pursuit_launch/hook/cmake_prefix_path.dsv'
[0.646s] INFO:colcon.colcon_core.shell:Creating environment hook '/home/joseph/Turtle_Pursuit/install/pursuit_launch/share/pursuit_launch/hook/cmake_prefix_path.sh'
[0.646s] Level 1:colcon.colcon_core.environment:checking '/home/joseph/Turtle_Pursuit/install/pursuit_launch/bin'
[0.646s] Level 1:colcon.colcon_core.environment:checking '/home/joseph/Turtle_Pursuit/install/pursuit_launch/lib/pkgconfig/pursuit_launch.pc'
[0.646s] Level 1:colcon.colcon_core.environment:checking '/home/joseph/Turtle_Pursuit/install/pursuit_launch/lib/python3.10/site-packages'
[0.647s] Level 1:colcon.colcon_core.environment:checking '/home/joseph/Turtle_Pursuit/install/pursuit_launch/bin'
[0.647s] INFO:colcon.colcon_core.shell:Creating package script '/home/joseph/Turtle_Pursuit/install/pursuit_launch/share/pursuit_launch/package.ps1'
[0.647s] INFO:colcon.colcon_core.shell:Creating package descriptor '/home/joseph/Turtle_Pursuit/install/pursuit_launch/share/pursuit_launch/package.dsv'
[0.647s] INFO:colcon.colcon_core.shell:Creating package script '/home/joseph/Turtle_Pursuit/install/pursuit_launch/share/pursuit_launch/package.sh'
[0.648s] INFO:colcon.colcon_core.shell:Creating package script '/home/joseph/Turtle_Pursuit/install/pursuit_launch/share/pursuit_launch/package.bash'
[0.648s] INFO:colcon.colcon_core.shell:Creating package script '/home/joseph/Turtle_Pursuit/install/pursuit_launch/share/pursuit_launch/package.zsh'
[0.648s] Level 1:colcon.colcon_core.environment:create_file_with_runtime_dependencies(/home/joseph/Turtle_Pursuit/install/pursuit_launch/share/colcon-core/packages/pursuit_launch)
[0.649s] DEBUG:colcon.colcon_parallel_executor.executor.parallel:closing loop
[0.649s] DEBUG:colcon.colcon_parallel_executor.executor.parallel:loop closed
[0.649s] DEBUG:colcon.colcon_parallel_executor.executor.parallel:run_until_complete finished with '0'
[0.649s] DEBUG:colcon.colcon_core.event_reactor:joining thread
[0.653s] INFO:colcon.colcon_core.plugin_system:Skipping extension 'colcon_notification.desktop_notification.terminal_notifier': Not used on non-Darwin systems
[0.653s] INFO:colcon.colcon_core.plugin_system:Skipping extension 'colcon_notification.desktop_notification.win32': Not used on non-Windows systems
[0.653s] INFO:colcon.colcon_notification.desktop_notification:Sending desktop notification using 'notify2'
[0.662s] DEBUG:colcon.colcon_core.event_reactor:joined thread
[0.662s] INFO:colcon.colcon_core.shell:Creating prefix script '/home/joseph/Turtle_Pursuit/install/local_setup.ps1'
[0.663s] INFO:colcon.colcon_core.shell:Creating prefix util module '/home/joseph/Turtle_Pursuit/install/_local_setup_util_ps1.py'
[0.664s] INFO:colcon.colcon_core.shell:Creating prefix chain script '/home/joseph/Turtle_Pursuit/install/setup.ps1'
[0.666s] INFO:colcon.colcon_core.shell:Creating prefix script '/home/joseph/Turtle_Pursuit/install/local_setup.sh'
[0.666s] INFO:colcon.colcon_core.shell:Creating prefix util module '/home/joseph/Turtle_Pursuit/install/_local_setup_util_sh.py'
[0.667s] INFO:colcon.colcon_core.shell:Creating prefix chain script '/home/joseph/Turtle_Pursuit/install/setup.sh'
[0.668s] INFO:colcon.colcon_core.shell:Creating prefix script '/home/joseph/Turtle_Pursuit/install/local_setup.bash'
[0.669s] INFO:colcon.colcon_core.shell:Creating prefix chain script '/home/joseph/Turtle_Pursuit/install/setup.bash'
[0.670s] INFO:colcon.colcon_core.shell:Creating prefix script '/home/joseph/Turtle_Pursuit/install/local_setup.zsh'
[0.671s] INFO:colcon.colcon_core.shell:Creating prefix chain script '/home/joseph/Turtle_Pursuit/install/setup.zsh'
