[0.798s] Invoking command in '/home/joseph/Turtle_Pursuit/src/turtle_handlers': PYTHONPATH=/home/joseph/Turtle_Pursuit/build/turtle_handlers/prefix_override:/usr/lib/python3/dist-packages/colcon_core/task/python/colcon_distutils_commands:/home/joseph/Turtle_Pursuit/install/turtle_handlers/lib/python3.10/site-packages:${PYTHONPATH} /usr/bin/python3 -W ignore:setup.py install is deprecated setup.py egg_info --egg-base ../../build/turtle_handlers build --build-base /home/joseph/Turtle_Pursuit/build/turtle_handlers/build install --record /home/joseph/Turtle_Pursuit/build/turtle_handlers/install.log --single-version-externally-managed install_data
[1.131s] running egg_info
[1.131s] writing ../../build/turtle_handlers/turtle_handlers.egg-info/PKG-INFO
[1.132s] writing dependency_links to ../../build/turtle_handlers/turtle_handlers.egg-info/dependency_links.txt
[1.132s] writing entry points to ../../build/turtle_handlers/turtle_handlers.egg-info/entry_points.txt
[1.132s] writing requirements to ../../build/turtle_handlers/turtle_handlers.egg-info/requires.txt
[1.132s] writing top-level names to ../../build/turtle_handlers/turtle_handlers.egg-info/top_level.txt
[1.134s] reading manifest file '../../build/turtle_handlers/turtle_handlers.egg-info/SOURCES.txt'
[1.135s] writing manifest file '../../build/turtle_handlers/turtle_handlers.egg-info/SOURCES.txt'
[1.135s] running build
[1.136s] running build_py
[1.136s] copying turtle_handlers/Turtle_navigator.py -> /home/joseph/Turtle_Pursuit/build/turtle_handlers/build/lib/turtle_handlers
[1.136s] copying turtle_handlers/Turtle_Manager.py -> /home/joseph/Turtle_Pursuit/build/turtle_handlers/build/lib/turtle_handlers
[1.136s] copying turtle_handlers/Turtle_Main.py -> /home/joseph/Turtle_Pursuit/build/turtle_handlers/build/lib/turtle_handlers
[1.136s] running install
[1.137s] running install_lib
[1.138s] copying /home/joseph/Turtle_Pursuit/build/turtle_handlers/build/lib/turtle_handlers/Turtle_navigator.py -> /home/joseph/Turtle_Pursuit/install/turtle_handlers/lib/python3.10/site-packages/turtle_handlers
[1.138s] copying /home/joseph/Turtle_Pursuit/build/turtle_handlers/build/lib/turtle_handlers/Turtle_Manager.py -> /home/joseph/Turtle_Pursuit/install/turtle_handlers/lib/python3.10/site-packages/turtle_handlers
[1.138s] copying /home/joseph/Turtle_Pursuit/build/turtle_handlers/build/lib/turtle_handlers/Turtle_Main.py -> /home/joseph/Turtle_Pursuit/install/turtle_handlers/lib/python3.10/site-packages/turtle_handlers
[1.139s] byte-compiling /home/joseph/Turtle_Pursuit/install/turtle_handlers/lib/python3.10/site-packages/turtle_handlers/Turtle_navigator.py to Turtle_navigator.cpython-310.pyc
[1.140s] byte-compiling /home/joseph/Turtle_Pursuit/install/turtle_handlers/lib/python3.10/site-packages/turtle_handlers/Turtle_Manager.py to Turtle_Manager.cpython-310.pyc
[1.141s] byte-compiling /home/joseph/Turtle_Pursuit/install/turtle_handlers/lib/python3.10/site-packages/turtle_handlers/Turtle_Main.py to Turtle_Main.cpython-310.pyc
[1.142s] running install_data
[1.142s] running install_egg_info
[1.145s] removing '/home/joseph/Turtle_Pursuit/install/turtle_handlers/lib/python3.10/site-packages/turtle_handlers-0.0.0-py3.10.egg-info' (and everything under it)
[1.145s] Copying ../../build/turtle_handlers/turtle_handlers.egg-info to /home/joseph/Turtle_Pursuit/install/turtle_handlers/lib/python3.10/site-packages/turtle_handlers-0.0.0-py3.10.egg-info
[1.147s] running install_scripts
[1.172s] Installing alive_turtle_server script to /home/joseph/Turtle_Pursuit/install/turtle_handlers/lib/turtle_handlers
[1.172s] Installing catch_turtle script to /home/joseph/Turtle_Pursuit/install/turtle_handlers/lib/turtle_handlers
[1.172s] Installing turtle_manger script to /home/joseph/Turtle_Pursuit/install/turtle_handlers/lib/turtle_handlers
[1.173s] writing list of installed files to '/home/joseph/Turtle_Pursuit/build/turtle_handlers/install.log'
[1.235s] Invoked command in '/home/joseph/Turtle_Pursuit/src/turtle_handlers' returned '0': PYTHONPATH=/home/joseph/Turtle_Pursuit/build/turtle_handlers/prefix_override:/usr/lib/python3/dist-packages/colcon_core/task/python/colcon_distutils_commands:/home/joseph/Turtle_Pursuit/install/turtle_handlers/lib/python3.10/site-packages:${PYTHONPATH} /usr/bin/python3 -W ignore:setup.py install is deprecated setup.py egg_info --egg-base ../../build/turtle_handlers build --build-base /home/joseph/Turtle_Pursuit/build/turtle_handlers/build install --record /home/joseph/Turtle_Pursuit/build/turtle_handlers/install.log --single-version-externally-managed install_data
