[0.101s] DEBUG:colcon:Command line arguments: ['/usr/bin/colcon', 'build']
[0.102s] DEBUG:colcon:Parsed command line arguments: Namespace(log_base=None, log_level=None, verb_name='build', build_base='build', install_base='install', merge_install=False, symlink_install=False, test_result_base=None, continue_on_error=False, executor='parallel', parallel_workers=12, event_handlers=None, ignore_user_meta=False, metas=['./colcon.meta'], base_paths=['.'], packages_ignore=None, packages_ignore_regex=None, paths=None, packages_up_to=None, packages_up_to_regex=None, packages_above=None, packages_above_and_dependencies=None, packages_above_depth=None, packages_select_by_dep=None, packages_skip_by_dep=None, packages_skip_up_to=None, packages_select_build_failed=False, packages_skip_build_finished=False, packages_select_test_failures=False, packages_skip_test_passed=False, packages_select=None, packages_skip=None, packages_select_regex=None, packages_skip_regex=None, packages_start=None, packages_end=None, allow_overriding=[], cmake_args=None, cmake_target=None, cmake_target_skip_unavailable=False, cmake_clean_cache=False, cmake_clean_first=False, cmake_force_configure=False, ament_cmake_args=None, catkin_cmake_args=None, catkin_skip_building_tests=False, verb_parser=<colcon_defaults.argument_parser.defaults.DefaultArgumentsDecorator object at 0x7693fe16bbe0>, verb_extension=<colcon_core.verb.build.BuildVerb object at 0x7693fe16b970>, main=<bound method BuildVerb.main of <colcon_core.verb.build.BuildVerb object at 0x7693fe16b970>>)
[0.266s] Level 1:colcon.colcon_core.package_discovery:discover_packages(colcon_meta) check parameters
[0.267s] Level 1:colcon.colcon_core.package_discovery:discover_packages(recursive) check parameters
[0.267s] Level 1:colcon.colcon_core.package_discovery:discover_packages(ignore) check parameters
[0.267s] Level 1:colcon.colcon_core.package_discovery:discover_packages(path) check parameters
[0.267s] Level 1:colcon.colcon_core.package_discovery:discover_packages(colcon_meta) discover
[0.267s] Level 1:colcon.colcon_core.package_discovery:discover_packages(recursive) discover
[0.267s] INFO:colcon.colcon_core.package_discovery:Crawling recursively for packages in '/home/joseph/Turtle_Pursuit'
[0.267s] Level 1:colcon.colcon_core.package_identification:_identify(.) by extensions ['ignore', 'ignore_ament_install']
[0.267s] Level 1:colcon.colcon_core.package_identification:_identify(.) by extension 'ignore'
[0.267s] Level 1:colcon.colcon_core.package_identification:_identify(.) by extension 'ignore_ament_install'
[0.267s] Level 1:colcon.colcon_core.package_identification:_identify(.) by extensions ['colcon_pkg']
[0.267s] Level 1:colcon.colcon_core.package_identification:_identify(.) by extension 'colcon_pkg'
[0.267s] Level 1:colcon.colcon_core.package_identification:_identify(.) by extensions ['colcon_meta']
[0.267s] Level 1:colcon.colcon_core.package_identification:_identify(.) by extension 'colcon_meta'
[0.267s] Level 1:colcon.colcon_core.package_identification:_identify(.) by extensions ['ros']
[0.267s] Level 1:colcon.colcon_core.package_identification:_identify(.) by extension 'ros'
[0.275s] Level 1:colcon.colcon_core.package_identification:_identify(.) by extensions ['cmake', 'python']
[0.275s] Level 1:colcon.colcon_core.package_identification:_identify(.) by extension 'cmake'
[0.275s] Level 1:colcon.colcon_core.package_identification:_identify(.) by extension 'python'
[0.275s] Level 1:colcon.colcon_core.package_identification:_identify(.) by extensions ['python_setup_py']
[0.275s] Level 1:colcon.colcon_core.package_identification:_identify(.) by extension 'python_setup_py'
[0.275s] Level 1:colcon.colcon_core.package_identification:_identify(build) by extensions ['ignore', 'ignore_ament_install']
[0.276s] Level 1:colcon.colcon_core.package_identification:_identify(build) by extension 'ignore'
[0.276s] Level 1:colcon.colcon_core.package_identification:_identify(build) ignored
[0.276s] Level 1:colcon.colcon_core.package_identification:_identify(install) by extensions ['ignore', 'ignore_ament_install']
[0.276s] Level 1:colcon.colcon_core.package_identification:_identify(install) by extension 'ignore'
[0.276s] Level 1:colcon.colcon_core.package_identification:_identify(install) ignored
[0.276s] Level 1:colcon.colcon_core.package_identification:_identify(log) by extensions ['ignore', 'ignore_ament_install']
[0.276s] Level 1:colcon.colcon_core.package_identification:_identify(log) by extension 'ignore'
[0.276s] Level 1:colcon.colcon_core.package_identification:_identify(log) ignored
[0.276s] Level 1:colcon.colcon_core.package_identification:_identify(src) by extensions ['ignore', 'ignore_ament_install']
[0.276s] Level 1:colcon.colcon_core.package_identification:_identify(src) by extension 'ignore'
[0.276s] Level 1:colcon.colcon_core.package_identification:_identify(src) by extension 'ignore_ament_install'
[0.276s] Level 1:colcon.colcon_core.package_identification:_identify(src) by extensions ['colcon_pkg']
[0.276s] Level 1:colcon.colcon_core.package_identification:_identify(src) by extension 'colcon_pkg'
[0.276s] Level 1:colcon.colcon_core.package_identification:_identify(src) by extensions ['colcon_meta']
[0.276s] Level 1:colcon.colcon_core.package_identification:_identify(src) by extension 'colcon_meta'
[0.276s] Level 1:colcon.colcon_core.package_identification:_identify(src) by extensions ['ros']
[0.276s] Level 1:colcon.colcon_core.package_identification:_identify(src) by extension 'ros'
[0.276s] Level 1:colcon.colcon_core.package_identification:_identify(src) by extensions ['cmake', 'python']
[0.276s] Level 1:colcon.colcon_core.package_identification:_identify(src) by extension 'cmake'
[0.276s] Level 1:colcon.colcon_core.package_identification:_identify(src) by extension 'python'
[0.277s] Level 1:colcon.colcon_core.package_identification:_identify(src) by extensions ['python_setup_py']
[0.277s] Level 1:colcon.colcon_core.package_identification:_identify(src) by extension 'python_setup_py'
[0.277s] Level 1:colcon.colcon_core.package_identification:_identify(src/pursuit_launch) by extensions ['ignore', 'ignore_ament_install']
[0.277s] Level 1:colcon.colcon_core.package_identification:_identify(src/pursuit_launch) by extension 'ignore'
[0.277s] Level 1:colcon.colcon_core.package_identification:_identify(src/pursuit_launch) by extension 'ignore_ament_install'
[0.277s] Level 1:colcon.colcon_core.package_identification:_identify(src/pursuit_launch) by extensions ['colcon_pkg']
[0.277s] Level 1:colcon.colcon_core.package_identification:_identify(src/pursuit_launch) by extension 'colcon_pkg'
[0.277s] Level 1:colcon.colcon_core.package_identification:_identify(src/pursuit_launch) by extensions ['colcon_meta']
[0.277s] Level 1:colcon.colcon_core.package_identification:_identify(src/pursuit_launch) by extension 'colcon_meta'
[0.277s] Level 1:colcon.colcon_core.package_identification:_identify(src/pursuit_launch) by extensions ['ros']
[0.277s] Level 1:colcon.colcon_core.package_identification:_identify(src/pursuit_launch) by extension 'ros'
[0.278s] DEBUG:colcon.colcon_core.package_identification:Package 'src/pursuit_launch' with type 'ros.ament_cmake' and name 'pursuit_launch'
[0.279s] Level 1:colcon.colcon_core.package_identification:_identify(src/turtle_pursuit) by extensions ['ignore', 'ignore_ament_install']
[0.279s] Level 1:colcon.colcon_core.package_identification:_identify(src/turtle_pursuit) by extension 'ignore'
[0.279s] Level 1:colcon.colcon_core.package_identification:_identify(src/turtle_pursuit) by extension 'ignore_ament_install'
[0.279s] Level 1:colcon.colcon_core.package_identification:_identify(src/turtle_pursuit) by extensions ['colcon_pkg']
[0.279s] Level 1:colcon.colcon_core.package_identification:_identify(src/turtle_pursuit) by extension 'colcon_pkg'
[0.279s] Level 1:colcon.colcon_core.package_identification:_identify(src/turtle_pursuit) by extensions ['colcon_meta']
[0.279s] Level 1:colcon.colcon_core.package_identification:_identify(src/turtle_pursuit) by extension 'colcon_meta'
[0.279s] Level 1:colcon.colcon_core.package_identification:_identify(src/turtle_pursuit) by extensions ['ros']
[0.279s] Level 1:colcon.colcon_core.package_identification:_identify(src/turtle_pursuit) by extension 'ros'
[0.279s] DEBUG:colcon.colcon_core.package_identification:Package 'src/turtle_pursuit' with type 'ros.ament_python' and name 'turtle_pursuit'
[0.279s] Level 1:colcon.colcon_core.package_identification:_identify(src/turtle_pursuit_custom_interfaces) by extensions ['ignore', 'ignore_ament_install']
[0.280s] Level 1:colcon.colcon_core.package_identification:_identify(src/turtle_pursuit_custom_interfaces) by extension 'ignore'
[0.280s] Level 1:colcon.colcon_core.package_identification:_identify(src/turtle_pursuit_custom_interfaces) by extension 'ignore_ament_install'
[0.280s] Level 1:colcon.colcon_core.package_identification:_identify(src/turtle_pursuit_custom_interfaces) by extensions ['colcon_pkg']
[0.280s] Level 1:colcon.colcon_core.package_identification:_identify(src/turtle_pursuit_custom_interfaces) by extension 'colcon_pkg'
[0.280s] Level 1:colcon.colcon_core.package_identification:_identify(src/turtle_pursuit_custom_interfaces) by extensions ['colcon_meta']
[0.280s] Level 1:colcon.colcon_core.package_identification:_identify(src/turtle_pursuit_custom_interfaces) by extension 'colcon_meta'
[0.280s] Level 1:colcon.colcon_core.package_identification:_identify(src/turtle_pursuit_custom_interfaces) by extensions ['ros']
[0.280s] Level 1:colcon.colcon_core.package_identification:_identify(src/turtle_pursuit_custom_interfaces) by extension 'ros'
[0.280s] DEBUG:colcon.colcon_core.package_identification:Package 'src/turtle_pursuit_custom_interfaces' with type 'ros.ament_cmake' and name 'turtle_pursuit_custom_interfaces'
[0.280s] Level 1:colcon.colcon_core.package_discovery:discover_packages(recursive) using defaults
[0.280s] Level 1:colcon.colcon_core.package_discovery:discover_packages(ignore) discover
[0.280s] Level 1:colcon.colcon_core.package_discovery:discover_packages(ignore) using defaults
[0.280s] Level 1:colcon.colcon_core.package_discovery:discover_packages(path) discover
[0.280s] Level 1:colcon.colcon_core.package_discovery:discover_packages(path) using defaults
[0.296s] Level 1:colcon.colcon_core.package_discovery:discover_packages(prefix_path) check parameters
[0.296s] Level 1:colcon.colcon_core.package_discovery:discover_packages(prefix_path) discover
[0.298s] DEBUG:colcon.colcon_installed_package_information.package_discovery:Found 3 installed packages in /home/joseph/Turtle_Pursuit/install
[0.298s] DEBUG:colcon.colcon_installed_package_information.package_discovery:Found 5 installed packages in /home/joseph/learn_ros/install
[0.299s] DEBUG:colcon.colcon_installed_package_information.package_discovery:Found 2 installed packages in /home/joseph/ros2_urdf_ws/install
[0.299s] DEBUG:colcon.colcon_installed_package_information.package_discovery:Found 4 installed packages in /home/joseph/turtlesim_catch_turtles/install
[0.300s] DEBUG:colcon.colcon_installed_package_information.package_discovery:Found 17 installed packages in /home/joseph/e-Yantra/install
[0.302s] DEBUG:colcon.colcon_installed_package_information.package_discovery:Found 469 installed packages in /opt/ros/humble
[0.303s] Level 1:colcon.colcon_core.package_discovery:discover_packages(prefix_path) using defaults
[0.344s] Level 5:colcon.colcon_core.verb:set package 'turtle_pursuit_custom_interfaces' build argument 'cmake_args' from command line to 'None'
[0.345s] Level 5:colcon.colcon_core.verb:set package 'turtle_pursuit_custom_interfaces' build argument 'cmake_target' from command line to 'None'
[0.345s] Level 5:colcon.colcon_core.verb:set package 'turtle_pursuit_custom_interfaces' build argument 'cmake_target_skip_unavailable' from command line to 'False'
[0.345s] Level 5:colcon.colcon_core.verb:set package 'turtle_pursuit_custom_interfaces' build argument 'cmake_clean_cache' from command line to 'False'
[0.345s] Level 5:colcon.colcon_core.verb:set package 'turtle_pursuit_custom_interfaces' build argument 'cmake_clean_first' from command line to 'False'
[0.345s] Level 5:colcon.colcon_core.verb:set package 'turtle_pursuit_custom_interfaces' build argument 'cmake_force_configure' from command line to 'False'
[0.345s] Level 5:colcon.colcon_core.verb:set package 'turtle_pursuit_custom_interfaces' build argument 'ament_cmake_args' from command line to 'None'
[0.345s] Level 5:colcon.colcon_core.verb:set package 'turtle_pursuit_custom_interfaces' build argument 'catkin_cmake_args' from command line to 'None'
[0.345s] Level 5:colcon.colcon_core.verb:set package 'turtle_pursuit_custom_interfaces' build argument 'catkin_skip_building_tests' from command line to 'False'
[0.345s] DEBUG:colcon.colcon_core.verb:Building package 'turtle_pursuit_custom_interfaces' with the following arguments: {'ament_cmake_args': None, 'build_base': '/home/joseph/Turtle_Pursuit/build/turtle_pursuit_custom_interfaces', 'catkin_cmake_args': None, 'catkin_skip_building_tests': False, 'cmake_args': None, 'cmake_clean_cache': False, 'cmake_clean_first': False, 'cmake_force_configure': False, 'cmake_target': None, 'cmake_target_skip_unavailable': False, 'install_base': '/home/joseph/Turtle_Pursuit/install/turtle_pursuit_custom_interfaces', 'merge_install': False, 'path': '/home/joseph/Turtle_Pursuit/src/turtle_pursuit_custom_interfaces', 'symlink_install': False, 'test_result_base': None}
[0.345s] Level 5:colcon.colcon_core.verb:set package 'turtle_pursuit' build argument 'cmake_args' from command line to 'None'
[0.345s] Level 5:colcon.colcon_core.verb:set package 'turtle_pursuit' build argument 'cmake_target' from command line to 'None'
[0.345s] Level 5:colcon.colcon_core.verb:set package 'turtle_pursuit' build argument 'cmake_target_skip_unavailable' from command line to 'False'
[0.345s] Level 5:colcon.colcon_core.verb:set package 'turtle_pursuit' build argument 'cmake_clean_cache' from command line to 'False'
[0.345s] Level 5:colcon.colcon_core.verb:set package 'turtle_pursuit' build argument 'cmake_clean_first' from command line to 'False'
[0.345s] Level 5:colcon.colcon_core.verb:set package 'turtle_pursuit' build argument 'cmake_force_configure' from command line to 'False'
[0.345s] Level 5:colcon.colcon_core.verb:set package 'turtle_pursuit' build argument 'ament_cmake_args' from command line to 'None'
[0.345s] Level 5:colcon.colcon_core.verb:set package 'turtle_pursuit' build argument 'catkin_cmake_args' from command line to 'None'
[0.345s] Level 5:colcon.colcon_core.verb:set package 'turtle_pursuit' build argument 'catkin_skip_building_tests' from command line to 'False'
[0.345s] DEBUG:colcon.colcon_core.verb:Building package 'turtle_pursuit' with the following arguments: {'ament_cmake_args': None, 'build_base': '/home/joseph/Turtle_Pursuit/build/turtle_pursuit', 'catkin_cmake_args': None, 'catkin_skip_building_tests': False, 'cmake_args': None, 'cmake_clean_cache': False, 'cmake_clean_first': False, 'cmake_force_configure': False, 'cmake_target': None, 'cmake_target_skip_unavailable': False, 'install_base': '/home/joseph/Turtle_Pursuit/install/turtle_pursuit', 'merge_install': False, 'path': '/home/joseph/Turtle_Pursuit/src/turtle_pursuit', 'symlink_install': False, 'test_result_base': None}
[0.345s] Level 5:colcon.colcon_core.verb:set package 'pursuit_launch' build argument 'cmake_args' from command line to 'None'
[0.345s] Level 5:colcon.colcon_core.verb:set package 'pursuit_launch' build argument 'cmake_target' from command line to 'None'
[0.345s] Level 5:colcon.colcon_core.verb:set package 'pursuit_launch' build argument 'cmake_target_skip_unavailable' from command line to 'False'
[0.345s] Level 5:colcon.colcon_core.verb:set package 'pursuit_launch' build argument 'cmake_clean_cache' from command line to 'False'
[0.345s] Level 5:colcon.colcon_core.verb:set package 'pursuit_launch' build argument 'cmake_clean_first' from command line to 'False'
[0.345s] Level 5:colcon.colcon_core.verb:set package 'pursuit_launch' build argument 'cmake_force_configure' from command line to 'False'
[0.346s] Level 5:colcon.colcon_core.verb:set package 'pursuit_launch' build argument 'ament_cmake_args' from command line to 'None'
[0.346s] Level 5:colcon.colcon_core.verb:set package 'pursuit_launch' build argument 'catkin_cmake_args' from command line to 'None'
[0.346s] Level 5:colcon.colcon_core.verb:set package 'pursuit_launch' build argument 'catkin_skip_building_tests' from command line to 'False'
[0.346s] DEBUG:colcon.colcon_core.verb:Building package 'pursuit_launch' with the following arguments: {'ament_cmake_args': None, 'build_base': '/home/joseph/Turtle_Pursuit/build/pursuit_launch', 'catkin_cmake_args': None, 'catkin_skip_building_tests': False, 'cmake_args': None, 'cmake_clean_cache': False, 'cmake_clean_first': False, 'cmake_force_configure': False, 'cmake_target': None, 'cmake_target_skip_unavailable': False, 'install_base': '/home/joseph/Turtle_Pursuit/install/pursuit_launch', 'merge_install': False, 'path': '/home/joseph/Turtle_Pursuit/src/pursuit_launch', 'symlink_install': False, 'test_result_base': None}
[0.346s] INFO:colcon.colcon_core.executor:Executing jobs using 'parallel' executor
[0.347s] DEBUG:colcon.colcon_parallel_executor.executor.parallel:run_until_complete
[0.347s] INFO:colcon.colcon_ros.task.ament_cmake.build:Building ROS package in '/home/joseph/Turtle_Pursuit/src/turtle_pursuit_custom_interfaces' with build type 'ament_cmake'
[0.347s] INFO:colcon.colcon_cmake.task.cmake.build:Building CMake package in '/home/joseph/Turtle_Pursuit/src/turtle_pursuit_custom_interfaces'
[0.349s] INFO:colcon.colcon_core.plugin_system:Skipping extension 'colcon_core.shell.bat': Not used on non-Windows systems
[0.349s] INFO:colcon.colcon_core.shell:Skip shell extension 'powershell' for command environment: Not usable outside of PowerShell
[0.349s] DEBUG:colcon.colcon_core.shell:Skip shell extension 'dsv' for command environment
[0.367s] DEBUG:colcon.colcon_core.event_handler.log_command:Invoking command in '/home/joseph/Turtle_Pursuit/build/turtle_pursuit_custom_interfaces': CMAKE_PREFIX_PATH=${CMAKE_PREFIX_PATH}:/home/joseph/Turtle_Pursuit/install/turtle_pursuit:/home/joseph/learn_ros/install/test_pkg:/home/joseph/learn_ros/install/pubsub:/home/joseph/learn_ros/install/activity:/home/joseph/learn_ros/install/clientserver:/home/joseph/turtlesim_catch_turtles/install/handle_turtle:/home/joseph/turtlesim_catch_turtles/install/catch_turtles:/home/joseph/e-Yantra/install/ur5_control:/home/joseph/e-Yantra/install/task3b:/home/joseph/e-Yantra/install/task2a:/home/joseph/e-Yantra/install/misc:/home/joseph/e-Yantra/install/aruco:/opt/ros/humble /usr/bin/cmake --build /home/joseph/Turtle_Pursuit/build/turtle_pursuit_custom_interfaces -- -j12 -l12
[0.726s] DEBUG:colcon.colcon_core.event_handler.log_command:Invoked command in '/home/joseph/Turtle_Pursuit/build/turtle_pursuit_custom_interfaces' returned '0': CMAKE_PREFIX_PATH=${CMAKE_PREFIX_PATH}:/home/joseph/Turtle_Pursuit/install/turtle_pursuit:/home/joseph/learn_ros/install/test_pkg:/home/joseph/learn_ros/install/pubsub:/home/joseph/learn_ros/install/activity:/home/joseph/learn_ros/install/clientserver:/home/joseph/turtlesim_catch_turtles/install/handle_turtle:/home/joseph/turtlesim_catch_turtles/install/catch_turtles:/home/joseph/e-Yantra/install/ur5_control:/home/joseph/e-Yantra/install/task3b:/home/joseph/e-Yantra/install/task2a:/home/joseph/e-Yantra/install/misc:/home/joseph/e-Yantra/install/aruco:/opt/ros/humble /usr/bin/cmake --build /home/joseph/Turtle_Pursuit/build/turtle_pursuit_custom_interfaces -- -j12 -l12
[0.860s] DEBUG:colcon.colcon_core.event_handler.log_command:Invoking command in '/home/joseph/Turtle_Pursuit/build/turtle_pursuit_custom_interfaces': CMAKE_PREFIX_PATH=${CMAKE_PREFIX_PATH}:/home/joseph/Turtle_Pursuit/install/turtle_pursuit:/home/joseph/learn_ros/install/test_pkg:/home/joseph/learn_ros/install/pubsub:/home/joseph/learn_ros/install/activity:/home/joseph/learn_ros/install/clientserver:/home/joseph/turtlesim_catch_turtles/install/handle_turtle:/home/joseph/turtlesim_catch_turtles/install/catch_turtles:/home/joseph/e-Yantra/install/ur5_control:/home/joseph/e-Yantra/install/task3b:/home/joseph/e-Yantra/install/task2a:/home/joseph/e-Yantra/install/misc:/home/joseph/e-Yantra/install/aruco:/opt/ros/humble /usr/bin/cmake --install /home/joseph/Turtle_Pursuit/build/turtle_pursuit_custom_interfaces
[0.916s] Level 1:colcon.colcon_core.environment:create_environment_scripts_only(turtle_pursuit_custom_interfaces)
[0.916s] DEBUG:colcon.colcon_core.event_handler.log_command:Invoked command in '/home/joseph/Turtle_Pursuit/build/turtle_pursuit_custom_interfaces' returned '0': CMAKE_PREFIX_PATH=${CMAKE_PREFIX_PATH}:/home/joseph/Turtle_Pursuit/install/turtle_pursuit:/home/joseph/learn_ros/install/test_pkg:/home/joseph/learn_ros/install/pubsub:/home/joseph/learn_ros/install/activity:/home/joseph/learn_ros/install/clientserver:/home/joseph/turtlesim_catch_turtles/install/handle_turtle:/home/joseph/turtlesim_catch_turtles/install/catch_turtles:/home/joseph/e-Yantra/install/ur5_control:/home/joseph/e-Yantra/install/task3b:/home/joseph/e-Yantra/install/task2a:/home/joseph/e-Yantra/install/misc:/home/joseph/e-Yantra/install/aruco:/opt/ros/humble /usr/bin/cmake --install /home/joseph/Turtle_Pursuit/build/turtle_pursuit_custom_interfaces
[0.918s] Level 1:colcon.colcon_core.environment:checking '/home/joseph/Turtle_Pursuit/install/turtle_pursuit_custom_interfaces' for CMake module files
[0.918s] Level 1:colcon.colcon_core.environment:checking '/home/joseph/Turtle_Pursuit/install/turtle_pursuit_custom_interfaces' for CMake config files
[0.919s] Level 1:colcon.colcon_core.shell:create_environment_hook('turtle_pursuit_custom_interfaces', 'cmake_prefix_path')
[0.919s] INFO:colcon.colcon_core.shell:Creating environment hook '/home/joseph/Turtle_Pursuit/install/turtle_pursuit_custom_interfaces/share/turtle_pursuit_custom_interfaces/hook/cmake_prefix_path.ps1'
[0.919s] INFO:colcon.colcon_core.shell:Creating environment descriptor '/home/joseph/Turtle_Pursuit/install/turtle_pursuit_custom_interfaces/share/turtle_pursuit_custom_interfaces/hook/cmake_prefix_path.dsv'
[0.920s] INFO:colcon.colcon_core.shell:Creating environment hook '/home/joseph/Turtle_Pursuit/install/turtle_pursuit_custom_interfaces/share/turtle_pursuit_custom_interfaces/hook/cmake_prefix_path.sh'
[0.920s] Level 1:colcon.colcon_core.environment:checking '/home/joseph/Turtle_Pursuit/install/turtle_pursuit_custom_interfaces/lib'
[0.921s] Level 1:colcon.colcon_core.shell:create_environment_hook('turtle_pursuit_custom_interfaces', 'ld_library_path_lib')
[0.921s] INFO:colcon.colcon_core.shell:Creating environment hook '/home/joseph/Turtle_Pursuit/install/turtle_pursuit_custom_interfaces/share/turtle_pursuit_custom_interfaces/hook/ld_library_path_lib.ps1'
[0.921s] INFO:colcon.colcon_core.shell:Creating environment descriptor '/home/joseph/Turtle_Pursuit/install/turtle_pursuit_custom_interfaces/share/turtle_pursuit_custom_interfaces/hook/ld_library_path_lib.dsv'
[0.921s] INFO:colcon.colcon_core.shell:Creating environment hook '/home/joseph/Turtle_Pursuit/install/turtle_pursuit_custom_interfaces/share/turtle_pursuit_custom_interfaces/hook/ld_library_path_lib.sh'
[0.922s] Level 1:colcon.colcon_core.environment:checking '/home/joseph/Turtle_Pursuit/install/turtle_pursuit_custom_interfaces/bin'
[0.922s] Level 1:colcon.colcon_core.environment:checking '/home/joseph/Turtle_Pursuit/install/turtle_pursuit_custom_interfaces/lib/pkgconfig/turtle_pursuit_custom_interfaces.pc'
[0.922s] Level 1:colcon.colcon_core.environment:checking '/home/joseph/Turtle_Pursuit/install/turtle_pursuit_custom_interfaces/lib/python3.10/site-packages'
[0.922s] Level 1:colcon.colcon_core.environment:checking '/home/joseph/Turtle_Pursuit/install/turtle_pursuit_custom_interfaces/bin'
[0.922s] INFO:colcon.colcon_core.shell:Creating package script '/home/joseph/Turtle_Pursuit/install/turtle_pursuit_custom_interfaces/share/turtle_pursuit_custom_interfaces/package.ps1'
[0.923s] INFO:colcon.colcon_core.shell:Creating package descriptor '/home/joseph/Turtle_Pursuit/install/turtle_pursuit_custom_interfaces/share/turtle_pursuit_custom_interfaces/package.dsv'
[0.923s] INFO:colcon.colcon_core.shell:Creating package script '/home/joseph/Turtle_Pursuit/install/turtle_pursuit_custom_interfaces/share/turtle_pursuit_custom_interfaces/package.sh'
[0.924s] INFO:colcon.colcon_core.shell:Creating package script '/home/joseph/Turtle_Pursuit/install/turtle_pursuit_custom_interfaces/share/turtle_pursuit_custom_interfaces/package.bash'
[0.924s] INFO:colcon.colcon_core.shell:Creating package script '/home/joseph/Turtle_Pursuit/install/turtle_pursuit_custom_interfaces/share/turtle_pursuit_custom_interfaces/package.zsh'
[0.925s] Level 1:colcon.colcon_core.environment:create_file_with_runtime_dependencies(/home/joseph/Turtle_Pursuit/install/turtle_pursuit_custom_interfaces/share/colcon-core/packages/turtle_pursuit_custom_interfaces)
[1.049s] Level 1:colcon.colcon_core.environment:create_environment_scripts_only(turtle_pursuit_custom_interfaces)
[1.049s] Level 1:colcon.colcon_core.environment:checking '/home/joseph/Turtle_Pursuit/install/turtle_pursuit_custom_interfaces' for CMake module files
[1.050s] Level 1:colcon.colcon_core.environment:checking '/home/joseph/Turtle_Pursuit/install/turtle_pursuit_custom_interfaces' for CMake config files
[1.050s] Level 1:colcon.colcon_core.shell:create_environment_hook('turtle_pursuit_custom_interfaces', 'cmake_prefix_path')
[1.050s] INFO:colcon.colcon_core.shell:Creating environment hook '/home/joseph/Turtle_Pursuit/install/turtle_pursuit_custom_interfaces/share/turtle_pursuit_custom_interfaces/hook/cmake_prefix_path.ps1'
[1.051s] INFO:colcon.colcon_core.shell:Creating environment descriptor '/home/joseph/Turtle_Pursuit/install/turtle_pursuit_custom_interfaces/share/turtle_pursuit_custom_interfaces/hook/cmake_prefix_path.dsv'
[1.051s] INFO:colcon.colcon_core.shell:Creating environment hook '/home/joseph/Turtle_Pursuit/install/turtle_pursuit_custom_interfaces/share/turtle_pursuit_custom_interfaces/hook/cmake_prefix_path.sh'
[1.051s] Level 1:colcon.colcon_core.environment:checking '/home/joseph/Turtle_Pursuit/install/turtle_pursuit_custom_interfaces/lib'
[1.051s] Level 1:colcon.colcon_core.shell:create_environment_hook('turtle_pursuit_custom_interfaces', 'ld_library_path_lib')
[1.051s] INFO:colcon.colcon_core.shell:Creating environment hook '/home/joseph/Turtle_Pursuit/install/turtle_pursuit_custom_interfaces/share/turtle_pursuit_custom_interfaces/hook/ld_library_path_lib.ps1'
[1.052s] INFO:colcon.colcon_core.shell:Creating environment descriptor '/home/joseph/Turtle_Pursuit/install/turtle_pursuit_custom_interfaces/share/turtle_pursuit_custom_interfaces/hook/ld_library_path_lib.dsv'
[1.052s] INFO:colcon.colcon_core.shell:Creating environment hook '/home/joseph/Turtle_Pursuit/install/turtle_pursuit_custom_interfaces/share/turtle_pursuit_custom_interfaces/hook/ld_library_path_lib.sh'
[1.052s] Level 1:colcon.colcon_core.environment:checking '/home/joseph/Turtle_Pursuit/install/turtle_pursuit_custom_interfaces/bin'
[1.052s] Level 1:colcon.colcon_core.environment:checking '/home/joseph/Turtle_Pursuit/install/turtle_pursuit_custom_interfaces/lib/pkgconfig/turtle_pursuit_custom_interfaces.pc'
[1.053s] Level 1:colcon.colcon_core.environment:checking '/home/joseph/Turtle_Pursuit/install/turtle_pursuit_custom_interfaces/lib/python3.10/site-packages'
[1.053s] Level 1:colcon.colcon_core.environment:checking '/home/joseph/Turtle_Pursuit/install/turtle_pursuit_custom_interfaces/bin'
[1.053s] INFO:colcon.colcon_core.shell:Creating package script '/home/joseph/Turtle_Pursuit/install/turtle_pursuit_custom_interfaces/share/turtle_pursuit_custom_interfaces/package.ps1'
[1.053s] INFO:colcon.colcon_core.shell:Creating package descriptor '/home/joseph/Turtle_Pursuit/install/turtle_pursuit_custom_interfaces/share/turtle_pursuit_custom_interfaces/package.dsv'
[1.054s] INFO:colcon.colcon_core.shell:Creating package script '/home/joseph/Turtle_Pursuit/install/turtle_pursuit_custom_interfaces/share/turtle_pursuit_custom_interfaces/package.sh'
[1.054s] INFO:colcon.colcon_core.shell:Creating package script '/home/joseph/Turtle_Pursuit/install/turtle_pursuit_custom_interfaces/share/turtle_pursuit_custom_interfaces/package.bash'
[1.054s] INFO:colcon.colcon_core.shell:Creating package script '/home/joseph/Turtle_Pursuit/install/turtle_pursuit_custom_interfaces/share/turtle_pursuit_custom_interfaces/package.zsh'
[1.055s] Level 1:colcon.colcon_core.environment:create_file_with_runtime_dependencies(/home/joseph/Turtle_Pursuit/install/turtle_pursuit_custom_interfaces/share/colcon-core/packages/turtle_pursuit_custom_interfaces)
[1.055s] INFO:colcon.colcon_ros.task.ament_python.build:Building ROS package in '/home/joseph/Turtle_Pursuit/src/turtle_pursuit' with build type 'ament_python'
[1.055s] Level 1:colcon.colcon_core.shell:create_environment_hook('turtle_pursuit', 'ament_prefix_path')
[1.055s] INFO:colcon.colcon_core.shell:Creating environment hook '/home/joseph/Turtle_Pursuit/install/turtle_pursuit/share/turtle_pursuit/hook/ament_prefix_path.ps1'
[1.056s] INFO:colcon.colcon_core.shell:Creating environment descriptor '/home/joseph/Turtle_Pursuit/install/turtle_pursuit/share/turtle_pursuit/hook/ament_prefix_path.dsv'
[1.056s] INFO:colcon.colcon_core.shell:Creating environment hook '/home/joseph/Turtle_Pursuit/install/turtle_pursuit/share/turtle_pursuit/hook/ament_prefix_path.sh'
[1.057s] INFO:colcon.colcon_core.shell:Skip shell extension 'powershell' for command environment: Not usable outside of PowerShell
[1.057s] DEBUG:colcon.colcon_core.shell:Skip shell extension 'dsv' for command environment
[1.307s] INFO:colcon.colcon_core.task.python.build:Building Python package in '/home/joseph/Turtle_Pursuit/src/turtle_pursuit'
[1.307s] INFO:colcon.colcon_core.shell:Skip shell extension 'powershell' for command environment: Not usable outside of PowerShell
[1.307s] DEBUG:colcon.colcon_core.shell:Skip shell extension 'dsv' for command environment
[1.712s] DEBUG:colcon.colcon_core.event_handler.log_command:Invoking command in '/home/joseph/Turtle_Pursuit/src/turtle_pursuit': CMAKE_PREFIX_PATH=/home/joseph/Turtle_Pursuit/install/turtle_pursuit_custom_interfaces:/home/joseph/Turtle_Pursuit/install/pursuit_launch:/home/joseph/learn_ros/install/practice_interfaces:/home/joseph/ros2_urdf_ws/install/my_robot_bringup:/home/joseph/ros2_urdf_ws/install/robot_description:/home/joseph/turtlesim_catch_turtles/install/turtlesim_catch_turtle_interfaces:/home/joseph/turtlesim_catch_turtles/install/turtlesim_catch_turtle:/home/joseph/e-Yantra/install/ur_simulation_gazebo:/home/joseph/e-Yantra/install/ur_moveit_config:/home/joseph/e-Yantra/install/ur_description:/home/joseph/e-Yantra/install/servo_msgs:/home/joseph/e-Yantra/install/realsense_gazebo_plugin:/home/joseph/e-Yantra/install/pymoveit2:/home/joseph/e-Yantra/install/ebot_description:/home/joseph/e-Yantra/install/payload_service:/home/joseph/e-Yantra/install/linkattacher_msgs:/home/joseph/e-Yantra/install/eyantra_warehouse:/home/joseph/e-Yantra/install/ebot_nav2:/home/joseph/e-Yantra/install/ebot_docking LD_LIBRARY_PATH=/home/joseph/Turtle_Pursuit/install/turtle_pursuit_custom_interfaces/lib:/home/joseph/learn_ros/install/practice_interfaces/lib:/home/joseph/turtlesim_catch_turtles/install/turtlesim_catch_turtle_interfaces/lib:/home/joseph/e-Yantra/install/servo_msgs/lib:/home/joseph/e-Yantra/install/realsense_gazebo_plugin/lib:/home/joseph/e-Yantra/install/payload_service/lib:/home/joseph/e-Yantra/install/linkattacher_msgs/lib:/home/joseph/e-Yantra/install/ebot_docking/lib:/usr/lib/x86_64-linux-gnu/gazebo-11/plugins:/opt/ros/humble/opt/rviz_ogre_vendor/lib:/opt/ros/humble/lib/x86_64-linux-gnu:/opt/ros/humble/lib:/usr/share/gazebo-11/../../lib/x86_64-linux-gnu/gazebo-11/plugins PYTHONPATH=/home/joseph/Turtle_Pursuit/build/turtle_pursuit/prefix_override:/usr/lib/python3/dist-packages/colcon_core/task/python/colcon_distutils_commands:/home/joseph/Turtle_Pursuit/install/turtle_pursuit/lib/python3.10/site-packages:${PYTHONPATH} /usr/bin/python3 -W ignore:setup.py install is deprecated setup.py egg_info --egg-base ../../build/turtle_pursuit build --build-base /home/joseph/Turtle_Pursuit/build/turtle_pursuit/build install --record /home/joseph/Turtle_Pursuit/build/turtle_pursuit/install.log --single-version-externally-managed install_data
[1.983s] Level 1:colcon.colcon_core.environment:checking '/home/joseph/Turtle_Pursuit/install/turtle_pursuit' for CMake module files
[1.984s] DEBUG:colcon.colcon_core.event_handler.log_command:Invoked command in '/home/joseph/Turtle_Pursuit/src/turtle_pursuit' returned '0': CMAKE_PREFIX_PATH=/home/joseph/Turtle_Pursuit/install/turtle_pursuit_custom_interfaces:/home/joseph/Turtle_Pursuit/install/pursuit_launch:/home/joseph/learn_ros/install/practice_interfaces:/home/joseph/ros2_urdf_ws/install/my_robot_bringup:/home/joseph/ros2_urdf_ws/install/robot_description:/home/joseph/turtlesim_catch_turtles/install/turtlesim_catch_turtle_interfaces:/home/joseph/turtlesim_catch_turtles/install/turtlesim_catch_turtle:/home/joseph/e-Yantra/install/ur_simulation_gazebo:/home/joseph/e-Yantra/install/ur_moveit_config:/home/joseph/e-Yantra/install/ur_description:/home/joseph/e-Yantra/install/servo_msgs:/home/joseph/e-Yantra/install/realsense_gazebo_plugin:/home/joseph/e-Yantra/install/pymoveit2:/home/joseph/e-Yantra/install/ebot_description:/home/joseph/e-Yantra/install/payload_service:/home/joseph/e-Yantra/install/linkattacher_msgs:/home/joseph/e-Yantra/install/eyantra_warehouse:/home/joseph/e-Yantra/install/ebot_nav2:/home/joseph/e-Yantra/install/ebot_docking LD_LIBRARY_PATH=/home/joseph/Turtle_Pursuit/install/turtle_pursuit_custom_interfaces/lib:/home/joseph/learn_ros/install/practice_interfaces/lib:/home/joseph/turtlesim_catch_turtles/install/turtlesim_catch_turtle_interfaces/lib:/home/joseph/e-Yantra/install/servo_msgs/lib:/home/joseph/e-Yantra/install/realsense_gazebo_plugin/lib:/home/joseph/e-Yantra/install/payload_service/lib:/home/joseph/e-Yantra/install/linkattacher_msgs/lib:/home/joseph/e-Yantra/install/ebot_docking/lib:/usr/lib/x86_64-linux-gnu/gazebo-11/plugins:/opt/ros/humble/opt/rviz_ogre_vendor/lib:/opt/ros/humble/lib/x86_64-linux-gnu:/opt/ros/humble/lib:/usr/share/gazebo-11/../../lib/x86_64-linux-gnu/gazebo-11/plugins PYTHONPATH=/home/joseph/Turtle_Pursuit/build/turtle_pursuit/prefix_override:/usr/lib/python3/dist-packages/colcon_core/task/python/colcon_distutils_commands:/home/joseph/Turtle_Pursuit/install/turtle_pursuit/lib/python3.10/site-packages:${PYTHONPATH} /usr/bin/python3 -W ignore:setup.py install is deprecated setup.py egg_info --egg-base ../../build/turtle_pursuit build --build-base /home/joseph/Turtle_Pursuit/build/turtle_pursuit/build install --record /home/joseph/Turtle_Pursuit/build/turtle_pursuit/install.log --single-version-externally-managed install_data
[1.984s] Level 1:colcon.colcon_core.environment:checking '/home/joseph/Turtle_Pursuit/install/turtle_pursuit' for CMake config files
[1.984s] Level 1:colcon.colcon_core.environment:checking '/home/joseph/Turtle_Pursuit/install/turtle_pursuit/lib'
[1.984s] Level 1:colcon.colcon_core.environment:checking '/home/joseph/Turtle_Pursuit/install/turtle_pursuit/bin'
[1.984s] Level 1:colcon.colcon_core.environment:checking '/home/joseph/Turtle_Pursuit/install/turtle_pursuit/lib/pkgconfig/turtle_pursuit.pc'
[1.985s] Level 1:colcon.colcon_core.environment:checking '/home/joseph/Turtle_Pursuit/install/turtle_pursuit/lib/python3.10/site-packages'
[1.985s] Level 1:colcon.colcon_core.shell:create_environment_hook('turtle_pursuit', 'pythonpath')
[1.985s] INFO:colcon.colcon_core.shell:Creating environment hook '/home/joseph/Turtle_Pursuit/install/turtle_pursuit/share/turtle_pursuit/hook/pythonpath.ps1'
[1.985s] INFO:colcon.colcon_core.shell:Creating environment descriptor '/home/joseph/Turtle_Pursuit/install/turtle_pursuit/share/turtle_pursuit/hook/pythonpath.dsv'
[1.985s] INFO:colcon.colcon_core.shell:Creating environment hook '/home/joseph/Turtle_Pursuit/install/turtle_pursuit/share/turtle_pursuit/hook/pythonpath.sh'
[1.986s] Level 1:colcon.colcon_core.environment:checking '/home/joseph/Turtle_Pursuit/install/turtle_pursuit/bin'
[1.986s] Level 1:colcon.colcon_core.environment:create_environment_scripts_only(turtle_pursuit)
[1.986s] INFO:colcon.colcon_core.shell:Creating package script '/home/joseph/Turtle_Pursuit/install/turtle_pursuit/share/turtle_pursuit/package.ps1'
[1.986s] INFO:colcon.colcon_core.shell:Creating package descriptor '/home/joseph/Turtle_Pursuit/install/turtle_pursuit/share/turtle_pursuit/package.dsv'
[1.987s] INFO:colcon.colcon_core.shell:Creating package script '/home/joseph/Turtle_Pursuit/install/turtle_pursuit/share/turtle_pursuit/package.sh'
[1.987s] INFO:colcon.colcon_core.shell:Creating package script '/home/joseph/Turtle_Pursuit/install/turtle_pursuit/share/turtle_pursuit/package.bash'
[1.987s] INFO:colcon.colcon_core.shell:Creating package script '/home/joseph/Turtle_Pursuit/install/turtle_pursuit/share/turtle_pursuit/package.zsh'
[1.988s] Level 1:colcon.colcon_core.environment:create_file_with_runtime_dependencies(/home/joseph/Turtle_Pursuit/install/turtle_pursuit/share/colcon-core/packages/turtle_pursuit)
[1.988s] INFO:colcon.colcon_ros.task.ament_cmake.build:Building ROS package in '/home/joseph/Turtle_Pursuit/src/pursuit_launch' with build type 'ament_cmake'
[1.988s] INFO:colcon.colcon_cmake.task.cmake.build:Building CMake package in '/home/joseph/Turtle_Pursuit/src/pursuit_launch'
[1.988s] INFO:colcon.colcon_core.shell:Skip shell extension 'powershell' for command environment: Not usable outside of PowerShell
[1.988s] DEBUG:colcon.colcon_core.shell:Skip shell extension 'dsv' for command environment
[2.001s] DEBUG:colcon.colcon_core.event_handler.log_command:Invoking command in '/home/joseph/Turtle_Pursuit/build/pursuit_launch': AMENT_PREFIX_PATH=/home/joseph/Turtle_Pursuit/install/turtle_pursuit:/home/joseph/Turtle_Pursuit/install/pursuit_launch:/home/joseph/Turtle_Pursuit/install/turtle_pursuit_custom_interfaces:/home/joseph/learn_ros/install/test_pkg:/home/joseph/learn_ros/install/pubsub:/home/joseph/learn_ros/install/activity:/home/joseph/learn_ros/install/practice_interfaces:/home/joseph/learn_ros/install/clientserver:/home/joseph/ros2_urdf_ws/install/my_robot_bringup:/home/joseph/ros2_urdf_ws/install/robot_description:/home/joseph/turtlesim_catch_turtles/install/handle_turtle:/home/joseph/turtlesim_catch_turtles/install/catch_turtles:/home/joseph/turtlesim_catch_turtles/install/turtlesim_catch_turtle_interfaces:/home/joseph/turtlesim_catch_turtles/install/turtlesim_catch_turtle:/home/joseph/e-Yantra/install/ur_simulation_gazebo:/home/joseph/e-Yantra/install/ur_moveit_config:/home/joseph/e-Yantra/install/ur_description:/home/joseph/e-Yantra/install/ur5_control:/home/joseph/e-Yantra/install/task3b:/home/joseph/e-Yantra/install/task2a:/home/joseph/e-Yantra/install/servo_msgs:/home/joseph/e-Yantra/install/realsense_gazebo_plugin:/home/joseph/e-Yantra/install/pymoveit2:/home/joseph/e-Yantra/install/ebot_description:/home/joseph/e-Yantra/install/payload_service:/home/joseph/e-Yantra/install/misc:/home/joseph/e-Yantra/install/linkattacher_msgs:/home/joseph/e-Yantra/install/eyantra_warehouse:/home/joseph/e-Yantra/install/ebot_nav2:/home/joseph/e-Yantra/install/ebot_docking:/home/joseph/e-Yantra/install/aruco:/opt/ros/humble CMAKE_PREFIX_PATH=/home/joseph/Turtle_Pursuit/install/turtle_pursuit_custom_interfaces:/home/joseph/Turtle_Pursuit/install/pursuit_launch:/home/joseph/learn_ros/install/practice_interfaces:/home/joseph/ros2_urdf_ws/install/my_robot_bringup:/home/joseph/ros2_urdf_ws/install/robot_description:/home/joseph/turtlesim_catch_turtles/install/turtlesim_catch_turtle_interfaces:/home/joseph/turtlesim_catch_turtles/install/turtlesim_catch_turtle:/home/joseph/e-Yantra/install/ur_simulation_gazebo:/home/joseph/e-Yantra/install/ur_moveit_config:/home/joseph/e-Yantra/install/ur_description:/home/joseph/e-Yantra/install/servo_msgs:/home/joseph/e-Yantra/install/realsense_gazebo_plugin:/home/joseph/e-Yantra/install/pymoveit2:/home/joseph/e-Yantra/install/ebot_description:/home/joseph/e-Yantra/install/payload_service:/home/joseph/e-Yantra/install/linkattacher_msgs:/home/joseph/e-Yantra/install/eyantra_warehouse:/home/joseph/e-Yantra/install/ebot_nav2:/home/joseph/e-Yantra/install/ebot_docking:/home/joseph/Turtle_Pursuit/install/turtle_pursuit:/home/joseph/learn_ros/install/test_pkg:/home/joseph/learn_ros/install/pubsub:/home/joseph/learn_ros/install/activity:/home/joseph/learn_ros/install/clientserver:/home/joseph/turtlesim_catch_turtles/install/handle_turtle:/home/joseph/turtlesim_catch_turtles/install/catch_turtles:/home/joseph/e-Yantra/install/ur5_control:/home/joseph/e-Yantra/install/task3b:/home/joseph/e-Yantra/install/task2a:/home/joseph/e-Yantra/install/misc:/home/joseph/e-Yantra/install/aruco:/opt/ros/humble LD_LIBRARY_PATH=/home/joseph/Turtle_Pursuit/install/turtle_pursuit_custom_interfaces/lib:/home/joseph/learn_ros/install/practice_interfaces/lib:/home/joseph/turtlesim_catch_turtles/install/turtlesim_catch_turtle_interfaces/lib:/home/joseph/e-Yantra/install/servo_msgs/lib:/home/joseph/e-Yantra/install/realsense_gazebo_plugin/lib:/home/joseph/e-Yantra/install/payload_service/lib:/home/joseph/e-Yantra/install/linkattacher_msgs/lib:/home/joseph/e-Yantra/install/ebot_docking/lib:/usr/lib/x86_64-linux-gnu/gazebo-11/plugins:/opt/ros/humble/opt/rviz_ogre_vendor/lib:/opt/ros/humble/lib/x86_64-linux-gnu:/opt/ros/humble/lib:/usr/share/gazebo-11/../../lib/x86_64-linux-gnu/gazebo-11/plugins /usr/bin/cmake --build /home/joseph/Turtle_Pursuit/build/pursuit_launch -- -j12 -l12
[2.038s] DEBUG:colcon.colcon_core.event_handler.log_command:Invoked command in '/home/joseph/Turtle_Pursuit/build/pursuit_launch' returned '0': AMENT_PREFIX_PATH=/home/joseph/Turtle_Pursuit/install/turtle_pursuit:/home/joseph/Turtle_Pursuit/install/pursuit_launch:/home/joseph/Turtle_Pursuit/install/turtle_pursuit_custom_interfaces:/home/joseph/learn_ros/install/test_pkg:/home/joseph/learn_ros/install/pubsub:/home/joseph/learn_ros/install/activity:/home/joseph/learn_ros/install/practice_interfaces:/home/joseph/learn_ros/install/clientserver:/home/joseph/ros2_urdf_ws/install/my_robot_bringup:/home/joseph/ros2_urdf_ws/install/robot_description:/home/joseph/turtlesim_catch_turtles/install/handle_turtle:/home/joseph/turtlesim_catch_turtles/install/catch_turtles:/home/joseph/turtlesim_catch_turtles/install/turtlesim_catch_turtle_interfaces:/home/joseph/turtlesim_catch_turtles/install/turtlesim_catch_turtle:/home/joseph/e-Yantra/install/ur_simulation_gazebo:/home/joseph/e-Yantra/install/ur_moveit_config:/home/joseph/e-Yantra/install/ur_description:/home/joseph/e-Yantra/install/ur5_control:/home/joseph/e-Yantra/install/task3b:/home/joseph/e-Yantra/install/task2a:/home/joseph/e-Yantra/install/servo_msgs:/home/joseph/e-Yantra/install/realsense_gazebo_plugin:/home/joseph/e-Yantra/install/pymoveit2:/home/joseph/e-Yantra/install/ebot_description:/home/joseph/e-Yantra/install/payload_service:/home/joseph/e-Yantra/install/misc:/home/joseph/e-Yantra/install/linkattacher_msgs:/home/joseph/e-Yantra/install/eyantra_warehouse:/home/joseph/e-Yantra/install/ebot_nav2:/home/joseph/e-Yantra/install/ebot_docking:/home/joseph/e-Yantra/install/aruco:/opt/ros/humble CMAKE_PREFIX_PATH=/home/joseph/Turtle_Pursuit/install/turtle_pursuit_custom_interfaces:/home/joseph/Turtle_Pursuit/install/pursuit_launch:/home/joseph/learn_ros/install/practice_interfaces:/home/joseph/ros2_urdf_ws/install/my_robot_bringup:/home/joseph/ros2_urdf_ws/install/robot_description:/home/joseph/turtlesim_catch_turtles/install/turtlesim_catch_turtle_interfaces:/home/joseph/turtlesim_catch_turtles/install/turtlesim_catch_turtle:/home/joseph/e-Yantra/install/ur_simulation_gazebo:/home/joseph/e-Yantra/install/ur_moveit_config:/home/joseph/e-Yantra/install/ur_description:/home/joseph/e-Yantra/install/servo_msgs:/home/joseph/e-Yantra/install/realsense_gazebo_plugin:/home/joseph/e-Yantra/install/pymoveit2:/home/joseph/e-Yantra/install/ebot_description:/home/joseph/e-Yantra/install/payload_service:/home/joseph/e-Yantra/install/linkattacher_msgs:/home/joseph/e-Yantra/install/eyantra_warehouse:/home/joseph/e-Yantra/install/ebot_nav2:/home/joseph/e-Yantra/install/ebot_docking:/home/joseph/Turtle_Pursuit/install/turtle_pursuit:/home/joseph/learn_ros/install/test_pkg:/home/joseph/learn_ros/install/pubsub:/home/joseph/learn_ros/install/activity:/home/joseph/learn_ros/install/clientserver:/home/joseph/turtlesim_catch_turtles/install/handle_turtle:/home/joseph/turtlesim_catch_turtles/install/catch_turtles:/home/joseph/e-Yantra/install/ur5_control:/home/joseph/e-Yantra/install/task3b:/home/joseph/e-Yantra/install/task2a:/home/joseph/e-Yantra/install/misc:/home/joseph/e-Yantra/install/aruco:/opt/ros/humble LD_LIBRARY_PATH=/home/joseph/Turtle_Pursuit/install/turtle_pursuit_custom_interfaces/lib:/home/joseph/learn_ros/install/practice_interfaces/lib:/home/joseph/turtlesim_catch_turtles/install/turtlesim_catch_turtle_interfaces/lib:/home/joseph/e-Yantra/install/servo_msgs/lib:/home/joseph/e-Yantra/install/realsense_gazebo_plugin/lib:/home/joseph/e-Yantra/install/payload_service/lib:/home/joseph/e-Yantra/install/linkattacher_msgs/lib:/home/joseph/e-Yantra/install/ebot_docking/lib:/usr/lib/x86_64-linux-gnu/gazebo-11/plugins:/opt/ros/humble/opt/rviz_ogre_vendor/lib:/opt/ros/humble/lib/x86_64-linux-gnu:/opt/ros/humble/lib:/usr/share/gazebo-11/../../lib/x86_64-linux-gnu/gazebo-11/plugins /usr/bin/cmake --build /home/joseph/Turtle_Pursuit/build/pursuit_launch -- -j12 -l12
[2.065s] DEBUG:colcon.colcon_core.event_handler.log_command:Invoking command in '/home/joseph/Turtle_Pursuit/build/pursuit_launch': AMENT_PREFIX_PATH=/home/joseph/Turtle_Pursuit/install/turtle_pursuit:/home/joseph/Turtle_Pursuit/install/pursuit_launch:/home/joseph/Turtle_Pursuit/install/turtle_pursuit_custom_interfaces:/home/joseph/learn_ros/install/test_pkg:/home/joseph/learn_ros/install/pubsub:/home/joseph/learn_ros/install/activity:/home/joseph/learn_ros/install/practice_interfaces:/home/joseph/learn_ros/install/clientserver:/home/joseph/ros2_urdf_ws/install/my_robot_bringup:/home/joseph/ros2_urdf_ws/install/robot_description:/home/joseph/turtlesim_catch_turtles/install/handle_turtle:/home/joseph/turtlesim_catch_turtles/install/catch_turtles:/home/joseph/turtlesim_catch_turtles/install/turtlesim_catch_turtle_interfaces:/home/joseph/turtlesim_catch_turtles/install/turtlesim_catch_turtle:/home/joseph/e-Yantra/install/ur_simulation_gazebo:/home/joseph/e-Yantra/install/ur_moveit_config:/home/joseph/e-Yantra/install/ur_description:/home/joseph/e-Yantra/install/ur5_control:/home/joseph/e-Yantra/install/task3b:/home/joseph/e-Yantra/install/task2a:/home/joseph/e-Yantra/install/servo_msgs:/home/joseph/e-Yantra/install/realsense_gazebo_plugin:/home/joseph/e-Yantra/install/pymoveit2:/home/joseph/e-Yantra/install/ebot_description:/home/joseph/e-Yantra/install/payload_service:/home/joseph/e-Yantra/install/misc:/home/joseph/e-Yantra/install/linkattacher_msgs:/home/joseph/e-Yantra/install/eyantra_warehouse:/home/joseph/e-Yantra/install/ebot_nav2:/home/joseph/e-Yantra/install/ebot_docking:/home/joseph/e-Yantra/install/aruco:/opt/ros/humble CMAKE_PREFIX_PATH=/home/joseph/Turtle_Pursuit/install/turtle_pursuit_custom_interfaces:/home/joseph/Turtle_Pursuit/install/pursuit_launch:/home/joseph/learn_ros/install/practice_interfaces:/home/joseph/ros2_urdf_ws/install/my_robot_bringup:/home/joseph/ros2_urdf_ws/install/robot_description:/home/joseph/turtlesim_catch_turtles/install/turtlesim_catch_turtle_interfaces:/home/joseph/turtlesim_catch_turtles/install/turtlesim_catch_turtle:/home/joseph/e-Yantra/install/ur_simulation_gazebo:/home/joseph/e-Yantra/install/ur_moveit_config:/home/joseph/e-Yantra/install/ur_description:/home/joseph/e-Yantra/install/servo_msgs:/home/joseph/e-Yantra/install/realsense_gazebo_plugin:/home/joseph/e-Yantra/install/pymoveit2:/home/joseph/e-Yantra/install/ebot_description:/home/joseph/e-Yantra/install/payload_service:/home/joseph/e-Yantra/install/linkattacher_msgs:/home/joseph/e-Yantra/install/eyantra_warehouse:/home/joseph/e-Yantra/install/ebot_nav2:/home/joseph/e-Yantra/install/ebot_docking:/home/joseph/Turtle_Pursuit/install/turtle_pursuit:/home/joseph/learn_ros/install/test_pkg:/home/joseph/learn_ros/install/pubsub:/home/joseph/learn_ros/install/activity:/home/joseph/learn_ros/install/clientserver:/home/joseph/turtlesim_catch_turtles/install/handle_turtle:/home/joseph/turtlesim_catch_turtles/install/catch_turtles:/home/joseph/e-Yantra/install/ur5_control:/home/joseph/e-Yantra/install/task3b:/home/joseph/e-Yantra/install/task2a:/home/joseph/e-Yantra/install/misc:/home/joseph/e-Yantra/install/aruco:/opt/ros/humble LD_LIBRARY_PATH=/home/joseph/Turtle_Pursuit/install/turtle_pursuit_custom_interfaces/lib:/home/joseph/learn_ros/install/practice_interfaces/lib:/home/joseph/turtlesim_catch_turtles/install/turtlesim_catch_turtle_interfaces/lib:/home/joseph/e-Yantra/install/servo_msgs/lib:/home/joseph/e-Yantra/install/realsense_gazebo_plugin/lib:/home/joseph/e-Yantra/install/payload_service/lib:/home/joseph/e-Yantra/install/linkattacher_msgs/lib:/home/joseph/e-Yantra/install/ebot_docking/lib:/usr/lib/x86_64-linux-gnu/gazebo-11/plugins:/opt/ros/humble/opt/rviz_ogre_vendor/lib:/opt/ros/humble/lib/x86_64-linux-gnu:/opt/ros/humble/lib:/usr/share/gazebo-11/../../lib/x86_64-linux-gnu/gazebo-11/plugins /usr/bin/cmake --install /home/joseph/Turtle_Pursuit/build/pursuit_launch
[2.074s] Level 1:colcon.colcon_core.environment:create_environment_scripts_only(pursuit_launch)
[2.074s] Level 1:colcon.colcon_core.environment:checking '/home/joseph/Turtle_Pursuit/install/pursuit_launch' for CMake module files
[2.075s] DEBUG:colcon.colcon_core.event_handler.log_command:Invoked command in '/home/joseph/Turtle_Pursuit/build/pursuit_launch' returned '0': AMENT_PREFIX_PATH=/home/joseph/Turtle_Pursuit/install/turtle_pursuit:/home/joseph/Turtle_Pursuit/install/pursuit_launch:/home/joseph/Turtle_Pursuit/install/turtle_pursuit_custom_interfaces:/home/joseph/learn_ros/install/test_pkg:/home/joseph/learn_ros/install/pubsub:/home/joseph/learn_ros/install/activity:/home/joseph/learn_ros/install/practice_interfaces:/home/joseph/learn_ros/install/clientserver:/home/joseph/ros2_urdf_ws/install/my_robot_bringup:/home/joseph/ros2_urdf_ws/install/robot_description:/home/joseph/turtlesim_catch_turtles/install/handle_turtle:/home/joseph/turtlesim_catch_turtles/install/catch_turtles:/home/joseph/turtlesim_catch_turtles/install/turtlesim_catch_turtle_interfaces:/home/joseph/turtlesim_catch_turtles/install/turtlesim_catch_turtle:/home/joseph/e-Yantra/install/ur_simulation_gazebo:/home/joseph/e-Yantra/install/ur_moveit_config:/home/joseph/e-Yantra/install/ur_description:/home/joseph/e-Yantra/install/ur5_control:/home/joseph/e-Yantra/install/task3b:/home/joseph/e-Yantra/install/task2a:/home/joseph/e-Yantra/install/servo_msgs:/home/joseph/e-Yantra/install/realsense_gazebo_plugin:/home/joseph/e-Yantra/install/pymoveit2:/home/joseph/e-Yantra/install/ebot_description:/home/joseph/e-Yantra/install/payload_service:/home/joseph/e-Yantra/install/misc:/home/joseph/e-Yantra/install/linkattacher_msgs:/home/joseph/e-Yantra/install/eyantra_warehouse:/home/joseph/e-Yantra/install/ebot_nav2:/home/joseph/e-Yantra/install/ebot_docking:/home/joseph/e-Yantra/install/aruco:/opt/ros/humble CMAKE_PREFIX_PATH=/home/joseph/Turtle_Pursuit/install/turtle_pursuit_custom_interfaces:/home/joseph/Turtle_Pursuit/install/pursuit_launch:/home/joseph/learn_ros/install/practice_interfaces:/home/joseph/ros2_urdf_ws/install/my_robot_bringup:/home/joseph/ros2_urdf_ws/install/robot_description:/home/joseph/turtlesim_catch_turtles/install/turtlesim_catch_turtle_interfaces:/home/joseph/turtlesim_catch_turtles/install/turtlesim_catch_turtle:/home/joseph/e-Yantra/install/ur_simulation_gazebo:/home/joseph/e-Yantra/install/ur_moveit_config:/home/joseph/e-Yantra/install/ur_description:/home/joseph/e-Yantra/install/servo_msgs:/home/joseph/e-Yantra/install/realsense_gazebo_plugin:/home/joseph/e-Yantra/install/pymoveit2:/home/joseph/e-Yantra/install/ebot_description:/home/joseph/e-Yantra/install/payload_service:/home/joseph/e-Yantra/install/linkattacher_msgs:/home/joseph/e-Yantra/install/eyantra_warehouse:/home/joseph/e-Yantra/install/ebot_nav2:/home/joseph/e-Yantra/install/ebot_docking:/home/joseph/Turtle_Pursuit/install/turtle_pursuit:/home/joseph/learn_ros/install/test_pkg:/home/joseph/learn_ros/install/pubsub:/home/joseph/learn_ros/install/activity:/home/joseph/learn_ros/install/clientserver:/home/joseph/turtlesim_catch_turtles/install/handle_turtle:/home/joseph/turtlesim_catch_turtles/install/catch_turtles:/home/joseph/e-Yantra/install/ur5_control:/home/joseph/e-Yantra/install/task3b:/home/joseph/e-Yantra/install/task2a:/home/joseph/e-Yantra/install/misc:/home/joseph/e-Yantra/install/aruco:/opt/ros/humble LD_LIBRARY_PATH=/home/joseph/Turtle_Pursuit/install/turtle_pursuit_custom_interfaces/lib:/home/joseph/learn_ros/install/practice_interfaces/lib:/home/joseph/turtlesim_catch_turtles/install/turtlesim_catch_turtle_interfaces/lib:/home/joseph/e-Yantra/install/servo_msgs/lib:/home/joseph/e-Yantra/install/realsense_gazebo_plugin/lib:/home/joseph/e-Yantra/install/payload_service/lib:/home/joseph/e-Yantra/install/linkattacher_msgs/lib:/home/joseph/e-Yantra/install/ebot_docking/lib:/usr/lib/x86_64-linux-gnu/gazebo-11/plugins:/opt/ros/humble/opt/rviz_ogre_vendor/lib:/opt/ros/humble/lib/x86_64-linux-gnu:/opt/ros/humble/lib:/usr/share/gazebo-11/../../lib/x86_64-linux-gnu/gazebo-11/plugins /usr/bin/cmake --install /home/joseph/Turtle_Pursuit/build/pursuit_launch
[2.075s] Level 1:colcon.colcon_core.environment:checking '/home/joseph/Turtle_Pursuit/install/pursuit_launch' for CMake config files
[2.075s] Level 1:colcon.colcon_core.shell:create_environment_hook('pursuit_launch', 'cmake_prefix_path')
[2.075s] INFO:colcon.colcon_core.shell:Creating environment hook '/home/joseph/Turtle_Pursuit/install/pursuit_launch/share/pursuit_launch/hook/cmake_prefix_path.ps1'
[2.076s] INFO:colcon.colcon_core.shell:Creating environment descriptor '/home/joseph/Turtle_Pursuit/install/pursuit_launch/share/pursuit_launch/hook/cmake_prefix_path.dsv'
[2.076s] INFO:colcon.colcon_core.shell:Creating environment hook '/home/joseph/Turtle_Pursuit/install/pursuit_launch/share/pursuit_launch/hook/cmake_prefix_path.sh'
[2.076s] Level 1:colcon.colcon_core.environment:checking '/home/joseph/Turtle_Pursuit/install/pursuit_launch/bin'
[2.077s] Level 1:colcon.colcon_core.environment:checking '/home/joseph/Turtle_Pursuit/install/pursuit_launch/lib/pkgconfig/pursuit_launch.pc'
[2.077s] Level 1:colcon.colcon_core.environment:checking '/home/joseph/Turtle_Pursuit/install/pursuit_launch/lib/python3.10/site-packages'
[2.077s] Level 1:colcon.colcon_core.environment:checking '/home/joseph/Turtle_Pursuit/install/pursuit_launch/bin'
[2.077s] INFO:colcon.colcon_core.shell:Creating package script '/home/joseph/Turtle_Pursuit/install/pursuit_launch/share/pursuit_launch/package.ps1'
[2.077s] INFO:colcon.colcon_core.shell:Creating package descriptor '/home/joseph/Turtle_Pursuit/install/pursuit_launch/share/pursuit_launch/package.dsv'
[2.078s] INFO:colcon.colcon_core.shell:Creating package script '/home/joseph/Turtle_Pursuit/install/pursuit_launch/share/pursuit_launch/package.sh'
[2.078s] INFO:colcon.colcon_core.shell:Creating package script '/home/joseph/Turtle_Pursuit/install/pursuit_launch/share/pursuit_launch/package.bash'
[2.078s] INFO:colcon.colcon_core.shell:Creating package script '/home/joseph/Turtle_Pursuit/install/pursuit_launch/share/pursuit_launch/package.zsh'
[2.078s] Level 1:colcon.colcon_core.environment:create_file_with_runtime_dependencies(/home/joseph/Turtle_Pursuit/install/pursuit_launch/share/colcon-core/packages/pursuit_launch)
[2.104s] Level 1:colcon.colcon_core.environment:create_environment_scripts_only(pursuit_launch)
[2.105s] Level 1:colcon.colcon_core.environment:checking '/home/joseph/Turtle_Pursuit/install/pursuit_launch' for CMake module files
[2.105s] Level 1:colcon.colcon_core.environment:checking '/home/joseph/Turtle_Pursuit/install/pursuit_launch' for CMake config files
[2.105s] Level 1:colcon.colcon_core.shell:create_environment_hook('pursuit_launch', 'cmake_prefix_path')
[2.105s] INFO:colcon.colcon_core.shell:Creating environment hook '/home/joseph/Turtle_Pursuit/install/pursuit_launch/share/pursuit_launch/hook/cmake_prefix_path.ps1'
[2.106s] INFO:colcon.colcon_core.shell:Creating environment descriptor '/home/joseph/Turtle_Pursuit/install/pursuit_launch/share/pursuit_launch/hook/cmake_prefix_path.dsv'
[2.106s] INFO:colcon.colcon_core.shell:Creating environment hook '/home/joseph/Turtle_Pursuit/install/pursuit_launch/share/pursuit_launch/hook/cmake_prefix_path.sh'
[2.106s] Level 1:colcon.colcon_core.environment:checking '/home/joseph/Turtle_Pursuit/install/pursuit_launch/bin'
[2.106s] Level 1:colcon.colcon_core.environment:checking '/home/joseph/Turtle_Pursuit/install/pursuit_launch/lib/pkgconfig/pursuit_launch.pc'
[2.107s] Level 1:colcon.colcon_core.environment:checking '/home/joseph/Turtle_Pursuit/install/pursuit_launch/lib/python3.10/site-packages'
[2.107s] Level 1:colcon.colcon_core.environment:checking '/home/joseph/Turtle_Pursuit/install/pursuit_launch/bin'
[2.107s] INFO:colcon.colcon_core.shell:Creating package script '/home/joseph/Turtle_Pursuit/install/pursuit_launch/share/pursuit_launch/package.ps1'
[2.107s] INFO:colcon.colcon_core.shell:Creating package descriptor '/home/joseph/Turtle_Pursuit/install/pursuit_launch/share/pursuit_launch/package.dsv'
[2.108s] INFO:colcon.colcon_core.shell:Creating package script '/home/joseph/Turtle_Pursuit/install/pursuit_launch/share/pursuit_launch/package.sh'
[2.108s] INFO:colcon.colcon_core.shell:Creating package script '/home/joseph/Turtle_Pursuit/install/pursuit_launch/share/pursuit_launch/package.bash'
[2.108s] INFO:colcon.colcon_core.shell:Creating package script '/home/joseph/Turtle_Pursuit/install/pursuit_launch/share/pursuit_launch/package.zsh'
[2.108s] Level 1:colcon.colcon_core.environment:create_file_with_runtime_dependencies(/home/joseph/Turtle_Pursuit/install/pursuit_launch/share/colcon-core/packages/pursuit_launch)
[2.109s] DEBUG:colcon.colcon_parallel_executor.executor.parallel:closing loop
[2.109s] DEBUG:colcon.colcon_parallel_executor.executor.parallel:loop closed
[2.109s] DEBUG:colcon.colcon_parallel_executor.executor.parallel:run_until_complete finished with '0'
[2.109s] DEBUG:colcon.colcon_core.event_reactor:joining thread
[2.113s] INFO:colcon.colcon_core.plugin_system:Skipping extension 'colcon_notification.desktop_notification.terminal_notifier': Not used on non-Darwin systems
[2.113s] INFO:colcon.colcon_core.plugin_system:Skipping extension 'colcon_notification.desktop_notification.win32': Not used on non-Windows systems
[2.114s] INFO:colcon.colcon_notification.desktop_notification:Sending desktop notification using 'notify2'
[2.122s] DEBUG:colcon.colcon_core.event_reactor:joined thread
[2.122s] INFO:colcon.colcon_core.shell:Creating prefix script '/home/joseph/Turtle_Pursuit/install/local_setup.ps1'
[2.123s] INFO:colcon.colcon_core.shell:Creating prefix util module '/home/joseph/Turtle_Pursuit/install/_local_setup_util_ps1.py'
[2.124s] INFO:colcon.colcon_core.shell:Creating prefix chain script '/home/joseph/Turtle_Pursuit/install/setup.ps1'
[2.126s] INFO:colcon.colcon_core.shell:Creating prefix script '/home/joseph/Turtle_Pursuit/install/local_setup.sh'
[2.127s] INFO:colcon.colcon_core.shell:Creating prefix util module '/home/joseph/Turtle_Pursuit/install/_local_setup_util_sh.py'
[2.127s] INFO:colcon.colcon_core.shell:Creating prefix chain script '/home/joseph/Turtle_Pursuit/install/setup.sh'
[2.129s] INFO:colcon.colcon_core.shell:Creating prefix script '/home/joseph/Turtle_Pursuit/install/local_setup.bash'
[2.130s] INFO:colcon.colcon_core.shell:Creating prefix chain script '/home/joseph/Turtle_Pursuit/install/setup.bash'
[2.131s] INFO:colcon.colcon_core.shell:Creating prefix script '/home/joseph/Turtle_Pursuit/install/local_setup.zsh'
[2.132s] INFO:colcon.colcon_core.shell:Creating prefix chain script '/home/joseph/Turtle_Pursuit/install/setup.zsh'
