/home/joseph/Turtle_Pursuit/install/turtle_handlers/lib/python3.10/site-packages/turtle_handlers/Turtle_Alive_Server.py
/home/joseph/Turtle_Pursuit/install/turtle_handlers/lib/python3.10/site-packages/turtle_handlers/Turtle_navigator.py
/home/joseph/Turtle_Pursuit/install/turtle_handlers/lib/python3.10/site-packages/turtle_handlers/Turtle_Manager.py
/home/joseph/Turtle_Pursuit/install/turtle_handlers/lib/python3.10/site-packages/turtle_handlers/__init__.py
/home/joseph/Turtle_Pursuit/install/turtle_handlers/lib/python3.10/site-packages/turtle_handlers/Turtle_Main.py
/home/joseph/Turtle_Pursuit/install/turtle_handlers/lib/python3.10/site-packages/turtle_handlers/__pycache__/Turtle_Alive_Server.cpython-310.pyc
/home/joseph/Turtle_Pursuit/install/turtle_handlers/lib/python3.10/site-packages/turtle_handlers/__pycache__/Turtle_navigator.cpython-310.pyc
/home/joseph/Turtle_Pursuit/install/turtle_handlers/lib/python3.10/site-packages/turtle_handlers/__pycache__/Turtle_Manager.cpython-310.pyc
/home/joseph/Turtle_Pursuit/install/turtle_handlers/lib/python3.10/site-packages/turtle_handlers/__pycache__/__init__.cpython-310.pyc
/home/joseph/Turtle_Pursuit/install/turtle_handlers/lib/python3.10/site-packages/turtle_handlers/__pycache__/Turtle_Main.cpython-310.pyc
/home/joseph/Turtle_Pursuit/install/turtle_handlers/share/ament_index/resource_index/packages/turtle_handlers
/home/joseph/Turtle_Pursuit/install/turtle_handlers/share/turtle_handlers/package.xml
/home/joseph/Turtle_Pursuit/install/turtle_handlers/lib/python3.10/site-packages/turtle_handlers-0.0.0-py3.10.egg-info/PKG-INFO
/home/joseph/Turtle_Pursuit/install/turtle_handlers/lib/python3.10/site-packages/turtle_handlers-0.0.0-py3.10.egg-info/requires.txt
/home/joseph/Turtle_Pursuit/install/turtle_handlers/lib/python3.10/site-packages/turtle_handlers-0.0.0-py3.10.egg-info/SOURCES.txt
/home/joseph/Turtle_Pursuit/install/turtle_handlers/lib/python3.10/site-packages/turtle_handlers-0.0.0-py3.10.egg-info/zip-safe
/home/joseph/Turtle_Pursuit/install/turtle_handlers/lib/python3.10/site-packages/turtle_handlers-0.0.0-py3.10.egg-info/dependency_links.txt
/home/joseph/Turtle_Pursuit/install/turtle_handlers/lib/python3.10/site-packages/turtle_handlers-0.0.0-py3.10.egg-info/top_level.txt
/home/joseph/Turtle_Pursuit/install/turtle_handlers/lib/python3.10/site-packages/turtle_handlers-0.0.0-py3.10.egg-info/entry_points.txt
/home/joseph/Turtle_Pursuit/install/turtle_handlers/lib/turtle_handlers/alive_turtle_server
/home/joseph/Turtle_Pursuit/install/turtle_handlers/lib/turtle_handlers/catch_turtle
/home/joseph/Turtle_Pursuit/install/turtle_handlers/lib/turtle_handlers/turtle_manger
