[0.659s] Invoking command in '/home/joseph/Turtle_Pursuit/src/turtle_pursuit': CMAKE_PREFIX_PATH=/home/joseph/Turtle_Pursuit/install/turtle_pursuit_custom_interfaces:/home/joseph/Turtle_Pursuit/install/pursuit_launch:/home/joseph/learn_ros/install/practice_interfaces:/home/joseph/ros2_urdf_ws/install/my_robot_bringup:/home/joseph/ros2_urdf_ws/install/robot_description:/home/joseph/turtlesim_catch_turtles/install/turtlesim_catch_turtle_interfaces:/home/joseph/turtlesim_catch_turtles/install/turtlesim_catch_turtle:/home/joseph/e-Yantra/install/ur_simulation_gazebo:/home/joseph/e-Yantra/install/ur_moveit_config:/home/joseph/e-Yantra/install/ur_description:/home/joseph/e-Yantra/install/servo_msgs:/home/joseph/e-Yantra/install/realsense_gazebo_plugin:/home/joseph/e-Yantra/install/pymoveit2:/home/joseph/e-Yantra/install/ebot_description:/home/joseph/e-Yantra/install/payload_service:/home/joseph/e-Yantra/install/linkattacher_msgs:/home/joseph/e-Yantra/install/eyantra_warehouse:/home/joseph/e-Yantra/install/ebot_nav2:/home/joseph/e-Yantra/install/ebot_docking LD_LIBRARY_PATH=/home/joseph/Turtle_Pursuit/install/turtle_pursuit_custom_interfaces/lib:/home/joseph/learn_ros/install/practice_interfaces/lib:/home/joseph/turtlesim_catch_turtles/install/turtlesim_catch_turtle_interfaces/lib:/home/joseph/e-Yantra/install/servo_msgs/lib:/home/joseph/e-Yantra/install/realsense_gazebo_plugin/lib:/home/joseph/e-Yantra/install/payload_service/lib:/home/joseph/e-Yantra/install/linkattacher_msgs/lib:/home/joseph/e-Yantra/install/ebot_docking/lib:/usr/lib/x86_64-linux-gnu/gazebo-11/plugins:/opt/ros/humble/opt/rviz_ogre_vendor/lib:/opt/ros/humble/lib/x86_64-linux-gnu:/opt/ros/humble/lib:/usr/share/gazebo-11/../../lib/x86_64-linux-gnu/gazebo-11/plugins PYTHONPATH=/home/joseph/Turtle_Pursuit/build/turtle_pursuit/prefix_override:/usr/lib/python3/dist-packages/colcon_core/task/python/colcon_distutils_commands:/home/joseph/Turtle_Pursuit/install/turtle_pursuit/lib/python3.10/site-packages:${PYTHONPATH} /usr/bin/python3 -W ignore:setup.py install is deprecated setup.py egg_info --egg-base ../../build/turtle_pursuit build --build-base /home/joseph/Turtle_Pursuit/build/turtle_pursuit/build install --record /home/joseph/Turtle_Pursuit/build/turtle_pursuit/install.log --single-version-externally-managed install_data
[0.881s] running egg_info
[0.881s] writing ../../build/turtle_pursuit/turtle_pursuit.egg-info/PKG-INFO
[0.882s] writing dependency_links to ../../build/turtle_pursuit/turtle_pursuit.egg-info/dependency_links.txt
[0.882s] writing entry points to ../../build/turtle_pursuit/turtle_pursuit.egg-info/entry_points.txt
[0.882s] writing requirements to ../../build/turtle_pursuit/turtle_pursuit.egg-info/requires.txt
[0.882s] writing top-level names to ../../build/turtle_pursuit/turtle_pursuit.egg-info/top_level.txt
[0.883s] reading manifest file '../../build/turtle_pursuit/turtle_pursuit.egg-info/SOURCES.txt'
[0.888s] writing manifest file '../../build/turtle_pursuit/turtle_pursuit.egg-info/SOURCES.txt'
[0.888s] running build
[0.888s] running build_py
[0.889s] copying turtle_pursuit/Turtle_Spawner.py -> /home/joseph/Turtle_Pursuit/build/turtle_pursuit/build/lib/turtle_pursuit
[0.889s] running install
[0.889s] running install_lib
[0.890s] copying /home/joseph/Turtle_Pursuit/build/turtle_pursuit/build/lib/turtle_pursuit/Turtle_Spawner.py -> /home/joseph/Turtle_Pursuit/install/turtle_pursuit/lib/python3.10/site-packages/turtle_pursuit
[0.890s] byte-compiling /home/joseph/Turtle_Pursuit/install/turtle_pursuit/lib/python3.10/site-packages/turtle_pursuit/Turtle_Spawner.py to Turtle_Spawner.cpython-310.pyc
[0.891s] running install_data
[0.891s] running install_egg_info
[0.893s] removing '/home/joseph/Turtle_Pursuit/install/turtle_pursuit/lib/python3.10/site-packages/turtle_pursuit-0.0.0-py3.10.egg-info' (and everything under it)
[0.893s] Copying ../../build/turtle_pursuit/turtle_pursuit.egg-info to /home/joseph/Turtle_Pursuit/install/turtle_pursuit/lib/python3.10/site-packages/turtle_pursuit-0.0.0-py3.10.egg-info
[0.894s] running install_scripts
[0.909s] Installing TurtleController script to /home/joseph/Turtle_Pursuit/install/turtle_pursuit/lib/turtle_pursuit
[0.909s] Installing TurtleSpawner script to /home/joseph/Turtle_Pursuit/install/turtle_pursuit/lib/turtle_pursuit
[0.910s] writing list of installed files to '/home/joseph/Turtle_Pursuit/build/turtle_pursuit/install.log'
[0.929s] Invoked command in '/home/joseph/Turtle_Pursuit/src/turtle_pursuit' returned '0': CMAKE_PREFIX_PATH=/home/joseph/Turtle_Pursuit/install/turtle_pursuit_custom_interfaces:/home/joseph/Turtle_Pursuit/install/pursuit_launch:/home/joseph/learn_ros/install/practice_interfaces:/home/joseph/ros2_urdf_ws/install/my_robot_bringup:/home/joseph/ros2_urdf_ws/install/robot_description:/home/joseph/turtlesim_catch_turtles/install/turtlesim_catch_turtle_interfaces:/home/joseph/turtlesim_catch_turtles/install/turtlesim_catch_turtle:/home/joseph/e-Yantra/install/ur_simulation_gazebo:/home/joseph/e-Yantra/install/ur_moveit_config:/home/joseph/e-Yantra/install/ur_description:/home/joseph/e-Yantra/install/servo_msgs:/home/joseph/e-Yantra/install/realsense_gazebo_plugin:/home/joseph/e-Yantra/install/pymoveit2:/home/joseph/e-Yantra/install/ebot_description:/home/joseph/e-Yantra/install/payload_service:/home/joseph/e-Yantra/install/linkattacher_msgs:/home/joseph/e-Yantra/install/eyantra_warehouse:/home/joseph/e-Yantra/install/ebot_nav2:/home/joseph/e-Yantra/install/ebot_docking LD_LIBRARY_PATH=/home/joseph/Turtle_Pursuit/install/turtle_pursuit_custom_interfaces/lib:/home/joseph/learn_ros/install/practice_interfaces/lib:/home/joseph/turtlesim_catch_turtles/install/turtlesim_catch_turtle_interfaces/lib:/home/joseph/e-Yantra/install/servo_msgs/lib:/home/joseph/e-Yantra/install/realsense_gazebo_plugin/lib:/home/joseph/e-Yantra/install/payload_service/lib:/home/joseph/e-Yantra/install/linkattacher_msgs/lib:/home/joseph/e-Yantra/install/ebot_docking/lib:/usr/lib/x86_64-linux-gnu/gazebo-11/plugins:/opt/ros/humble/opt/rviz_ogre_vendor/lib:/opt/ros/humble/lib/x86_64-linux-gnu:/opt/ros/humble/lib:/usr/share/gazebo-11/../../lib/x86_64-linux-gnu/gazebo-11/plugins PYTHONPATH=/home/joseph/Turtle_Pursuit/build/turtle_pursuit/prefix_override:/usr/lib/python3/dist-packages/colcon_core/task/python/colcon_distutils_commands:/home/joseph/Turtle_Pursuit/install/turtle_pursuit/lib/python3.10/site-packages:${PYTHONPATH} /usr/bin/python3 -W ignore:setup.py install is deprecated setup.py egg_info --egg-base ../../build/turtle_pursuit build --build-base /home/joseph/Turtle_Pursuit/build/turtle_pursuit/build install --record /home/joseph/Turtle_Pursuit/build/turtle_pursuit/install.log --single-version-externally-managed install_data
