running egg_info
creating ../../build/turtle_pursuit/turtle_pursuit.egg-info
writing ../../build/turtle_pursuit/turtle_pursuit.egg-info/PKG-INFO
writing dependency_links to ../../build/turtle_pursuit/turtle_pursuit.egg-info/dependency_links.txt
writing entry points to ../../build/turtle_pursuit/turtle_pursuit.egg-info/entry_points.txt
writing requirements to ../../build/turtle_pursuit/turtle_pursuit.egg-info/requires.txt
writing top-level names to ../../build/turtle_pursuit/turtle_pursuit.egg-info/top_level.txt
writing manifest file '../../build/turtle_pursuit/turtle_pursuit.egg-info/SOURCES.txt'
reading manifest file '../../build/turtle_pursuit/turtle_pursuit.egg-info/SOURCES.txt'
writing manifest file '../../build/turtle_pursuit/turtle_pursuit.egg-info/SOURCES.txt'
running build
running build_py
creating /home/joseph/Turtle_Pursuit/build/turtle_pursuit/build
creating /home/joseph/Turtle_Pursuit/build/turtle_pursuit/build/lib
creating /home/joseph/Turtle_Pursuit/build/turtle_pursuit/build/lib/turtle_pursuit
copying turtle_pursuit/Turtle_Controller.py -> /home/joseph/Turtle_Pursuit/build/turtle_pursuit/build/lib/turtle_pursuit
copying turtle_pursuit/__init__.py -> /home/joseph/Turtle_Pursuit/build/turtle_pursuit/build/lib/turtle_pursuit
copying turtle_pursuit/Turtle_Spawner.py -> /home/joseph/Turtle_Pursuit/build/turtle_pursuit/build/lib/turtle_pursuit
running install
running install_lib
creating /home/joseph/Turtle_Pursuit/install/turtle_pursuit/lib/python3.10/site-packages/turtle_pursuit
copying /home/joseph/Turtle_Pursuit/build/turtle_pursuit/build/lib/turtle_pursuit/Turtle_Controller.py -> /home/joseph/Turtle_Pursuit/install/turtle_pursuit/lib/python3.10/site-packages/turtle_pursuit
copying /home/joseph/Turtle_Pursuit/build/turtle_pursuit/build/lib/turtle_pursuit/__init__.py -> /home/joseph/Turtle_Pursuit/install/turtle_pursuit/lib/python3.10/site-packages/turtle_pursuit
copying /home/joseph/Turtle_Pursuit/build/turtle_pursuit/build/lib/turtle_pursuit/Turtle_Spawner.py -> /home/joseph/Turtle_Pursuit/install/turtle_pursuit/lib/python3.10/site-packages/turtle_pursuit
byte-compiling /home/joseph/Turtle_Pursuit/install/turtle_pursuit/lib/python3.10/site-packages/turtle_pursuit/Turtle_Controller.py to Turtle_Controller.cpython-310.pyc
byte-compiling /home/joseph/Turtle_Pursuit/install/turtle_pursuit/lib/python3.10/site-packages/turtle_pursuit/__init__.py to __init__.cpython-310.pyc
byte-compiling /home/joseph/Turtle_Pursuit/install/turtle_pursuit/lib/python3.10/site-packages/turtle_pursuit/Turtle_Spawner.py to Turtle_Spawner.cpython-310.pyc
running install_data
creating /home/joseph/Turtle_Pursuit/install/turtle_pursuit/share
creating /home/joseph/Turtle_Pursuit/install/turtle_pursuit/share/ament_index
creating /home/joseph/Turtle_Pursuit/install/turtle_pursuit/share/ament_index/resource_index
creating /home/joseph/Turtle_Pursuit/install/turtle_pursuit/share/ament_index/resource_index/packages
copying resource/turtle_pursuit -> /home/joseph/Turtle_Pursuit/install/turtle_pursuit/share/ament_index/resource_index/packages
creating /home/joseph/Turtle_Pursuit/install/turtle_pursuit/share/turtle_pursuit
copying package.xml -> /home/joseph/Turtle_Pursuit/install/turtle_pursuit/share/turtle_pursuit
running install_egg_info
Copying ../../build/turtle_pursuit/turtle_pursuit.egg-info to /home/joseph/Turtle_Pursuit/install/turtle_pursuit/lib/python3.10/site-packages/turtle_pursuit-0.0.0-py3.10.egg-info
running install_scripts
Installing TurtleController script to /home/joseph/Turtle_Pursuit/install/turtle_pursuit/lib/turtle_pursuit
Installing TurtleSpawner script to /home/joseph/Turtle_Pursuit/install/turtle_pursuit/lib/turtle_pursuit
writing list of installed files to '/home/joseph/Turtle_Pursuit/build/turtle_pursuit/install.log'
