[0.015s] Invoking command in '/home/joseph/Turtle_Pursuit/build/turtlesim_custom_msg': CMAKE_PREFIX_PATH=${CMAKE_PREFIX_PATH}:/home/joseph/Turtle_Pursuit/install/turtle_handlers:/home/joseph/learn_ros/install/test_pkg:/home/joseph/learn_ros/install/pubsub:/home/joseph/learn_ros/install/activity:/home/joseph/learn_ros/install/clientserver:/home/joseph/turtlesim_catch_turtles/install/handle_turtle:/home/joseph/turtlesim_catch_turtles/install/catch_turtles:/home/joseph/e-Yantra/install/ur5_control:/home/joseph/e-Yantra/install/task3b:/home/joseph/e-Yantra/install/task2a:/home/joseph/e-Yantra/install/misc:/home/joseph/e-Yantra/install/aruco:/opt/ros/humble /usr/bin/cmake --build /home/joseph/Turtle_Pursuit/build/turtlesim_custom_msg -- -j12 -l12
[0.042s] -- Found ament_cmake: 1.3.10 (/opt/ros/humble/share/ament_cmake/cmake)
[0.163s] -- Found rosidl_default_generators: 1.2.0 (/opt/ros/humble/share/rosidl_default_generators/cmake)
[0.167s] -- Using all available rosidl_typesupport_c: rosidl_typesupport_fastrtps_c;rosidl_typesupport_introspection_c
[0.169s] -- Found rosidl_adapter: 3.1.5 (/opt/ros/humble/share/rosidl_adapter/cmake)
[0.195s] -- Using all available rosidl_typesupport_cpp: rosidl_typesupport_fastrtps_cpp;rosidl_typesupport_introspection_cpp
[0.220s] -- Found builtin_interfaces: 1.2.1 (/opt/ros/humble/share/builtin_interfaces/cmake)
[0.486s] -- Found ament_cmake_ros: 0.10.0 (/opt/ros/humble/share/ament_cmake_ros/cmake)
[0.668s] -- Using all available rosidl_typesupport_c: rosidl_typesupport_fastrtps_c;rosidl_typesupport_introspection_c
[0.900s] -- Using all available rosidl_typesupport_cpp: rosidl_typesupport_fastrtps_cpp;rosidl_typesupport_introspection_cpp
[0.922s] -- Found python_cmake_module: 0.10.0 (/opt/ros/humble/share/python_cmake_module/cmake)
[0.946s] -- Using PYTHON_EXECUTABLE: /usr/bin/python3
[0.946s] -- Using PYTHON_INCLUDE_DIRS: /usr/include/python3.10
[0.946s] -- Using PYTHON_LIBRARIES: /usr/lib/x86_64-linux-gnu/libpython3.10.so
[0.971s] -- Configuring done
[1.005s] -- Generating done
[1.009s] -- Build files have been written to: /home/joseph/Turtle_Pursuit/build/turtlesim_custom_msg
[1.039s] [  2%] [34m[1mGenerating C code for ROS interfaces[0m
[1.051s] [  4%] [34m[1mGenerating C++ code for ROS interfaces[0m
[1.065s] [  4%] Built target ament_cmake_python_copy_turtlesim_custom_msg
[1.361s] running egg_info
[1.361s] writing turtlesim_custom_msg.egg-info/PKG-INFO
[1.362s] writing dependency_links to turtlesim_custom_msg.egg-info/dependency_links.txt
[1.362s] writing top-level names to turtlesim_custom_msg.egg-info/top_level.txt
[1.365s] reading manifest file 'turtlesim_custom_msg.egg-info/SOURCES.txt'
[1.365s] writing manifest file 'turtlesim_custom_msg.egg-info/SOURCES.txt'
[1.373s] [35m[1mConsolidate compiler generated dependencies of target turtlesim_custom_msg__rosidl_generator_c[0m
[1.395s] [ 10%] [32mBuilding C object CMakeFiles/turtlesim_custom_msg__rosidl_generator_c.dir/rosidl_generator_c/turtlesim_custom_msg/msg/detail/turtle__functions.c.o[0m
[1.396s] [ 10%] [32mBuilding C object CMakeFiles/turtlesim_custom_msg__rosidl_generator_c.dir/rosidl_generator_c/turtlesim_custom_msg/msg/detail/alive_turtle_array__functions.c.o[0m
[1.396s] [ 10%] [32mBuilding C object CMakeFiles/turtlesim_custom_msg__rosidl_generator_c.dir/rosidl_generator_c/turtlesim_custom_msg/srv/detail/get_turtle_alive__functions.c.o[0m
[1.411s] [ 10%] Built target turtlesim_custom_msg__cpp
[1.427s] [ 17%] [34m[1mGenerating C++ type support dispatch for ROS interfaces[0m
[1.427s] [ 17%] [34m[1mGenerating C++ introspection for ROS interfaces[0m
[1.427s] [ 17%] [34m[1mGenerating C++ type support for eProsima Fast-RTPS[0m
[1.427s] [ 17%] Built target ament_cmake_python_build_turtlesim_custom_msg_egg
[1.486s] [ 19%] [32m[1mLinking C shared library libturtlesim_custom_msg__rosidl_generator_c.so[0m
[1.546s] [ 19%] Built target turtlesim_custom_msg__rosidl_generator_c
[1.561s] [ 23%] [34m[1mGenerating C type support dispatch for ROS interfaces[0m
[1.561s] [ 23%] [34m[1mGenerating C type support for eProsima Fast-RTPS[0m
[1.564s] [ 25%] [34m[1mGenerating C introspection for ROS interfaces[0m
[1.756s] [35m[1mConsolidate compiler generated dependencies of target turtlesim_custom_msg__rosidl_typesupport_cpp[0m
[1.779s] [ 27%] [32mBuilding CXX object CMakeFiles/turtlesim_custom_msg__rosidl_typesupport_cpp.dir/rosidl_typesupport_cpp/turtlesim_custom_msg/msg/turtle__type_support.cpp.o[0m
[1.781s] [ 31%] [32mBuilding CXX object CMakeFiles/turtlesim_custom_msg__rosidl_typesupport_cpp.dir/rosidl_typesupport_cpp/turtlesim_custom_msg/srv/get_turtle_alive__type_support.cpp.o[0m
[1.782s] [ 31%] [32mBuilding CXX object CMakeFiles/turtlesim_custom_msg__rosidl_typesupport_cpp.dir/rosidl_typesupport_cpp/turtlesim_custom_msg/msg/alive_turtle_array__type_support.cpp.o[0m
[1.822s] [35m[1mConsolidate compiler generated dependencies of target turtlesim_custom_msg__rosidl_typesupport_introspection_cpp[0m
[1.845s] [ 36%] [32mBuilding CXX object CMakeFiles/turtlesim_custom_msg__rosidl_typesupport_introspection_cpp.dir/rosidl_typesupport_introspection_cpp/turtlesim_custom_msg/srv/detail/get_turtle_alive__type_support.cpp.o[0m
[1.845s] [ 36%] [32mBuilding CXX object CMakeFiles/turtlesim_custom_msg__rosidl_typesupport_introspection_cpp.dir/rosidl_typesupport_introspection_cpp/turtlesim_custom_msg/msg/detail/turtle__type_support.cpp.o[0m
[1.847s] [ 38%] [32mBuilding CXX object CMakeFiles/turtlesim_custom_msg__rosidl_typesupport_introspection_cpp.dir/rosidl_typesupport_introspection_cpp/turtlesim_custom_msg/msg/detail/alive_turtle_array__type_support.cpp.o[0m
[1.908s] [35m[1mConsolidate compiler generated dependencies of target turtlesim_custom_msg__rosidl_typesupport_fastrtps_cpp[0m
[1.940s] [35m[1mConsolidate compiler generated dependencies of target turtlesim_custom_msg__rosidl_typesupport_c[0m
[1.945s] [ 42%] [32mBuilding CXX object CMakeFiles/turtlesim_custom_msg__rosidl_typesupport_fastrtps_cpp.dir/rosidl_typesupport_fastrtps_cpp/turtlesim_custom_msg/msg/detail/dds_fastrtps/turtle__type_support.cpp.o[0m
[1.945s] [ 42%] [32mBuilding CXX object CMakeFiles/turtlesim_custom_msg__rosidl_typesupport_fastrtps_cpp.dir/rosidl_typesupport_fastrtps_cpp/turtlesim_custom_msg/srv/detail/dds_fastrtps/get_turtle_alive__type_support.cpp.o[0m
[1.947s] [ 44%] [32mBuilding CXX object CMakeFiles/turtlesim_custom_msg__rosidl_typesupport_fastrtps_cpp.dir/rosidl_typesupport_fastrtps_cpp/turtlesim_custom_msg/msg/detail/dds_fastrtps/alive_turtle_array__type_support.cpp.o[0m
[1.978s] [ 46%] [32mBuilding CXX object CMakeFiles/turtlesim_custom_msg__rosidl_typesupport_c.dir/rosidl_typesupport_c/turtlesim_custom_msg/srv/get_turtle_alive__type_support.cpp.o[0m
[2.092s] [ 48%] [32mBuilding CXX object CMakeFiles/turtlesim_custom_msg__rosidl_typesupport_c.dir/rosidl_typesupport_c/turtlesim_custom_msg/msg/turtle__type_support.cpp.o[0m
[2.210s] [ 51%] [32mBuilding CXX object CMakeFiles/turtlesim_custom_msg__rosidl_typesupport_c.dir/rosidl_typesupport_c/turtlesim_custom_msg/msg/alive_turtle_array__type_support.cpp.o[0m
[2.304s] [ 53%] [32m[1mLinking CXX shared library libturtlesim_custom_msg__rosidl_typesupport_c.so[0m
[2.349s] [35m[1mConsolidate compiler generated dependencies of target turtlesim_custom_msg__rosidl_typesupport_fastrtps_c[0m
[2.423s] [ 55%] [32mBuilding CXX object CMakeFiles/turtlesim_custom_msg__rosidl_typesupport_fastrtps_c.dir/rosidl_typesupport_fastrtps_c/turtlesim_custom_msg/srv/detail/get_turtle_alive__type_support_c.cpp.o[0m
[2.428s] [35m[1mConsolidate compiler generated dependencies of target turtlesim_custom_msg__rosidl_typesupport_introspection_c[0m
[2.463s] [ 57%] [32mBuilding CXX object CMakeFiles/turtlesim_custom_msg__rosidl_typesupport_fastrtps_c.dir/rosidl_typesupport_fastrtps_c/turtlesim_custom_msg/msg/detail/turtle__type_support_c.cpp.o[0m
[2.464s] [ 59%] [32mBuilding CXX object CMakeFiles/turtlesim_custom_msg__rosidl_typesupport_fastrtps_c.dir/rosidl_typesupport_fastrtps_c/turtlesim_custom_msg/msg/detail/alive_turtle_array__type_support_c.cpp.o[0m
[2.472s] [ 59%] Built target turtlesim_custom_msg__rosidl_typesupport_c
[2.481s] [ 61%] [32m[1mLinking CXX shared library libturtlesim_custom_msg__rosidl_typesupport_cpp.so[0m
[2.482s] [ 63%] [32mBuilding C object CMakeFiles/turtlesim_custom_msg__rosidl_typesupport_introspection_c.dir/rosidl_typesupport_introspection_c/turtlesim_custom_msg/srv/detail/get_turtle_alive__type_support.c.o[0m
[2.512s] [ 65%] [32mBuilding C object CMakeFiles/turtlesim_custom_msg__rosidl_typesupport_introspection_c.dir/rosidl_typesupport_introspection_c/turtlesim_custom_msg/msg/detail/turtle__type_support.c.o[0m
[2.577s] [ 68%] [32mBuilding C object CMakeFiles/turtlesim_custom_msg__rosidl_typesupport_introspection_c.dir/rosidl_typesupport_introspection_c/turtlesim_custom_msg/msg/detail/alive_turtle_array__type_support.c.o[0m
[2.630s] [ 68%] Built target turtlesim_custom_msg__rosidl_typesupport_cpp
[2.671s] [ 70%] [32m[1mLinking C shared library libturtlesim_custom_msg__rosidl_typesupport_introspection_c.so[0m
[2.743s] [ 72%] [32m[1mLinking CXX shared library libturtlesim_custom_msg__rosidl_typesupport_introspection_cpp.so[0m
[2.746s] [ 72%] Built target turtlesim_custom_msg__rosidl_typesupport_introspection_c
[2.849s] [ 74%] [32m[1mLinking CXX shared library libturtlesim_custom_msg__rosidl_typesupport_fastrtps_cpp.so[0m
[2.930s] [ 74%] Built target turtlesim_custom_msg__rosidl_typesupport_introspection_cpp
[2.986s] [ 74%] Built target turtlesim_custom_msg__rosidl_typesupport_fastrtps_cpp
[3.017s] [ 76%] [32m[1mLinking CXX shared library libturtlesim_custom_msg__rosidl_typesupport_fastrtps_c.so[0m
[3.089s] [ 76%] Built target turtlesim_custom_msg__rosidl_typesupport_fastrtps_c
[3.112s] [ 76%] Built target turtlesim_custom_msg
[3.134s] [ 78%] [34m[1mGenerating Python code for ROS interfaces[0m
[3.514s] [ 78%] Built target turtlesim_custom_msg__py
[3.526s] [35m[1mConsolidate compiler generated dependencies of target turtlesim_custom_msg__rosidl_generator_py[0m
[3.540s] [ 85%] [32mBuilding C object CMakeFiles/turtlesim_custom_msg__rosidl_generator_py.dir/rosidl_generator_py/turtlesim_custom_msg/msg/_turtle_s.c.o[0m
[3.541s] [ 85%] [32mBuilding C object CMakeFiles/turtlesim_custom_msg__rosidl_generator_py.dir/rosidl_generator_py/turtlesim_custom_msg/srv/_get_turtle_alive_s.c.o[0m
[3.541s] [ 85%] [32mBuilding C object CMakeFiles/turtlesim_custom_msg__rosidl_generator_py.dir/rosidl_generator_py/turtlesim_custom_msg/msg/_alive_turtle_array_s.c.o[0m
[3.648s] [ 87%] [32m[1mLinking C shared library rosidl_generator_py/turtlesim_custom_msg/libturtlesim_custom_msg__rosidl_generator_py.so[0m
[3.688s] [ 87%] Built target turtlesim_custom_msg__rosidl_generator_py
[3.700s] [35m[1mConsolidate compiler generated dependencies of target turtlesim_custom_msg__rosidl_typesupport_c__pyext[0m
[3.700s] [35m[1mConsolidate compiler generated dependencies of target turtlesim_custom_msg__rosidl_typesupport_fastrtps_c__pyext[0m
[3.700s] [35m[1mConsolidate compiler generated dependencies of target turtlesim_custom_msg__rosidl_typesupport_introspection_c__pyext[0m
[3.715s] [ 93%] [32mBuilding C object CMakeFiles/turtlesim_custom_msg__rosidl_typesupport_fastrtps_c__pyext.dir/rosidl_generator_py/turtlesim_custom_msg/_turtlesim_custom_msg_s.ep.rosidl_typesupport_fastrtps_c.c.o[0m
[3.715s] [ 93%] [32mBuilding C object CMakeFiles/turtlesim_custom_msg__rosidl_typesupport_c__pyext.dir/rosidl_generator_py/turtlesim_custom_msg/_turtlesim_custom_msg_s.ep.rosidl_typesupport_c.c.o[0m
[3.715s] [ 93%] [32mBuilding C object CMakeFiles/turtlesim_custom_msg__rosidl_typesupport_introspection_c__pyext.dir/rosidl_generator_py/turtlesim_custom_msg/_turtlesim_custom_msg_s.ep.rosidl_typesupport_introspection_c.c.o[0m
[3.808s] [ 97%] [32m[1mLinking C shared library rosidl_generator_py/turtlesim_custom_msg/turtlesim_custom_msg_s__rosidl_typesupport_c.cpython-310-x86_64-linux-gnu.so[0m
[3.808s] [ 97%] [32m[1mLinking C shared library rosidl_generator_py/turtlesim_custom_msg/turtlesim_custom_msg_s__rosidl_typesupport_introspection_c.cpython-310-x86_64-linux-gnu.so[0m
[3.812s] [100%] [32m[1mLinking C shared library rosidl_generator_py/turtlesim_custom_msg/turtlesim_custom_msg_s__rosidl_typesupport_fastrtps_c.cpython-310-x86_64-linux-gnu.so[0m
[3.846s] [100%] Built target turtlesim_custom_msg__rosidl_typesupport_c__pyext
[3.846s] [100%] Built target turtlesim_custom_msg__rosidl_typesupport_introspection_c__pyext
[3.852s] [100%] Built target turtlesim_custom_msg__rosidl_typesupport_fastrtps_c__pyext
[3.865s] Invoked command in '/home/joseph/Turtle_Pursuit/build/turtlesim_custom_msg' returned '0': CMAKE_PREFIX_PATH=${CMAKE_PREFIX_PATH}:/home/joseph/Turtle_Pursuit/install/turtle_handlers:/home/joseph/learn_ros/install/test_pkg:/home/joseph/learn_ros/install/pubsub:/home/joseph/learn_ros/install/activity:/home/joseph/learn_ros/install/clientserver:/home/joseph/turtlesim_catch_turtles/install/handle_turtle:/home/joseph/turtlesim_catch_turtles/install/catch_turtles:/home/joseph/e-Yantra/install/ur5_control:/home/joseph/e-Yantra/install/task3b:/home/joseph/e-Yantra/install/task2a:/home/joseph/e-Yantra/install/misc:/home/joseph/e-Yantra/install/aruco:/opt/ros/humble /usr/bin/cmake --build /home/joseph/Turtle_Pursuit/build/turtlesim_custom_msg -- -j12 -l12
[4.005s] Invoking command in '/home/joseph/Turtle_Pursuit/build/turtlesim_custom_msg': CMAKE_PREFIX_PATH=${CMAKE_PREFIX_PATH}:/home/joseph/Turtle_Pursuit/install/turtle_handlers:/home/joseph/learn_ros/install/test_pkg:/home/joseph/learn_ros/install/pubsub:/home/joseph/learn_ros/install/activity:/home/joseph/learn_ros/install/clientserver:/home/joseph/turtlesim_catch_turtles/install/handle_turtle:/home/joseph/turtlesim_catch_turtles/install/catch_turtles:/home/joseph/e-Yantra/install/ur5_control:/home/joseph/e-Yantra/install/task3b:/home/joseph/e-Yantra/install/task2a:/home/joseph/e-Yantra/install/misc:/home/joseph/e-Yantra/install/aruco:/opt/ros/humble /usr/bin/cmake --install /home/joseph/Turtle_Pursuit/build/turtlesim_custom_msg
[4.013s] -- Install configuration: ""
[4.013s] -- Installing: /home/joseph/Turtle_Pursuit/install/turtlesim_custom_msg/share/ament_index/resource_index/rosidl_interfaces/turtlesim_custom_msg
[4.013s] -- Up-to-date: /home/joseph/Turtle_Pursuit/install/turtlesim_custom_msg/include/turtlesim_custom_msg/turtlesim_custom_msg
[4.014s] -- Up-to-date: /home/joseph/Turtle_Pursuit/install/turtlesim_custom_msg/include/turtlesim_custom_msg/turtlesim_custom_msg/msg
[4.014s] -- Installing: /home/joseph/Turtle_Pursuit/install/turtlesim_custom_msg/include/turtlesim_custom_msg/turtlesim_custom_msg/msg/detail
[4.014s] -- Installing: /home/joseph/Turtle_Pursuit/install/turtlesim_custom_msg/include/turtlesim_custom_msg/turtlesim_custom_msg/msg/detail/turtle__struct.h
[4.014s] -- Installing: /home/joseph/Turtle_Pursuit/install/turtlesim_custom_msg/include/turtlesim_custom_msg/turtlesim_custom_msg/msg/detail/alive_turtle_array__functions.h
[4.014s] -- Installing: /home/joseph/Turtle_Pursuit/install/turtlesim_custom_msg/include/turtlesim_custom_msg/turtlesim_custom_msg/msg/detail/alive_turtle_array__struct.h
[4.014s] -- Installing: /home/joseph/Turtle_Pursuit/install/turtlesim_custom_msg/include/turtlesim_custom_msg/turtlesim_custom_msg/msg/detail/turtle__functions.h
[4.014s] -- Installing: /home/joseph/Turtle_Pursuit/install/turtlesim_custom_msg/include/turtlesim_custom_msg/turtlesim_custom_msg/msg/detail/turtle__type_support.h
[4.014s] -- Installing: /home/joseph/Turtle_Pursuit/install/turtlesim_custom_msg/include/turtlesim_custom_msg/turtlesim_custom_msg/msg/detail/alive_turtle_array__functions.c
[4.014s] -- Installing: /home/joseph/Turtle_Pursuit/install/turtlesim_custom_msg/include/turtlesim_custom_msg/turtlesim_custom_msg/msg/detail/alive_turtle_array__type_support.h
[4.014s] -- Installing: /home/joseph/Turtle_Pursuit/install/turtlesim_custom_msg/include/turtlesim_custom_msg/turtlesim_custom_msg/msg/detail/turtle__functions.c
[4.015s] -- Installing: /home/joseph/Turtle_Pursuit/install/turtlesim_custom_msg/include/turtlesim_custom_msg/turtlesim_custom_msg/msg/turtle.h
[4.015s] -- Up-to-date: /home/joseph/Turtle_Pursuit/install/turtlesim_custom_msg/include/turtlesim_custom_msg/turtlesim_custom_msg/msg/rosidl_generator_c__visibility_control.h
[4.015s] -- Installing: /home/joseph/Turtle_Pursuit/install/turtlesim_custom_msg/include/turtlesim_custom_msg/turtlesim_custom_msg/msg/alive_turtle_array.h
[4.015s] -- Up-to-date: /home/joseph/Turtle_Pursuit/install/turtlesim_custom_msg/include/turtlesim_custom_msg/turtlesim_custom_msg/srv
[4.015s] -- Installing: /home/joseph/Turtle_Pursuit/install/turtlesim_custom_msg/include/turtlesim_custom_msg/turtlesim_custom_msg/srv/get_turtle_alive.h
[4.015s] -- Up-to-date: /home/joseph/Turtle_Pursuit/install/turtlesim_custom_msg/include/turtlesim_custom_msg/turtlesim_custom_msg/srv/detail
[4.015s] -- Installing: /home/joseph/Turtle_Pursuit/install/turtlesim_custom_msg/include/turtlesim_custom_msg/turtlesim_custom_msg/srv/detail/get_turtle_alive__struct.h
[4.015s] -- Installing: /home/joseph/Turtle_Pursuit/install/turtlesim_custom_msg/include/turtlesim_custom_msg/turtlesim_custom_msg/srv/detail/get_turtle_alive__type_support.h
[4.015s] -- Installing: /home/joseph/Turtle_Pursuit/install/turtlesim_custom_msg/include/turtlesim_custom_msg/turtlesim_custom_msg/srv/detail/get_turtle_alive__functions.h
[4.016s] -- Installing: /home/joseph/Turtle_Pursuit/install/turtlesim_custom_msg/include/turtlesim_custom_msg/turtlesim_custom_msg/srv/detail/get_turtle_alive__functions.c
[4.016s] -- Up-to-date: /home/joseph/Turtle_Pursuit/install/turtlesim_custom_msg/share/turtlesim_custom_msg/environment/library_path.sh
[4.016s] -- Installing: /home/joseph/Turtle_Pursuit/install/turtlesim_custom_msg/share/turtlesim_custom_msg/environment/library_path.dsv
[4.016s] -- Installing: /home/joseph/Turtle_Pursuit/install/turtlesim_custom_msg/lib/libturtlesim_custom_msg__rosidl_generator_c.so
[4.017s] -- Set runtime path of "/home/joseph/Turtle_Pursuit/install/turtlesim_custom_msg/lib/libturtlesim_custom_msg__rosidl_generator_c.so" to ""
[4.017s] -- Up-to-date: /home/joseph/Turtle_Pursuit/install/turtlesim_custom_msg/include/turtlesim_custom_msg/turtlesim_custom_msg
[4.017s] -- Up-to-date: /home/joseph/Turtle_Pursuit/install/turtlesim_custom_msg/include/turtlesim_custom_msg/turtlesim_custom_msg/msg
[4.017s] -- Up-to-date: /home/joseph/Turtle_Pursuit/install/turtlesim_custom_msg/include/turtlesim_custom_msg/turtlesim_custom_msg/msg/rosidl_typesupport_fastrtps_c__visibility_control.h
[4.017s] -- Up-to-date: /home/joseph/Turtle_Pursuit/install/turtlesim_custom_msg/include/turtlesim_custom_msg/turtlesim_custom_msg/msg/detail
[4.017s] -- Installing: /home/joseph/Turtle_Pursuit/install/turtlesim_custom_msg/include/turtlesim_custom_msg/turtlesim_custom_msg/msg/detail/turtle__rosidl_typesupport_fastrtps_c.h
[4.017s] -- Installing: /home/joseph/Turtle_Pursuit/install/turtlesim_custom_msg/include/turtlesim_custom_msg/turtlesim_custom_msg/msg/detail/alive_turtle_array__rosidl_typesupport_fastrtps_c.h
[4.017s] -- Up-to-date: /home/joseph/Turtle_Pursuit/install/turtlesim_custom_msg/include/turtlesim_custom_msg/turtlesim_custom_msg/srv
[4.017s] -- Up-to-date: /home/joseph/Turtle_Pursuit/install/turtlesim_custom_msg/include/turtlesim_custom_msg/turtlesim_custom_msg/srv/detail
[4.017s] -- Installing: /home/joseph/Turtle_Pursuit/install/turtlesim_custom_msg/include/turtlesim_custom_msg/turtlesim_custom_msg/srv/detail/get_turtle_alive__rosidl_typesupport_fastrtps_c.h
[4.024s] -- Installing: /home/joseph/Turtle_Pursuit/install/turtlesim_custom_msg/lib/libturtlesim_custom_msg__rosidl_typesupport_fastrtps_c.so
[4.024s] -- Set runtime path of "/home/joseph/Turtle_Pursuit/install/turtlesim_custom_msg/lib/libturtlesim_custom_msg__rosidl_typesupport_fastrtps_c.so" to ""
[4.024s] -- Up-to-date: /home/joseph/Turtle_Pursuit/install/turtlesim_custom_msg/include/turtlesim_custom_msg/turtlesim_custom_msg
[4.025s] -- Up-to-date: /home/joseph/Turtle_Pursuit/install/turtlesim_custom_msg/include/turtlesim_custom_msg/turtlesim_custom_msg/msg
[4.025s] -- Up-to-date: /home/joseph/Turtle_Pursuit/install/turtlesim_custom_msg/include/turtlesim_custom_msg/turtlesim_custom_msg/msg/detail
[4.025s] -- Installing: /home/joseph/Turtle_Pursuit/install/turtlesim_custom_msg/include/turtlesim_custom_msg/turtlesim_custom_msg/msg/detail/alive_turtle_array__type_support.c
[4.025s] -- Installing: /home/joseph/Turtle_Pursuit/install/turtlesim_custom_msg/include/turtlesim_custom_msg/turtlesim_custom_msg/msg/detail/turtle__type_support.c
[4.025s] -- Installing: /home/joseph/Turtle_Pursuit/install/turtlesim_custom_msg/include/turtlesim_custom_msg/turtlesim_custom_msg/msg/detail/turtle__rosidl_typesupport_introspection_c.h
[4.025s] -- Installing: /home/joseph/Turtle_Pursuit/install/turtlesim_custom_msg/include/turtlesim_custom_msg/turtlesim_custom_msg/msg/detail/alive_turtle_array__rosidl_typesupport_introspection_c.h
[4.025s] -- Up-to-date: /home/joseph/Turtle_Pursuit/install/turtlesim_custom_msg/include/turtlesim_custom_msg/turtlesim_custom_msg/msg/rosidl_typesupport_introspection_c__visibility_control.h
[4.025s] -- Up-to-date: /home/joseph/Turtle_Pursuit/install/turtlesim_custom_msg/include/turtlesim_custom_msg/turtlesim_custom_msg/srv
[4.025s] -- Up-to-date: /home/joseph/Turtle_Pursuit/install/turtlesim_custom_msg/include/turtlesim_custom_msg/turtlesim_custom_msg/srv/detail
[4.025s] -- Installing: /home/joseph/Turtle_Pursuit/install/turtlesim_custom_msg/include/turtlesim_custom_msg/turtlesim_custom_msg/srv/detail/get_turtle_alive__rosidl_typesupport_introspection_c.h
[4.025s] -- Installing: /home/joseph/Turtle_Pursuit/install/turtlesim_custom_msg/include/turtlesim_custom_msg/turtlesim_custom_msg/srv/detail/get_turtle_alive__type_support.c
[4.025s] -- Installing: /home/joseph/Turtle_Pursuit/install/turtlesim_custom_msg/lib/libturtlesim_custom_msg__rosidl_typesupport_introspection_c.so
[4.026s] -- Set runtime path of "/home/joseph/Turtle_Pursuit/install/turtlesim_custom_msg/lib/libturtlesim_custom_msg__rosidl_typesupport_introspection_c.so" to ""
[4.026s] -- Installing: /home/joseph/Turtle_Pursuit/install/turtlesim_custom_msg/lib/libturtlesim_custom_msg__rosidl_typesupport_c.so
[4.026s] -- Set runtime path of "/home/joseph/Turtle_Pursuit/install/turtlesim_custom_msg/lib/libturtlesim_custom_msg__rosidl_typesupport_c.so" to ""
[4.026s] -- Up-to-date: /home/joseph/Turtle_Pursuit/install/turtlesim_custom_msg/include/turtlesim_custom_msg/turtlesim_custom_msg
[4.027s] -- Up-to-date: /home/joseph/Turtle_Pursuit/install/turtlesim_custom_msg/include/turtlesim_custom_msg/turtlesim_custom_msg/msg
[4.027s] -- Installing: /home/joseph/Turtle_Pursuit/install/turtlesim_custom_msg/include/turtlesim_custom_msg/turtlesim_custom_msg/msg/alive_turtle_array.hpp
[4.027s] -- Up-to-date: /home/joseph/Turtle_Pursuit/install/turtlesim_custom_msg/include/turtlesim_custom_msg/turtlesim_custom_msg/msg/detail
[4.027s] -- Installing: /home/joseph/Turtle_Pursuit/install/turtlesim_custom_msg/include/turtlesim_custom_msg/turtlesim_custom_msg/msg/detail/turtle__builder.hpp
[4.027s] -- Installing: /home/joseph/Turtle_Pursuit/install/turtlesim_custom_msg/include/turtlesim_custom_msg/turtlesim_custom_msg/msg/detail/alive_turtle_array__struct.hpp
[4.027s] -- Installing: /home/joseph/Turtle_Pursuit/install/turtlesim_custom_msg/include/turtlesim_custom_msg/turtlesim_custom_msg/msg/detail/alive_turtle_array__builder.hpp
[4.027s] -- Installing: /home/joseph/Turtle_Pursuit/install/turtlesim_custom_msg/include/turtlesim_custom_msg/turtlesim_custom_msg/msg/detail/alive_turtle_array__traits.hpp
[4.027s] -- Installing: /home/joseph/Turtle_Pursuit/install/turtlesim_custom_msg/include/turtlesim_custom_msg/turtlesim_custom_msg/msg/detail/turtle__struct.hpp
[4.027s] -- Installing: /home/joseph/Turtle_Pursuit/install/turtlesim_custom_msg/include/turtlesim_custom_msg/turtlesim_custom_msg/msg/detail/turtle__traits.hpp
[4.027s] -- Installing: /home/joseph/Turtle_Pursuit/install/turtlesim_custom_msg/include/turtlesim_custom_msg/turtlesim_custom_msg/msg/turtle.hpp
[4.028s] -- Up-to-date: /home/joseph/Turtle_Pursuit/install/turtlesim_custom_msg/include/turtlesim_custom_msg/turtlesim_custom_msg/srv
[4.028s] -- Installing: /home/joseph/Turtle_Pursuit/install/turtlesim_custom_msg/include/turtlesim_custom_msg/turtlesim_custom_msg/srv/get_turtle_alive.hpp
[4.028s] -- Up-to-date: /home/joseph/Turtle_Pursuit/install/turtlesim_custom_msg/include/turtlesim_custom_msg/turtlesim_custom_msg/srv/detail
[4.028s] -- Installing: /home/joseph/Turtle_Pursuit/install/turtlesim_custom_msg/include/turtlesim_custom_msg/turtlesim_custom_msg/srv/detail/get_turtle_alive__builder.hpp
[4.028s] -- Installing: /home/joseph/Turtle_Pursuit/install/turtlesim_custom_msg/include/turtlesim_custom_msg/turtlesim_custom_msg/srv/detail/get_turtle_alive__traits.hpp
[4.028s] -- Installing: /home/joseph/Turtle_Pursuit/install/turtlesim_custom_msg/include/turtlesim_custom_msg/turtlesim_custom_msg/srv/detail/get_turtle_alive__struct.hpp
[4.028s] -- Up-to-date: /home/joseph/Turtle_Pursuit/install/turtlesim_custom_msg/include/turtlesim_custom_msg/turtlesim_custom_msg
[4.028s] -- Up-to-date: /home/joseph/Turtle_Pursuit/install/turtlesim_custom_msg/include/turtlesim_custom_msg/turtlesim_custom_msg/msg
[4.029s] -- Up-to-date: /home/joseph/Turtle_Pursuit/install/turtlesim_custom_msg/include/turtlesim_custom_msg/turtlesim_custom_msg/msg/detail
[4.029s] -- Installing: /home/joseph/Turtle_Pursuit/install/turtlesim_custom_msg/include/turtlesim_custom_msg/turtlesim_custom_msg/msg/detail/dds_fastrtps
[4.029s] -- Installing: /home/joseph/Turtle_Pursuit/install/turtlesim_custom_msg/include/turtlesim_custom_msg/turtlesim_custom_msg/msg/detail/turtle__rosidl_typesupport_fastrtps_cpp.hpp
[4.029s] -- Installing: /home/joseph/Turtle_Pursuit/install/turtlesim_custom_msg/include/turtlesim_custom_msg/turtlesim_custom_msg/msg/detail/alive_turtle_array__rosidl_typesupport_fastrtps_cpp.hpp
[4.029s] -- Up-to-date: /home/joseph/Turtle_Pursuit/install/turtlesim_custom_msg/include/turtlesim_custom_msg/turtlesim_custom_msg/msg/rosidl_typesupport_fastrtps_cpp__visibility_control.h
[4.029s] -- Up-to-date: /home/joseph/Turtle_Pursuit/install/turtlesim_custom_msg/include/turtlesim_custom_msg/turtlesim_custom_msg/srv
[4.029s] -- Up-to-date: /home/joseph/Turtle_Pursuit/install/turtlesim_custom_msg/include/turtlesim_custom_msg/turtlesim_custom_msg/srv/detail
[4.029s] -- Up-to-date: /home/joseph/Turtle_Pursuit/install/turtlesim_custom_msg/include/turtlesim_custom_msg/turtlesim_custom_msg/srv/detail/dds_fastrtps
[4.029s] -- Installing: /home/joseph/Turtle_Pursuit/install/turtlesim_custom_msg/include/turtlesim_custom_msg/turtlesim_custom_msg/srv/detail/get_turtle_alive__rosidl_typesupport_fastrtps_cpp.hpp
[4.030s] -- Installing: /home/joseph/Turtle_Pursuit/install/turtlesim_custom_msg/lib/libturtlesim_custom_msg__rosidl_typesupport_fastrtps_cpp.so
[4.030s] -- Set runtime path of "/home/joseph/Turtle_Pursuit/install/turtlesim_custom_msg/lib/libturtlesim_custom_msg__rosidl_typesupport_fastrtps_cpp.so" to ""
[4.030s] -- Up-to-date: /home/joseph/Turtle_Pursuit/install/turtlesim_custom_msg/include/turtlesim_custom_msg/turtlesim_custom_msg
[4.030s] -- Up-to-date: /home/joseph/Turtle_Pursuit/install/turtlesim_custom_msg/include/turtlesim_custom_msg/turtlesim_custom_msg/msg
[4.030s] -- Up-to-date: /home/joseph/Turtle_Pursuit/install/turtlesim_custom_msg/include/turtlesim_custom_msg/turtlesim_custom_msg/msg/detail
[4.030s] -- Installing: /home/joseph/Turtle_Pursuit/install/turtlesim_custom_msg/include/turtlesim_custom_msg/turtlesim_custom_msg/msg/detail/alive_turtle_array__type_support.cpp
[4.031s] -- Installing: /home/joseph/Turtle_Pursuit/install/turtlesim_custom_msg/include/turtlesim_custom_msg/turtlesim_custom_msg/msg/detail/alive_turtle_array__rosidl_typesupport_introspection_cpp.hpp
[4.031s] -- Installing: /home/joseph/Turtle_Pursuit/install/turtlesim_custom_msg/include/turtlesim_custom_msg/turtlesim_custom_msg/msg/detail/turtle__rosidl_typesupport_introspection_cpp.hpp
[4.031s] -- Installing: /home/joseph/Turtle_Pursuit/install/turtlesim_custom_msg/include/turtlesim_custom_msg/turtlesim_custom_msg/msg/detail/turtle__type_support.cpp
[4.031s] -- Up-to-date: /home/joseph/Turtle_Pursuit/install/turtlesim_custom_msg/include/turtlesim_custom_msg/turtlesim_custom_msg/srv
[4.031s] -- Up-to-date: /home/joseph/Turtle_Pursuit/install/turtlesim_custom_msg/include/turtlesim_custom_msg/turtlesim_custom_msg/srv/detail
[4.031s] -- Installing: /home/joseph/Turtle_Pursuit/install/turtlesim_custom_msg/include/turtlesim_custom_msg/turtlesim_custom_msg/srv/detail/get_turtle_alive__rosidl_typesupport_introspection_cpp.hpp
[4.031s] -- Installing: /home/joseph/Turtle_Pursuit/install/turtlesim_custom_msg/include/turtlesim_custom_msg/turtlesim_custom_msg/srv/detail/get_turtle_alive__type_support.cpp
[4.032s] -- Installing: /home/joseph/Turtle_Pursuit/install/turtlesim_custom_msg/lib/libturtlesim_custom_msg__rosidl_typesupport_introspection_cpp.so
[4.032s] -- Set runtime path of "/home/joseph/Turtle_Pursuit/install/turtlesim_custom_msg/lib/libturtlesim_custom_msg__rosidl_typesupport_introspection_cpp.so" to ""
[4.033s] -- Installing: /home/joseph/Turtle_Pursuit/install/turtlesim_custom_msg/lib/libturtlesim_custom_msg__rosidl_typesupport_cpp.so
[4.033s] -- Set runtime path of "/home/joseph/Turtle_Pursuit/install/turtlesim_custom_msg/lib/libturtlesim_custom_msg__rosidl_typesupport_cpp.so" to ""
[4.033s] -- Up-to-date: /home/joseph/Turtle_Pursuit/install/turtlesim_custom_msg/share/turtlesim_custom_msg/environment/pythonpath.sh
[4.033s] -- Installing: /home/joseph/Turtle_Pursuit/install/turtlesim_custom_msg/share/turtlesim_custom_msg/environment/pythonpath.dsv
[4.033s] -- Up-to-date: /home/joseph/Turtle_Pursuit/install/turtlesim_custom_msg/local/lib/python3.10/dist-packages/turtlesim_custom_msg-0.0.0-py3.10.egg-info
[4.033s] -- Installing: /home/joseph/Turtle_Pursuit/install/turtlesim_custom_msg/local/lib/python3.10/dist-packages/turtlesim_custom_msg-0.0.0-py3.10.egg-info/PKG-INFO
[4.033s] -- Installing: /home/joseph/Turtle_Pursuit/install/turtlesim_custom_msg/local/lib/python3.10/dist-packages/turtlesim_custom_msg-0.0.0-py3.10.egg-info/SOURCES.txt
[4.034s] -- Installing: /home/joseph/Turtle_Pursuit/install/turtlesim_custom_msg/local/lib/python3.10/dist-packages/turtlesim_custom_msg-0.0.0-py3.10.egg-info/dependency_links.txt
[4.034s] -- Installing: /home/joseph/Turtle_Pursuit/install/turtlesim_custom_msg/local/lib/python3.10/dist-packages/turtlesim_custom_msg-0.0.0-py3.10.egg-info/top_level.txt
[4.034s] -- Up-to-date: /home/joseph/Turtle_Pursuit/install/turtlesim_custom_msg/local/lib/python3.10/dist-packages/turtlesim_custom_msg
[4.034s] -- Installing: /home/joseph/Turtle_Pursuit/install/turtlesim_custom_msg/local/lib/python3.10/dist-packages/turtlesim_custom_msg/msg
[4.034s] -- Installing: /home/joseph/Turtle_Pursuit/install/turtlesim_custom_msg/local/lib/python3.10/dist-packages/turtlesim_custom_msg/msg/__init__.py
[4.034s] -- Installing: /home/joseph/Turtle_Pursuit/install/turtlesim_custom_msg/local/lib/python3.10/dist-packages/turtlesim_custom_msg/msg/_alive_turtle_array_s.c
[4.034s] -- Installing: /home/joseph/Turtle_Pursuit/install/turtlesim_custom_msg/local/lib/python3.10/dist-packages/turtlesim_custom_msg/msg/_turtle_s.c
[4.034s] -- Installing: /home/joseph/Turtle_Pursuit/install/turtlesim_custom_msg/local/lib/python3.10/dist-packages/turtlesim_custom_msg/msg/_alive_turtle_array.py
[4.035s] -- Installing: /home/joseph/Turtle_Pursuit/install/turtlesim_custom_msg/local/lib/python3.10/dist-packages/turtlesim_custom_msg/msg/_turtle.py
[4.035s] -- Up-to-date: /home/joseph/Turtle_Pursuit/install/turtlesim_custom_msg/local/lib/python3.10/dist-packages/turtlesim_custom_msg/srv
[4.035s] -- Installing: /home/joseph/Turtle_Pursuit/install/turtlesim_custom_msg/local/lib/python3.10/dist-packages/turtlesim_custom_msg/srv/_get_turtle_alive.py
[4.035s] -- Installing: /home/joseph/Turtle_Pursuit/install/turtlesim_custom_msg/local/lib/python3.10/dist-packages/turtlesim_custom_msg/srv/__init__.py
[4.035s] -- Installing: /home/joseph/Turtle_Pursuit/install/turtlesim_custom_msg/local/lib/python3.10/dist-packages/turtlesim_custom_msg/srv/_get_turtle_alive_s.c
[4.035s] -- Installing: /home/joseph/Turtle_Pursuit/install/turtlesim_custom_msg/local/lib/python3.10/dist-packages/turtlesim_custom_msg/_turtlesim_custom_msg_s.ep.rosidl_typesupport_c.c
[4.035s] -- Installing: /home/joseph/Turtle_Pursuit/install/turtlesim_custom_msg/local/lib/python3.10/dist-packages/turtlesim_custom_msg/turtlesim_custom_msg_s__rosidl_typesupport_fastrtps_c.cpython-310-x86_64-linux-gnu.so
[4.036s] -- Installing: /home/joseph/Turtle_Pursuit/install/turtlesim_custom_msg/local/lib/python3.10/dist-packages/turtlesim_custom_msg/__init__.py
[4.036s] -- Installing: /home/joseph/Turtle_Pursuit/install/turtlesim_custom_msg/local/lib/python3.10/dist-packages/turtlesim_custom_msg/_turtlesim_custom_msg_s.ep.rosidl_typesupport_introspection_c.c
[4.036s] -- Installing: /home/joseph/Turtle_Pursuit/install/turtlesim_custom_msg/local/lib/python3.10/dist-packages/turtlesim_custom_msg/_turtlesim_custom_msg_s.ep.rosidl_typesupport_fastrtps_c.c
[4.036s] -- Installing: /home/joseph/Turtle_Pursuit/install/turtlesim_custom_msg/local/lib/python3.10/dist-packages/turtlesim_custom_msg/libturtlesim_custom_msg__rosidl_generator_py.so
[4.036s] -- Installing: /home/joseph/Turtle_Pursuit/install/turtlesim_custom_msg/local/lib/python3.10/dist-packages/turtlesim_custom_msg/turtlesim_custom_msg_s__rosidl_typesupport_c.cpython-310-x86_64-linux-gnu.so
[4.037s] -- Installing: /home/joseph/Turtle_Pursuit/install/turtlesim_custom_msg/local/lib/python3.10/dist-packages/turtlesim_custom_msg/turtlesim_custom_msg_s__rosidl_typesupport_introspection_c.cpython-310-x86_64-linux-gnu.so
[4.076s] Listing '/home/joseph/Turtle_Pursuit/install/turtlesim_custom_msg/local/lib/python3.10/dist-packages/turtlesim_custom_msg'...
[4.076s] Compiling '/home/joseph/Turtle_Pursuit/install/turtlesim_custom_msg/local/lib/python3.10/dist-packages/turtlesim_custom_msg/__init__.py'...
[4.076s] Listing '/home/joseph/Turtle_Pursuit/install/turtlesim_custom_msg/local/lib/python3.10/dist-packages/turtlesim_custom_msg/msg'...
[4.076s] Compiling '/home/joseph/Turtle_Pursuit/install/turtlesim_custom_msg/local/lib/python3.10/dist-packages/turtlesim_custom_msg/msg/__init__.py'...
[4.076s] Compiling '/home/joseph/Turtle_Pursuit/install/turtlesim_custom_msg/local/lib/python3.10/dist-packages/turtlesim_custom_msg/msg/_alive_turtle_array.py'...
[4.076s] Compiling '/home/joseph/Turtle_Pursuit/install/turtlesim_custom_msg/local/lib/python3.10/dist-packages/turtlesim_custom_msg/msg/_turtle.py'...
[4.077s] Listing '/home/joseph/Turtle_Pursuit/install/turtlesim_custom_msg/local/lib/python3.10/dist-packages/turtlesim_custom_msg/srv'...
[4.077s] Compiling '/home/joseph/Turtle_Pursuit/install/turtlesim_custom_msg/local/lib/python3.10/dist-packages/turtlesim_custom_msg/srv/__init__.py'...
[4.077s] Compiling '/home/joseph/Turtle_Pursuit/install/turtlesim_custom_msg/local/lib/python3.10/dist-packages/turtlesim_custom_msg/srv/_get_turtle_alive.py'...
[4.080s] -- Installing: /home/joseph/Turtle_Pursuit/install/turtlesim_custom_msg/local/lib/python3.10/dist-packages/turtlesim_custom_msg/turtlesim_custom_msg_s__rosidl_typesupport_fastrtps_c.cpython-310-x86_64-linux-gnu.so
[4.080s] -- Set runtime path of "/home/joseph/Turtle_Pursuit/install/turtlesim_custom_msg/local/lib/python3.10/dist-packages/turtlesim_custom_msg/turtlesim_custom_msg_s__rosidl_typesupport_fastrtps_c.cpython-310-x86_64-linux-gnu.so" to ""
[4.081s] -- Installing: /home/joseph/Turtle_Pursuit/install/turtlesim_custom_msg/local/lib/python3.10/dist-packages/turtlesim_custom_msg/turtlesim_custom_msg_s__rosidl_typesupport_introspection_c.cpython-310-x86_64-linux-gnu.so
[4.081s] -- Set runtime path of "/home/joseph/Turtle_Pursuit/install/turtlesim_custom_msg/local/lib/python3.10/dist-packages/turtlesim_custom_msg/turtlesim_custom_msg_s__rosidl_typesupport_introspection_c.cpython-310-x86_64-linux-gnu.so" to ""
[4.081s] -- Installing: /home/joseph/Turtle_Pursuit/install/turtlesim_custom_msg/local/lib/python3.10/dist-packages/turtlesim_custom_msg/turtlesim_custom_msg_s__rosidl_typesupport_c.cpython-310-x86_64-linux-gnu.so
[4.082s] -- Set runtime path of "/home/joseph/Turtle_Pursuit/install/turtlesim_custom_msg/local/lib/python3.10/dist-packages/turtlesim_custom_msg/turtlesim_custom_msg_s__rosidl_typesupport_c.cpython-310-x86_64-linux-gnu.so" to ""
[4.082s] -- Installing: /home/joseph/Turtle_Pursuit/install/turtlesim_custom_msg/lib/libturtlesim_custom_msg__rosidl_generator_py.so
[4.082s] -- Set runtime path of "/home/joseph/Turtle_Pursuit/install/turtlesim_custom_msg/lib/libturtlesim_custom_msg__rosidl_generator_py.so" to ""
[4.082s] -- Up-to-date: /home/joseph/Turtle_Pursuit/install/turtlesim_custom_msg/share/turtlesim_custom_msg/srv/GetTurtleAlive.idl
[4.083s] -- Installing: /home/joseph/Turtle_Pursuit/install/turtlesim_custom_msg/share/turtlesim_custom_msg/msg/Turtle.idl
[4.083s] -- Installing: /home/joseph/Turtle_Pursuit/install/turtlesim_custom_msg/share/turtlesim_custom_msg/msg/AliveTurtleArray.idl
[4.083s] -- Up-to-date: /home/joseph/Turtle_Pursuit/install/turtlesim_custom_msg/share/turtlesim_custom_msg/srv/GetTurtleAlive.srv
[4.083s] -- Up-to-date: /home/joseph/Turtle_Pursuit/install/turtlesim_custom_msg/share/turtlesim_custom_msg/srv/GetTurtleAlive_Request.msg
[4.083s] -- Up-to-date: /home/joseph/Turtle_Pursuit/install/turtlesim_custom_msg/share/turtlesim_custom_msg/srv/GetTurtleAlive_Response.msg
[4.083s] -- Installing: /home/joseph/Turtle_Pursuit/install/turtlesim_custom_msg/share/turtlesim_custom_msg/msg/Turtle.msg
[4.083s] -- Installing: /home/joseph/Turtle_Pursuit/install/turtlesim_custom_msg/share/turtlesim_custom_msg/msg/AliveTurtleArray.msg
[4.083s] -- Up-to-date: /home/joseph/Turtle_Pursuit/install/turtlesim_custom_msg/share/ament_index/resource_index/package_run_dependencies/turtlesim_custom_msg
[4.083s] -- Installing: /home/joseph/Turtle_Pursuit/install/turtlesim_custom_msg/share/ament_index/resource_index/parent_prefix_path/turtlesim_custom_msg
[4.083s] -- Up-to-date: /home/joseph/Turtle_Pursuit/install/turtlesim_custom_msg/share/turtlesim_custom_msg/environment/ament_prefix_path.sh
[4.083s] -- Installing: /home/joseph/Turtle_Pursuit/install/turtlesim_custom_msg/share/turtlesim_custom_msg/environment/ament_prefix_path.dsv
[4.084s] -- Up-to-date: /home/joseph/Turtle_Pursuit/install/turtlesim_custom_msg/share/turtlesim_custom_msg/environment/path.sh
[4.084s] -- Installing: /home/joseph/Turtle_Pursuit/install/turtlesim_custom_msg/share/turtlesim_custom_msg/environment/path.dsv
[4.084s] -- Up-to-date: /home/joseph/Turtle_Pursuit/install/turtlesim_custom_msg/share/turtlesim_custom_msg/local_setup.bash
[4.084s] -- Up-to-date: /home/joseph/Turtle_Pursuit/install/turtlesim_custom_msg/share/turtlesim_custom_msg/local_setup.sh
[4.084s] -- Up-to-date: /home/joseph/Turtle_Pursuit/install/turtlesim_custom_msg/share/turtlesim_custom_msg/local_setup.zsh
[4.084s] -- Installing: /home/joseph/Turtle_Pursuit/install/turtlesim_custom_msg/share/turtlesim_custom_msg/local_setup.dsv
[4.084s] -- Installing: /home/joseph/Turtle_Pursuit/install/turtlesim_custom_msg/share/turtlesim_custom_msg/package.dsv
[4.084s] -- Up-to-date: /home/joseph/Turtle_Pursuit/install/turtlesim_custom_msg/share/ament_index/resource_index/packages/turtlesim_custom_msg
[4.085s] -- Up-to-date: /home/joseph/Turtle_Pursuit/install/turtlesim_custom_msg/share/turtlesim_custom_msg/cmake/export_turtlesim_custom_msg__rosidl_generator_cExport.cmake
[4.085s] -- Up-to-date: /home/joseph/Turtle_Pursuit/install/turtlesim_custom_msg/share/turtlesim_custom_msg/cmake/export_turtlesim_custom_msg__rosidl_generator_cExport-noconfig.cmake
[4.085s] -- Up-to-date: /home/joseph/Turtle_Pursuit/install/turtlesim_custom_msg/share/turtlesim_custom_msg/cmake/export_turtlesim_custom_msg__rosidl_typesupport_fastrtps_cExport.cmake
[4.085s] -- Up-to-date: /home/joseph/Turtle_Pursuit/install/turtlesim_custom_msg/share/turtlesim_custom_msg/cmake/export_turtlesim_custom_msg__rosidl_typesupport_fastrtps_cExport-noconfig.cmake
[4.085s] -- Up-to-date: /home/joseph/Turtle_Pursuit/install/turtlesim_custom_msg/share/turtlesim_custom_msg/cmake/turtlesim_custom_msg__rosidl_typesupport_introspection_cExport.cmake
[4.085s] -- Up-to-date: /home/joseph/Turtle_Pursuit/install/turtlesim_custom_msg/share/turtlesim_custom_msg/cmake/turtlesim_custom_msg__rosidl_typesupport_introspection_cExport-noconfig.cmake
[4.085s] -- Up-to-date: /home/joseph/Turtle_Pursuit/install/turtlesim_custom_msg/share/turtlesim_custom_msg/cmake/turtlesim_custom_msg__rosidl_typesupport_cExport.cmake
[4.086s] -- Up-to-date: /home/joseph/Turtle_Pursuit/install/turtlesim_custom_msg/share/turtlesim_custom_msg/cmake/turtlesim_custom_msg__rosidl_typesupport_cExport-noconfig.cmake
[4.086s] -- Up-to-date: /home/joseph/Turtle_Pursuit/install/turtlesim_custom_msg/share/turtlesim_custom_msg/cmake/export_turtlesim_custom_msg__rosidl_generator_cppExport.cmake
[4.086s] -- Up-to-date: /home/joseph/Turtle_Pursuit/install/turtlesim_custom_msg/share/turtlesim_custom_msg/cmake/export_turtlesim_custom_msg__rosidl_typesupport_fastrtps_cppExport.cmake
[4.086s] -- Up-to-date: /home/joseph/Turtle_Pursuit/install/turtlesim_custom_msg/share/turtlesim_custom_msg/cmake/export_turtlesim_custom_msg__rosidl_typesupport_fastrtps_cppExport-noconfig.cmake
[4.086s] -- Up-to-date: /home/joseph/Turtle_Pursuit/install/turtlesim_custom_msg/share/turtlesim_custom_msg/cmake/turtlesim_custom_msg__rosidl_typesupport_introspection_cppExport.cmake
[4.086s] -- Up-to-date: /home/joseph/Turtle_Pursuit/install/turtlesim_custom_msg/share/turtlesim_custom_msg/cmake/turtlesim_custom_msg__rosidl_typesupport_introspection_cppExport-noconfig.cmake
[4.086s] -- Up-to-date: /home/joseph/Turtle_Pursuit/install/turtlesim_custom_msg/share/turtlesim_custom_msg/cmake/turtlesim_custom_msg__rosidl_typesupport_cppExport.cmake
[4.086s] -- Up-to-date: /home/joseph/Turtle_Pursuit/install/turtlesim_custom_msg/share/turtlesim_custom_msg/cmake/turtlesim_custom_msg__rosidl_typesupport_cppExport-noconfig.cmake
[4.086s] -- Up-to-date: /home/joseph/Turtle_Pursuit/install/turtlesim_custom_msg/share/turtlesim_custom_msg/cmake/export_turtlesim_custom_msg__rosidl_generator_pyExport.cmake
[4.086s] -- Up-to-date: /home/joseph/Turtle_Pursuit/install/turtlesim_custom_msg/share/turtlesim_custom_msg/cmake/export_turtlesim_custom_msg__rosidl_generator_pyExport-noconfig.cmake
[4.086s] -- Installing: /home/joseph/Turtle_Pursuit/install/turtlesim_custom_msg/share/turtlesim_custom_msg/cmake/rosidl_cmake-extras.cmake
[4.087s] -- Up-to-date: /home/joseph/Turtle_Pursuit/install/turtlesim_custom_msg/share/turtlesim_custom_msg/cmake/ament_cmake_export_include_directories-extras.cmake
[4.087s] -- Up-to-date: /home/joseph/Turtle_Pursuit/install/turtlesim_custom_msg/share/turtlesim_custom_msg/cmake/ament_cmake_export_libraries-extras.cmake
[4.087s] -- Up-to-date: /home/joseph/Turtle_Pursuit/install/turtlesim_custom_msg/share/turtlesim_custom_msg/cmake/ament_cmake_export_targets-extras.cmake
[4.087s] -- Up-to-date: /home/joseph/Turtle_Pursuit/install/turtlesim_custom_msg/share/turtlesim_custom_msg/cmake/rosidl_cmake_export_typesupport_targets-extras.cmake
[4.087s] -- Installing: /home/joseph/Turtle_Pursuit/install/turtlesim_custom_msg/share/turtlesim_custom_msg/cmake/ament_cmake_export_dependencies-extras.cmake
[4.087s] -- Up-to-date: /home/joseph/Turtle_Pursuit/install/turtlesim_custom_msg/share/turtlesim_custom_msg/cmake/rosidl_cmake_export_typesupport_libraries-extras.cmake
[4.087s] -- Up-to-date: /home/joseph/Turtle_Pursuit/install/turtlesim_custom_msg/share/turtlesim_custom_msg/cmake/turtlesim_custom_msgConfig.cmake
[4.087s] -- Up-to-date: /home/joseph/Turtle_Pursuit/install/turtlesim_custom_msg/share/turtlesim_custom_msg/cmake/turtlesim_custom_msgConfig-version.cmake
[4.087s] -- Up-to-date: /home/joseph/Turtle_Pursuit/install/turtlesim_custom_msg/share/turtlesim_custom_msg/package.xml
[4.090s] Invoked command in '/home/joseph/Turtle_Pursuit/build/turtlesim_custom_msg' returned '0': CMAKE_PREFIX_PATH=${CMAKE_PREFIX_PATH}:/home/joseph/Turtle_Pursuit/install/turtle_handlers:/home/joseph/learn_ros/install/test_pkg:/home/joseph/learn_ros/install/pubsub:/home/joseph/learn_ros/install/activity:/home/joseph/learn_ros/install/clientserver:/home/joseph/turtlesim_catch_turtles/install/handle_turtle:/home/joseph/turtlesim_catch_turtles/install/catch_turtles:/home/joseph/e-Yantra/install/ur5_control:/home/joseph/e-Yantra/install/task3b:/home/joseph/e-Yantra/install/task2a:/home/joseph/e-Yantra/install/misc:/home/joseph/e-Yantra/install/aruco:/opt/ros/humble /usr/bin/cmake --install /home/joseph/Turtle_Pursuit/build/turtlesim_custom_msg
