[1.877s] Invoking command in '/home/joseph/Turtle_Pursuit/build/turtle_handlers': PYTHONPATH=/home/joseph/Turtle_Pursuit/build/turtle_handlers/prefix_override:/usr/lib/python3/dist-packages/colcon_core/task/python/colcon_distutils_commands:/home/joseph/Turtle_Pursuit/install/turtle_handlers/lib/python3.10/site-packages:${PYTHONPATH} /usr/bin/python3 -W ignore:setup.py install is deprecated setup.py develop --uninstall --editable --build-directory /home/joseph/Turtle_Pursuit/build/turtle_handlers/build
[2.608s] running develop
[3.101s] Removing /home/joseph/Turtle_Pursuit/install/turtle_handlers/lib/python3.10/site-packages/turtle-handlers.egg-link (link to .)
[3.154s] Invoked command in '/home/joseph/Turtle_Pursuit/build/turtle_handlers' returned '0': PYTHONPATH=/home/joseph/Turtle_Pursuit/build/turtle_handlers/prefix_override:/usr/lib/python3/dist-packages/colcon_core/task/python/colcon_distutils_commands:/home/joseph/Turtle_Pursuit/install/turtle_handlers/lib/python3.10/site-packages:${PYTHONPATH} /usr/bin/python3 -W ignore:setup.py install is deprecated setup.py develop --uninstall --editable --build-directory /home/joseph/Turtle_Pursuit/build/turtle_handlers/build
[3.159s] Invoking command in '/home/joseph/Turtle_Pursuit/src/turtle_handlers': PYTHONPATH=/home/joseph/Turtle_Pursuit/build/turtle_handlers/prefix_override:/usr/lib/python3/dist-packages/colcon_core/task/python/colcon_distutils_commands:/home/joseph/Turtle_Pursuit/install/turtle_handlers/lib/python3.10/site-packages:${PYTHONPATH} /usr/bin/python3 -W ignore:setup.py install is deprecated setup.py egg_info --egg-base ../../build/turtle_handlers build --build-base /home/joseph/Turtle_Pursuit/build/turtle_handlers/build install --record /home/joseph/Turtle_Pursuit/build/turtle_handlers/install.log --single-version-externally-managed install_data --force
[3.879s] running egg_info
[3.881s] writing ../../build/turtle_handlers/turtle_handlers.egg-info/PKG-INFO
[3.881s] writing dependency_links to ../../build/turtle_handlers/turtle_handlers.egg-info/dependency_links.txt
[3.881s] writing entry points to ../../build/turtle_handlers/turtle_handlers.egg-info/entry_points.txt
[3.882s] writing requirements to ../../build/turtle_handlers/turtle_handlers.egg-info/requires.txt
[3.882s] writing top-level names to ../../build/turtle_handlers/turtle_handlers.egg-info/top_level.txt
[3.886s] reading manifest file '../../build/turtle_handlers/turtle_handlers.egg-info/SOURCES.txt'
[3.888s] writing manifest file '../../build/turtle_handlers/turtle_handlers.egg-info/SOURCES.txt'
[3.888s] running build
[3.888s] running build_py
[3.889s] copying turtle_handlers/Turtle_Alive_Server.py -> /home/joseph/Turtle_Pursuit/build/turtle_handlers/build/lib/turtle_handlers
[3.889s] copying turtle_handlers/Turtle_Manager.py -> /home/joseph/Turtle_Pursuit/build/turtle_handlers/build/lib/turtle_handlers
[3.890s] copying turtle_handlers/Turtle_Main.py -> /home/joseph/Turtle_Pursuit/build/turtle_handlers/build/lib/turtle_handlers
[3.890s] running install
[3.891s] running install_lib
[3.893s] creating /home/joseph/Turtle_Pursuit/install/turtle_handlers/lib/python3.10/site-packages/turtle_handlers
[3.893s] copying /home/joseph/Turtle_Pursuit/build/turtle_handlers/build/lib/turtle_handlers/Turtle_Alive_Server.py -> /home/joseph/Turtle_Pursuit/install/turtle_handlers/lib/python3.10/site-packages/turtle_handlers
[3.893s] copying /home/joseph/Turtle_Pursuit/build/turtle_handlers/build/lib/turtle_handlers/Turtle_Manager.py -> /home/joseph/Turtle_Pursuit/install/turtle_handlers/lib/python3.10/site-packages/turtle_handlers
[3.894s] copying /home/joseph/Turtle_Pursuit/build/turtle_handlers/build/lib/turtle_handlers/__init__.py -> /home/joseph/Turtle_Pursuit/install/turtle_handlers/lib/python3.10/site-packages/turtle_handlers
[3.894s] copying /home/joseph/Turtle_Pursuit/build/turtle_handlers/build/lib/turtle_handlers/Turtle_Main.py -> /home/joseph/Turtle_Pursuit/install/turtle_handlers/lib/python3.10/site-packages/turtle_handlers
[3.895s] byte-compiling /home/joseph/Turtle_Pursuit/install/turtle_handlers/lib/python3.10/site-packages/turtle_handlers/Turtle_Alive_Server.py to Turtle_Alive_Server.cpython-310.pyc
[3.896s] byte-compiling /home/joseph/Turtle_Pursuit/install/turtle_handlers/lib/python3.10/site-packages/turtle_handlers/Turtle_Manager.py to Turtle_Manager.cpython-310.pyc
[3.899s] byte-compiling /home/joseph/Turtle_Pursuit/install/turtle_handlers/lib/python3.10/site-packages/turtle_handlers/__init__.py to __init__.cpython-310.pyc
[3.899s] byte-compiling /home/joseph/Turtle_Pursuit/install/turtle_handlers/lib/python3.10/site-packages/turtle_handlers/Turtle_Main.py to Turtle_Main.cpython-310.pyc
[3.900s] running install_data
[3.900s] copying resource/turtle_handlers -> /home/joseph/Turtle_Pursuit/install/turtle_handlers/share/ament_index/resource_index/packages
[3.900s] copying package.xml -> /home/joseph/Turtle_Pursuit/install/turtle_handlers/share/turtle_handlers
[3.901s] running install_egg_info
[3.905s] Copying ../../build/turtle_handlers/turtle_handlers.egg-info to /home/joseph/Turtle_Pursuit/install/turtle_handlers/lib/python3.10/site-packages/turtle_handlers-0.0.0-py3.10.egg-info
[3.907s] running install_scripts
[3.959s] Installing alive_turtle_server script to /home/joseph/Turtle_Pursuit/install/turtle_handlers/lib/turtle_handlers
[3.960s] writing list of installed files to '/home/joseph/Turtle_Pursuit/build/turtle_handlers/install.log'
[4.008s] Invoked command in '/home/joseph/Turtle_Pursuit/src/turtle_handlers' returned '0': PYTHONPATH=/home/joseph/Turtle_Pursuit/build/turtle_handlers/prefix_override:/usr/lib/python3/dist-packages/colcon_core/task/python/colcon_distutils_commands:/home/joseph/Turtle_Pursuit/install/turtle_handlers/lib/python3.10/site-packages:${PYTHONPATH} /usr/bin/python3 -W ignore:setup.py install is deprecated setup.py egg_info --egg-base ../../build/turtle_handlers build --build-base /home/joseph/Turtle_Pursuit/build/turtle_handlers/build install --record /home/joseph/Turtle_Pursuit/build/turtle_handlers/install.log --single-version-externally-managed install_data --force
