[0.394s] DEBUG:colcon:Command line arguments: ['/usr/bin/colcon', 'build']
[0.394s] DEBUG:colcon:Parsed command line arguments: Namespace(log_base=None, log_level=None, verb_name='build', build_base='build', install_base='install', merge_install=False, symlink_install=False, test_result_base=None, continue_on_error=False, executor='parallel', parallel_workers=12, event_handlers=None, ignore_user_meta=False, metas=['./colcon.meta'], base_paths=['.'], packages_ignore=None, packages_ignore_regex=None, paths=None, packages_up_to=None, packages_up_to_regex=None, packages_above=None, packages_above_and_dependencies=None, packages_above_depth=None, packages_select_by_dep=None, packages_skip_by_dep=None, packages_skip_up_to=None, packages_select_build_failed=False, packages_skip_build_finished=False, packages_select_test_failures=False, packages_skip_test_passed=False, packages_select=None, packages_skip=None, packages_select_regex=None, packages_skip_regex=None, packages_start=None, packages_end=None, allow_overriding=[], cmake_args=None, cmake_target=None, cmake_target_skip_unavailable=False, cmake_clean_cache=False, cmake_clean_first=False, cmake_force_configure=False, ament_cmake_args=None, catkin_cmake_args=None, catkin_skip_building_tests=False, verb_parser=<colcon_defaults.argument_parser.defaults.DefaultArgumentsDecorator object at 0x795feb477ac0>, verb_extension=<colcon_core.verb.build.BuildVerb object at 0x795feb477850>, main=<bound method BuildVerb.main of <colcon_core.verb.build.BuildVerb object at 0x795feb477850>>)
[0.994s] Level 1:colcon.colcon_core.package_discovery:discover_packages(colcon_meta) check parameters
[0.995s] Level 1:colcon.colcon_core.package_discovery:discover_packages(recursive) check parameters
[0.995s] Level 1:colcon.colcon_core.package_discovery:discover_packages(ignore) check parameters
[0.995s] Level 1:colcon.colcon_core.package_discovery:discover_packages(path) check parameters
[0.995s] Level 1:colcon.colcon_core.package_discovery:discover_packages(colcon_meta) discover
[0.995s] Level 1:colcon.colcon_core.package_discovery:discover_packages(recursive) discover
[0.995s] INFO:colcon.colcon_core.package_discovery:Crawling recursively for packages in '/home/joseph/Turtle_Pursuit'
[0.995s] Level 1:colcon.colcon_core.package_identification:_identify(.) by extensions ['ignore', 'ignore_ament_install']
[0.996s] Level 1:colcon.colcon_core.package_identification:_identify(.) by extension 'ignore'
[0.996s] Level 1:colcon.colcon_core.package_identification:_identify(.) by extension 'ignore_ament_install'
[0.996s] Level 1:colcon.colcon_core.package_identification:_identify(.) by extensions ['colcon_pkg']
[0.996s] Level 1:colcon.colcon_core.package_identification:_identify(.) by extension 'colcon_pkg'
[0.996s] Level 1:colcon.colcon_core.package_identification:_identify(.) by extensions ['colcon_meta']
[0.996s] Level 1:colcon.colcon_core.package_identification:_identify(.) by extension 'colcon_meta'
[0.996s] Level 1:colcon.colcon_core.package_identification:_identify(.) by extensions ['ros']
[0.996s] Level 1:colcon.colcon_core.package_identification:_identify(.) by extension 'ros'
[1.025s] Level 1:colcon.colcon_core.package_identification:_identify(.) by extensions ['cmake', 'python']
[1.026s] Level 1:colcon.colcon_core.package_identification:_identify(.) by extension 'cmake'
[1.026s] Level 1:colcon.colcon_core.package_identification:_identify(.) by extension 'python'
[1.026s] Level 1:colcon.colcon_core.package_identification:_identify(.) by extensions ['python_setup_py']
[1.026s] Level 1:colcon.colcon_core.package_identification:_identify(.) by extension 'python_setup_py'
[1.026s] Level 1:colcon.colcon_core.package_identification:_identify(build) by extensions ['ignore', 'ignore_ament_install']
[1.026s] Level 1:colcon.colcon_core.package_identification:_identify(build) by extension 'ignore'
[1.027s] Level 1:colcon.colcon_core.package_identification:_identify(build) ignored
[1.027s] Level 1:colcon.colcon_core.package_identification:_identify(install) by extensions ['ignore', 'ignore_ament_install']
[1.027s] Level 1:colcon.colcon_core.package_identification:_identify(install) by extension 'ignore'
[1.027s] Level 1:colcon.colcon_core.package_identification:_identify(install) ignored
[1.028s] Level 1:colcon.colcon_core.package_identification:_identify(log) by extensions ['ignore', 'ignore_ament_install']
[1.028s] Level 1:colcon.colcon_core.package_identification:_identify(log) by extension 'ignore'
[1.028s] Level 1:colcon.colcon_core.package_identification:_identify(log) ignored
[1.028s] Level 1:colcon.colcon_core.package_identification:_identify(src) by extensions ['ignore', 'ignore_ament_install']
[1.028s] Level 1:colcon.colcon_core.package_identification:_identify(src) by extension 'ignore'
[1.028s] Level 1:colcon.colcon_core.package_identification:_identify(src) by extension 'ignore_ament_install'
[1.029s] Level 1:colcon.colcon_core.package_identification:_identify(src) by extensions ['colcon_pkg']
[1.029s] Level 1:colcon.colcon_core.package_identification:_identify(src) by extension 'colcon_pkg'
[1.029s] Level 1:colcon.colcon_core.package_identification:_identify(src) by extensions ['colcon_meta']
[1.029s] Level 1:colcon.colcon_core.package_identification:_identify(src) by extension 'colcon_meta'
[1.029s] Level 1:colcon.colcon_core.package_identification:_identify(src) by extensions ['ros']
[1.029s] Level 1:colcon.colcon_core.package_identification:_identify(src) by extension 'ros'
[1.029s] Level 1:colcon.colcon_core.package_identification:_identify(src) by extensions ['cmake', 'python']
[1.029s] Level 1:colcon.colcon_core.package_identification:_identify(src) by extension 'cmake'
[1.030s] Level 1:colcon.colcon_core.package_identification:_identify(src) by extension 'python'
[1.030s] Level 1:colcon.colcon_core.package_identification:_identify(src) by extensions ['python_setup_py']
[1.030s] Level 1:colcon.colcon_core.package_identification:_identify(src) by extension 'python_setup_py'
[1.030s] Level 1:colcon.colcon_core.package_identification:_identify(src/turtle_handlers) by extensions ['ignore', 'ignore_ament_install']
[1.030s] Level 1:colcon.colcon_core.package_identification:_identify(src/turtle_handlers) by extension 'ignore'
[1.030s] Level 1:colcon.colcon_core.package_identification:_identify(src/turtle_handlers) by extension 'ignore_ament_install'
[1.030s] Level 1:colcon.colcon_core.package_identification:_identify(src/turtle_handlers) by extensions ['colcon_pkg']
[1.031s] Level 1:colcon.colcon_core.package_identification:_identify(src/turtle_handlers) by extension 'colcon_pkg'
[1.031s] Level 1:colcon.colcon_core.package_identification:_identify(src/turtle_handlers) by extensions ['colcon_meta']
[1.031s] Level 1:colcon.colcon_core.package_identification:_identify(src/turtle_handlers) by extension 'colcon_meta'
[1.031s] Level 1:colcon.colcon_core.package_identification:_identify(src/turtle_handlers) by extensions ['ros']
[1.031s] Level 1:colcon.colcon_core.package_identification:_identify(src/turtle_handlers) by extension 'ros'
[1.038s] DEBUG:colcon.colcon_core.package_identification:Package 'src/turtle_handlers' with type 'ros.ament_python' and name 'turtle_handlers'
[1.039s] Level 1:colcon.colcon_core.package_identification:_identify(src/turtlesim_custom_msg) by extensions ['ignore', 'ignore_ament_install']
[1.039s] Level 1:colcon.colcon_core.package_identification:_identify(src/turtlesim_custom_msg) by extension 'ignore'
[1.039s] Level 1:colcon.colcon_core.package_identification:_identify(src/turtlesim_custom_msg) by extension 'ignore_ament_install'
[1.039s] Level 1:colcon.colcon_core.package_identification:_identify(src/turtlesim_custom_msg) by extensions ['colcon_pkg']
[1.040s] Level 1:colcon.colcon_core.package_identification:_identify(src/turtlesim_custom_msg) by extension 'colcon_pkg'
[1.040s] Level 1:colcon.colcon_core.package_identification:_identify(src/turtlesim_custom_msg) by extensions ['colcon_meta']
[1.040s] Level 1:colcon.colcon_core.package_identification:_identify(src/turtlesim_custom_msg) by extension 'colcon_meta'
[1.040s] Level 1:colcon.colcon_core.package_identification:_identify(src/turtlesim_custom_msg) by extensions ['ros']
[1.040s] Level 1:colcon.colcon_core.package_identification:_identify(src/turtlesim_custom_msg) by extension 'ros'
[1.042s] DEBUG:colcon.colcon_core.package_identification:Package 'src/turtlesim_custom_msg' with type 'ros.ament_cmake' and name 'turtlesim_custom_msg'
[1.042s] Level 1:colcon.colcon_core.package_discovery:discover_packages(recursive) using defaults
[1.042s] Level 1:colcon.colcon_core.package_discovery:discover_packages(ignore) discover
[1.042s] Level 1:colcon.colcon_core.package_discovery:discover_packages(ignore) using defaults
[1.042s] Level 1:colcon.colcon_core.package_discovery:discover_packages(path) discover
[1.042s] Level 1:colcon.colcon_core.package_discovery:discover_packages(path) using defaults
[1.106s] Level 1:colcon.colcon_core.package_discovery:discover_packages(prefix_path) check parameters
[1.106s] Level 1:colcon.colcon_core.package_discovery:discover_packages(prefix_path) discover
[1.120s] DEBUG:colcon.colcon_installed_package_information.package_discovery:Found 2 installed packages in /home/joseph/Turtle_Pursuit/install
[1.122s] DEBUG:colcon.colcon_installed_package_information.package_discovery:Found 5 installed packages in /home/joseph/learn_ros/install
[1.123s] DEBUG:colcon.colcon_installed_package_information.package_discovery:Found 2 installed packages in /home/joseph/ros2_urdf_ws/install
[1.125s] DEBUG:colcon.colcon_installed_package_information.package_discovery:Found 4 installed packages in /home/joseph/turtlesim_catch_turtles/install
[1.128s] DEBUG:colcon.colcon_installed_package_information.package_discovery:Found 17 installed packages in /home/joseph/e-Yantra/install
[1.135s] DEBUG:colcon.colcon_installed_package_information.package_discovery:Found 469 installed packages in /opt/ros/humble
[1.142s] Level 1:colcon.colcon_core.package_discovery:discover_packages(prefix_path) using defaults
[1.314s] Level 5:colcon.colcon_core.verb:set package 'turtle_handlers' build argument 'cmake_args' from command line to 'None'
[1.314s] Level 5:colcon.colcon_core.verb:set package 'turtle_handlers' build argument 'cmake_target' from command line to 'None'
[1.315s] Level 5:colcon.colcon_core.verb:set package 'turtle_handlers' build argument 'cmake_target_skip_unavailable' from command line to 'False'
[1.315s] Level 5:colcon.colcon_core.verb:set package 'turtle_handlers' build argument 'cmake_clean_cache' from command line to 'False'
[1.315s] Level 5:colcon.colcon_core.verb:set package 'turtle_handlers' build argument 'cmake_clean_first' from command line to 'False'
[1.315s] Level 5:colcon.colcon_core.verb:set package 'turtle_handlers' build argument 'cmake_force_configure' from command line to 'False'
[1.315s] Level 5:colcon.colcon_core.verb:set package 'turtle_handlers' build argument 'ament_cmake_args' from command line to 'None'
[1.315s] Level 5:colcon.colcon_core.verb:set package 'turtle_handlers' build argument 'catkin_cmake_args' from command line to 'None'
[1.315s] Level 5:colcon.colcon_core.verb:set package 'turtle_handlers' build argument 'catkin_skip_building_tests' from command line to 'False'
[1.315s] DEBUG:colcon.colcon_core.verb:Building package 'turtle_handlers' with the following arguments: {'ament_cmake_args': None, 'build_base': '/home/joseph/Turtle_Pursuit/build/turtle_handlers', 'catkin_cmake_args': None, 'catkin_skip_building_tests': False, 'cmake_args': None, 'cmake_clean_cache': False, 'cmake_clean_first': False, 'cmake_force_configure': False, 'cmake_target': None, 'cmake_target_skip_unavailable': False, 'install_base': '/home/joseph/Turtle_Pursuit/install/turtle_handlers', 'merge_install': False, 'path': '/home/joseph/Turtle_Pursuit/src/turtle_handlers', 'symlink_install': False, 'test_result_base': None}
[1.316s] Level 5:colcon.colcon_core.verb:set package 'turtlesim_custom_msg' build argument 'cmake_args' from command line to 'None'
[1.316s] Level 5:colcon.colcon_core.verb:set package 'turtlesim_custom_msg' build argument 'cmake_target' from command line to 'None'
[1.316s] Level 5:colcon.colcon_core.verb:set package 'turtlesim_custom_msg' build argument 'cmake_target_skip_unavailable' from command line to 'False'
[1.316s] Level 5:colcon.colcon_core.verb:set package 'turtlesim_custom_msg' build argument 'cmake_clean_cache' from command line to 'False'
[1.316s] Level 5:colcon.colcon_core.verb:set package 'turtlesim_custom_msg' build argument 'cmake_clean_first' from command line to 'False'
[1.316s] Level 5:colcon.colcon_core.verb:set package 'turtlesim_custom_msg' build argument 'cmake_force_configure' from command line to 'False'
[1.316s] Level 5:colcon.colcon_core.verb:set package 'turtlesim_custom_msg' build argument 'ament_cmake_args' from command line to 'None'
[1.316s] Level 5:colcon.colcon_core.verb:set package 'turtlesim_custom_msg' build argument 'catkin_cmake_args' from command line to 'None'
[1.316s] Level 5:colcon.colcon_core.verb:set package 'turtlesim_custom_msg' build argument 'catkin_skip_building_tests' from command line to 'False'
[1.317s] DEBUG:colcon.colcon_core.verb:Building package 'turtlesim_custom_msg' with the following arguments: {'ament_cmake_args': None, 'build_base': '/home/joseph/Turtle_Pursuit/build/turtlesim_custom_msg', 'catkin_cmake_args': None, 'catkin_skip_building_tests': False, 'cmake_args': None, 'cmake_clean_cache': False, 'cmake_clean_first': False, 'cmake_force_configure': False, 'cmake_target': None, 'cmake_target_skip_unavailable': False, 'install_base': '/home/joseph/Turtle_Pursuit/install/turtlesim_custom_msg', 'merge_install': False, 'path': '/home/joseph/Turtle_Pursuit/src/turtlesim_custom_msg', 'symlink_install': False, 'test_result_base': None}
[1.317s] INFO:colcon.colcon_core.executor:Executing jobs using 'parallel' executor
[1.319s] DEBUG:colcon.colcon_parallel_executor.executor.parallel:run_until_complete
[1.320s] INFO:colcon.colcon_ros.task.ament_python.build:Building ROS package in '/home/joseph/Turtle_Pursuit/src/turtle_handlers' with build type 'ament_python'
[1.320s] Level 1:colcon.colcon_core.shell:create_environment_hook('turtle_handlers', 'ament_prefix_path')
[1.328s] INFO:colcon.colcon_core.plugin_system:Skipping extension 'colcon_core.shell.bat': Not used on non-Windows systems
[1.329s] INFO:colcon.colcon_core.shell:Creating environment hook '/home/joseph/Turtle_Pursuit/install/turtle_handlers/share/turtle_handlers/hook/ament_prefix_path.ps1'
[1.330s] INFO:colcon.colcon_core.shell:Creating environment descriptor '/home/joseph/Turtle_Pursuit/install/turtle_handlers/share/turtle_handlers/hook/ament_prefix_path.dsv'
[1.332s] INFO:colcon.colcon_core.shell:Creating environment hook '/home/joseph/Turtle_Pursuit/install/turtle_handlers/share/turtle_handlers/hook/ament_prefix_path.sh'
[1.334s] INFO:colcon.colcon_core.shell:Skip shell extension 'powershell' for command environment: Not usable outside of PowerShell
[1.334s] DEBUG:colcon.colcon_core.shell:Skip shell extension 'dsv' for command environment
[1.351s] INFO:colcon.colcon_ros.task.ament_cmake.build:Building ROS package in '/home/joseph/Turtle_Pursuit/src/turtlesim_custom_msg' with build type 'ament_cmake'
[1.351s] INFO:colcon.colcon_cmake.task.cmake.build:Building CMake package in '/home/joseph/Turtle_Pursuit/src/turtlesim_custom_msg'
[1.352s] INFO:colcon.colcon_core.shell:Skip shell extension 'powershell' for command environment: Not usable outside of PowerShell
[1.352s] DEBUG:colcon.colcon_core.shell:Skip shell extension 'dsv' for command environment
[2.116s] INFO:colcon.colcon_core.task.python.build:Building Python package in '/home/joseph/Turtle_Pursuit/src/turtle_handlers'
[2.117s] INFO:colcon.colcon_core.shell:Skip shell extension 'powershell' for command environment: Not usable outside of PowerShell
[2.117s] DEBUG:colcon.colcon_core.shell:Skip shell extension 'dsv' for command environment
[2.146s] DEBUG:colcon.colcon_core.event_handler.log_command:Invoking command in '/home/joseph/Turtle_Pursuit/build/turtlesim_custom_msg': CMAKE_PREFIX_PATH=${CMAKE_PREFIX_PATH}:/home/joseph/Turtle_Pursuit/install/turtle_handlers:/home/joseph/learn_ros/install/test_pkg:/home/joseph/learn_ros/install/pubsub:/home/joseph/learn_ros/install/activity:/home/joseph/learn_ros/install/clientserver:/home/joseph/turtlesim_catch_turtles/install/handle_turtle:/home/joseph/turtlesim_catch_turtles/install/catch_turtles:/home/joseph/e-Yantra/install/ur5_control:/home/joseph/e-Yantra/install/task3b:/home/joseph/e-Yantra/install/task2a:/home/joseph/e-Yantra/install/misc:/home/joseph/e-Yantra/install/aruco:/opt/ros/humble /usr/bin/cmake --build /home/joseph/Turtle_Pursuit/build/turtlesim_custom_msg -- -j12 -l12
[3.199s] DEBUG:colcon.colcon_core.event_handler.log_command:Invoking command in '/home/joseph/Turtle_Pursuit/build/turtle_handlers': PYTHONPATH=/home/joseph/Turtle_Pursuit/build/turtle_handlers/prefix_override:/usr/lib/python3/dist-packages/colcon_core/task/python/colcon_distutils_commands:/home/joseph/Turtle_Pursuit/install/turtle_handlers/lib/python3.10/site-packages:${PYTHONPATH} /usr/bin/python3 -W ignore:setup.py install is deprecated setup.py develop --uninstall --editable --build-directory /home/joseph/Turtle_Pursuit/build/turtle_handlers/build
[4.476s] DEBUG:colcon.colcon_core.event_handler.log_command:Invoked command in '/home/joseph/Turtle_Pursuit/build/turtle_handlers' returned '0': PYTHONPATH=/home/joseph/Turtle_Pursuit/build/turtle_handlers/prefix_override:/usr/lib/python3/dist-packages/colcon_core/task/python/colcon_distutils_commands:/home/joseph/Turtle_Pursuit/install/turtle_handlers/lib/python3.10/site-packages:${PYTHONPATH} /usr/bin/python3 -W ignore:setup.py install is deprecated setup.py develop --uninstall --editable --build-directory /home/joseph/Turtle_Pursuit/build/turtle_handlers/build
[4.480s] DEBUG:colcon.colcon_core.event_handler.log_command:Invoking command in '/home/joseph/Turtle_Pursuit/src/turtle_handlers': PYTHONPATH=/home/joseph/Turtle_Pursuit/build/turtle_handlers/prefix_override:/usr/lib/python3/dist-packages/colcon_core/task/python/colcon_distutils_commands:/home/joseph/Turtle_Pursuit/install/turtle_handlers/lib/python3.10/site-packages:${PYTHONPATH} /usr/bin/python3 -W ignore:setup.py install is deprecated setup.py egg_info --egg-base ../../build/turtle_handlers build --build-base /home/joseph/Turtle_Pursuit/build/turtle_handlers/build install --record /home/joseph/Turtle_Pursuit/build/turtle_handlers/install.log --single-version-externally-managed install_data --force
[5.330s] DEBUG:colcon.colcon_core.event_handler.log_command:Invoked command in '/home/joseph/Turtle_Pursuit/src/turtle_handlers' returned '0': PYTHONPATH=/home/joseph/Turtle_Pursuit/build/turtle_handlers/prefix_override:/usr/lib/python3/dist-packages/colcon_core/task/python/colcon_distutils_commands:/home/joseph/Turtle_Pursuit/install/turtle_handlers/lib/python3.10/site-packages:${PYTHONPATH} /usr/bin/python3 -W ignore:setup.py install is deprecated setup.py egg_info --egg-base ../../build/turtle_handlers build --build-base /home/joseph/Turtle_Pursuit/build/turtle_handlers/build install --record /home/joseph/Turtle_Pursuit/build/turtle_handlers/install.log --single-version-externally-managed install_data --force
[5.339s] Level 1:colcon.colcon_core.environment:checking '/home/joseph/Turtle_Pursuit/install/turtle_handlers' for CMake module files
[5.340s] Level 1:colcon.colcon_core.environment:checking '/home/joseph/Turtle_Pursuit/install/turtle_handlers' for CMake config files
[5.342s] Level 1:colcon.colcon_core.environment:checking '/home/joseph/Turtle_Pursuit/install/turtle_handlers/lib'
[5.342s] Level 1:colcon.colcon_core.environment:checking '/home/joseph/Turtle_Pursuit/install/turtle_handlers/bin'
[5.343s] Level 1:colcon.colcon_core.environment:checking '/home/joseph/Turtle_Pursuit/install/turtle_handlers/lib/pkgconfig/turtle_handlers.pc'
[5.343s] Level 1:colcon.colcon_core.environment:checking '/home/joseph/Turtle_Pursuit/install/turtle_handlers/lib/python3.10/site-packages'
[5.344s] Level 1:colcon.colcon_core.shell:create_environment_hook('turtle_handlers', 'pythonpath')
[5.344s] INFO:colcon.colcon_core.shell:Creating environment hook '/home/joseph/Turtle_Pursuit/install/turtle_handlers/share/turtle_handlers/hook/pythonpath.ps1'
[5.345s] INFO:colcon.colcon_core.shell:Creating environment descriptor '/home/joseph/Turtle_Pursuit/install/turtle_handlers/share/turtle_handlers/hook/pythonpath.dsv'
[5.346s] INFO:colcon.colcon_core.shell:Creating environment hook '/home/joseph/Turtle_Pursuit/install/turtle_handlers/share/turtle_handlers/hook/pythonpath.sh'
[5.348s] Level 1:colcon.colcon_core.environment:checking '/home/joseph/Turtle_Pursuit/install/turtle_handlers/bin'
[5.348s] Level 1:colcon.colcon_core.environment:create_environment_scripts_only(turtle_handlers)
[5.348s] INFO:colcon.colcon_core.shell:Creating package script '/home/joseph/Turtle_Pursuit/install/turtle_handlers/share/turtle_handlers/package.ps1'
[5.350s] INFO:colcon.colcon_core.shell:Creating package descriptor '/home/joseph/Turtle_Pursuit/install/turtle_handlers/share/turtle_handlers/package.dsv'
[5.352s] INFO:colcon.colcon_core.shell:Creating package script '/home/joseph/Turtle_Pursuit/install/turtle_handlers/share/turtle_handlers/package.sh'
[5.354s] INFO:colcon.colcon_core.shell:Creating package script '/home/joseph/Turtle_Pursuit/install/turtle_handlers/share/turtle_handlers/package.bash'
[5.356s] INFO:colcon.colcon_core.shell:Creating package script '/home/joseph/Turtle_Pursuit/install/turtle_handlers/share/turtle_handlers/package.zsh'
[5.358s] Level 1:colcon.colcon_core.environment:create_file_with_runtime_dependencies(/home/joseph/Turtle_Pursuit/install/turtle_handlers/share/colcon-core/packages/turtle_handlers)
[11.030s] DEBUG:colcon.colcon_core.event_handler.log_command:Invoked command in '/home/joseph/Turtle_Pursuit/build/turtlesim_custom_msg' returned '0': CMAKE_PREFIX_PATH=${CMAKE_PREFIX_PATH}:/home/joseph/Turtle_Pursuit/install/turtle_handlers:/home/joseph/learn_ros/install/test_pkg:/home/joseph/learn_ros/install/pubsub:/home/joseph/learn_ros/install/activity:/home/joseph/learn_ros/install/clientserver:/home/joseph/turtlesim_catch_turtles/install/handle_turtle:/home/joseph/turtlesim_catch_turtles/install/catch_turtles:/home/joseph/e-Yantra/install/ur5_control:/home/joseph/e-Yantra/install/task3b:/home/joseph/e-Yantra/install/task2a:/home/joseph/e-Yantra/install/misc:/home/joseph/e-Yantra/install/aruco:/opt/ros/humble /usr/bin/cmake --build /home/joseph/Turtle_Pursuit/build/turtlesim_custom_msg -- -j12 -l12
[11.198s] DEBUG:colcon.colcon_core.event_handler.log_command:Invoking command in '/home/joseph/Turtle_Pursuit/build/turtlesim_custom_msg': CMAKE_PREFIX_PATH=${CMAKE_PREFIX_PATH}:/home/joseph/Turtle_Pursuit/install/turtle_handlers:/home/joseph/learn_ros/install/test_pkg:/home/joseph/learn_ros/install/pubsub:/home/joseph/learn_ros/install/activity:/home/joseph/learn_ros/install/clientserver:/home/joseph/turtlesim_catch_turtles/install/handle_turtle:/home/joseph/turtlesim_catch_turtles/install/catch_turtles:/home/joseph/e-Yantra/install/ur5_control:/home/joseph/e-Yantra/install/task3b:/home/joseph/e-Yantra/install/task2a:/home/joseph/e-Yantra/install/misc:/home/joseph/e-Yantra/install/aruco:/opt/ros/humble /usr/bin/cmake --install /home/joseph/Turtle_Pursuit/build/turtlesim_custom_msg
[11.280s] Level 1:colcon.colcon_core.environment:create_environment_scripts_only(turtlesim_custom_msg)
[11.280s] Level 1:colcon.colcon_core.environment:checking '/home/joseph/Turtle_Pursuit/install/turtlesim_custom_msg' for CMake module files
[11.281s] DEBUG:colcon.colcon_core.event_handler.log_command:Invoked command in '/home/joseph/Turtle_Pursuit/build/turtlesim_custom_msg' returned '0': CMAKE_PREFIX_PATH=${CMAKE_PREFIX_PATH}:/home/joseph/Turtle_Pursuit/install/turtle_handlers:/home/joseph/learn_ros/install/test_pkg:/home/joseph/learn_ros/install/pubsub:/home/joseph/learn_ros/install/activity:/home/joseph/learn_ros/install/clientserver:/home/joseph/turtlesim_catch_turtles/install/handle_turtle:/home/joseph/turtlesim_catch_turtles/install/catch_turtles:/home/joseph/e-Yantra/install/ur5_control:/home/joseph/e-Yantra/install/task3b:/home/joseph/e-Yantra/install/task2a:/home/joseph/e-Yantra/install/misc:/home/joseph/e-Yantra/install/aruco:/opt/ros/humble /usr/bin/cmake --install /home/joseph/Turtle_Pursuit/build/turtlesim_custom_msg
[11.281s] Level 1:colcon.colcon_core.environment:checking '/home/joseph/Turtle_Pursuit/install/turtlesim_custom_msg' for CMake config files
[11.282s] Level 1:colcon.colcon_core.shell:create_environment_hook('turtlesim_custom_msg', 'cmake_prefix_path')
[11.282s] INFO:colcon.colcon_core.shell:Creating environment hook '/home/joseph/Turtle_Pursuit/install/turtlesim_custom_msg/share/turtlesim_custom_msg/hook/cmake_prefix_path.ps1'
[11.282s] INFO:colcon.colcon_core.shell:Creating environment descriptor '/home/joseph/Turtle_Pursuit/install/turtlesim_custom_msg/share/turtlesim_custom_msg/hook/cmake_prefix_path.dsv'
[11.283s] INFO:colcon.colcon_core.shell:Creating environment hook '/home/joseph/Turtle_Pursuit/install/turtlesim_custom_msg/share/turtlesim_custom_msg/hook/cmake_prefix_path.sh'
[11.283s] Level 1:colcon.colcon_core.environment:checking '/home/joseph/Turtle_Pursuit/install/turtlesim_custom_msg/lib'
[11.283s] Level 1:colcon.colcon_core.shell:create_environment_hook('turtlesim_custom_msg', 'ld_library_path_lib')
[11.283s] INFO:colcon.colcon_core.shell:Creating environment hook '/home/joseph/Turtle_Pursuit/install/turtlesim_custom_msg/share/turtlesim_custom_msg/hook/ld_library_path_lib.ps1'
[11.284s] INFO:colcon.colcon_core.shell:Creating environment descriptor '/home/joseph/Turtle_Pursuit/install/turtlesim_custom_msg/share/turtlesim_custom_msg/hook/ld_library_path_lib.dsv'
[11.284s] INFO:colcon.colcon_core.shell:Creating environment hook '/home/joseph/Turtle_Pursuit/install/turtlesim_custom_msg/share/turtlesim_custom_msg/hook/ld_library_path_lib.sh'
[11.284s] Level 1:colcon.colcon_core.environment:checking '/home/joseph/Turtle_Pursuit/install/turtlesim_custom_msg/bin'
[11.284s] Level 1:colcon.colcon_core.environment:checking '/home/joseph/Turtle_Pursuit/install/turtlesim_custom_msg/lib/pkgconfig/turtlesim_custom_msg.pc'
[11.285s] Level 1:colcon.colcon_core.environment:checking '/home/joseph/Turtle_Pursuit/install/turtlesim_custom_msg/lib/python3.10/site-packages'
[11.285s] Level 1:colcon.colcon_core.environment:checking '/home/joseph/Turtle_Pursuit/install/turtlesim_custom_msg/bin'
[11.285s] INFO:colcon.colcon_core.shell:Creating package script '/home/joseph/Turtle_Pursuit/install/turtlesim_custom_msg/share/turtlesim_custom_msg/package.ps1'
[11.285s] INFO:colcon.colcon_core.shell:Creating package descriptor '/home/joseph/Turtle_Pursuit/install/turtlesim_custom_msg/share/turtlesim_custom_msg/package.dsv'
[11.286s] INFO:colcon.colcon_core.shell:Creating package script '/home/joseph/Turtle_Pursuit/install/turtlesim_custom_msg/share/turtlesim_custom_msg/package.sh'
[11.286s] INFO:colcon.colcon_core.shell:Creating package script '/home/joseph/Turtle_Pursuit/install/turtlesim_custom_msg/share/turtlesim_custom_msg/package.bash'
[11.286s] INFO:colcon.colcon_core.shell:Creating package script '/home/joseph/Turtle_Pursuit/install/turtlesim_custom_msg/share/turtlesim_custom_msg/package.zsh'
[11.287s] Level 1:colcon.colcon_core.environment:create_file_with_runtime_dependencies(/home/joseph/Turtle_Pursuit/install/turtlesim_custom_msg/share/colcon-core/packages/turtlesim_custom_msg)
[11.451s] Level 1:colcon.colcon_core.environment:create_environment_scripts_only(turtlesim_custom_msg)
[11.452s] Level 1:colcon.colcon_core.environment:checking '/home/joseph/Turtle_Pursuit/install/turtlesim_custom_msg' for CMake module files
[11.452s] Level 1:colcon.colcon_core.environment:checking '/home/joseph/Turtle_Pursuit/install/turtlesim_custom_msg' for CMake config files
[11.453s] Level 1:colcon.colcon_core.shell:create_environment_hook('turtlesim_custom_msg', 'cmake_prefix_path')
[11.453s] INFO:colcon.colcon_core.shell:Creating environment hook '/home/joseph/Turtle_Pursuit/install/turtlesim_custom_msg/share/turtlesim_custom_msg/hook/cmake_prefix_path.ps1'
[11.453s] INFO:colcon.colcon_core.shell:Creating environment descriptor '/home/joseph/Turtle_Pursuit/install/turtlesim_custom_msg/share/turtlesim_custom_msg/hook/cmake_prefix_path.dsv'
[11.454s] INFO:colcon.colcon_core.shell:Creating environment hook '/home/joseph/Turtle_Pursuit/install/turtlesim_custom_msg/share/turtlesim_custom_msg/hook/cmake_prefix_path.sh'
[11.454s] Level 1:colcon.colcon_core.environment:checking '/home/joseph/Turtle_Pursuit/install/turtlesim_custom_msg/lib'
[11.454s] Level 1:colcon.colcon_core.shell:create_environment_hook('turtlesim_custom_msg', 'ld_library_path_lib')
[11.454s] INFO:colcon.colcon_core.shell:Creating environment hook '/home/joseph/Turtle_Pursuit/install/turtlesim_custom_msg/share/turtlesim_custom_msg/hook/ld_library_path_lib.ps1'
[11.455s] INFO:colcon.colcon_core.shell:Creating environment descriptor '/home/joseph/Turtle_Pursuit/install/turtlesim_custom_msg/share/turtlesim_custom_msg/hook/ld_library_path_lib.dsv'
[11.455s] INFO:colcon.colcon_core.shell:Creating environment hook '/home/joseph/Turtle_Pursuit/install/turtlesim_custom_msg/share/turtlesim_custom_msg/hook/ld_library_path_lib.sh'
[11.456s] Level 1:colcon.colcon_core.environment:checking '/home/joseph/Turtle_Pursuit/install/turtlesim_custom_msg/bin'
[11.456s] Level 1:colcon.colcon_core.environment:checking '/home/joseph/Turtle_Pursuit/install/turtlesim_custom_msg/lib/pkgconfig/turtlesim_custom_msg.pc'
[11.456s] Level 1:colcon.colcon_core.environment:checking '/home/joseph/Turtle_Pursuit/install/turtlesim_custom_msg/lib/python3.10/site-packages'
[11.456s] Level 1:colcon.colcon_core.environment:checking '/home/joseph/Turtle_Pursuit/install/turtlesim_custom_msg/bin'
[11.456s] INFO:colcon.colcon_core.shell:Creating package script '/home/joseph/Turtle_Pursuit/install/turtlesim_custom_msg/share/turtlesim_custom_msg/package.ps1'
[11.457s] INFO:colcon.colcon_core.shell:Creating package descriptor '/home/joseph/Turtle_Pursuit/install/turtlesim_custom_msg/share/turtlesim_custom_msg/package.dsv'
[11.457s] INFO:colcon.colcon_core.shell:Creating package script '/home/joseph/Turtle_Pursuit/install/turtlesim_custom_msg/share/turtlesim_custom_msg/package.sh'
[11.458s] INFO:colcon.colcon_core.shell:Creating package script '/home/joseph/Turtle_Pursuit/install/turtlesim_custom_msg/share/turtlesim_custom_msg/package.bash'
[11.458s] INFO:colcon.colcon_core.shell:Creating package script '/home/joseph/Turtle_Pursuit/install/turtlesim_custom_msg/share/turtlesim_custom_msg/package.zsh'
[11.458s] Level 1:colcon.colcon_core.environment:create_file_with_runtime_dependencies(/home/joseph/Turtle_Pursuit/install/turtlesim_custom_msg/share/colcon-core/packages/turtlesim_custom_msg)
[11.459s] DEBUG:colcon.colcon_parallel_executor.executor.parallel:closing loop
[11.459s] DEBUG:colcon.colcon_parallel_executor.executor.parallel:loop closed
[11.459s] DEBUG:colcon.colcon_parallel_executor.executor.parallel:run_until_complete finished with '0'
[11.459s] DEBUG:colcon.colcon_core.event_reactor:joining thread
[11.464s] INFO:colcon.colcon_core.plugin_system:Skipping extension 'colcon_notification.desktop_notification.terminal_notifier': Not used on non-Darwin systems
[11.465s] INFO:colcon.colcon_core.plugin_system:Skipping extension 'colcon_notification.desktop_notification.win32': Not used on non-Windows systems
[11.465s] INFO:colcon.colcon_notification.desktop_notification:Sending desktop notification using 'notify2'
[11.475s] DEBUG:colcon.colcon_core.event_reactor:joined thread
[11.476s] INFO:colcon.colcon_core.shell:Creating prefix script '/home/joseph/Turtle_Pursuit/install/local_setup.ps1'
[11.477s] INFO:colcon.colcon_core.shell:Creating prefix util module '/home/joseph/Turtle_Pursuit/install/_local_setup_util_ps1.py'
[11.478s] INFO:colcon.colcon_core.shell:Creating prefix chain script '/home/joseph/Turtle_Pursuit/install/setup.ps1'
[11.480s] INFO:colcon.colcon_core.shell:Creating prefix script '/home/joseph/Turtle_Pursuit/install/local_setup.sh'
[11.481s] INFO:colcon.colcon_core.shell:Creating prefix util module '/home/joseph/Turtle_Pursuit/install/_local_setup_util_sh.py'
[11.481s] INFO:colcon.colcon_core.shell:Creating prefix chain script '/home/joseph/Turtle_Pursuit/install/setup.sh'
[11.483s] INFO:colcon.colcon_core.shell:Creating prefix script '/home/joseph/Turtle_Pursuit/install/local_setup.bash'
[11.484s] INFO:colcon.colcon_core.shell:Creating prefix chain script '/home/joseph/Turtle_Pursuit/install/setup.bash'
[11.486s] INFO:colcon.colcon_core.shell:Creating prefix script '/home/joseph/Turtle_Pursuit/install/local_setup.zsh'
[11.486s] INFO:colcon.colcon_core.shell:Creating prefix chain script '/home/joseph/Turtle_Pursuit/install/setup.zsh'
