running egg_info
creating ../../build/turtle_handlers/turtle_handlers.egg-info
writing ../../build/turtle_handlers/turtle_handlers.egg-info/PKG-INFO
writing dependency_links to ../../build/turtle_handlers/turtle_handlers.egg-info/dependency_links.txt
writing entry points to ../../build/turtle_handlers/turtle_handlers.egg-info/entry_points.txt
writing requirements to ../../build/turtle_handlers/turtle_handlers.egg-info/requires.txt
writing top-level names to ../../build/turtle_handlers/turtle_handlers.egg-info/top_level.txt
writing manifest file '../../build/turtle_handlers/turtle_handlers.egg-info/SOURCES.txt'
reading manifest file '../../build/turtle_handlers/turtle_handlers.egg-info/SOURCES.txt'
writing manifest file '../../build/turtle_handlers/turtle_handlers.egg-info/SOURCES.txt'
running build
running build_py
creating /home/joseph/Turtle_Pursuit/build/turtle_handlers/build
creating /home/joseph/Turtle_Pursuit/build/turtle_handlers/build/lib
creating /home/joseph/Turtle_Pursuit/build/turtle_handlers/build/lib/turtle_handlers
copying turtle_handlers/Turtle_Alive_Server.py -> /home/joseph/Turtle_Pursuit/build/turtle_handlers/build/lib/turtle_handlers
copying turtle_handlers/Turtle_Manager.py -> /home/joseph/Turtle_Pursuit/build/turtle_handlers/build/lib/turtle_handlers
copying turtle_handlers/__init__.py -> /home/joseph/Turtle_Pursuit/build/turtle_handlers/build/lib/turtle_handlers
running install
running install_lib
creating /home/joseph/Turtle_Pursuit/install/turtle_handlers/lib/python3.10/site-packages/turtle_handlers
copying /home/joseph/Turtle_Pursuit/build/turtle_handlers/build/lib/turtle_handlers/Turtle_Alive_Server.py -> /home/joseph/Turtle_Pursuit/install/turtle_handlers/lib/python3.10/site-packages/turtle_handlers
copying /home/joseph/Turtle_Pursuit/build/turtle_handlers/build/lib/turtle_handlers/Turtle_Manager.py -> /home/joseph/Turtle_Pursuit/install/turtle_handlers/lib/python3.10/site-packages/turtle_handlers
copying /home/joseph/Turtle_Pursuit/build/turtle_handlers/build/lib/turtle_handlers/__init__.py -> /home/joseph/Turtle_Pursuit/install/turtle_handlers/lib/python3.10/site-packages/turtle_handlers
byte-compiling /home/joseph/Turtle_Pursuit/install/turtle_handlers/lib/python3.10/site-packages/turtle_handlers/Turtle_Alive_Server.py to Turtle_Alive_Server.cpython-310.pyc
byte-compiling /home/joseph/Turtle_Pursuit/install/turtle_handlers/lib/python3.10/site-packages/turtle_handlers/Turtle_Manager.py to Turtle_Manager.cpython-310.pyc
byte-compiling /home/joseph/Turtle_Pursuit/install/turtle_handlers/lib/python3.10/site-packages/turtle_handlers/__init__.py to __init__.cpython-310.pyc
running install_data
creating /home/joseph/Turtle_Pursuit/install/turtle_handlers/share/ament_index
creating /home/joseph/Turtle_Pursuit/install/turtle_handlers/share/ament_index/resource_index
creating /home/joseph/Turtle_Pursuit/install/turtle_handlers/share/ament_index/resource_index/packages
copying resource/turtle_handlers -> /home/joseph/Turtle_Pursuit/install/turtle_handlers/share/ament_index/resource_index/packages
copying package.xml -> /home/joseph/Turtle_Pursuit/install/turtle_handlers/share/turtle_handlers
running install_egg_info
Copying ../../build/turtle_handlers/turtle_handlers.egg-info to /home/joseph/Turtle_Pursuit/install/turtle_handlers/lib/python3.10/site-packages/turtle_handlers-0.0.0-py3.10.egg-info
running install_scripts
writing list of installed files to '/home/joseph/Turtle_Pursuit/build/turtle_handlers/install.log'
