[0.660s] Invoking command in '/home/joseph/Turtle_Pursuit/src/turtle_handlers': PYTHONPATH=/home/joseph/Turtle_Pursuit/build/turtle_handlers/prefix_override:/usr/lib/python3/dist-packages/colcon_core/task/python/colcon_distutils_commands:/home/joseph/Turtle_Pursuit/install/turtle_handlers/lib/python3.10/site-packages:${PYTHONPATH} /usr/bin/python3 -W ignore:setup.py install is deprecated setup.py egg_info --egg-base ../../build/turtle_handlers build --build-base /home/joseph/Turtle_Pursuit/build/turtle_handlers/build install --record /home/joseph/Turtle_Pursuit/build/turtle_handlers/install.log --single-version-externally-managed install_data
[0.890s] running egg_info
[0.891s] creating ../../build/turtle_handlers/turtle_handlers.egg-info
[0.891s] writing ../../build/turtle_handlers/turtle_handlers.egg-info/PKG-INFO
[0.891s] writing dependency_links to ../../build/turtle_handlers/turtle_handlers.egg-info/dependency_links.txt
[0.891s] writing entry points to ../../build/turtle_handlers/turtle_handlers.egg-info/entry_points.txt
[0.891s] writing requirements to ../../build/turtle_handlers/turtle_handlers.egg-info/requires.txt
[0.891s] writing top-level names to ../../build/turtle_handlers/turtle_handlers.egg-info/top_level.txt
[0.892s] writing manifest file '../../build/turtle_handlers/turtle_handlers.egg-info/SOURCES.txt'
[0.893s] reading manifest file '../../build/turtle_handlers/turtle_handlers.egg-info/SOURCES.txt'
[0.893s] writing manifest file '../../build/turtle_handlers/turtle_handlers.egg-info/SOURCES.txt'
[0.894s] running build
[0.894s] running build_py
[0.894s] creating /home/joseph/Turtle_Pursuit/build/turtle_handlers/build
[0.894s] creating /home/joseph/Turtle_Pursuit/build/turtle_handlers/build/lib
[0.894s] creating /home/joseph/Turtle_Pursuit/build/turtle_handlers/build/lib/turtle_handlers
[0.894s] copying turtle_handlers/Turtle_Alive_Server.py -> /home/joseph/Turtle_Pursuit/build/turtle_handlers/build/lib/turtle_handlers
[0.894s] copying turtle_handlers/Turtle_Manager.py -> /home/joseph/Turtle_Pursuit/build/turtle_handlers/build/lib/turtle_handlers
[0.894s] copying turtle_handlers/__init__.py -> /home/joseph/Turtle_Pursuit/build/turtle_handlers/build/lib/turtle_handlers
[0.894s] running install
[0.895s] running install_lib
[0.895s] creating /home/joseph/Turtle_Pursuit/install/turtle_handlers/lib/python3.10/site-packages/turtle_handlers
[0.896s] copying /home/joseph/Turtle_Pursuit/build/turtle_handlers/build/lib/turtle_handlers/Turtle_Alive_Server.py -> /home/joseph/Turtle_Pursuit/install/turtle_handlers/lib/python3.10/site-packages/turtle_handlers
[0.896s] copying /home/joseph/Turtle_Pursuit/build/turtle_handlers/build/lib/turtle_handlers/Turtle_Manager.py -> /home/joseph/Turtle_Pursuit/install/turtle_handlers/lib/python3.10/site-packages/turtle_handlers
[0.896s] copying /home/joseph/Turtle_Pursuit/build/turtle_handlers/build/lib/turtle_handlers/__init__.py -> /home/joseph/Turtle_Pursuit/install/turtle_handlers/lib/python3.10/site-packages/turtle_handlers
[0.896s] byte-compiling /home/joseph/Turtle_Pursuit/install/turtle_handlers/lib/python3.10/site-packages/turtle_handlers/Turtle_Alive_Server.py to Turtle_Alive_Server.cpython-310.pyc
[0.897s] byte-compiling /home/joseph/Turtle_Pursuit/install/turtle_handlers/lib/python3.10/site-packages/turtle_handlers/Turtle_Manager.py to Turtle_Manager.cpython-310.pyc
[0.897s] byte-compiling /home/joseph/Turtle_Pursuit/install/turtle_handlers/lib/python3.10/site-packages/turtle_handlers/__init__.py to __init__.cpython-310.pyc
[0.897s] running install_data
[0.897s] creating /home/joseph/Turtle_Pursuit/install/turtle_handlers/share/ament_index
[0.897s] creating /home/joseph/Turtle_Pursuit/install/turtle_handlers/share/ament_index/resource_index
[0.898s] creating /home/joseph/Turtle_Pursuit/install/turtle_handlers/share/ament_index/resource_index/packages
[0.898s] copying resource/turtle_handlers -> /home/joseph/Turtle_Pursuit/install/turtle_handlers/share/ament_index/resource_index/packages
[0.898s] copying package.xml -> /home/joseph/Turtle_Pursuit/install/turtle_handlers/share/turtle_handlers
[0.898s] running install_egg_info
[0.899s] Copying ../../build/turtle_handlers/turtle_handlers.egg-info to /home/joseph/Turtle_Pursuit/install/turtle_handlers/lib/python3.10/site-packages/turtle_handlers-0.0.0-py3.10.egg-info
[0.900s] running install_scripts
[0.917s] writing list of installed files to '/home/joseph/Turtle_Pursuit/build/turtle_handlers/install.log'
[0.943s] Invoked command in '/home/joseph/Turtle_Pursuit/src/turtle_handlers' returned '0': PYTHONPATH=/home/joseph/Turtle_Pursuit/build/turtle_handlers/prefix_override:/usr/lib/python3/dist-packages/colcon_core/task/python/colcon_distutils_commands:/home/joseph/Turtle_Pursuit/install/turtle_handlers/lib/python3.10/site-packages:${PYTHONPATH} /usr/bin/python3 -W ignore:setup.py install is deprecated setup.py egg_info --egg-base ../../build/turtle_handlers build --build-base /home/joseph/Turtle_Pursuit/build/turtle_handlers/build install --record /home/joseph/Turtle_Pursuit/build/turtle_handlers/install.log --single-version-externally-managed install_data
