[0.100s] DEBUG:colcon:Command line arguments: ['/usr/bin/colcon', 'build', '--packages-select', 'turtle_pursuit_custom_interfaces']
[0.100s] DEBUG:colcon:Parsed command line arguments: Namespace(log_base=None, log_level=None, verb_name='build', build_base='build', install_base='install', merge_install=False, symlink_install=False, test_result_base=None, continue_on_error=False, executor='parallel', parallel_workers=12, event_handlers=None, ignore_user_meta=False, metas=['./colcon.meta'], base_paths=['.'], packages_ignore=None, packages_ignore_regex=None, paths=None, packages_up_to=None, packages_up_to_regex=None, packages_above=None, packages_above_and_dependencies=None, packages_above_depth=None, packages_select_by_dep=None, packages_skip_by_dep=None, packages_skip_up_to=None, packages_select_build_failed=False, packages_skip_build_finished=False, packages_select_test_failures=False, packages_skip_test_passed=False, packages_select=['turtle_pursuit_custom_interfaces'], packages_skip=None, packages_select_regex=None, packages_skip_regex=None, packages_start=None, packages_end=None, allow_overriding=[], cmake_args=None, cmake_target=None, cmake_target_skip_unavailable=False, cmake_clean_cache=False, cmake_clean_first=False, cmake_force_configure=False, ament_cmake_args=None, catkin_cmake_args=None, catkin_skip_building_tests=False, verb_parser=<colcon_defaults.argument_parser.defaults.DefaultArgumentsDecorator object at 0x7c6314c6f640>, verb_extension=<colcon_core.verb.build.BuildVerb object at 0x7c6314c6f3d0>, main=<bound method BuildVerb.main of <colcon_core.verb.build.BuildVerb object at 0x7c6314c6f3d0>>)
[0.265s] Level 1:colcon.colcon_core.package_discovery:discover_packages(colcon_meta) check parameters
[0.265s] Level 1:colcon.colcon_core.package_discovery:discover_packages(recursive) check parameters
[0.265s] Level 1:colcon.colcon_core.package_discovery:discover_packages(ignore) check parameters
[0.265s] Level 1:colcon.colcon_core.package_discovery:discover_packages(path) check parameters
[0.265s] Level 1:colcon.colcon_core.package_discovery:discover_packages(colcon_meta) discover
[0.265s] Level 1:colcon.colcon_core.package_discovery:discover_packages(recursive) discover
[0.265s] INFO:colcon.colcon_core.package_discovery:Crawling recursively for packages in '/home/joseph/Turtle_Pursuit'
[0.265s] Level 1:colcon.colcon_core.package_identification:_identify(.) by extensions ['ignore', 'ignore_ament_install']
[0.265s] Level 1:colcon.colcon_core.package_identification:_identify(.) by extension 'ignore'
[0.265s] Level 1:colcon.colcon_core.package_identification:_identify(.) by extension 'ignore_ament_install'
[0.265s] Level 1:colcon.colcon_core.package_identification:_identify(.) by extensions ['colcon_pkg']
[0.265s] Level 1:colcon.colcon_core.package_identification:_identify(.) by extension 'colcon_pkg'
[0.265s] Level 1:colcon.colcon_core.package_identification:_identify(.) by extensions ['colcon_meta']
[0.265s] Level 1:colcon.colcon_core.package_identification:_identify(.) by extension 'colcon_meta'
[0.265s] Level 1:colcon.colcon_core.package_identification:_identify(.) by extensions ['ros']
[0.265s] Level 1:colcon.colcon_core.package_identification:_identify(.) by extension 'ros'
[0.273s] Level 1:colcon.colcon_core.package_identification:_identify(.) by extensions ['cmake', 'python']
[0.273s] Level 1:colcon.colcon_core.package_identification:_identify(.) by extension 'cmake'
[0.273s] Level 1:colcon.colcon_core.package_identification:_identify(.) by extension 'python'
[0.273s] Level 1:colcon.colcon_core.package_identification:_identify(.) by extensions ['python_setup_py']
[0.273s] Level 1:colcon.colcon_core.package_identification:_identify(.) by extension 'python_setup_py'
[0.273s] Level 1:colcon.colcon_core.package_identification:_identify(build) by extensions ['ignore', 'ignore_ament_install']
[0.273s] Level 1:colcon.colcon_core.package_identification:_identify(build) by extension 'ignore'
[0.273s] Level 1:colcon.colcon_core.package_identification:_identify(build) ignored
[0.274s] Level 1:colcon.colcon_core.package_identification:_identify(install) by extensions ['ignore', 'ignore_ament_install']
[0.274s] Level 1:colcon.colcon_core.package_identification:_identify(install) by extension 'ignore'
[0.274s] Level 1:colcon.colcon_core.package_identification:_identify(install) ignored
[0.274s] Level 1:colcon.colcon_core.package_identification:_identify(log) by extensions ['ignore', 'ignore_ament_install']
[0.274s] Level 1:colcon.colcon_core.package_identification:_identify(log) by extension 'ignore'
[0.274s] Level 1:colcon.colcon_core.package_identification:_identify(log) ignored
[0.274s] Level 1:colcon.colcon_core.package_identification:_identify(src) by extensions ['ignore', 'ignore_ament_install']
[0.274s] Level 1:colcon.colcon_core.package_identification:_identify(src) by extension 'ignore'
[0.274s] Level 1:colcon.colcon_core.package_identification:_identify(src) by extension 'ignore_ament_install'
[0.274s] Level 1:colcon.colcon_core.package_identification:_identify(src) by extensions ['colcon_pkg']
[0.274s] Level 1:colcon.colcon_core.package_identification:_identify(src) by extension 'colcon_pkg'
[0.274s] Level 1:colcon.colcon_core.package_identification:_identify(src) by extensions ['colcon_meta']
[0.274s] Level 1:colcon.colcon_core.package_identification:_identify(src) by extension 'colcon_meta'
[0.274s] Level 1:colcon.colcon_core.package_identification:_identify(src) by extensions ['ros']
[0.274s] Level 1:colcon.colcon_core.package_identification:_identify(src) by extension 'ros'
[0.274s] Level 1:colcon.colcon_core.package_identification:_identify(src) by extensions ['cmake', 'python']
[0.274s] Level 1:colcon.colcon_core.package_identification:_identify(src) by extension 'cmake'
[0.274s] Level 1:colcon.colcon_core.package_identification:_identify(src) by extension 'python'
[0.274s] Level 1:colcon.colcon_core.package_identification:_identify(src) by extensions ['python_setup_py']
[0.274s] Level 1:colcon.colcon_core.package_identification:_identify(src) by extension 'python_setup_py'
[0.274s] Level 1:colcon.colcon_core.package_identification:_identify(src/turtle_pursuit) by extensions ['ignore', 'ignore_ament_install']
[0.274s] Level 1:colcon.colcon_core.package_identification:_identify(src/turtle_pursuit) by extension 'ignore'
[0.275s] Level 1:colcon.colcon_core.package_identification:_identify(src/turtle_pursuit) by extension 'ignore_ament_install'
[0.275s] Level 1:colcon.colcon_core.package_identification:_identify(src/turtle_pursuit) by extensions ['colcon_pkg']
[0.275s] Level 1:colcon.colcon_core.package_identification:_identify(src/turtle_pursuit) by extension 'colcon_pkg'
[0.275s] Level 1:colcon.colcon_core.package_identification:_identify(src/turtle_pursuit) by extensions ['colcon_meta']
[0.275s] Level 1:colcon.colcon_core.package_identification:_identify(src/turtle_pursuit) by extension 'colcon_meta'
[0.275s] Level 1:colcon.colcon_core.package_identification:_identify(src/turtle_pursuit) by extensions ['ros']
[0.275s] Level 1:colcon.colcon_core.package_identification:_identify(src/turtle_pursuit) by extension 'ros'
[0.276s] DEBUG:colcon.colcon_core.package_identification:Package 'src/turtle_pursuit' with type 'ros.ament_python' and name 'turtle_pursuit'
[0.276s] Level 1:colcon.colcon_core.package_identification:_identify(src/turtle_pursuit_custom_interfaces) by extensions ['ignore', 'ignore_ament_install']
[0.276s] Level 1:colcon.colcon_core.package_identification:_identify(src/turtle_pursuit_custom_interfaces) by extension 'ignore'
[0.276s] Level 1:colcon.colcon_core.package_identification:_identify(src/turtle_pursuit_custom_interfaces) by extension 'ignore_ament_install'
[0.277s] Level 1:colcon.colcon_core.package_identification:_identify(src/turtle_pursuit_custom_interfaces) by extensions ['colcon_pkg']
[0.277s] Level 1:colcon.colcon_core.package_identification:_identify(src/turtle_pursuit_custom_interfaces) by extension 'colcon_pkg'
[0.277s] Level 1:colcon.colcon_core.package_identification:_identify(src/turtle_pursuit_custom_interfaces) by extensions ['colcon_meta']
[0.277s] Level 1:colcon.colcon_core.package_identification:_identify(src/turtle_pursuit_custom_interfaces) by extension 'colcon_meta'
[0.277s] Level 1:colcon.colcon_core.package_identification:_identify(src/turtle_pursuit_custom_interfaces) by extensions ['ros']
[0.277s] Level 1:colcon.colcon_core.package_identification:_identify(src/turtle_pursuit_custom_interfaces) by extension 'ros'
[0.277s] DEBUG:colcon.colcon_core.package_identification:Package 'src/turtle_pursuit_custom_interfaces' with type 'ros.ament_cmake' and name 'turtle_pursuit_custom_interfaces'
[0.277s] Level 1:colcon.colcon_core.package_identification:_identify(src/turtlesim_custom_msg) by extensions ['ignore', 'ignore_ament_install']
[0.277s] Level 1:colcon.colcon_core.package_identification:_identify(src/turtlesim_custom_msg) by extension 'ignore'
[0.277s] Level 1:colcon.colcon_core.package_identification:_identify(src/turtlesim_custom_msg) by extension 'ignore_ament_install'
[0.277s] Level 1:colcon.colcon_core.package_identification:_identify(src/turtlesim_custom_msg) by extensions ['colcon_pkg']
[0.277s] Level 1:colcon.colcon_core.package_identification:_identify(src/turtlesim_custom_msg) by extension 'colcon_pkg'
[0.277s] Level 1:colcon.colcon_core.package_identification:_identify(src/turtlesim_custom_msg) by extensions ['colcon_meta']
[0.277s] Level 1:colcon.colcon_core.package_identification:_identify(src/turtlesim_custom_msg) by extension 'colcon_meta'
[0.277s] Level 1:colcon.colcon_core.package_identification:_identify(src/turtlesim_custom_msg) by extensions ['ros']
[0.277s] Level 1:colcon.colcon_core.package_identification:_identify(src/turtlesim_custom_msg) by extension 'ros'
[0.278s] DEBUG:colcon.colcon_core.package_identification:Package 'src/turtlesim_custom_msg' with type 'ros.ament_cmake' and name 'turtlesim_custom_msg'
[0.278s] Level 1:colcon.colcon_core.package_discovery:discover_packages(recursive) using defaults
[0.278s] Level 1:colcon.colcon_core.package_discovery:discover_packages(ignore) discover
[0.278s] Level 1:colcon.colcon_core.package_discovery:discover_packages(ignore) using defaults
[0.278s] Level 1:colcon.colcon_core.package_discovery:discover_packages(path) discover
[0.278s] Level 1:colcon.colcon_core.package_discovery:discover_packages(path) using defaults
[0.293s] INFO:colcon.colcon_core.package_selection:Skipping not selected package 'turtle_pursuit' in 'src/turtle_pursuit'
[0.293s] INFO:colcon.colcon_core.package_selection:Skipping not selected package 'turtlesim_custom_msg' in 'src/turtlesim_custom_msg'
[0.300s] Level 1:colcon.colcon_core.package_discovery:discover_packages(prefix_path) check parameters
[0.300s] Level 1:colcon.colcon_core.package_discovery:discover_packages(prefix_path) discover
[0.304s] DEBUG:colcon.colcon_installed_package_information.package_discovery:Found 5 installed packages in /home/joseph/learn_ros/install
[0.304s] DEBUG:colcon.colcon_installed_package_information.package_discovery:Found 2 installed packages in /home/joseph/ros2_urdf_ws/install
[0.304s] DEBUG:colcon.colcon_installed_package_information.package_discovery:Found 4 installed packages in /home/joseph/turtlesim_catch_turtles/install
[0.305s] DEBUG:colcon.colcon_installed_package_information.package_discovery:Found 17 installed packages in /home/joseph/e-Yantra/install
[0.307s] DEBUG:colcon.colcon_installed_package_information.package_discovery:Found 469 installed packages in /opt/ros/humble
[0.309s] Level 1:colcon.colcon_core.package_discovery:discover_packages(prefix_path) using defaults
[0.357s] Level 5:colcon.colcon_core.verb:set package 'turtle_pursuit_custom_interfaces' build argument 'cmake_args' from command line to 'None'
[0.357s] Level 5:colcon.colcon_core.verb:set package 'turtle_pursuit_custom_interfaces' build argument 'cmake_target' from command line to 'None'
[0.357s] Level 5:colcon.colcon_core.verb:set package 'turtle_pursuit_custom_interfaces' build argument 'cmake_target_skip_unavailable' from command line to 'False'
[0.357s] Level 5:colcon.colcon_core.verb:set package 'turtle_pursuit_custom_interfaces' build argument 'cmake_clean_cache' from command line to 'False'
[0.357s] Level 5:colcon.colcon_core.verb:set package 'turtle_pursuit_custom_interfaces' build argument 'cmake_clean_first' from command line to 'False'
[0.357s] Level 5:colcon.colcon_core.verb:set package 'turtle_pursuit_custom_interfaces' build argument 'cmake_force_configure' from command line to 'False'
[0.357s] Level 5:colcon.colcon_core.verb:set package 'turtle_pursuit_custom_interfaces' build argument 'ament_cmake_args' from command line to 'None'
[0.357s] Level 5:colcon.colcon_core.verb:set package 'turtle_pursuit_custom_interfaces' build argument 'catkin_cmake_args' from command line to 'None'
[0.357s] Level 5:colcon.colcon_core.verb:set package 'turtle_pursuit_custom_interfaces' build argument 'catkin_skip_building_tests' from command line to 'False'
[0.357s] DEBUG:colcon.colcon_core.verb:Building package 'turtle_pursuit_custom_interfaces' with the following arguments: {'ament_cmake_args': None, 'build_base': '/home/joseph/Turtle_Pursuit/build/turtle_pursuit_custom_interfaces', 'catkin_cmake_args': None, 'catkin_skip_building_tests': False, 'cmake_args': None, 'cmake_clean_cache': False, 'cmake_clean_first': False, 'cmake_force_configure': False, 'cmake_target': None, 'cmake_target_skip_unavailable': False, 'install_base': '/home/joseph/Turtle_Pursuit/install/turtle_pursuit_custom_interfaces', 'merge_install': False, 'path': '/home/joseph/Turtle_Pursuit/src/turtle_pursuit_custom_interfaces', 'symlink_install': False, 'test_result_base': None}
[0.357s] INFO:colcon.colcon_core.executor:Executing jobs using 'parallel' executor
[0.358s] DEBUG:colcon.colcon_parallel_executor.executor.parallel:run_until_complete
[0.358s] INFO:colcon.colcon_ros.task.ament_cmake.build:Building ROS package in '/home/joseph/Turtle_Pursuit/src/turtle_pursuit_custom_interfaces' with build type 'ament_cmake'
[0.358s] INFO:colcon.colcon_cmake.task.cmake.build:Building CMake package in '/home/joseph/Turtle_Pursuit/src/turtle_pursuit_custom_interfaces'
[0.362s] INFO:colcon.colcon_core.plugin_system:Skipping extension 'colcon_core.shell.bat': Not used on non-Windows systems
[0.362s] INFO:colcon.colcon_core.shell:Skip shell extension 'powershell' for command environment: Not usable outside of PowerShell
[0.362s] DEBUG:colcon.colcon_core.shell:Skip shell extension 'dsv' for command environment
[0.371s] DEBUG:colcon.colcon_core.event_handler.log_command:Invoking command in '/home/joseph/Turtle_Pursuit/build/turtle_pursuit_custom_interfaces': CMAKE_PREFIX_PATH=${CMAKE_PREFIX_PATH}:/home/joseph/learn_ros/install/test_pkg:/home/joseph/learn_ros/install/pubsub:/home/joseph/learn_ros/install/activity:/home/joseph/learn_ros/install/clientserver:/home/joseph/turtlesim_catch_turtles/install/handle_turtle:/home/joseph/turtlesim_catch_turtles/install/catch_turtles:/home/joseph/e-Yantra/install/ur5_control:/home/joseph/e-Yantra/install/task3b:/home/joseph/e-Yantra/install/task2a:/home/joseph/e-Yantra/install/misc:/home/joseph/e-Yantra/install/aruco:/opt/ros/humble /usr/bin/cmake /home/joseph/Turtle_Pursuit/src/turtle_pursuit_custom_interfaces -DCMAKE_INSTALL_PREFIX=/home/joseph/Turtle_Pursuit/install/turtle_pursuit_custom_interfaces
[2.002s] DEBUG:colcon.colcon_core.event_handler.log_command:Invoked command in '/home/joseph/Turtle_Pursuit/build/turtle_pursuit_custom_interfaces' returned '0': CMAKE_PREFIX_PATH=${CMAKE_PREFIX_PATH}:/home/joseph/learn_ros/install/test_pkg:/home/joseph/learn_ros/install/pubsub:/home/joseph/learn_ros/install/activity:/home/joseph/learn_ros/install/clientserver:/home/joseph/turtlesim_catch_turtles/install/handle_turtle:/home/joseph/turtlesim_catch_turtles/install/catch_turtles:/home/joseph/e-Yantra/install/ur5_control:/home/joseph/e-Yantra/install/task3b:/home/joseph/e-Yantra/install/task2a:/home/joseph/e-Yantra/install/misc:/home/joseph/e-Yantra/install/aruco:/opt/ros/humble /usr/bin/cmake /home/joseph/Turtle_Pursuit/src/turtle_pursuit_custom_interfaces -DCMAKE_INSTALL_PREFIX=/home/joseph/Turtle_Pursuit/install/turtle_pursuit_custom_interfaces
[2.004s] DEBUG:colcon.colcon_core.event_handler.log_command:Invoking command in '/home/joseph/Turtle_Pursuit/build/turtle_pursuit_custom_interfaces': CMAKE_PREFIX_PATH=${CMAKE_PREFIX_PATH}:/home/joseph/learn_ros/install/test_pkg:/home/joseph/learn_ros/install/pubsub:/home/joseph/learn_ros/install/activity:/home/joseph/learn_ros/install/clientserver:/home/joseph/turtlesim_catch_turtles/install/handle_turtle:/home/joseph/turtlesim_catch_turtles/install/catch_turtles:/home/joseph/e-Yantra/install/ur5_control:/home/joseph/e-Yantra/install/task3b:/home/joseph/e-Yantra/install/task2a:/home/joseph/e-Yantra/install/misc:/home/joseph/e-Yantra/install/aruco:/opt/ros/humble /usr/bin/cmake --build /home/joseph/Turtle_Pursuit/build/turtle_pursuit_custom_interfaces -- -j12 -l12
[4.109s] DEBUG:colcon.colcon_core.event_handler.log_command:Invoked command in '/home/joseph/Turtle_Pursuit/build/turtle_pursuit_custom_interfaces' returned '0': CMAKE_PREFIX_PATH=${CMAKE_PREFIX_PATH}:/home/joseph/learn_ros/install/test_pkg:/home/joseph/learn_ros/install/pubsub:/home/joseph/learn_ros/install/activity:/home/joseph/learn_ros/install/clientserver:/home/joseph/turtlesim_catch_turtles/install/handle_turtle:/home/joseph/turtlesim_catch_turtles/install/catch_turtles:/home/joseph/e-Yantra/install/ur5_control:/home/joseph/e-Yantra/install/task3b:/home/joseph/e-Yantra/install/task2a:/home/joseph/e-Yantra/install/misc:/home/joseph/e-Yantra/install/aruco:/opt/ros/humble /usr/bin/cmake --build /home/joseph/Turtle_Pursuit/build/turtle_pursuit_custom_interfaces -- -j12 -l12
[4.238s] DEBUG:colcon.colcon_core.event_handler.log_command:Invoking command in '/home/joseph/Turtle_Pursuit/build/turtle_pursuit_custom_interfaces': CMAKE_PREFIX_PATH=${CMAKE_PREFIX_PATH}:/home/joseph/learn_ros/install/test_pkg:/home/joseph/learn_ros/install/pubsub:/home/joseph/learn_ros/install/activity:/home/joseph/learn_ros/install/clientserver:/home/joseph/turtlesim_catch_turtles/install/handle_turtle:/home/joseph/turtlesim_catch_turtles/install/catch_turtles:/home/joseph/e-Yantra/install/ur5_control:/home/joseph/e-Yantra/install/task3b:/home/joseph/e-Yantra/install/task2a:/home/joseph/e-Yantra/install/misc:/home/joseph/e-Yantra/install/aruco:/opt/ros/humble /usr/bin/cmake --install /home/joseph/Turtle_Pursuit/build/turtle_pursuit_custom_interfaces
[4.314s] Level 1:colcon.colcon_core.environment:create_environment_scripts_only(turtle_pursuit_custom_interfaces)
[4.314s] DEBUG:colcon.colcon_core.event_handler.log_command:Invoked command in '/home/joseph/Turtle_Pursuit/build/turtle_pursuit_custom_interfaces' returned '0': CMAKE_PREFIX_PATH=${CMAKE_PREFIX_PATH}:/home/joseph/learn_ros/install/test_pkg:/home/joseph/learn_ros/install/pubsub:/home/joseph/learn_ros/install/activity:/home/joseph/learn_ros/install/clientserver:/home/joseph/turtlesim_catch_turtles/install/handle_turtle:/home/joseph/turtlesim_catch_turtles/install/catch_turtles:/home/joseph/e-Yantra/install/ur5_control:/home/joseph/e-Yantra/install/task3b:/home/joseph/e-Yantra/install/task2a:/home/joseph/e-Yantra/install/misc:/home/joseph/e-Yantra/install/aruco:/opt/ros/humble /usr/bin/cmake --install /home/joseph/Turtle_Pursuit/build/turtle_pursuit_custom_interfaces
[4.319s] Level 1:colcon.colcon_core.environment:checking '/home/joseph/Turtle_Pursuit/install/turtle_pursuit_custom_interfaces' for CMake module files
[4.319s] Level 1:colcon.colcon_core.environment:checking '/home/joseph/Turtle_Pursuit/install/turtle_pursuit_custom_interfaces' for CMake config files
[4.319s] Level 1:colcon.colcon_core.shell:create_environment_hook('turtle_pursuit_custom_interfaces', 'cmake_prefix_path')
[4.320s] INFO:colcon.colcon_core.shell:Creating environment hook '/home/joseph/Turtle_Pursuit/install/turtle_pursuit_custom_interfaces/share/turtle_pursuit_custom_interfaces/hook/cmake_prefix_path.ps1'
[4.320s] INFO:colcon.colcon_core.shell:Creating environment descriptor '/home/joseph/Turtle_Pursuit/install/turtle_pursuit_custom_interfaces/share/turtle_pursuit_custom_interfaces/hook/cmake_prefix_path.dsv'
[4.321s] INFO:colcon.colcon_core.shell:Creating environment hook '/home/joseph/Turtle_Pursuit/install/turtle_pursuit_custom_interfaces/share/turtle_pursuit_custom_interfaces/hook/cmake_prefix_path.sh'
[4.322s] Level 1:colcon.colcon_core.environment:checking '/home/joseph/Turtle_Pursuit/install/turtle_pursuit_custom_interfaces/lib'
[4.322s] Level 1:colcon.colcon_core.shell:create_environment_hook('turtle_pursuit_custom_interfaces', 'ld_library_path_lib')
[4.322s] INFO:colcon.colcon_core.shell:Creating environment hook '/home/joseph/Turtle_Pursuit/install/turtle_pursuit_custom_interfaces/share/turtle_pursuit_custom_interfaces/hook/ld_library_path_lib.ps1'
[4.322s] INFO:colcon.colcon_core.shell:Creating environment descriptor '/home/joseph/Turtle_Pursuit/install/turtle_pursuit_custom_interfaces/share/turtle_pursuit_custom_interfaces/hook/ld_library_path_lib.dsv'
[4.322s] INFO:colcon.colcon_core.shell:Creating environment hook '/home/joseph/Turtle_Pursuit/install/turtle_pursuit_custom_interfaces/share/turtle_pursuit_custom_interfaces/hook/ld_library_path_lib.sh'
[4.323s] Level 1:colcon.colcon_core.environment:checking '/home/joseph/Turtle_Pursuit/install/turtle_pursuit_custom_interfaces/bin'
[4.323s] Level 1:colcon.colcon_core.environment:checking '/home/joseph/Turtle_Pursuit/install/turtle_pursuit_custom_interfaces/lib/pkgconfig/turtle_pursuit_custom_interfaces.pc'
[4.323s] Level 1:colcon.colcon_core.environment:checking '/home/joseph/Turtle_Pursuit/install/turtle_pursuit_custom_interfaces/lib/python3.10/site-packages'
[4.323s] Level 1:colcon.colcon_core.environment:checking '/home/joseph/Turtle_Pursuit/install/turtle_pursuit_custom_interfaces/bin'
[4.323s] INFO:colcon.colcon_core.shell:Creating package script '/home/joseph/Turtle_Pursuit/install/turtle_pursuit_custom_interfaces/share/turtle_pursuit_custom_interfaces/package.ps1'
[4.324s] INFO:colcon.colcon_core.shell:Creating package descriptor '/home/joseph/Turtle_Pursuit/install/turtle_pursuit_custom_interfaces/share/turtle_pursuit_custom_interfaces/package.dsv'
[4.324s] INFO:colcon.colcon_core.shell:Creating package script '/home/joseph/Turtle_Pursuit/install/turtle_pursuit_custom_interfaces/share/turtle_pursuit_custom_interfaces/package.sh'
[4.325s] INFO:colcon.colcon_core.shell:Creating package script '/home/joseph/Turtle_Pursuit/install/turtle_pursuit_custom_interfaces/share/turtle_pursuit_custom_interfaces/package.bash'
[4.328s] INFO:colcon.colcon_core.shell:Creating package script '/home/joseph/Turtle_Pursuit/install/turtle_pursuit_custom_interfaces/share/turtle_pursuit_custom_interfaces/package.zsh'
[4.329s] Level 1:colcon.colcon_core.environment:create_file_with_runtime_dependencies(/home/joseph/Turtle_Pursuit/install/turtle_pursuit_custom_interfaces/share/colcon-core/packages/turtle_pursuit_custom_interfaces)
[4.448s] Level 1:colcon.colcon_core.environment:create_environment_scripts_only(turtle_pursuit_custom_interfaces)
[4.448s] Level 1:colcon.colcon_core.environment:checking '/home/joseph/Turtle_Pursuit/install/turtle_pursuit_custom_interfaces' for CMake module files
[4.449s] Level 1:colcon.colcon_core.environment:checking '/home/joseph/Turtle_Pursuit/install/turtle_pursuit_custom_interfaces' for CMake config files
[4.449s] Level 1:colcon.colcon_core.shell:create_environment_hook('turtle_pursuit_custom_interfaces', 'cmake_prefix_path')
[4.449s] INFO:colcon.colcon_core.shell:Creating environment hook '/home/joseph/Turtle_Pursuit/install/turtle_pursuit_custom_interfaces/share/turtle_pursuit_custom_interfaces/hook/cmake_prefix_path.ps1'
[4.450s] INFO:colcon.colcon_core.shell:Creating environment descriptor '/home/joseph/Turtle_Pursuit/install/turtle_pursuit_custom_interfaces/share/turtle_pursuit_custom_interfaces/hook/cmake_prefix_path.dsv'
[4.450s] INFO:colcon.colcon_core.shell:Creating environment hook '/home/joseph/Turtle_Pursuit/install/turtle_pursuit_custom_interfaces/share/turtle_pursuit_custom_interfaces/hook/cmake_prefix_path.sh'
[4.450s] Level 1:colcon.colcon_core.environment:checking '/home/joseph/Turtle_Pursuit/install/turtle_pursuit_custom_interfaces/lib'
[4.451s] Level 1:colcon.colcon_core.shell:create_environment_hook('turtle_pursuit_custom_interfaces', 'ld_library_path_lib')
[4.451s] INFO:colcon.colcon_core.shell:Creating environment hook '/home/joseph/Turtle_Pursuit/install/turtle_pursuit_custom_interfaces/share/turtle_pursuit_custom_interfaces/hook/ld_library_path_lib.ps1'
[4.451s] INFO:colcon.colcon_core.shell:Creating environment descriptor '/home/joseph/Turtle_Pursuit/install/turtle_pursuit_custom_interfaces/share/turtle_pursuit_custom_interfaces/hook/ld_library_path_lib.dsv'
[4.451s] INFO:colcon.colcon_core.shell:Creating environment hook '/home/joseph/Turtle_Pursuit/install/turtle_pursuit_custom_interfaces/share/turtle_pursuit_custom_interfaces/hook/ld_library_path_lib.sh'
[4.451s] Level 1:colcon.colcon_core.environment:checking '/home/joseph/Turtle_Pursuit/install/turtle_pursuit_custom_interfaces/bin'
[4.451s] Level 1:colcon.colcon_core.environment:checking '/home/joseph/Turtle_Pursuit/install/turtle_pursuit_custom_interfaces/lib/pkgconfig/turtle_pursuit_custom_interfaces.pc'
[4.452s] Level 1:colcon.colcon_core.environment:checking '/home/joseph/Turtle_Pursuit/install/turtle_pursuit_custom_interfaces/lib/python3.10/site-packages'
[4.452s] Level 1:colcon.colcon_core.environment:checking '/home/joseph/Turtle_Pursuit/install/turtle_pursuit_custom_interfaces/bin'
[4.452s] INFO:colcon.colcon_core.shell:Creating package script '/home/joseph/Turtle_Pursuit/install/turtle_pursuit_custom_interfaces/share/turtle_pursuit_custom_interfaces/package.ps1'
[4.452s] INFO:colcon.colcon_core.shell:Creating package descriptor '/home/joseph/Turtle_Pursuit/install/turtle_pursuit_custom_interfaces/share/turtle_pursuit_custom_interfaces/package.dsv'
[4.453s] INFO:colcon.colcon_core.shell:Creating package script '/home/joseph/Turtle_Pursuit/install/turtle_pursuit_custom_interfaces/share/turtle_pursuit_custom_interfaces/package.sh'
[4.453s] INFO:colcon.colcon_core.shell:Creating package script '/home/joseph/Turtle_Pursuit/install/turtle_pursuit_custom_interfaces/share/turtle_pursuit_custom_interfaces/package.bash'
[4.453s] INFO:colcon.colcon_core.shell:Creating package script '/home/joseph/Turtle_Pursuit/install/turtle_pursuit_custom_interfaces/share/turtle_pursuit_custom_interfaces/package.zsh'
[4.454s] Level 1:colcon.colcon_core.environment:create_file_with_runtime_dependencies(/home/joseph/Turtle_Pursuit/install/turtle_pursuit_custom_interfaces/share/colcon-core/packages/turtle_pursuit_custom_interfaces)
[4.454s] DEBUG:colcon.colcon_parallel_executor.executor.parallel:closing loop
[4.454s] DEBUG:colcon.colcon_parallel_executor.executor.parallel:loop closed
[4.454s] DEBUG:colcon.colcon_parallel_executor.executor.parallel:run_until_complete finished with '0'
[4.454s] DEBUG:colcon.colcon_core.event_reactor:joining thread
[4.461s] INFO:colcon.colcon_core.plugin_system:Skipping extension 'colcon_notification.desktop_notification.terminal_notifier': Not used on non-Darwin systems
[4.461s] INFO:colcon.colcon_core.plugin_system:Skipping extension 'colcon_notification.desktop_notification.win32': Not used on non-Windows systems
[4.461s] INFO:colcon.colcon_notification.desktop_notification:Sending desktop notification using 'notify2'
[4.479s] DEBUG:colcon.colcon_core.event_reactor:joined thread
[4.479s] INFO:colcon.colcon_core.shell:Creating prefix script '/home/joseph/Turtle_Pursuit/install/local_setup.ps1'
[4.480s] INFO:colcon.colcon_core.shell:Creating prefix util module '/home/joseph/Turtle_Pursuit/install/_local_setup_util_ps1.py'
[4.482s] INFO:colcon.colcon_core.shell:Creating prefix chain script '/home/joseph/Turtle_Pursuit/install/setup.ps1'
[4.484s] INFO:colcon.colcon_core.shell:Creating prefix script '/home/joseph/Turtle_Pursuit/install/local_setup.sh'
[4.484s] INFO:colcon.colcon_core.shell:Creating prefix util module '/home/joseph/Turtle_Pursuit/install/_local_setup_util_sh.py'
[4.485s] INFO:colcon.colcon_core.shell:Creating prefix chain script '/home/joseph/Turtle_Pursuit/install/setup.sh'
[4.486s] INFO:colcon.colcon_core.shell:Creating prefix script '/home/joseph/Turtle_Pursuit/install/local_setup.bash'
[4.487s] INFO:colcon.colcon_core.shell:Creating prefix chain script '/home/joseph/Turtle_Pursuit/install/setup.bash'
[4.489s] INFO:colcon.colcon_core.shell:Creating prefix script '/home/joseph/Turtle_Pursuit/install/local_setup.zsh'
[4.489s] INFO:colcon.colcon_core.shell:Creating prefix chain script '/home/joseph/Turtle_Pursuit/install/setup.zsh'
