[0.681s] Invoking command in '/home/joseph/Turtle_Pursuit/src/turtle_handlers': PYTHONPATH=/home/joseph/Turtle_Pursuit/build/turtle_handlers/prefix_override:/usr/lib/python3/dist-packages/colcon_core/task/python/colcon_distutils_commands:/home/joseph/Turtle_Pursuit/install/turtle_handlers/lib/python3.10/site-packages:${PYTHONPATH} /usr/bin/python3 -W ignore:setup.py install is deprecated setup.py egg_info --egg-base ../../build/turtle_handlers build --build-base /home/joseph/Turtle_Pursuit/build/turtle_handlers/build install --record /home/joseph/Turtle_Pursuit/build/turtle_handlers/install.log --single-version-externally-managed install_data
[0.946s] running egg_info
[0.946s] writing ../../build/turtle_handlers/turtle_handlers.egg-info/PKG-INFO
[0.946s] writing dependency_links to ../../build/turtle_handlers/turtle_handlers.egg-info/dependency_links.txt
[0.947s] writing entry points to ../../build/turtle_handlers/turtle_handlers.egg-info/entry_points.txt
[0.947s] writing requirements to ../../build/turtle_handlers/turtle_handlers.egg-info/requires.txt
[0.947s] writing top-level names to ../../build/turtle_handlers/turtle_handlers.egg-info/top_level.txt
[0.948s] reading manifest file '../../build/turtle_handlers/turtle_handlers.egg-info/SOURCES.txt'
[0.949s] writing manifest file '../../build/turtle_handlers/turtle_handlers.egg-info/SOURCES.txt'
[0.949s] running build
[0.949s] running build_py
[0.949s] copying turtle_handlers/Turtle_Manager.py -> /home/joseph/Turtle_Pursuit/build/turtle_handlers/build/lib/turtle_handlers
[0.950s] copying turtle_handlers/Turtle_Main.py -> /home/joseph/Turtle_Pursuit/build/turtle_handlers/build/lib/turtle_handlers
[0.950s] running install
[0.950s] running install_lib
[0.951s] copying /home/joseph/Turtle_Pursuit/build/turtle_handlers/build/lib/turtle_handlers/Turtle_Manager.py -> /home/joseph/Turtle_Pursuit/install/turtle_handlers/lib/python3.10/site-packages/turtle_handlers
[0.951s] copying /home/joseph/Turtle_Pursuit/build/turtle_handlers/build/lib/turtle_handlers/Turtle_Main.py -> /home/joseph/Turtle_Pursuit/install/turtle_handlers/lib/python3.10/site-packages/turtle_handlers
[0.952s] byte-compiling /home/joseph/Turtle_Pursuit/install/turtle_handlers/lib/python3.10/site-packages/turtle_handlers/Turtle_Manager.py to Turtle_Manager.cpython-310.pyc
[0.953s] byte-compiling /home/joseph/Turtle_Pursuit/install/turtle_handlers/lib/python3.10/site-packages/turtle_handlers/Turtle_Main.py to Turtle_Main.cpython-310.pyc
[0.954s] running install_data
[0.954s] running install_egg_info
[0.955s] removing '/home/joseph/Turtle_Pursuit/install/turtle_handlers/lib/python3.10/site-packages/turtle_handlers-0.0.0-py3.10.egg-info' (and everything under it)
[0.956s] Copying ../../build/turtle_handlers/turtle_handlers.egg-info to /home/joseph/Turtle_Pursuit/install/turtle_handlers/lib/python3.10/site-packages/turtle_handlers-0.0.0-py3.10.egg-info
[0.957s] running install_scripts
[0.976s] Installing alive_turtle_server script to /home/joseph/Turtle_Pursuit/install/turtle_handlers/lib/turtle_handlers
[0.976s] Installing catch_turtle script to /home/joseph/Turtle_Pursuit/install/turtle_handlers/lib/turtle_handlers
[0.976s] Installing turtle_manger script to /home/joseph/Turtle_Pursuit/install/turtle_handlers/lib/turtle_handlers
[0.976s] writing list of installed files to '/home/joseph/Turtle_Pursuit/build/turtle_handlers/install.log'
[1.005s] Invoked command in '/home/joseph/Turtle_Pursuit/src/turtle_handlers' returned '0': PYTHONPATH=/home/joseph/Turtle_Pursuit/build/turtle_handlers/prefix_override:/usr/lib/python3/dist-packages/colcon_core/task/python/colcon_distutils_commands:/home/joseph/Turtle_Pursuit/install/turtle_handlers/lib/python3.10/site-packages:${PYTHONPATH} /usr/bin/python3 -W ignore:setup.py install is deprecated setup.py egg_info --egg-base ../../build/turtle_handlers build --build-base /home/joseph/Turtle_Pursuit/build/turtle_handlers/build install --record /home/joseph/Turtle_Pursuit/build/turtle_handlers/install.log --single-version-externally-managed install_data
