[0.016s] Invoking command in '/home/joseph/Turtle_Pursuit/build/turtlesim_custom_msg': CMAKE_PREFIX_PATH=${CMAKE_PREFIX_PATH}:/home/joseph/Turtle_Pursuit/install/turtle_handlers:/home/joseph/learn_ros/install/test_pkg:/home/joseph/learn_ros/install/pubsub:/home/joseph/learn_ros/install/activity:/home/joseph/learn_ros/install/clientserver:/home/joseph/turtlesim_catch_turtles/install/handle_turtle:/home/joseph/turtlesim_catch_turtles/install/catch_turtles:/home/joseph/e-Yantra/install/ur5_control:/home/joseph/e-Yantra/install/task3b:/home/joseph/e-Yantra/install/task2a:/home/joseph/e-Yantra/install/misc:/home/joseph/e-Yantra/install/aruco:/opt/ros/humble /usr/bin/cmake --build /home/joseph/Turtle_Pursuit/build/turtlesim_custom_msg -- -j12 -l12
[0.054s] [33mCMake Warning (dev) at CMakeLists.txt:13:
[0.055s]   Syntax Warning in cmake code at column 27
[0.055s] 
[0.055s]   Argument not separated from preceding token by whitespace.
[0.055s] This warning is for project developers.  Use -Wno-dev to suppress it.
[0.055s] [0m
[0.055s] [33mCMake Warning (dev) at CMakeLists.txt:14:
[0.055s]   Syntax Warning in cmake code at column 19
[0.055s] 
[0.055s]   Argument not separated from preceding token by whitespace.
[0.055s] This warning is for project developers.  Use -Wno-dev to suppress it.
[0.055s] [0m
[0.062s] -- Found ament_cmake: 1.3.10 (/opt/ros/humble/share/ament_cmake/cmake)
[0.238s] -- Found rosidl_default_generators: 1.2.0 (/opt/ros/humble/share/rosidl_default_generators/cmake)
[0.243s] -- Using all available rosidl_typesupport_c: rosidl_typesupport_fastrtps_c;rosidl_typesupport_introspection_c
[0.246s] -- Found rosidl_adapter: 3.1.5 (/opt/ros/humble/share/rosidl_adapter/cmake)
[0.282s] -- Using all available rosidl_typesupport_cpp: rosidl_typesupport_fastrtps_cpp;rosidl_typesupport_introspection_cpp
[0.332s] [31mCMake Error at /opt/ros/humble/share/rosidl_cmake/cmake/rosidl_generate_interfaces.cmake:93 (message):
[0.332s]   rosidl_generate_interfaces() the passed file ',' doesn't exist relative to
[0.332s]   the CMAKE_CURRENT_SOURCE_DIR
[0.332s]   '/home/joseph/Turtle_Pursuit/src/turtlesim_custom_msg'
[0.332s] Call Stack (most recent call first):
[0.332s]   CMakeLists.txt:12 (rosidl_generate_interfaces)
[0.332s] 
[0.332s] [0m
[0.332s] -- Configuring incomplete, errors occurred!
[0.332s] See also "/home/joseph/Turtle_Pursuit/build/turtlesim_custom_msg/CMakeFiles/CMakeOutput.log".
[0.337s] gmake: *** [Makefile:747: cmake_check_build_system] Error 1
[0.340s] Invoked command in '/home/joseph/Turtle_Pursuit/build/turtlesim_custom_msg' returned '2': CMAKE_PREFIX_PATH=${CMAKE_PREFIX_PATH}:/home/joseph/Turtle_Pursuit/install/turtle_handlers:/home/joseph/learn_ros/install/test_pkg:/home/joseph/learn_ros/install/pubsub:/home/joseph/learn_ros/install/activity:/home/joseph/learn_ros/install/clientserver:/home/joseph/turtlesim_catch_turtles/install/handle_turtle:/home/joseph/turtlesim_catch_turtles/install/catch_turtles:/home/joseph/e-Yantra/install/ur5_control:/home/joseph/e-Yantra/install/task3b:/home/joseph/e-Yantra/install/task2a:/home/joseph/e-Yantra/install/misc:/home/joseph/e-Yantra/install/aruco:/opt/ros/humble /usr/bin/cmake --build /home/joseph/Turtle_Pursuit/build/turtlesim_custom_msg -- -j12 -l12
