[0.101s] DEBUG:colcon:Command line arguments: ['/usr/bin/colcon', 'build', '--packages-select', 'turtlesim_custom_msg']
[0.101s] DEBUG:colcon:Parsed command line arguments: Namespace(log_base=None, log_level=None, verb_name='build', build_base='build', install_base='install', merge_install=False, symlink_install=False, test_result_base=None, continue_on_error=False, executor='parallel', parallel_workers=12, event_handlers=None, ignore_user_meta=False, metas=['./colcon.meta'], base_paths=['.'], packages_ignore=None, packages_ignore_regex=None, paths=None, packages_up_to=None, packages_up_to_regex=None, packages_above=None, packages_above_and_dependencies=None, packages_above_depth=None, packages_select_by_dep=None, packages_skip_by_dep=None, packages_skip_up_to=None, packages_select_build_failed=False, packages_skip_build_finished=False, packages_select_test_failures=False, packages_skip_test_passed=False, packages_select=['turtlesim_custom_msg'], packages_skip=None, packages_select_regex=None, packages_skip_regex=None, packages_start=None, packages_end=None, allow_overriding=[], cmake_args=None, cmake_target=None, cmake_target_skip_unavailable=False, cmake_clean_cache=False, cmake_clean_first=False, cmake_force_configure=False, ament_cmake_args=None, catkin_cmake_args=None, catkin_skip_building_tests=False, verb_parser=<colcon_defaults.argument_parser.defaults.DefaultArgumentsDecorator object at 0x7fdc2245bc10>, verb_extension=<colcon_core.verb.build.BuildVerb object at 0x7fdc2245b9a0>, main=<bound method BuildVerb.main of <colcon_core.verb.build.BuildVerb object at 0x7fdc2245b9a0>>)
[0.272s] Level 1:colcon.colcon_core.package_discovery:discover_packages(colcon_meta) check parameters
[0.272s] Level 1:colcon.colcon_core.package_discovery:discover_packages(recursive) check parameters
[0.272s] Level 1:colcon.colcon_core.package_discovery:discover_packages(ignore) check parameters
[0.272s] Level 1:colcon.colcon_core.package_discovery:discover_packages(path) check parameters
[0.272s] Level 1:colcon.colcon_core.package_discovery:discover_packages(colcon_meta) discover
[0.272s] Level 1:colcon.colcon_core.package_discovery:discover_packages(recursive) discover
[0.272s] INFO:colcon.colcon_core.package_discovery:Crawling recursively for packages in '/home/joseph/Turtle_Pursuit'
[0.272s] Level 1:colcon.colcon_core.package_identification:_identify(.) by extensions ['ignore', 'ignore_ament_install']
[0.272s] Level 1:colcon.colcon_core.package_identification:_identify(.) by extension 'ignore'
[0.273s] Level 1:colcon.colcon_core.package_identification:_identify(.) by extension 'ignore_ament_install'
[0.273s] Level 1:colcon.colcon_core.package_identification:_identify(.) by extensions ['colcon_pkg']
[0.273s] Level 1:colcon.colcon_core.package_identification:_identify(.) by extension 'colcon_pkg'
[0.273s] Level 1:colcon.colcon_core.package_identification:_identify(.) by extensions ['colcon_meta']
[0.273s] Level 1:colcon.colcon_core.package_identification:_identify(.) by extension 'colcon_meta'
[0.273s] Level 1:colcon.colcon_core.package_identification:_identify(.) by extensions ['ros']
[0.273s] Level 1:colcon.colcon_core.package_identification:_identify(.) by extension 'ros'
[0.281s] Level 1:colcon.colcon_core.package_identification:_identify(.) by extensions ['cmake', 'python']
[0.281s] Level 1:colcon.colcon_core.package_identification:_identify(.) by extension 'cmake'
[0.281s] Level 1:colcon.colcon_core.package_identification:_identify(.) by extension 'python'
[0.281s] Level 1:colcon.colcon_core.package_identification:_identify(.) by extensions ['python_setup_py']
[0.281s] Level 1:colcon.colcon_core.package_identification:_identify(.) by extension 'python_setup_py'
[0.281s] Level 1:colcon.colcon_core.package_identification:_identify(build) by extensions ['ignore', 'ignore_ament_install']
[0.281s] Level 1:colcon.colcon_core.package_identification:_identify(build) by extension 'ignore'
[0.281s] Level 1:colcon.colcon_core.package_identification:_identify(build) ignored
[0.282s] Level 1:colcon.colcon_core.package_identification:_identify(install) by extensions ['ignore', 'ignore_ament_install']
[0.282s] Level 1:colcon.colcon_core.package_identification:_identify(install) by extension 'ignore'
[0.282s] Level 1:colcon.colcon_core.package_identification:_identify(install) ignored
[0.282s] Level 1:colcon.colcon_core.package_identification:_identify(log) by extensions ['ignore', 'ignore_ament_install']
[0.282s] Level 1:colcon.colcon_core.package_identification:_identify(log) by extension 'ignore'
[0.282s] Level 1:colcon.colcon_core.package_identification:_identify(log) ignored
[0.282s] Level 1:colcon.colcon_core.package_identification:_identify(src) by extensions ['ignore', 'ignore_ament_install']
[0.282s] Level 1:colcon.colcon_core.package_identification:_identify(src) by extension 'ignore'
[0.282s] Level 1:colcon.colcon_core.package_identification:_identify(src) by extension 'ignore_ament_install'
[0.282s] Level 1:colcon.colcon_core.package_identification:_identify(src) by extensions ['colcon_pkg']
[0.282s] Level 1:colcon.colcon_core.package_identification:_identify(src) by extension 'colcon_pkg'
[0.282s] Level 1:colcon.colcon_core.package_identification:_identify(src) by extensions ['colcon_meta']
[0.282s] Level 1:colcon.colcon_core.package_identification:_identify(src) by extension 'colcon_meta'
[0.282s] Level 1:colcon.colcon_core.package_identification:_identify(src) by extensions ['ros']
[0.282s] Level 1:colcon.colcon_core.package_identification:_identify(src) by extension 'ros'
[0.282s] Level 1:colcon.colcon_core.package_identification:_identify(src) by extensions ['cmake', 'python']
[0.282s] Level 1:colcon.colcon_core.package_identification:_identify(src) by extension 'cmake'
[0.282s] Level 1:colcon.colcon_core.package_identification:_identify(src) by extension 'python'
[0.282s] Level 1:colcon.colcon_core.package_identification:_identify(src) by extensions ['python_setup_py']
[0.282s] Level 1:colcon.colcon_core.package_identification:_identify(src) by extension 'python_setup_py'
[0.282s] Level 1:colcon.colcon_core.package_identification:_identify(src/turtle_handlers) by extensions ['ignore', 'ignore_ament_install']
[0.283s] Level 1:colcon.colcon_core.package_identification:_identify(src/turtle_handlers) by extension 'ignore'
[0.283s] Level 1:colcon.colcon_core.package_identification:_identify(src/turtle_handlers) by extension 'ignore_ament_install'
[0.283s] Level 1:colcon.colcon_core.package_identification:_identify(src/turtle_handlers) by extensions ['colcon_pkg']
[0.283s] Level 1:colcon.colcon_core.package_identification:_identify(src/turtle_handlers) by extension 'colcon_pkg'
[0.283s] Level 1:colcon.colcon_core.package_identification:_identify(src/turtle_handlers) by extensions ['colcon_meta']
[0.283s] Level 1:colcon.colcon_core.package_identification:_identify(src/turtle_handlers) by extension 'colcon_meta'
[0.283s] Level 1:colcon.colcon_core.package_identification:_identify(src/turtle_handlers) by extensions ['ros']
[0.283s] Level 1:colcon.colcon_core.package_identification:_identify(src/turtle_handlers) by extension 'ros'
[0.285s] DEBUG:colcon.colcon_core.package_identification:Package 'src/turtle_handlers' with type 'ros.ament_python' and name 'turtle_handlers'
[0.285s] Level 1:colcon.colcon_core.package_identification:_identify(src/turtlesim_custom_msg) by extensions ['ignore', 'ignore_ament_install']
[0.285s] Level 1:colcon.colcon_core.package_identification:_identify(src/turtlesim_custom_msg) by extension 'ignore'
[0.285s] Level 1:colcon.colcon_core.package_identification:_identify(src/turtlesim_custom_msg) by extension 'ignore_ament_install'
[0.285s] Level 1:colcon.colcon_core.package_identification:_identify(src/turtlesim_custom_msg) by extensions ['colcon_pkg']
[0.285s] Level 1:colcon.colcon_core.package_identification:_identify(src/turtlesim_custom_msg) by extension 'colcon_pkg'
[0.285s] Level 1:colcon.colcon_core.package_identification:_identify(src/turtlesim_custom_msg) by extensions ['colcon_meta']
[0.285s] Level 1:colcon.colcon_core.package_identification:_identify(src/turtlesim_custom_msg) by extension 'colcon_meta'
[0.285s] Level 1:colcon.colcon_core.package_identification:_identify(src/turtlesim_custom_msg) by extensions ['ros']
[0.285s] Level 1:colcon.colcon_core.package_identification:_identify(src/turtlesim_custom_msg) by extension 'ros'
[0.285s] DEBUG:colcon.colcon_core.package_identification:Package 'src/turtlesim_custom_msg' with type 'ros.ament_cmake' and name 'turtlesim_custom_msg'
[0.285s] Level 1:colcon.colcon_core.package_discovery:discover_packages(recursive) using defaults
[0.285s] Level 1:colcon.colcon_core.package_discovery:discover_packages(ignore) discover
[0.286s] Level 1:colcon.colcon_core.package_discovery:discover_packages(ignore) using defaults
[0.286s] Level 1:colcon.colcon_core.package_discovery:discover_packages(path) discover
[0.286s] Level 1:colcon.colcon_core.package_discovery:discover_packages(path) using defaults
[0.301s] INFO:colcon.colcon_core.package_selection:Skipping not selected package 'turtle_handlers' in 'src/turtle_handlers'
[0.301s] Level 1:colcon.colcon_core.package_discovery:discover_packages(prefix_path) check parameters
[0.301s] Level 1:colcon.colcon_core.package_discovery:discover_packages(prefix_path) discover
[0.304s] DEBUG:colcon.colcon_installed_package_information.package_discovery:Found 2 installed packages in /home/joseph/Turtle_Pursuit/install
[0.304s] DEBUG:colcon.colcon_installed_package_information.package_discovery:Found 5 installed packages in /home/joseph/learn_ros/install
[0.304s] DEBUG:colcon.colcon_installed_package_information.package_discovery:Found 2 installed packages in /home/joseph/ros2_urdf_ws/install
[0.305s] DEBUG:colcon.colcon_installed_package_information.package_discovery:Found 4 installed packages in /home/joseph/turtlesim_catch_turtles/install
[0.305s] DEBUG:colcon.colcon_installed_package_information.package_discovery:Found 17 installed packages in /home/joseph/e-Yantra/install
[0.307s] DEBUG:colcon.colcon_installed_package_information.package_discovery:Found 469 installed packages in /opt/ros/humble
[0.309s] Level 1:colcon.colcon_core.package_discovery:discover_packages(prefix_path) using defaults
[0.365s] Level 5:colcon.colcon_core.verb:set package 'turtlesim_custom_msg' build argument 'cmake_args' from command line to 'None'
[0.365s] Level 5:colcon.colcon_core.verb:set package 'turtlesim_custom_msg' build argument 'cmake_target' from command line to 'None'
[0.365s] Level 5:colcon.colcon_core.verb:set package 'turtlesim_custom_msg' build argument 'cmake_target_skip_unavailable' from command line to 'False'
[0.365s] Level 5:colcon.colcon_core.verb:set package 'turtlesim_custom_msg' build argument 'cmake_clean_cache' from command line to 'False'
[0.365s] Level 5:colcon.colcon_core.verb:set package 'turtlesim_custom_msg' build argument 'cmake_clean_first' from command line to 'False'
[0.365s] Level 5:colcon.colcon_core.verb:set package 'turtlesim_custom_msg' build argument 'cmake_force_configure' from command line to 'False'
[0.365s] Level 5:colcon.colcon_core.verb:set package 'turtlesim_custom_msg' build argument 'ament_cmake_args' from command line to 'None'
[0.365s] Level 5:colcon.colcon_core.verb:set package 'turtlesim_custom_msg' build argument 'catkin_cmake_args' from command line to 'None'
[0.365s] Level 5:colcon.colcon_core.verb:set package 'turtlesim_custom_msg' build argument 'catkin_skip_building_tests' from command line to 'False'
[0.365s] DEBUG:colcon.colcon_core.verb:Building package 'turtlesim_custom_msg' with the following arguments: {'ament_cmake_args': None, 'build_base': '/home/joseph/Turtle_Pursuit/build/turtlesim_custom_msg', 'catkin_cmake_args': None, 'catkin_skip_building_tests': False, 'cmake_args': None, 'cmake_clean_cache': False, 'cmake_clean_first': False, 'cmake_force_configure': False, 'cmake_target': None, 'cmake_target_skip_unavailable': False, 'install_base': '/home/joseph/Turtle_Pursuit/install/turtlesim_custom_msg', 'merge_install': False, 'path': '/home/joseph/Turtle_Pursuit/src/turtlesim_custom_msg', 'symlink_install': False, 'test_result_base': None}
[0.365s] INFO:colcon.colcon_core.executor:Executing jobs using 'parallel' executor
[0.366s] DEBUG:colcon.colcon_parallel_executor.executor.parallel:run_until_complete
[0.366s] INFO:colcon.colcon_ros.task.ament_cmake.build:Building ROS package in '/home/joseph/Turtle_Pursuit/src/turtlesim_custom_msg' with build type 'ament_cmake'
[0.367s] INFO:colcon.colcon_cmake.task.cmake.build:Building CMake package in '/home/joseph/Turtle_Pursuit/src/turtlesim_custom_msg'
[0.368s] INFO:colcon.colcon_core.plugin_system:Skipping extension 'colcon_core.shell.bat': Not used on non-Windows systems
[0.369s] INFO:colcon.colcon_core.shell:Skip shell extension 'powershell' for command environment: Not usable outside of PowerShell
[0.369s] DEBUG:colcon.colcon_core.shell:Skip shell extension 'dsv' for command environment
[0.380s] DEBUG:colcon.colcon_core.event_handler.log_command:Invoking command in '/home/joseph/Turtle_Pursuit/build/turtlesim_custom_msg': CMAKE_PREFIX_PATH=${CMAKE_PREFIX_PATH}:/home/joseph/Turtle_Pursuit/install/turtle_handlers:/home/joseph/learn_ros/install/test_pkg:/home/joseph/learn_ros/install/pubsub:/home/joseph/learn_ros/install/activity:/home/joseph/learn_ros/install/clientserver:/home/joseph/turtlesim_catch_turtles/install/handle_turtle:/home/joseph/turtlesim_catch_turtles/install/catch_turtles:/home/joseph/e-Yantra/install/ur5_control:/home/joseph/e-Yantra/install/task3b:/home/joseph/e-Yantra/install/task2a:/home/joseph/e-Yantra/install/misc:/home/joseph/e-Yantra/install/aruco:/opt/ros/humble /usr/bin/cmake --build /home/joseph/Turtle_Pursuit/build/turtlesim_custom_msg -- -j12 -l12
[0.897s] DEBUG:colcon.colcon_core.event_handler.log_command:Invoked command in '/home/joseph/Turtle_Pursuit/build/turtlesim_custom_msg' returned '2': CMAKE_PREFIX_PATH=${CMAKE_PREFIX_PATH}:/home/joseph/Turtle_Pursuit/install/turtle_handlers:/home/joseph/learn_ros/install/test_pkg:/home/joseph/learn_ros/install/pubsub:/home/joseph/learn_ros/install/activity:/home/joseph/learn_ros/install/clientserver:/home/joseph/turtlesim_catch_turtles/install/handle_turtle:/home/joseph/turtlesim_catch_turtles/install/catch_turtles:/home/joseph/e-Yantra/install/ur5_control:/home/joseph/e-Yantra/install/task3b:/home/joseph/e-Yantra/install/task2a:/home/joseph/e-Yantra/install/misc:/home/joseph/e-Yantra/install/aruco:/opt/ros/humble /usr/bin/cmake --build /home/joseph/Turtle_Pursuit/build/turtlesim_custom_msg -- -j12 -l12
[1.065s] Level 1:colcon.colcon_core.environment:create_environment_scripts_only(turtlesim_custom_msg)
[1.067s] Level 1:colcon.colcon_core.environment:checking '/home/joseph/Turtle_Pursuit/install/turtlesim_custom_msg' for CMake module files
[1.068s] Level 1:colcon.colcon_core.environment:checking '/home/joseph/Turtle_Pursuit/install/turtlesim_custom_msg' for CMake config files
[1.069s] Level 1:colcon.colcon_core.shell:create_environment_hook('turtlesim_custom_msg', 'cmake_prefix_path')
[1.069s] INFO:colcon.colcon_core.shell:Creating environment hook '/home/joseph/Turtle_Pursuit/install/turtlesim_custom_msg/share/turtlesim_custom_msg/hook/cmake_prefix_path.ps1'
[1.070s] INFO:colcon.colcon_core.shell:Creating environment descriptor '/home/joseph/Turtle_Pursuit/install/turtlesim_custom_msg/share/turtlesim_custom_msg/hook/cmake_prefix_path.dsv'
[1.070s] INFO:colcon.colcon_core.shell:Creating environment hook '/home/joseph/Turtle_Pursuit/install/turtlesim_custom_msg/share/turtlesim_custom_msg/hook/cmake_prefix_path.sh'
[1.071s] Level 1:colcon.colcon_core.environment:checking '/home/joseph/Turtle_Pursuit/install/turtlesim_custom_msg/lib'
[1.071s] Level 1:colcon.colcon_core.shell:create_environment_hook('turtlesim_custom_msg', 'ld_library_path_lib')
[1.071s] INFO:colcon.colcon_core.shell:Creating environment hook '/home/joseph/Turtle_Pursuit/install/turtlesim_custom_msg/share/turtlesim_custom_msg/hook/ld_library_path_lib.ps1'
[1.072s] INFO:colcon.colcon_core.shell:Creating environment descriptor '/home/joseph/Turtle_Pursuit/install/turtlesim_custom_msg/share/turtlesim_custom_msg/hook/ld_library_path_lib.dsv'
[1.072s] INFO:colcon.colcon_core.shell:Creating environment hook '/home/joseph/Turtle_Pursuit/install/turtlesim_custom_msg/share/turtlesim_custom_msg/hook/ld_library_path_lib.sh'
[1.072s] Level 1:colcon.colcon_core.environment:checking '/home/joseph/Turtle_Pursuit/install/turtlesim_custom_msg/bin'
[1.072s] Level 1:colcon.colcon_core.environment:checking '/home/joseph/Turtle_Pursuit/install/turtlesim_custom_msg/lib/pkgconfig/turtlesim_custom_msg.pc'
[1.073s] Level 1:colcon.colcon_core.environment:checking '/home/joseph/Turtle_Pursuit/install/turtlesim_custom_msg/lib/python3.10/site-packages'
[1.073s] Level 1:colcon.colcon_core.environment:checking '/home/joseph/Turtle_Pursuit/install/turtlesim_custom_msg/bin'
[1.073s] INFO:colcon.colcon_core.shell:Creating package script '/home/joseph/Turtle_Pursuit/install/turtlesim_custom_msg/share/turtlesim_custom_msg/package.ps1'
[1.074s] INFO:colcon.colcon_core.shell:Creating package descriptor '/home/joseph/Turtle_Pursuit/install/turtlesim_custom_msg/share/turtlesim_custom_msg/package.dsv'
[1.074s] INFO:colcon.colcon_core.shell:Creating package script '/home/joseph/Turtle_Pursuit/install/turtlesim_custom_msg/share/turtlesim_custom_msg/package.sh'
[1.075s] INFO:colcon.colcon_core.shell:Creating package script '/home/joseph/Turtle_Pursuit/install/turtlesim_custom_msg/share/turtlesim_custom_msg/package.bash'
[1.076s] INFO:colcon.colcon_core.shell:Creating package script '/home/joseph/Turtle_Pursuit/install/turtlesim_custom_msg/share/turtlesim_custom_msg/package.zsh'
[1.076s] Level 1:colcon.colcon_core.environment:create_file_with_runtime_dependencies(/home/joseph/Turtle_Pursuit/install/turtlesim_custom_msg/share/colcon-core/packages/turtlesim_custom_msg)
[1.087s] DEBUG:colcon.colcon_parallel_executor.executor.parallel:closing loop
[1.087s] DEBUG:colcon.colcon_parallel_executor.executor.parallel:loop closed
[1.087s] DEBUG:colcon.colcon_parallel_executor.executor.parallel:run_until_complete finished with '2'
[1.087s] DEBUG:colcon.colcon_core.event_reactor:joining thread
[1.093s] INFO:colcon.colcon_core.plugin_system:Skipping extension 'colcon_notification.desktop_notification.terminal_notifier': Not used on non-Darwin systems
[1.093s] INFO:colcon.colcon_core.plugin_system:Skipping extension 'colcon_notification.desktop_notification.win32': Not used on non-Windows systems
[1.093s] INFO:colcon.colcon_notification.desktop_notification:Sending desktop notification using 'notify2'
[1.105s] DEBUG:colcon.colcon_core.event_reactor:joined thread
[1.106s] INFO:colcon.colcon_core.shell:Creating prefix script '/home/joseph/Turtle_Pursuit/install/local_setup.ps1'
[1.107s] INFO:colcon.colcon_core.shell:Creating prefix util module '/home/joseph/Turtle_Pursuit/install/_local_setup_util_ps1.py'
[1.108s] INFO:colcon.colcon_core.shell:Creating prefix chain script '/home/joseph/Turtle_Pursuit/install/setup.ps1'
[1.110s] INFO:colcon.colcon_core.shell:Creating prefix script '/home/joseph/Turtle_Pursuit/install/local_setup.sh'
[1.111s] INFO:colcon.colcon_core.shell:Creating prefix util module '/home/joseph/Turtle_Pursuit/install/_local_setup_util_sh.py'
[1.112s] INFO:colcon.colcon_core.shell:Creating prefix chain script '/home/joseph/Turtle_Pursuit/install/setup.sh'
[1.113s] INFO:colcon.colcon_core.shell:Creating prefix script '/home/joseph/Turtle_Pursuit/install/local_setup.bash'
[1.114s] INFO:colcon.colcon_core.shell:Creating prefix chain script '/home/joseph/Turtle_Pursuit/install/setup.bash'
[1.115s] INFO:colcon.colcon_core.shell:Creating prefix script '/home/joseph/Turtle_Pursuit/install/local_setup.zsh'
[1.116s] INFO:colcon.colcon_core.shell:Creating prefix chain script '/home/joseph/Turtle_Pursuit/install/setup.zsh'
