[0.013s] Invoking command in '/home/joseph/Turtle_Pursuit/build/turtle_pursuit_custom_interfaces': CMAKE_PREFIX_PATH=${CMAKE_PREFIX_PATH}:/home/joseph/learn_ros/install/test_pkg:/home/joseph/learn_ros/install/pubsub:/home/joseph/learn_ros/install/activity:/home/joseph/learn_ros/install/clientserver:/home/joseph/turtlesim_catch_turtles/install/handle_turtle:/home/joseph/turtlesim_catch_turtles/install/catch_turtles:/home/joseph/e-Yantra/install/ur5_control:/home/joseph/e-Yantra/install/task3b:/home/joseph/e-Yantra/install/task2a:/home/joseph/e-Yantra/install/misc:/home/joseph/e-Yantra/install/aruco:/opt/ros/humble /usr/bin/cmake /home/joseph/Turtle_Pursuit/src/turtle_pursuit_custom_interfaces -DCMAKE_INSTALL_PREFIX=/home/joseph/Turtle_Pursuit/install/turtle_pursuit_custom_interfaces
[0.098s] -- The C compiler identification is GNU 11.4.0
[0.163s] -- The CXX compiler identification is GNU 11.4.0
[0.172s] -- Detecting C compiler ABI info
[0.240s] -- Detecting C compiler ABI info - done
[0.245s] -- Check for working C compiler: /usr/bin/cc - skipped
[0.245s] -- Detecting C compile features
[0.246s] -- Detecting C compile features - done
[0.249s] -- Detecting CXX compiler ABI info
[0.323s] -- Detecting CXX compiler ABI info - done
[0.329s] -- Check for working CXX compiler: /usr/bin/c++ - skipped
[0.329s] -- Detecting CXX compile features
[0.329s] -- Detecting CXX compile features - done
[0.340s] -- Found ament_cmake: 1.3.10 (/opt/ros/humble/share/ament_cmake/cmake)
[0.500s] -- Found Python3: /usr/bin/python3 (found version "3.10.12") found components: Interpreter 
[0.651s] -- Found rosidl_default_generators: 1.2.0 (/opt/ros/humble/share/rosidl_default_generators/cmake)
[0.660s] -- Using all available rosidl_typesupport_c: rosidl_typesupport_fastrtps_c;rosidl_typesupport_introspection_c
[0.676s] -- Found rosidl_adapter: 3.1.5 (/opt/ros/humble/share/rosidl_adapter/cmake)
[0.768s] -- Using all available rosidl_typesupport_cpp: rosidl_typesupport_fastrtps_cpp;rosidl_typesupport_introspection_cpp
[0.845s] -- Found builtin_interfaces: 1.2.1 (/opt/ros/humble/share/builtin_interfaces/cmake)
[1.095s] -- Found ament_cmake_ros: 0.10.0 (/opt/ros/humble/share/ament_cmake_ros/cmake)
[1.274s] -- Using all available rosidl_typesupport_c: rosidl_typesupport_fastrtps_c;rosidl_typesupport_introspection_c
[1.490s] -- Using all available rosidl_typesupport_cpp: rosidl_typesupport_fastrtps_cpp;rosidl_typesupport_introspection_cpp
[1.512s] -- Found PythonInterp: /usr/bin/python3 (found suitable version "3.10.12", minimum required is "3.6") 
[1.517s] -- Found python_cmake_module: 0.10.0 (/opt/ros/humble/share/python_cmake_module/cmake)
[1.543s] -- Found PythonLibs: /usr/lib/x86_64-linux-gnu/libpython3.10.so (found suitable version "3.10.12", minimum required is "3.5") 
[1.543s] -- Using PYTHON_EXECUTABLE: /usr/bin/python3
[1.543s] -- Using PYTHON_INCLUDE_DIRS: /usr/include/python3.10
[1.543s] -- Using PYTHON_LIBRARIES: /usr/lib/x86_64-linux-gnu/libpython3.10.so
[1.563s] -- Found PythonExtra: .so  
[1.607s] -- Configuring done
[1.635s] -- Generating done
[1.637s] -- Build files have been written to: /home/joseph/Turtle_Pursuit/build/turtle_pursuit_custom_interfaces
[1.643s] Invoked command in '/home/joseph/Turtle_Pursuit/build/turtle_pursuit_custom_interfaces' returned '0': CMAKE_PREFIX_PATH=${CMAKE_PREFIX_PATH}:/home/joseph/learn_ros/install/test_pkg:/home/joseph/learn_ros/install/pubsub:/home/joseph/learn_ros/install/activity:/home/joseph/learn_ros/install/clientserver:/home/joseph/turtlesim_catch_turtles/install/handle_turtle:/home/joseph/turtlesim_catch_turtles/install/catch_turtles:/home/joseph/e-Yantra/install/ur5_control:/home/joseph/e-Yantra/install/task3b:/home/joseph/e-Yantra/install/task2a:/home/joseph/e-Yantra/install/misc:/home/joseph/e-Yantra/install/aruco:/opt/ros/humble /usr/bin/cmake /home/joseph/Turtle_Pursuit/src/turtle_pursuit_custom_interfaces -DCMAKE_INSTALL_PREFIX=/home/joseph/Turtle_Pursuit/install/turtle_pursuit_custom_interfaces
[1.645s] Invoking command in '/home/joseph/Turtle_Pursuit/build/turtle_pursuit_custom_interfaces': CMAKE_PREFIX_PATH=${CMAKE_PREFIX_PATH}:/home/joseph/learn_ros/install/test_pkg:/home/joseph/learn_ros/install/pubsub:/home/joseph/learn_ros/install/activity:/home/joseph/learn_ros/install/clientserver:/home/joseph/turtlesim_catch_turtles/install/handle_turtle:/home/joseph/turtlesim_catch_turtles/install/catch_turtles:/home/joseph/e-Yantra/install/ur5_control:/home/joseph/e-Yantra/install/task3b:/home/joseph/e-Yantra/install/task2a:/home/joseph/e-Yantra/install/misc:/home/joseph/e-Yantra/install/aruco:/opt/ros/humble /usr/bin/cmake --build /home/joseph/Turtle_Pursuit/build/turtle_pursuit_custom_interfaces -- -j12 -l12
[1.684s] [  2%] [34m[1mGenerating C code for ROS interfaces[0m
[1.694s] [  4%] [34m[1mGenerating C++ code for ROS interfaces[0m
[1.702s] [  4%] Built target ament_cmake_python_copy_turtle_pursuit_custom_interfaces
[1.947s] running egg_info
[1.948s] creating turtle_pursuit_custom_interfaces.egg-info
[1.948s] writing turtle_pursuit_custom_interfaces.egg-info/PKG-INFO
[1.948s] writing dependency_links to turtle_pursuit_custom_interfaces.egg-info/dependency_links.txt
[1.948s] writing top-level names to turtle_pursuit_custom_interfaces.egg-info/top_level.txt
[1.948s] writing manifest file 'turtle_pursuit_custom_interfaces.egg-info/SOURCES.txt'
[1.952s] reading manifest file 'turtle_pursuit_custom_interfaces.egg-info/SOURCES.txt'
[1.952s] writing manifest file 'turtle_pursuit_custom_interfaces.egg-info/SOURCES.txt'
[1.975s] [  4%] Built target turtle_pursuit_custom_interfaces__cpp
[1.983s] [  4%] Built target ament_cmake_python_build_turtle_pursuit_custom_interfaces_egg
[1.984s] [  6%] [34m[1mGenerating C++ type support for eProsima Fast-RTPS[0m
[1.987s] [ 10%] [34m[1mGenerating C++ introspection for ROS interfaces[0m
[1.987s] [ 10%] [34m[1mGenerating C++ type support dispatch for ROS interfaces[0m
[2.005s] [ 17%] [32mBuilding C object CMakeFiles/turtle_pursuit_custom_interfaces__rosidl_generator_c.dir/rosidl_generator_c/turtle_pursuit_custom_interfaces/srv/detail/kill_turtle__functions.c.o[0m
[2.005s] [ 17%] [32mBuilding C object CMakeFiles/turtle_pursuit_custom_interfaces__rosidl_generator_c.dir/rosidl_generator_c/turtle_pursuit_custom_interfaces/msg/detail/alive_turtle_array__functions.c.o[0m
[2.006s] [ 17%] [32mBuilding C object CMakeFiles/turtle_pursuit_custom_interfaces__rosidl_generator_c.dir/rosidl_generator_c/turtle_pursuit_custom_interfaces/msg/detail/turtle__functions.c.o[0m
[2.063s] [ 19%] [32m[1mLinking C shared library libturtle_pursuit_custom_interfaces__rosidl_generator_c.so[0m
[2.099s] [ 19%] Built target turtle_pursuit_custom_interfaces__rosidl_generator_c
[2.109s] [ 25%] [34m[1mGenerating C type support dispatch for ROS interfaces[0m
[2.110s] [ 25%] [34m[1mGenerating C type support for eProsima Fast-RTPS[0m
[2.110s] [ 25%] [34m[1mGenerating C introspection for ROS interfaces[0m
[2.217s] [ 27%] [32mBuilding CXX object CMakeFiles/turtle_pursuit_custom_interfaces__rosidl_typesupport_cpp.dir/rosidl_typesupport_cpp/turtle_pursuit_custom_interfaces/msg/turtle__type_support.cpp.o[0m
[2.219s] [ 31%] [32mBuilding CXX object CMakeFiles/turtle_pursuit_custom_interfaces__rosidl_typesupport_cpp.dir/rosidl_typesupport_cpp/turtle_pursuit_custom_interfaces/srv/kill_turtle__type_support.cpp.o[0m
[2.220s] [ 31%] [32mBuilding CXX object CMakeFiles/turtle_pursuit_custom_interfaces__rosidl_typesupport_cpp.dir/rosidl_typesupport_cpp/turtle_pursuit_custom_interfaces/msg/alive_turtle_array__type_support.cpp.o[0m
[2.257s] [ 34%] [32mBuilding CXX object CMakeFiles/turtle_pursuit_custom_interfaces__rosidl_typesupport_introspection_cpp.dir/rosidl_typesupport_introspection_cpp/turtle_pursuit_custom_interfaces/msg/detail/alive_turtle_array__type_support.cpp.o[0m
[2.258s] [ 36%] [32mBuilding CXX object CMakeFiles/turtle_pursuit_custom_interfaces__rosidl_typesupport_introspection_cpp.dir/rosidl_typesupport_introspection_cpp/turtle_pursuit_custom_interfaces/msg/detail/turtle__type_support.cpp.o[0m
[2.260s] [ 38%] [32mBuilding CXX object CMakeFiles/turtle_pursuit_custom_interfaces__rosidl_typesupport_introspection_cpp.dir/rosidl_typesupport_introspection_cpp/turtle_pursuit_custom_interfaces/srv/detail/kill_turtle__type_support.cpp.o[0m
[2.278s] [ 42%] [32mBuilding CXX object CMakeFiles/turtle_pursuit_custom_interfaces__rosidl_typesupport_fastrtps_cpp.dir/rosidl_typesupport_fastrtps_cpp/turtle_pursuit_custom_interfaces/msg/detail/dds_fastrtps/alive_turtle_array__type_support.cpp.o[0m
[2.278s] [ 42%] [32mBuilding CXX object CMakeFiles/turtle_pursuit_custom_interfaces__rosidl_typesupport_fastrtps_cpp.dir/rosidl_typesupport_fastrtps_cpp/turtle_pursuit_custom_interfaces/msg/detail/dds_fastrtps/turtle__type_support.cpp.o[0m
[2.278s] [ 44%] [32mBuilding CXX object CMakeFiles/turtle_pursuit_custom_interfaces__rosidl_typesupport_fastrtps_cpp.dir/rosidl_typesupport_fastrtps_cpp/turtle_pursuit_custom_interfaces/srv/detail/dds_fastrtps/kill_turtle__type_support.cpp.o[0m
[2.477s] [ 46%] [32mBuilding CXX object CMakeFiles/turtle_pursuit_custom_interfaces__rosidl_typesupport_c.dir/rosidl_typesupport_c/turtle_pursuit_custom_interfaces/msg/turtle__type_support.cpp.o[0m
[2.528s] [ 48%] [32mBuilding CXX object CMakeFiles/turtle_pursuit_custom_interfaces__rosidl_typesupport_c.dir/rosidl_typesupport_c/turtle_pursuit_custom_interfaces/msg/alive_turtle_array__type_support.cpp.o[0m
[2.572s] [ 51%] [32mBuilding CXX object CMakeFiles/turtle_pursuit_custom_interfaces__rosidl_typesupport_c.dir/rosidl_typesupport_c/turtle_pursuit_custom_interfaces/srv/kill_turtle__type_support.cpp.o[0m
[2.594s] [ 55%] [32mBuilding CXX object CMakeFiles/turtle_pursuit_custom_interfaces__rosidl_typesupport_fastrtps_c.dir/rosidl_typesupport_fastrtps_c/turtle_pursuit_custom_interfaces/msg/detail/alive_turtle_array__type_support_c.cpp.o[0m
[2.594s] [ 55%] [32mBuilding CXX object CMakeFiles/turtle_pursuit_custom_interfaces__rosidl_typesupport_fastrtps_c.dir/rosidl_typesupport_fastrtps_c/turtle_pursuit_custom_interfaces/msg/detail/turtle__type_support_c.cpp.o[0m
[2.594s] [ 57%] [32mBuilding C object CMakeFiles/turtle_pursuit_custom_interfaces__rosidl_typesupport_introspection_c.dir/rosidl_typesupport_introspection_c/turtle_pursuit_custom_interfaces/msg/detail/turtle__type_support.c.o[0m
[2.596s] [ 59%] [32mBuilding C object CMakeFiles/turtle_pursuit_custom_interfaces__rosidl_typesupport_introspection_c.dir/rosidl_typesupport_introspection_c/turtle_pursuit_custom_interfaces/msg/detail/alive_turtle_array__type_support.c.o[0m
[2.609s] [ 61%] [32m[1mLinking CXX shared library libturtle_pursuit_custom_interfaces__rosidl_typesupport_cpp.so[0m
[2.621s] [ 63%] [32m[1mLinking CXX shared library libturtle_pursuit_custom_interfaces__rosidl_typesupport_c.so[0m
[2.652s] [ 65%] [32mBuilding C object CMakeFiles/turtle_pursuit_custom_interfaces__rosidl_typesupport_introspection_c.dir/rosidl_typesupport_introspection_c/turtle_pursuit_custom_interfaces/srv/detail/kill_turtle__type_support.c.o[0m
[2.654s] [ 68%] [32mBuilding CXX object CMakeFiles/turtle_pursuit_custom_interfaces__rosidl_typesupport_fastrtps_c.dir/rosidl_typesupport_fastrtps_c/turtle_pursuit_custom_interfaces/srv/detail/kill_turtle__type_support_c.cpp.o[0m
[2.689s] [ 68%] Built target turtle_pursuit_custom_interfaces__rosidl_typesupport_c
[2.691s] [ 68%] Built target turtle_pursuit_custom_interfaces__rosidl_typesupport_cpp
[2.712s] [ 70%] [32m[1mLinking C shared library libturtle_pursuit_custom_interfaces__rosidl_typesupport_introspection_c.so[0m
[2.774s] [ 70%] Built target turtle_pursuit_custom_interfaces__rosidl_typesupport_introspection_c
[2.814s] [ 72%] [32m[1mLinking CXX shared library libturtle_pursuit_custom_interfaces__rosidl_typesupport_introspection_cpp.so[0m
[2.831s] [ 74%] [32m[1mLinking CXX shared library libturtle_pursuit_custom_interfaces__rosidl_typesupport_fastrtps_cpp.so[0m
[2.901s] [ 74%] Built target turtle_pursuit_custom_interfaces__rosidl_typesupport_introspection_cpp
[2.917s] [ 74%] Built target turtle_pursuit_custom_interfaces__rosidl_typesupport_fastrtps_cpp
[2.973s] [ 76%] [32m[1mLinking CXX shared library libturtle_pursuit_custom_interfaces__rosidl_typesupport_fastrtps_c.so[0m
[3.034s] [ 76%] Built target turtle_pursuit_custom_interfaces__rosidl_typesupport_fastrtps_c
[3.055s] [ 76%] Built target turtle_pursuit_custom_interfaces
[3.075s] [ 78%] [34m[1mGenerating Python code for ROS interfaces[0m
[3.447s] [ 78%] Built target turtle_pursuit_custom_interfaces__py
[3.468s] [ 85%] [32mBuilding C object CMakeFiles/turtle_pursuit_custom_interfaces__rosidl_generator_py.dir/rosidl_generator_py/turtle_pursuit_custom_interfaces/msg/_turtle_s.c.o[0m
[3.468s] [ 85%] [32mBuilding C object CMakeFiles/turtle_pursuit_custom_interfaces__rosidl_generator_py.dir/rosidl_generator_py/turtle_pursuit_custom_interfaces/srv/_kill_turtle_s.c.o[0m
[3.468s] [ 85%] [32mBuilding C object CMakeFiles/turtle_pursuit_custom_interfaces__rosidl_generator_py.dir/rosidl_generator_py/turtle_pursuit_custom_interfaces/msg/_alive_turtle_array_s.c.o[0m
[3.569s] [ 87%] [32m[1mLinking C shared library rosidl_generator_py/turtle_pursuit_custom_interfaces/libturtle_pursuit_custom_interfaces__rosidl_generator_py.so[0m
[3.606s] [ 87%] Built target turtle_pursuit_custom_interfaces__rosidl_generator_py
[3.626s] [ 93%] [32mBuilding C object CMakeFiles/turtle_pursuit_custom_interfaces__rosidl_typesupport_introspection_c__pyext.dir/rosidl_generator_py/turtle_pursuit_custom_interfaces/_turtle_pursuit_custom_interfaces_s.ep.rosidl_typesupport_introspection_c.c.o[0m
[3.627s] [ 93%] [32mBuilding C object CMakeFiles/turtle_pursuit_custom_interfaces__rosidl_typesupport_fastrtps_c__pyext.dir/rosidl_generator_py/turtle_pursuit_custom_interfaces/_turtle_pursuit_custom_interfaces_s.ep.rosidl_typesupport_fastrtps_c.c.o[0m
[3.627s] [ 93%] [32mBuilding C object CMakeFiles/turtle_pursuit_custom_interfaces__rosidl_typesupport_c__pyext.dir/rosidl_generator_py/turtle_pursuit_custom_interfaces/_turtle_pursuit_custom_interfaces_s.ep.rosidl_typesupport_c.c.o[0m
[3.705s] [ 97%] [32m[1mLinking C shared library rosidl_generator_py/turtle_pursuit_custom_interfaces/turtle_pursuit_custom_interfaces_s__rosidl_typesupport_introspection_c.cpython-310-x86_64-linux-gnu.so[0m
[3.705s] [ 97%] [32m[1mLinking C shared library rosidl_generator_py/turtle_pursuit_custom_interfaces/turtle_pursuit_custom_interfaces_s__rosidl_typesupport_c.cpython-310-x86_64-linux-gnu.so[0m
[3.708s] [100%] [32m[1mLinking C shared library rosidl_generator_py/turtle_pursuit_custom_interfaces/turtle_pursuit_custom_interfaces_s__rosidl_typesupport_fastrtps_c.cpython-310-x86_64-linux-gnu.so[0m
[3.737s] [100%] Built target turtle_pursuit_custom_interfaces__rosidl_typesupport_introspection_c__pyext
[3.737s] [100%] Built target turtle_pursuit_custom_interfaces__rosidl_typesupport_c__pyext
[3.739s] [100%] Built target turtle_pursuit_custom_interfaces__rosidl_typesupport_fastrtps_c__pyext
[3.751s] Invoked command in '/home/joseph/Turtle_Pursuit/build/turtle_pursuit_custom_interfaces' returned '0': CMAKE_PREFIX_PATH=${CMAKE_PREFIX_PATH}:/home/joseph/learn_ros/install/test_pkg:/home/joseph/learn_ros/install/pubsub:/home/joseph/learn_ros/install/activity:/home/joseph/learn_ros/install/clientserver:/home/joseph/turtlesim_catch_turtles/install/handle_turtle:/home/joseph/turtlesim_catch_turtles/install/catch_turtles:/home/joseph/e-Yantra/install/ur5_control:/home/joseph/e-Yantra/install/task3b:/home/joseph/e-Yantra/install/task2a:/home/joseph/e-Yantra/install/misc:/home/joseph/e-Yantra/install/aruco:/opt/ros/humble /usr/bin/cmake --build /home/joseph/Turtle_Pursuit/build/turtle_pursuit_custom_interfaces -- -j12 -l12
[3.879s] Invoking command in '/home/joseph/Turtle_Pursuit/build/turtle_pursuit_custom_interfaces': CMAKE_PREFIX_PATH=${CMAKE_PREFIX_PATH}:/home/joseph/learn_ros/install/test_pkg:/home/joseph/learn_ros/install/pubsub:/home/joseph/learn_ros/install/activity:/home/joseph/learn_ros/install/clientserver:/home/joseph/turtlesim_catch_turtles/install/handle_turtle:/home/joseph/turtlesim_catch_turtles/install/catch_turtles:/home/joseph/e-Yantra/install/ur5_control:/home/joseph/e-Yantra/install/task3b:/home/joseph/e-Yantra/install/task2a:/home/joseph/e-Yantra/install/misc:/home/joseph/e-Yantra/install/aruco:/opt/ros/humble /usr/bin/cmake --install /home/joseph/Turtle_Pursuit/build/turtle_pursuit_custom_interfaces
[3.887s] -- Install configuration: ""
[3.887s] -- Installing: /home/joseph/Turtle_Pursuit/install/turtle_pursuit_custom_interfaces/share/ament_index/resource_index/rosidl_interfaces/turtle_pursuit_custom_interfaces
[3.887s] -- Installing: /home/joseph/Turtle_Pursuit/install/turtle_pursuit_custom_interfaces/include/turtle_pursuit_custom_interfaces/turtle_pursuit_custom_interfaces
[3.887s] -- Installing: /home/joseph/Turtle_Pursuit/install/turtle_pursuit_custom_interfaces/include/turtle_pursuit_custom_interfaces/turtle_pursuit_custom_interfaces/msg
[3.887s] -- Installing: /home/joseph/Turtle_Pursuit/install/turtle_pursuit_custom_interfaces/include/turtle_pursuit_custom_interfaces/turtle_pursuit_custom_interfaces/msg/detail
[3.887s] -- Installing: /home/joseph/Turtle_Pursuit/install/turtle_pursuit_custom_interfaces/include/turtle_pursuit_custom_interfaces/turtle_pursuit_custom_interfaces/msg/detail/turtle__struct.h
[3.887s] -- Installing: /home/joseph/Turtle_Pursuit/install/turtle_pursuit_custom_interfaces/include/turtle_pursuit_custom_interfaces/turtle_pursuit_custom_interfaces/msg/detail/alive_turtle_array__functions.h
[3.888s] -- Installing: /home/joseph/Turtle_Pursuit/install/turtle_pursuit_custom_interfaces/include/turtle_pursuit_custom_interfaces/turtle_pursuit_custom_interfaces/msg/detail/alive_turtle_array__struct.h
[3.888s] -- Installing: /home/joseph/Turtle_Pursuit/install/turtle_pursuit_custom_interfaces/include/turtle_pursuit_custom_interfaces/turtle_pursuit_custom_interfaces/msg/detail/turtle__functions.h
[3.888s] -- Installing: /home/joseph/Turtle_Pursuit/install/turtle_pursuit_custom_interfaces/include/turtle_pursuit_custom_interfaces/turtle_pursuit_custom_interfaces/msg/detail/turtle__type_support.h
[3.888s] -- Installing: /home/joseph/Turtle_Pursuit/install/turtle_pursuit_custom_interfaces/include/turtle_pursuit_custom_interfaces/turtle_pursuit_custom_interfaces/msg/detail/alive_turtle_array__functions.c
[3.888s] -- Installing: /home/joseph/Turtle_Pursuit/install/turtle_pursuit_custom_interfaces/include/turtle_pursuit_custom_interfaces/turtle_pursuit_custom_interfaces/msg/detail/alive_turtle_array__type_support.h
[3.888s] -- Installing: /home/joseph/Turtle_Pursuit/install/turtle_pursuit_custom_interfaces/include/turtle_pursuit_custom_interfaces/turtle_pursuit_custom_interfaces/msg/detail/turtle__functions.c
[3.888s] -- Installing: /home/joseph/Turtle_Pursuit/install/turtle_pursuit_custom_interfaces/include/turtle_pursuit_custom_interfaces/turtle_pursuit_custom_interfaces/msg/turtle.h
[3.888s] -- Installing: /home/joseph/Turtle_Pursuit/install/turtle_pursuit_custom_interfaces/include/turtle_pursuit_custom_interfaces/turtle_pursuit_custom_interfaces/msg/rosidl_generator_c__visibility_control.h
[3.888s] -- Installing: /home/joseph/Turtle_Pursuit/install/turtle_pursuit_custom_interfaces/include/turtle_pursuit_custom_interfaces/turtle_pursuit_custom_interfaces/msg/alive_turtle_array.h
[3.889s] -- Installing: /home/joseph/Turtle_Pursuit/install/turtle_pursuit_custom_interfaces/include/turtle_pursuit_custom_interfaces/turtle_pursuit_custom_interfaces/srv
[3.889s] -- Installing: /home/joseph/Turtle_Pursuit/install/turtle_pursuit_custom_interfaces/include/turtle_pursuit_custom_interfaces/turtle_pursuit_custom_interfaces/srv/detail
[3.889s] -- Installing: /home/joseph/Turtle_Pursuit/install/turtle_pursuit_custom_interfaces/include/turtle_pursuit_custom_interfaces/turtle_pursuit_custom_interfaces/srv/detail/kill_turtle__struct.h
[3.889s] -- Installing: /home/joseph/Turtle_Pursuit/install/turtle_pursuit_custom_interfaces/include/turtle_pursuit_custom_interfaces/turtle_pursuit_custom_interfaces/srv/detail/kill_turtle__functions.h
[3.889s] -- Installing: /home/joseph/Turtle_Pursuit/install/turtle_pursuit_custom_interfaces/include/turtle_pursuit_custom_interfaces/turtle_pursuit_custom_interfaces/srv/detail/kill_turtle__type_support.h
[3.889s] -- Installing: /home/joseph/Turtle_Pursuit/install/turtle_pursuit_custom_interfaces/include/turtle_pursuit_custom_interfaces/turtle_pursuit_custom_interfaces/srv/detail/kill_turtle__functions.c
[3.889s] -- Installing: /home/joseph/Turtle_Pursuit/install/turtle_pursuit_custom_interfaces/include/turtle_pursuit_custom_interfaces/turtle_pursuit_custom_interfaces/srv/kill_turtle.h
[3.889s] -- Installing: /home/joseph/Turtle_Pursuit/install/turtle_pursuit_custom_interfaces/share/turtle_pursuit_custom_interfaces/environment/library_path.sh
[3.889s] -- Installing: /home/joseph/Turtle_Pursuit/install/turtle_pursuit_custom_interfaces/share/turtle_pursuit_custom_interfaces/environment/library_path.dsv
[3.890s] -- Installing: /home/joseph/Turtle_Pursuit/install/turtle_pursuit_custom_interfaces/lib/libturtle_pursuit_custom_interfaces__rosidl_generator_c.so
[3.890s] -- Set runtime path of "/home/joseph/Turtle_Pursuit/install/turtle_pursuit_custom_interfaces/lib/libturtle_pursuit_custom_interfaces__rosidl_generator_c.so" to ""
[3.890s] -- Up-to-date: /home/joseph/Turtle_Pursuit/install/turtle_pursuit_custom_interfaces/include/turtle_pursuit_custom_interfaces/turtle_pursuit_custom_interfaces
[3.890s] -- Up-to-date: /home/joseph/Turtle_Pursuit/install/turtle_pursuit_custom_interfaces/include/turtle_pursuit_custom_interfaces/turtle_pursuit_custom_interfaces/msg
[3.890s] -- Installing: /home/joseph/Turtle_Pursuit/install/turtle_pursuit_custom_interfaces/include/turtle_pursuit_custom_interfaces/turtle_pursuit_custom_interfaces/msg/rosidl_typesupport_fastrtps_c__visibility_control.h
[3.890s] -- Up-to-date: /home/joseph/Turtle_Pursuit/install/turtle_pursuit_custom_interfaces/include/turtle_pursuit_custom_interfaces/turtle_pursuit_custom_interfaces/msg/detail
[3.890s] -- Installing: /home/joseph/Turtle_Pursuit/install/turtle_pursuit_custom_interfaces/include/turtle_pursuit_custom_interfaces/turtle_pursuit_custom_interfaces/msg/detail/turtle__rosidl_typesupport_fastrtps_c.h
[3.890s] -- Installing: /home/joseph/Turtle_Pursuit/install/turtle_pursuit_custom_interfaces/include/turtle_pursuit_custom_interfaces/turtle_pursuit_custom_interfaces/msg/detail/alive_turtle_array__rosidl_typesupport_fastrtps_c.h
[3.890s] -- Up-to-date: /home/joseph/Turtle_Pursuit/install/turtle_pursuit_custom_interfaces/include/turtle_pursuit_custom_interfaces/turtle_pursuit_custom_interfaces/srv
[3.891s] -- Up-to-date: /home/joseph/Turtle_Pursuit/install/turtle_pursuit_custom_interfaces/include/turtle_pursuit_custom_interfaces/turtle_pursuit_custom_interfaces/srv/detail
[3.891s] -- Installing: /home/joseph/Turtle_Pursuit/install/turtle_pursuit_custom_interfaces/include/turtle_pursuit_custom_interfaces/turtle_pursuit_custom_interfaces/srv/detail/kill_turtle__rosidl_typesupport_fastrtps_c.h
[3.891s] -- Installing: /home/joseph/Turtle_Pursuit/install/turtle_pursuit_custom_interfaces/lib/libturtle_pursuit_custom_interfaces__rosidl_typesupport_fastrtps_c.so
[3.891s] -- Set runtime path of "/home/joseph/Turtle_Pursuit/install/turtle_pursuit_custom_interfaces/lib/libturtle_pursuit_custom_interfaces__rosidl_typesupport_fastrtps_c.so" to ""
[3.891s] -- Up-to-date: /home/joseph/Turtle_Pursuit/install/turtle_pursuit_custom_interfaces/include/turtle_pursuit_custom_interfaces/turtle_pursuit_custom_interfaces
[3.891s] -- Up-to-date: /home/joseph/Turtle_Pursuit/install/turtle_pursuit_custom_interfaces/include/turtle_pursuit_custom_interfaces/turtle_pursuit_custom_interfaces/msg
[3.891s] -- Up-to-date: /home/joseph/Turtle_Pursuit/install/turtle_pursuit_custom_interfaces/include/turtle_pursuit_custom_interfaces/turtle_pursuit_custom_interfaces/msg/detail
[3.891s] -- Installing: /home/joseph/Turtle_Pursuit/install/turtle_pursuit_custom_interfaces/include/turtle_pursuit_custom_interfaces/turtle_pursuit_custom_interfaces/msg/detail/alive_turtle_array__type_support.c
[3.891s] -- Installing: /home/joseph/Turtle_Pursuit/install/turtle_pursuit_custom_interfaces/include/turtle_pursuit_custom_interfaces/turtle_pursuit_custom_interfaces/msg/detail/turtle__type_support.c
[3.891s] -- Installing: /home/joseph/Turtle_Pursuit/install/turtle_pursuit_custom_interfaces/include/turtle_pursuit_custom_interfaces/turtle_pursuit_custom_interfaces/msg/detail/turtle__rosidl_typesupport_introspection_c.h
[3.891s] -- Installing: /home/joseph/Turtle_Pursuit/install/turtle_pursuit_custom_interfaces/include/turtle_pursuit_custom_interfaces/turtle_pursuit_custom_interfaces/msg/detail/alive_turtle_array__rosidl_typesupport_introspection_c.h
[3.892s] -- Installing: /home/joseph/Turtle_Pursuit/install/turtle_pursuit_custom_interfaces/include/turtle_pursuit_custom_interfaces/turtle_pursuit_custom_interfaces/msg/rosidl_typesupport_introspection_c__visibility_control.h
[3.892s] -- Up-to-date: /home/joseph/Turtle_Pursuit/install/turtle_pursuit_custom_interfaces/include/turtle_pursuit_custom_interfaces/turtle_pursuit_custom_interfaces/srv
[3.892s] -- Up-to-date: /home/joseph/Turtle_Pursuit/install/turtle_pursuit_custom_interfaces/include/turtle_pursuit_custom_interfaces/turtle_pursuit_custom_interfaces/srv/detail
[3.892s] -- Installing: /home/joseph/Turtle_Pursuit/install/turtle_pursuit_custom_interfaces/include/turtle_pursuit_custom_interfaces/turtle_pursuit_custom_interfaces/srv/detail/kill_turtle__type_support.c
[3.892s] -- Installing: /home/joseph/Turtle_Pursuit/install/turtle_pursuit_custom_interfaces/include/turtle_pursuit_custom_interfaces/turtle_pursuit_custom_interfaces/srv/detail/kill_turtle__rosidl_typesupport_introspection_c.h
[3.892s] -- Installing: /home/joseph/Turtle_Pursuit/install/turtle_pursuit_custom_interfaces/lib/libturtle_pursuit_custom_interfaces__rosidl_typesupport_introspection_c.so
[3.892s] -- Set runtime path of "/home/joseph/Turtle_Pursuit/install/turtle_pursuit_custom_interfaces/lib/libturtle_pursuit_custom_interfaces__rosidl_typesupport_introspection_c.so" to ""
[3.892s] -- Installing: /home/joseph/Turtle_Pursuit/install/turtle_pursuit_custom_interfaces/lib/libturtle_pursuit_custom_interfaces__rosidl_typesupport_c.so
[3.893s] -- Set runtime path of "/home/joseph/Turtle_Pursuit/install/turtle_pursuit_custom_interfaces/lib/libturtle_pursuit_custom_interfaces__rosidl_typesupport_c.so" to ""
[3.893s] -- Up-to-date: /home/joseph/Turtle_Pursuit/install/turtle_pursuit_custom_interfaces/include/turtle_pursuit_custom_interfaces/turtle_pursuit_custom_interfaces
[3.893s] -- Up-to-date: /home/joseph/Turtle_Pursuit/install/turtle_pursuit_custom_interfaces/include/turtle_pursuit_custom_interfaces/turtle_pursuit_custom_interfaces/msg
[3.893s] -- Installing: /home/joseph/Turtle_Pursuit/install/turtle_pursuit_custom_interfaces/include/turtle_pursuit_custom_interfaces/turtle_pursuit_custom_interfaces/msg/alive_turtle_array.hpp
[3.893s] -- Up-to-date: /home/joseph/Turtle_Pursuit/install/turtle_pursuit_custom_interfaces/include/turtle_pursuit_custom_interfaces/turtle_pursuit_custom_interfaces/msg/detail
[3.893s] -- Installing: /home/joseph/Turtle_Pursuit/install/turtle_pursuit_custom_interfaces/include/turtle_pursuit_custom_interfaces/turtle_pursuit_custom_interfaces/msg/detail/turtle__builder.hpp
[3.893s] -- Installing: /home/joseph/Turtle_Pursuit/install/turtle_pursuit_custom_interfaces/include/turtle_pursuit_custom_interfaces/turtle_pursuit_custom_interfaces/msg/detail/alive_turtle_array__struct.hpp
[3.893s] -- Installing: /home/joseph/Turtle_Pursuit/install/turtle_pursuit_custom_interfaces/include/turtle_pursuit_custom_interfaces/turtle_pursuit_custom_interfaces/msg/detail/alive_turtle_array__builder.hpp
[3.893s] -- Installing: /home/joseph/Turtle_Pursuit/install/turtle_pursuit_custom_interfaces/include/turtle_pursuit_custom_interfaces/turtle_pursuit_custom_interfaces/msg/detail/alive_turtle_array__traits.hpp
[3.893s] -- Installing: /home/joseph/Turtle_Pursuit/install/turtle_pursuit_custom_interfaces/include/turtle_pursuit_custom_interfaces/turtle_pursuit_custom_interfaces/msg/detail/turtle__struct.hpp
[3.894s] -- Installing: /home/joseph/Turtle_Pursuit/install/turtle_pursuit_custom_interfaces/include/turtle_pursuit_custom_interfaces/turtle_pursuit_custom_interfaces/msg/detail/turtle__traits.hpp
[3.894s] -- Installing: /home/joseph/Turtle_Pursuit/install/turtle_pursuit_custom_interfaces/include/turtle_pursuit_custom_interfaces/turtle_pursuit_custom_interfaces/msg/turtle.hpp
[3.894s] -- Up-to-date: /home/joseph/Turtle_Pursuit/install/turtle_pursuit_custom_interfaces/include/turtle_pursuit_custom_interfaces/turtle_pursuit_custom_interfaces/srv
[3.894s] -- Up-to-date: /home/joseph/Turtle_Pursuit/install/turtle_pursuit_custom_interfaces/include/turtle_pursuit_custom_interfaces/turtle_pursuit_custom_interfaces/srv/detail
[3.894s] -- Installing: /home/joseph/Turtle_Pursuit/install/turtle_pursuit_custom_interfaces/include/turtle_pursuit_custom_interfaces/turtle_pursuit_custom_interfaces/srv/detail/kill_turtle__struct.hpp
[3.894s] -- Installing: /home/joseph/Turtle_Pursuit/install/turtle_pursuit_custom_interfaces/include/turtle_pursuit_custom_interfaces/turtle_pursuit_custom_interfaces/srv/detail/kill_turtle__traits.hpp
[3.894s] -- Installing: /home/joseph/Turtle_Pursuit/install/turtle_pursuit_custom_interfaces/include/turtle_pursuit_custom_interfaces/turtle_pursuit_custom_interfaces/srv/detail/kill_turtle__builder.hpp
[3.894s] -- Installing: /home/joseph/Turtle_Pursuit/install/turtle_pursuit_custom_interfaces/include/turtle_pursuit_custom_interfaces/turtle_pursuit_custom_interfaces/srv/kill_turtle.hpp
[3.894s] -- Up-to-date: /home/joseph/Turtle_Pursuit/install/turtle_pursuit_custom_interfaces/include/turtle_pursuit_custom_interfaces/turtle_pursuit_custom_interfaces
[3.894s] -- Up-to-date: /home/joseph/Turtle_Pursuit/install/turtle_pursuit_custom_interfaces/include/turtle_pursuit_custom_interfaces/turtle_pursuit_custom_interfaces/msg
[3.894s] -- Up-to-date: /home/joseph/Turtle_Pursuit/install/turtle_pursuit_custom_interfaces/include/turtle_pursuit_custom_interfaces/turtle_pursuit_custom_interfaces/msg/detail
[3.894s] -- Installing: /home/joseph/Turtle_Pursuit/install/turtle_pursuit_custom_interfaces/include/turtle_pursuit_custom_interfaces/turtle_pursuit_custom_interfaces/msg/detail/dds_fastrtps
[3.894s] -- Installing: /home/joseph/Turtle_Pursuit/install/turtle_pursuit_custom_interfaces/include/turtle_pursuit_custom_interfaces/turtle_pursuit_custom_interfaces/msg/detail/turtle__rosidl_typesupport_fastrtps_cpp.hpp
[3.895s] -- Installing: /home/joseph/Turtle_Pursuit/install/turtle_pursuit_custom_interfaces/include/turtle_pursuit_custom_interfaces/turtle_pursuit_custom_interfaces/msg/detail/alive_turtle_array__rosidl_typesupport_fastrtps_cpp.hpp
[3.895s] -- Installing: /home/joseph/Turtle_Pursuit/install/turtle_pursuit_custom_interfaces/include/turtle_pursuit_custom_interfaces/turtle_pursuit_custom_interfaces/msg/rosidl_typesupport_fastrtps_cpp__visibility_control.h
[3.895s] -- Up-to-date: /home/joseph/Turtle_Pursuit/install/turtle_pursuit_custom_interfaces/include/turtle_pursuit_custom_interfaces/turtle_pursuit_custom_interfaces/srv
[3.895s] -- Up-to-date: /home/joseph/Turtle_Pursuit/install/turtle_pursuit_custom_interfaces/include/turtle_pursuit_custom_interfaces/turtle_pursuit_custom_interfaces/srv/detail
[3.895s] -- Installing: /home/joseph/Turtle_Pursuit/install/turtle_pursuit_custom_interfaces/include/turtle_pursuit_custom_interfaces/turtle_pursuit_custom_interfaces/srv/detail/dds_fastrtps
[3.895s] -- Installing: /home/joseph/Turtle_Pursuit/install/turtle_pursuit_custom_interfaces/include/turtle_pursuit_custom_interfaces/turtle_pursuit_custom_interfaces/srv/detail/kill_turtle__rosidl_typesupport_fastrtps_cpp.hpp
[3.895s] -- Installing: /home/joseph/Turtle_Pursuit/install/turtle_pursuit_custom_interfaces/lib/libturtle_pursuit_custom_interfaces__rosidl_typesupport_fastrtps_cpp.so
[3.895s] -- Set runtime path of "/home/joseph/Turtle_Pursuit/install/turtle_pursuit_custom_interfaces/lib/libturtle_pursuit_custom_interfaces__rosidl_typesupport_fastrtps_cpp.so" to ""
[3.896s] -- Up-to-date: /home/joseph/Turtle_Pursuit/install/turtle_pursuit_custom_interfaces/include/turtle_pursuit_custom_interfaces/turtle_pursuit_custom_interfaces
[3.896s] -- Up-to-date: /home/joseph/Turtle_Pursuit/install/turtle_pursuit_custom_interfaces/include/turtle_pursuit_custom_interfaces/turtle_pursuit_custom_interfaces/msg
[3.896s] -- Up-to-date: /home/joseph/Turtle_Pursuit/install/turtle_pursuit_custom_interfaces/include/turtle_pursuit_custom_interfaces/turtle_pursuit_custom_interfaces/msg/detail
[3.896s] -- Installing: /home/joseph/Turtle_Pursuit/install/turtle_pursuit_custom_interfaces/include/turtle_pursuit_custom_interfaces/turtle_pursuit_custom_interfaces/msg/detail/alive_turtle_array__type_support.cpp
[3.896s] -- Installing: /home/joseph/Turtle_Pursuit/install/turtle_pursuit_custom_interfaces/include/turtle_pursuit_custom_interfaces/turtle_pursuit_custom_interfaces/msg/detail/alive_turtle_array__rosidl_typesupport_introspection_cpp.hpp
[3.896s] -- Installing: /home/joseph/Turtle_Pursuit/install/turtle_pursuit_custom_interfaces/include/turtle_pursuit_custom_interfaces/turtle_pursuit_custom_interfaces/msg/detail/turtle__rosidl_typesupport_introspection_cpp.hpp
[3.896s] -- Installing: /home/joseph/Turtle_Pursuit/install/turtle_pursuit_custom_interfaces/include/turtle_pursuit_custom_interfaces/turtle_pursuit_custom_interfaces/msg/detail/turtle__type_support.cpp
[3.896s] -- Up-to-date: /home/joseph/Turtle_Pursuit/install/turtle_pursuit_custom_interfaces/include/turtle_pursuit_custom_interfaces/turtle_pursuit_custom_interfaces/srv
[3.896s] -- Up-to-date: /home/joseph/Turtle_Pursuit/install/turtle_pursuit_custom_interfaces/include/turtle_pursuit_custom_interfaces/turtle_pursuit_custom_interfaces/srv/detail
[3.896s] -- Installing: /home/joseph/Turtle_Pursuit/install/turtle_pursuit_custom_interfaces/include/turtle_pursuit_custom_interfaces/turtle_pursuit_custom_interfaces/srv/detail/kill_turtle__type_support.cpp
[3.896s] -- Installing: /home/joseph/Turtle_Pursuit/install/turtle_pursuit_custom_interfaces/include/turtle_pursuit_custom_interfaces/turtle_pursuit_custom_interfaces/srv/detail/kill_turtle__rosidl_typesupport_introspection_cpp.hpp
[3.896s] -- Installing: /home/joseph/Turtle_Pursuit/install/turtle_pursuit_custom_interfaces/lib/libturtle_pursuit_custom_interfaces__rosidl_typesupport_introspection_cpp.so
[3.897s] -- Set runtime path of "/home/joseph/Turtle_Pursuit/install/turtle_pursuit_custom_interfaces/lib/libturtle_pursuit_custom_interfaces__rosidl_typesupport_introspection_cpp.so" to ""
[3.897s] -- Installing: /home/joseph/Turtle_Pursuit/install/turtle_pursuit_custom_interfaces/lib/libturtle_pursuit_custom_interfaces__rosidl_typesupport_cpp.so
[3.897s] -- Set runtime path of "/home/joseph/Turtle_Pursuit/install/turtle_pursuit_custom_interfaces/lib/libturtle_pursuit_custom_interfaces__rosidl_typesupport_cpp.so" to ""
[3.897s] -- Installing: /home/joseph/Turtle_Pursuit/install/turtle_pursuit_custom_interfaces/share/turtle_pursuit_custom_interfaces/environment/pythonpath.sh
[3.897s] -- Installing: /home/joseph/Turtle_Pursuit/install/turtle_pursuit_custom_interfaces/share/turtle_pursuit_custom_interfaces/environment/pythonpath.dsv
[3.898s] -- Installing: /home/joseph/Turtle_Pursuit/install/turtle_pursuit_custom_interfaces/local/lib/python3.10/dist-packages/turtle_pursuit_custom_interfaces-0.0.0-py3.10.egg-info
[3.898s] -- Installing: /home/joseph/Turtle_Pursuit/install/turtle_pursuit_custom_interfaces/local/lib/python3.10/dist-packages/turtle_pursuit_custom_interfaces-0.0.0-py3.10.egg-info/PKG-INFO
[3.898s] -- Installing: /home/joseph/Turtle_Pursuit/install/turtle_pursuit_custom_interfaces/local/lib/python3.10/dist-packages/turtle_pursuit_custom_interfaces-0.0.0-py3.10.egg-info/SOURCES.txt
[3.898s] -- Installing: /home/joseph/Turtle_Pursuit/install/turtle_pursuit_custom_interfaces/local/lib/python3.10/dist-packages/turtle_pursuit_custom_interfaces-0.0.0-py3.10.egg-info/dependency_links.txt
[3.898s] -- Installing: /home/joseph/Turtle_Pursuit/install/turtle_pursuit_custom_interfaces/local/lib/python3.10/dist-packages/turtle_pursuit_custom_interfaces-0.0.0-py3.10.egg-info/top_level.txt
[3.898s] -- Installing: /home/joseph/Turtle_Pursuit/install/turtle_pursuit_custom_interfaces/local/lib/python3.10/dist-packages/turtle_pursuit_custom_interfaces
[3.898s] -- Installing: /home/joseph/Turtle_Pursuit/install/turtle_pursuit_custom_interfaces/local/lib/python3.10/dist-packages/turtle_pursuit_custom_interfaces/msg
[3.898s] -- Installing: /home/joseph/Turtle_Pursuit/install/turtle_pursuit_custom_interfaces/local/lib/python3.10/dist-packages/turtle_pursuit_custom_interfaces/msg/__init__.py
[3.898s] -- Installing: /home/joseph/Turtle_Pursuit/install/turtle_pursuit_custom_interfaces/local/lib/python3.10/dist-packages/turtle_pursuit_custom_interfaces/msg/_alive_turtle_array_s.c
[3.899s] -- Installing: /home/joseph/Turtle_Pursuit/install/turtle_pursuit_custom_interfaces/local/lib/python3.10/dist-packages/turtle_pursuit_custom_interfaces/msg/_turtle_s.c
[3.899s] -- Installing: /home/joseph/Turtle_Pursuit/install/turtle_pursuit_custom_interfaces/local/lib/python3.10/dist-packages/turtle_pursuit_custom_interfaces/msg/_alive_turtle_array.py
[3.899s] -- Installing: /home/joseph/Turtle_Pursuit/install/turtle_pursuit_custom_interfaces/local/lib/python3.10/dist-packages/turtle_pursuit_custom_interfaces/msg/_turtle.py
[3.899s] -- Installing: /home/joseph/Turtle_Pursuit/install/turtle_pursuit_custom_interfaces/local/lib/python3.10/dist-packages/turtle_pursuit_custom_interfaces/srv
[3.899s] -- Installing: /home/joseph/Turtle_Pursuit/install/turtle_pursuit_custom_interfaces/local/lib/python3.10/dist-packages/turtle_pursuit_custom_interfaces/srv/__init__.py
[3.899s] -- Installing: /home/joseph/Turtle_Pursuit/install/turtle_pursuit_custom_interfaces/local/lib/python3.10/dist-packages/turtle_pursuit_custom_interfaces/srv/_kill_turtle_s.c
[3.899s] -- Installing: /home/joseph/Turtle_Pursuit/install/turtle_pursuit_custom_interfaces/local/lib/python3.10/dist-packages/turtle_pursuit_custom_interfaces/srv/_kill_turtle.py
[3.899s] -- Installing: /home/joseph/Turtle_Pursuit/install/turtle_pursuit_custom_interfaces/local/lib/python3.10/dist-packages/turtle_pursuit_custom_interfaces/_turtle_pursuit_custom_interfaces_s.ep.rosidl_typesupport_introspection_c.c
[3.899s] -- Installing: /home/joseph/Turtle_Pursuit/install/turtle_pursuit_custom_interfaces/local/lib/python3.10/dist-packages/turtle_pursuit_custom_interfaces/libturtle_pursuit_custom_interfaces__rosidl_generator_py.so
[3.900s] -- Installing: /home/joseph/Turtle_Pursuit/install/turtle_pursuit_custom_interfaces/local/lib/python3.10/dist-packages/turtle_pursuit_custom_interfaces/turtle_pursuit_custom_interfaces_s__rosidl_typesupport_introspection_c.cpython-310-x86_64-linux-gnu.so
[3.900s] -- Installing: /home/joseph/Turtle_Pursuit/install/turtle_pursuit_custom_interfaces/local/lib/python3.10/dist-packages/turtle_pursuit_custom_interfaces/_turtle_pursuit_custom_interfaces_s.ep.rosidl_typesupport_fastrtps_c.c
[3.900s] -- Installing: /home/joseph/Turtle_Pursuit/install/turtle_pursuit_custom_interfaces/local/lib/python3.10/dist-packages/turtle_pursuit_custom_interfaces/__init__.py
[3.900s] -- Installing: /home/joseph/Turtle_Pursuit/install/turtle_pursuit_custom_interfaces/local/lib/python3.10/dist-packages/turtle_pursuit_custom_interfaces/_turtle_pursuit_custom_interfaces_s.ep.rosidl_typesupport_c.c
[3.900s] -- Installing: /home/joseph/Turtle_Pursuit/install/turtle_pursuit_custom_interfaces/local/lib/python3.10/dist-packages/turtle_pursuit_custom_interfaces/turtle_pursuit_custom_interfaces_s__rosidl_typesupport_fastrtps_c.cpython-310-x86_64-linux-gnu.so
[3.900s] -- Installing: /home/joseph/Turtle_Pursuit/install/turtle_pursuit_custom_interfaces/local/lib/python3.10/dist-packages/turtle_pursuit_custom_interfaces/turtle_pursuit_custom_interfaces_s__rosidl_typesupport_c.cpython-310-x86_64-linux-gnu.so
[3.942s] Listing '/home/joseph/Turtle_Pursuit/install/turtle_pursuit_custom_interfaces/local/lib/python3.10/dist-packages/turtle_pursuit_custom_interfaces'...
[3.942s] Compiling '/home/joseph/Turtle_Pursuit/install/turtle_pursuit_custom_interfaces/local/lib/python3.10/dist-packages/turtle_pursuit_custom_interfaces/__init__.py'...
[3.942s] Listing '/home/joseph/Turtle_Pursuit/install/turtle_pursuit_custom_interfaces/local/lib/python3.10/dist-packages/turtle_pursuit_custom_interfaces/msg'...
[3.942s] Compiling '/home/joseph/Turtle_Pursuit/install/turtle_pursuit_custom_interfaces/local/lib/python3.10/dist-packages/turtle_pursuit_custom_interfaces/msg/__init__.py'...
[3.942s] Compiling '/home/joseph/Turtle_Pursuit/install/turtle_pursuit_custom_interfaces/local/lib/python3.10/dist-packages/turtle_pursuit_custom_interfaces/msg/_alive_turtle_array.py'...
[3.942s] Compiling '/home/joseph/Turtle_Pursuit/install/turtle_pursuit_custom_interfaces/local/lib/python3.10/dist-packages/turtle_pursuit_custom_interfaces/msg/_turtle.py'...
[3.942s] Listing '/home/joseph/Turtle_Pursuit/install/turtle_pursuit_custom_interfaces/local/lib/python3.10/dist-packages/turtle_pursuit_custom_interfaces/srv'...
[3.942s] Compiling '/home/joseph/Turtle_Pursuit/install/turtle_pursuit_custom_interfaces/local/lib/python3.10/dist-packages/turtle_pursuit_custom_interfaces/srv/__init__.py'...
[3.942s] Compiling '/home/joseph/Turtle_Pursuit/install/turtle_pursuit_custom_interfaces/local/lib/python3.10/dist-packages/turtle_pursuit_custom_interfaces/srv/_kill_turtle.py'...
[3.945s] -- Installing: /home/joseph/Turtle_Pursuit/install/turtle_pursuit_custom_interfaces/local/lib/python3.10/dist-packages/turtle_pursuit_custom_interfaces/turtle_pursuit_custom_interfaces_s__rosidl_typesupport_fastrtps_c.cpython-310-x86_64-linux-gnu.so
[3.945s] -- Set runtime path of "/home/joseph/Turtle_Pursuit/install/turtle_pursuit_custom_interfaces/local/lib/python3.10/dist-packages/turtle_pursuit_custom_interfaces/turtle_pursuit_custom_interfaces_s__rosidl_typesupport_fastrtps_c.cpython-310-x86_64-linux-gnu.so" to ""
[3.946s] -- Installing: /home/joseph/Turtle_Pursuit/install/turtle_pursuit_custom_interfaces/local/lib/python3.10/dist-packages/turtle_pursuit_custom_interfaces/turtle_pursuit_custom_interfaces_s__rosidl_typesupport_introspection_c.cpython-310-x86_64-linux-gnu.so
[3.946s] -- Set runtime path of "/home/joseph/Turtle_Pursuit/install/turtle_pursuit_custom_interfaces/local/lib/python3.10/dist-packages/turtle_pursuit_custom_interfaces/turtle_pursuit_custom_interfaces_s__rosidl_typesupport_introspection_c.cpython-310-x86_64-linux-gnu.so" to ""
[3.946s] -- Installing: /home/joseph/Turtle_Pursuit/install/turtle_pursuit_custom_interfaces/local/lib/python3.10/dist-packages/turtle_pursuit_custom_interfaces/turtle_pursuit_custom_interfaces_s__rosidl_typesupport_c.cpython-310-x86_64-linux-gnu.so
[3.946s] -- Set runtime path of "/home/joseph/Turtle_Pursuit/install/turtle_pursuit_custom_interfaces/local/lib/python3.10/dist-packages/turtle_pursuit_custom_interfaces/turtle_pursuit_custom_interfaces_s__rosidl_typesupport_c.cpython-310-x86_64-linux-gnu.so" to ""
[3.947s] -- Installing: /home/joseph/Turtle_Pursuit/install/turtle_pursuit_custom_interfaces/lib/libturtle_pursuit_custom_interfaces__rosidl_generator_py.so
[3.947s] -- Set runtime path of "/home/joseph/Turtle_Pursuit/install/turtle_pursuit_custom_interfaces/lib/libturtle_pursuit_custom_interfaces__rosidl_generator_py.so" to ""
[3.947s] -- Installing: /home/joseph/Turtle_Pursuit/install/turtle_pursuit_custom_interfaces/share/turtle_pursuit_custom_interfaces/msg/Turtle.idl
[3.947s] -- Installing: /home/joseph/Turtle_Pursuit/install/turtle_pursuit_custom_interfaces/share/turtle_pursuit_custom_interfaces/msg/AliveTurtleArray.idl
[3.947s] -- Installing: /home/joseph/Turtle_Pursuit/install/turtle_pursuit_custom_interfaces/share/turtle_pursuit_custom_interfaces/srv/KillTurtle.idl
[3.947s] -- Installing: /home/joseph/Turtle_Pursuit/install/turtle_pursuit_custom_interfaces/share/turtle_pursuit_custom_interfaces/msg/Turtle.msg
[3.947s] -- Installing: /home/joseph/Turtle_Pursuit/install/turtle_pursuit_custom_interfaces/share/turtle_pursuit_custom_interfaces/msg/AliveTurtleArray.msg
[3.948s] -- Installing: /home/joseph/Turtle_Pursuit/install/turtle_pursuit_custom_interfaces/share/turtle_pursuit_custom_interfaces/srv/KillTurtle.srv
[3.948s] -- Installing: /home/joseph/Turtle_Pursuit/install/turtle_pursuit_custom_interfaces/share/turtle_pursuit_custom_interfaces/srv/KillTurtle_Request.msg
[3.948s] -- Installing: /home/joseph/Turtle_Pursuit/install/turtle_pursuit_custom_interfaces/share/turtle_pursuit_custom_interfaces/srv/KillTurtle_Response.msg
[3.948s] -- Installing: /home/joseph/Turtle_Pursuit/install/turtle_pursuit_custom_interfaces/share/ament_index/resource_index/package_run_dependencies/turtle_pursuit_custom_interfaces
[3.948s] -- Installing: /home/joseph/Turtle_Pursuit/install/turtle_pursuit_custom_interfaces/share/ament_index/resource_index/parent_prefix_path/turtle_pursuit_custom_interfaces
[3.948s] -- Installing: /home/joseph/Turtle_Pursuit/install/turtle_pursuit_custom_interfaces/share/turtle_pursuit_custom_interfaces/environment/ament_prefix_path.sh
[3.948s] -- Installing: /home/joseph/Turtle_Pursuit/install/turtle_pursuit_custom_interfaces/share/turtle_pursuit_custom_interfaces/environment/ament_prefix_path.dsv
[3.949s] -- Installing: /home/joseph/Turtle_Pursuit/install/turtle_pursuit_custom_interfaces/share/turtle_pursuit_custom_interfaces/environment/path.sh
[3.949s] -- Installing: /home/joseph/Turtle_Pursuit/install/turtle_pursuit_custom_interfaces/share/turtle_pursuit_custom_interfaces/environment/path.dsv
[3.949s] -- Installing: /home/joseph/Turtle_Pursuit/install/turtle_pursuit_custom_interfaces/share/turtle_pursuit_custom_interfaces/local_setup.bash
[3.949s] -- Installing: /home/joseph/Turtle_Pursuit/install/turtle_pursuit_custom_interfaces/share/turtle_pursuit_custom_interfaces/local_setup.sh
[3.949s] -- Installing: /home/joseph/Turtle_Pursuit/install/turtle_pursuit_custom_interfaces/share/turtle_pursuit_custom_interfaces/local_setup.zsh
[3.949s] -- Installing: /home/joseph/Turtle_Pursuit/install/turtle_pursuit_custom_interfaces/share/turtle_pursuit_custom_interfaces/local_setup.dsv
[3.949s] -- Installing: /home/joseph/Turtle_Pursuit/install/turtle_pursuit_custom_interfaces/share/turtle_pursuit_custom_interfaces/package.dsv
[3.950s] -- Installing: /home/joseph/Turtle_Pursuit/install/turtle_pursuit_custom_interfaces/share/ament_index/resource_index/packages/turtle_pursuit_custom_interfaces
[3.950s] -- Installing: /home/joseph/Turtle_Pursuit/install/turtle_pursuit_custom_interfaces/share/turtle_pursuit_custom_interfaces/cmake/export_turtle_pursuit_custom_interfaces__rosidl_generator_cExport.cmake
[3.950s] -- Installing: /home/joseph/Turtle_Pursuit/install/turtle_pursuit_custom_interfaces/share/turtle_pursuit_custom_interfaces/cmake/export_turtle_pursuit_custom_interfaces__rosidl_generator_cExport-noconfig.cmake
[3.950s] -- Installing: /home/joseph/Turtle_Pursuit/install/turtle_pursuit_custom_interfaces/share/turtle_pursuit_custom_interfaces/cmake/export_turtle_pursuit_custom_interfaces__rosidl_typesupport_fastrtps_cExport.cmake
[3.950s] -- Installing: /home/joseph/Turtle_Pursuit/install/turtle_pursuit_custom_interfaces/share/turtle_pursuit_custom_interfaces/cmake/export_turtle_pursuit_custom_interfaces__rosidl_typesupport_fastrtps_cExport-noconfig.cmake
[3.950s] -- Installing: /home/joseph/Turtle_Pursuit/install/turtle_pursuit_custom_interfaces/share/turtle_pursuit_custom_interfaces/cmake/turtle_pursuit_custom_interfaces__rosidl_typesupport_introspection_cExport.cmake
[3.950s] -- Installing: /home/joseph/Turtle_Pursuit/install/turtle_pursuit_custom_interfaces/share/turtle_pursuit_custom_interfaces/cmake/turtle_pursuit_custom_interfaces__rosidl_typesupport_introspection_cExport-noconfig.cmake
[3.951s] -- Installing: /home/joseph/Turtle_Pursuit/install/turtle_pursuit_custom_interfaces/share/turtle_pursuit_custom_interfaces/cmake/turtle_pursuit_custom_interfaces__rosidl_typesupport_cExport.cmake
[3.951s] -- Installing: /home/joseph/Turtle_Pursuit/install/turtle_pursuit_custom_interfaces/share/turtle_pursuit_custom_interfaces/cmake/turtle_pursuit_custom_interfaces__rosidl_typesupport_cExport-noconfig.cmake
[3.951s] -- Installing: /home/joseph/Turtle_Pursuit/install/turtle_pursuit_custom_interfaces/share/turtle_pursuit_custom_interfaces/cmake/export_turtle_pursuit_custom_interfaces__rosidl_generator_cppExport.cmake
[3.951s] -- Installing: /home/joseph/Turtle_Pursuit/install/turtle_pursuit_custom_interfaces/share/turtle_pursuit_custom_interfaces/cmake/export_turtle_pursuit_custom_interfaces__rosidl_typesupport_fastrtps_cppExport.cmake
[3.951s] -- Installing: /home/joseph/Turtle_Pursuit/install/turtle_pursuit_custom_interfaces/share/turtle_pursuit_custom_interfaces/cmake/export_turtle_pursuit_custom_interfaces__rosidl_typesupport_fastrtps_cppExport-noconfig.cmake
[3.951s] -- Installing: /home/joseph/Turtle_Pursuit/install/turtle_pursuit_custom_interfaces/share/turtle_pursuit_custom_interfaces/cmake/turtle_pursuit_custom_interfaces__rosidl_typesupport_introspection_cppExport.cmake
[3.951s] -- Installing: /home/joseph/Turtle_Pursuit/install/turtle_pursuit_custom_interfaces/share/turtle_pursuit_custom_interfaces/cmake/turtle_pursuit_custom_interfaces__rosidl_typesupport_introspection_cppExport-noconfig.cmake
[3.952s] -- Installing: /home/joseph/Turtle_Pursuit/install/turtle_pursuit_custom_interfaces/share/turtle_pursuit_custom_interfaces/cmake/turtle_pursuit_custom_interfaces__rosidl_typesupport_cppExport.cmake
[3.952s] -- Installing: /home/joseph/Turtle_Pursuit/install/turtle_pursuit_custom_interfaces/share/turtle_pursuit_custom_interfaces/cmake/turtle_pursuit_custom_interfaces__rosidl_typesupport_cppExport-noconfig.cmake
[3.952s] -- Installing: /home/joseph/Turtle_Pursuit/install/turtle_pursuit_custom_interfaces/share/turtle_pursuit_custom_interfaces/cmake/export_turtle_pursuit_custom_interfaces__rosidl_generator_pyExport.cmake
[3.952s] -- Installing: /home/joseph/Turtle_Pursuit/install/turtle_pursuit_custom_interfaces/share/turtle_pursuit_custom_interfaces/cmake/export_turtle_pursuit_custom_interfaces__rosidl_generator_pyExport-noconfig.cmake
[3.952s] -- Installing: /home/joseph/Turtle_Pursuit/install/turtle_pursuit_custom_interfaces/share/turtle_pursuit_custom_interfaces/cmake/rosidl_cmake-extras.cmake
[3.952s] -- Installing: /home/joseph/Turtle_Pursuit/install/turtle_pursuit_custom_interfaces/share/turtle_pursuit_custom_interfaces/cmake/ament_cmake_export_include_directories-extras.cmake
[3.952s] -- Installing: /home/joseph/Turtle_Pursuit/install/turtle_pursuit_custom_interfaces/share/turtle_pursuit_custom_interfaces/cmake/ament_cmake_export_libraries-extras.cmake
[3.953s] -- Installing: /home/joseph/Turtle_Pursuit/install/turtle_pursuit_custom_interfaces/share/turtle_pursuit_custom_interfaces/cmake/ament_cmake_export_targets-extras.cmake
[3.953s] -- Installing: /home/joseph/Turtle_Pursuit/install/turtle_pursuit_custom_interfaces/share/turtle_pursuit_custom_interfaces/cmake/rosidl_cmake_export_typesupport_targets-extras.cmake
[3.953s] -- Installing: /home/joseph/Turtle_Pursuit/install/turtle_pursuit_custom_interfaces/share/turtle_pursuit_custom_interfaces/cmake/ament_cmake_export_dependencies-extras.cmake
[3.953s] -- Installing: /home/joseph/Turtle_Pursuit/install/turtle_pursuit_custom_interfaces/share/turtle_pursuit_custom_interfaces/cmake/rosidl_cmake_export_typesupport_libraries-extras.cmake
[3.953s] -- Installing: /home/joseph/Turtle_Pursuit/install/turtle_pursuit_custom_interfaces/share/turtle_pursuit_custom_interfaces/cmake/turtle_pursuit_custom_interfacesConfig.cmake
[3.953s] -- Installing: /home/joseph/Turtle_Pursuit/install/turtle_pursuit_custom_interfaces/share/turtle_pursuit_custom_interfaces/cmake/turtle_pursuit_custom_interfacesConfig-version.cmake
[3.953s] -- Installing: /home/joseph/Turtle_Pursuit/install/turtle_pursuit_custom_interfaces/share/turtle_pursuit_custom_interfaces/package.xml
[3.956s] Invoked command in '/home/joseph/Turtle_Pursuit/build/turtle_pursuit_custom_interfaces' returned '0': CMAKE_PREFIX_PATH=${CMAKE_PREFIX_PATH}:/home/joseph/learn_ros/install/test_pkg:/home/joseph/learn_ros/install/pubsub:/home/joseph/learn_ros/install/activity:/home/joseph/learn_ros/install/clientserver:/home/joseph/turtlesim_catch_turtles/install/handle_turtle:/home/joseph/turtlesim_catch_turtles/install/catch_turtles:/home/joseph/e-Yantra/install/ur5_control:/home/joseph/e-Yantra/install/task3b:/home/joseph/e-Yantra/install/task2a:/home/joseph/e-Yantra/install/misc:/home/joseph/e-Yantra/install/aruco:/opt/ros/humble /usr/bin/cmake --install /home/joseph/Turtle_Pursuit/build/turtle_pursuit_custom_interfaces
