[0.258s] Invoking command in '/home/joseph/Turtle_Pursuit/build/turtlesim_custom_msg': CMAKE_PREFIX_PATH=${CMAKE_PREFIX_PATH}:/home/joseph/Turtle_Pursuit/install/turtle_handlers:/home/joseph/learn_ros/install/test_pkg:/home/joseph/learn_ros/install/pubsub:/home/joseph/learn_ros/install/activity:/home/joseph/learn_ros/install/clientserver:/home/joseph/turtlesim_catch_turtles/install/handle_turtle:/home/joseph/turtlesim_catch_turtles/install/catch_turtles:/home/joseph/e-Yantra/install/ur5_control:/home/joseph/e-Yantra/install/task3b:/home/joseph/e-Yantra/install/task2a:/home/joseph/e-Yantra/install/misc:/home/joseph/e-Yantra/install/aruco:/opt/ros/humble /usr/bin/cmake --build /home/joseph/Turtle_Pursuit/build/turtlesim_custom_msg -- -j12 -l12
[0.328s] [35m[1mConsolidate compiler generated dependencies of target turtlesim_custom_msg__rosidl_generator_c[0m
[0.344s] [  1%] Built target turtlesim_custom_msg__cpp
[0.347s] [ 12%] Built target turtlesim_custom_msg__rosidl_generator_c
[0.362s] [ 12%] Built target ament_cmake_python_copy_turtlesim_custom_msg
[0.367s] [35m[1mConsolidate compiler generated dependencies of target turtlesim_custom_msg__rosidl_typesupport_c[0m
[0.368s] [35m[1mConsolidate compiler generated dependencies of target turtlesim_custom_msg__rosidl_typesupport_cpp[0m
[0.369s] [35m[1mConsolidate compiler generated dependencies of target turtlesim_custom_msg__rosidl_typesupport_introspection_c[0m
[0.369s] [35m[1mConsolidate compiler generated dependencies of target turtlesim_custom_msg__rosidl_typesupport_fastrtps_cpp[0m
[0.370s] [35m[1mConsolidate compiler generated dependencies of target turtlesim_custom_msg__rosidl_typesupport_introspection_cpp[0m
[0.372s] [35m[1mConsolidate compiler generated dependencies of target turtlesim_custom_msg__rosidl_typesupport_fastrtps_c[0m
[0.392s] [ 23%] Built target turtlesim_custom_msg__rosidl_typesupport_c
[0.394s] [ 34%] Built target turtlesim_custom_msg__rosidl_typesupport_introspection_c
[0.396s] [ 46%] Built target turtlesim_custom_msg__rosidl_typesupport_introspection_cpp
[0.397s] [ 57%] Built target turtlesim_custom_msg__rosidl_typesupport_cpp
[0.397s] [ 68%] Built target turtlesim_custom_msg__rosidl_typesupport_fastrtps_cpp
[0.405s] [ 79%] Built target turtlesim_custom_msg__rosidl_typesupport_fastrtps_c
[0.432s] [ 79%] Built target turtlesim_custom_msg
[0.458s] [ 80%] Built target turtlesim_custom_msg__py
[0.475s] [35m[1mConsolidate compiler generated dependencies of target turtlesim_custom_msg__rosidl_generator_py[0m
[0.496s] [ 90%] Built target turtlesim_custom_msg__rosidl_generator_py
[0.512s] [35m[1mConsolidate compiler generated dependencies of target turtlesim_custom_msg__rosidl_typesupport_c__pyext[0m
[0.513s] [35m[1mConsolidate compiler generated dependencies of target turtlesim_custom_msg__rosidl_typesupport_introspection_c__pyext[0m
[0.515s] [35m[1mConsolidate compiler generated dependencies of target turtlesim_custom_msg__rosidl_typesupport_fastrtps_c__pyext[0m
[0.530s] [ 93%] Built target turtlesim_custom_msg__rosidl_typesupport_c__pyext
[0.531s] [ 96%] Built target turtlesim_custom_msg__rosidl_typesupport_introspection_c__pyext
[0.537s] [100%] Built target turtlesim_custom_msg__rosidl_typesupport_fastrtps_c__pyext
[0.662s] running egg_info
[0.663s] writing turtlesim_custom_msg.egg-info/PKG-INFO
[0.663s] writing dependency_links to turtlesim_custom_msg.egg-info/dependency_links.txt
[0.663s] writing top-level names to turtlesim_custom_msg.egg-info/top_level.txt
[0.665s] reading manifest file 'turtlesim_custom_msg.egg-info/SOURCES.txt'
[0.666s] writing manifest file 'turtlesim_custom_msg.egg-info/SOURCES.txt'
[0.692s] [100%] Built target ament_cmake_python_build_turtlesim_custom_msg_egg
[0.707s] Invoked command in '/home/joseph/Turtle_Pursuit/build/turtlesim_custom_msg' returned '0': CMAKE_PREFIX_PATH=${CMAKE_PREFIX_PATH}:/home/joseph/Turtle_Pursuit/install/turtle_handlers:/home/joseph/learn_ros/install/test_pkg:/home/joseph/learn_ros/install/pubsub:/home/joseph/learn_ros/install/activity:/home/joseph/learn_ros/install/clientserver:/home/joseph/turtlesim_catch_turtles/install/handle_turtle:/home/joseph/turtlesim_catch_turtles/install/catch_turtles:/home/joseph/e-Yantra/install/ur5_control:/home/joseph/e-Yantra/install/task3b:/home/joseph/e-Yantra/install/task2a:/home/joseph/e-Yantra/install/misc:/home/joseph/e-Yantra/install/aruco:/opt/ros/humble /usr/bin/cmake --build /home/joseph/Turtle_Pursuit/build/turtlesim_custom_msg -- -j12 -l12
[0.922s] Invoking command in '/home/joseph/Turtle_Pursuit/build/turtlesim_custom_msg': CMAKE_PREFIX_PATH=${CMAKE_PREFIX_PATH}:/home/joseph/Turtle_Pursuit/install/turtle_handlers:/home/joseph/learn_ros/install/test_pkg:/home/joseph/learn_ros/install/pubsub:/home/joseph/learn_ros/install/activity:/home/joseph/learn_ros/install/clientserver:/home/joseph/turtlesim_catch_turtles/install/handle_turtle:/home/joseph/turtlesim_catch_turtles/install/catch_turtles:/home/joseph/e-Yantra/install/ur5_control:/home/joseph/e-Yantra/install/task3b:/home/joseph/e-Yantra/install/task2a:/home/joseph/e-Yantra/install/misc:/home/joseph/e-Yantra/install/aruco:/opt/ros/humble /usr/bin/cmake --install /home/joseph/Turtle_Pursuit/build/turtlesim_custom_msg
[0.940s] -- Install configuration: ""
[0.941s] -- Up-to-date: /home/joseph/Turtle_Pursuit/install/turtlesim_custom_msg/share/ament_index/resource_index/rosidl_interfaces/turtlesim_custom_msg
[0.941s] -- Up-to-date: /home/joseph/Turtle_Pursuit/install/turtlesim_custom_msg/include/turtlesim_custom_msg/turtlesim_custom_msg
[0.941s] -- Up-to-date: /home/joseph/Turtle_Pursuit/install/turtlesim_custom_msg/include/turtlesim_custom_msg/turtlesim_custom_msg/msg
[0.941s] -- Up-to-date: /home/joseph/Turtle_Pursuit/install/turtlesim_custom_msg/include/turtlesim_custom_msg/turtlesim_custom_msg/msg/detail
[0.942s] -- Up-to-date: /home/joseph/Turtle_Pursuit/install/turtlesim_custom_msg/include/turtlesim_custom_msg/turtlesim_custom_msg/msg/detail/turtle__struct.h
[0.942s] -- Up-to-date: /home/joseph/Turtle_Pursuit/install/turtlesim_custom_msg/include/turtlesim_custom_msg/turtlesim_custom_msg/msg/detail/alive_turtle_array__functions.h
[0.942s] -- Up-to-date: /home/joseph/Turtle_Pursuit/install/turtlesim_custom_msg/include/turtlesim_custom_msg/turtlesim_custom_msg/msg/detail/alive_turtle_array__struct.h
[0.942s] -- Up-to-date: /home/joseph/Turtle_Pursuit/install/turtlesim_custom_msg/include/turtlesim_custom_msg/turtlesim_custom_msg/msg/detail/turtle__functions.h
[0.942s] -- Up-to-date: /home/joseph/Turtle_Pursuit/install/turtlesim_custom_msg/include/turtlesim_custom_msg/turtlesim_custom_msg/msg/detail/turtle__type_support.h
[0.942s] -- Up-to-date: /home/joseph/Turtle_Pursuit/install/turtlesim_custom_msg/include/turtlesim_custom_msg/turtlesim_custom_msg/msg/detail/alive_turtle_array__functions.c
[0.942s] -- Up-to-date: /home/joseph/Turtle_Pursuit/install/turtlesim_custom_msg/include/turtlesim_custom_msg/turtlesim_custom_msg/msg/detail/alive_turtle_array__type_support.h
[0.942s] -- Up-to-date: /home/joseph/Turtle_Pursuit/install/turtlesim_custom_msg/include/turtlesim_custom_msg/turtlesim_custom_msg/msg/detail/turtle__functions.c
[0.943s] -- Up-to-date: /home/joseph/Turtle_Pursuit/install/turtlesim_custom_msg/include/turtlesim_custom_msg/turtlesim_custom_msg/msg/turtle.h
[0.943s] -- Up-to-date: /home/joseph/Turtle_Pursuit/install/turtlesim_custom_msg/include/turtlesim_custom_msg/turtlesim_custom_msg/msg/rosidl_generator_c__visibility_control.h
[0.943s] -- Up-to-date: /home/joseph/Turtle_Pursuit/install/turtlesim_custom_msg/include/turtlesim_custom_msg/turtlesim_custom_msg/msg/alive_turtle_array.h
[0.943s] -- Up-to-date: /home/joseph/Turtle_Pursuit/install/turtlesim_custom_msg/include/turtlesim_custom_msg/turtlesim_custom_msg/srv
[0.943s] -- Up-to-date: /home/joseph/Turtle_Pursuit/install/turtlesim_custom_msg/include/turtlesim_custom_msg/turtlesim_custom_msg/srv/get_turtle_alive.h
[0.943s] -- Up-to-date: /home/joseph/Turtle_Pursuit/install/turtlesim_custom_msg/include/turtlesim_custom_msg/turtlesim_custom_msg/srv/detail
[0.943s] -- Up-to-date: /home/joseph/Turtle_Pursuit/install/turtlesim_custom_msg/include/turtlesim_custom_msg/turtlesim_custom_msg/srv/detail/get_turtle_alive__struct.h
[0.943s] -- Up-to-date: /home/joseph/Turtle_Pursuit/install/turtlesim_custom_msg/include/turtlesim_custom_msg/turtlesim_custom_msg/srv/detail/get_turtle_alive__type_support.h
[0.944s] -- Up-to-date: /home/joseph/Turtle_Pursuit/install/turtlesim_custom_msg/include/turtlesim_custom_msg/turtlesim_custom_msg/srv/detail/get_turtle_alive__functions.h
[0.944s] -- Up-to-date: /home/joseph/Turtle_Pursuit/install/turtlesim_custom_msg/include/turtlesim_custom_msg/turtlesim_custom_msg/srv/detail/kill_turtle__struct.h
[0.944s] -- Up-to-date: /home/joseph/Turtle_Pursuit/install/turtlesim_custom_msg/include/turtlesim_custom_msg/turtlesim_custom_msg/srv/detail/get_turtle_alive__functions.c
[0.944s] -- Up-to-date: /home/joseph/Turtle_Pursuit/install/turtlesim_custom_msg/include/turtlesim_custom_msg/turtlesim_custom_msg/srv/detail/kill_turtle__functions.h
[0.944s] -- Up-to-date: /home/joseph/Turtle_Pursuit/install/turtlesim_custom_msg/include/turtlesim_custom_msg/turtlesim_custom_msg/srv/detail/navigate_turtle__struct.h
[0.944s] -- Up-to-date: /home/joseph/Turtle_Pursuit/install/turtlesim_custom_msg/include/turtlesim_custom_msg/turtlesim_custom_msg/srv/detail/kill_turtle__type_support.h
[0.944s] -- Up-to-date: /home/joseph/Turtle_Pursuit/install/turtlesim_custom_msg/include/turtlesim_custom_msg/turtlesim_custom_msg/srv/detail/navigate_turtle__type_support.h
[0.944s] -- Up-to-date: /home/joseph/Turtle_Pursuit/install/turtlesim_custom_msg/include/turtlesim_custom_msg/turtlesim_custom_msg/srv/detail/navigate_turtle__functions.h
[0.944s] -- Up-to-date: /home/joseph/Turtle_Pursuit/install/turtlesim_custom_msg/include/turtlesim_custom_msg/turtlesim_custom_msg/srv/detail/kill_turtle__functions.c
[0.944s] -- Up-to-date: /home/joseph/Turtle_Pursuit/install/turtlesim_custom_msg/include/turtlesim_custom_msg/turtlesim_custom_msg/srv/detail/navigate_turtle__functions.c
[0.944s] -- Up-to-date: /home/joseph/Turtle_Pursuit/install/turtlesim_custom_msg/include/turtlesim_custom_msg/turtlesim_custom_msg/srv/kill_turtle.h
[0.945s] -- Up-to-date: /home/joseph/Turtle_Pursuit/install/turtlesim_custom_msg/include/turtlesim_custom_msg/turtlesim_custom_msg/srv/navigate_turtle.h
[0.945s] -- Up-to-date: /home/joseph/Turtle_Pursuit/install/turtlesim_custom_msg/share/turtlesim_custom_msg/environment/library_path.sh
[0.945s] -- Up-to-date: /home/joseph/Turtle_Pursuit/install/turtlesim_custom_msg/share/turtlesim_custom_msg/environment/library_path.dsv
[0.945s] -- Up-to-date: /home/joseph/Turtle_Pursuit/install/turtlesim_custom_msg/lib/libturtlesim_custom_msg__rosidl_generator_c.so
[0.945s] -- Up-to-date: /home/joseph/Turtle_Pursuit/install/turtlesim_custom_msg/include/turtlesim_custom_msg/turtlesim_custom_msg
[0.945s] -- Up-to-date: /home/joseph/Turtle_Pursuit/install/turtlesim_custom_msg/include/turtlesim_custom_msg/turtlesim_custom_msg/msg
[0.945s] -- Up-to-date: /home/joseph/Turtle_Pursuit/install/turtlesim_custom_msg/include/turtlesim_custom_msg/turtlesim_custom_msg/msg/rosidl_typesupport_fastrtps_c__visibility_control.h
[0.945s] -- Up-to-date: /home/joseph/Turtle_Pursuit/install/turtlesim_custom_msg/include/turtlesim_custom_msg/turtlesim_custom_msg/msg/detail
[0.945s] -- Up-to-date: /home/joseph/Turtle_Pursuit/install/turtlesim_custom_msg/include/turtlesim_custom_msg/turtlesim_custom_msg/msg/detail/turtle__rosidl_typesupport_fastrtps_c.h
[0.945s] -- Up-to-date: /home/joseph/Turtle_Pursuit/install/turtlesim_custom_msg/include/turtlesim_custom_msg/turtlesim_custom_msg/msg/detail/alive_turtle_array__rosidl_typesupport_fastrtps_c.h
[0.946s] -- Up-to-date: /home/joseph/Turtle_Pursuit/install/turtlesim_custom_msg/include/turtlesim_custom_msg/turtlesim_custom_msg/srv
[0.946s] -- Up-to-date: /home/joseph/Turtle_Pursuit/install/turtlesim_custom_msg/include/turtlesim_custom_msg/turtlesim_custom_msg/srv/detail
[0.946s] -- Up-to-date: /home/joseph/Turtle_Pursuit/install/turtlesim_custom_msg/include/turtlesim_custom_msg/turtlesim_custom_msg/srv/detail/kill_turtle__rosidl_typesupport_fastrtps_c.h
[0.946s] -- Up-to-date: /home/joseph/Turtle_Pursuit/install/turtlesim_custom_msg/include/turtlesim_custom_msg/turtlesim_custom_msg/srv/detail/navigate_turtle__rosidl_typesupport_fastrtps_c.h
[0.946s] -- Up-to-date: /home/joseph/Turtle_Pursuit/install/turtlesim_custom_msg/include/turtlesim_custom_msg/turtlesim_custom_msg/srv/detail/get_turtle_alive__rosidl_typesupport_fastrtps_c.h
[0.946s] -- Up-to-date: /home/joseph/Turtle_Pursuit/install/turtlesim_custom_msg/lib/libturtlesim_custom_msg__rosidl_typesupport_fastrtps_c.so
[0.946s] -- Up-to-date: /home/joseph/Turtle_Pursuit/install/turtlesim_custom_msg/include/turtlesim_custom_msg/turtlesim_custom_msg
[0.946s] -- Up-to-date: /home/joseph/Turtle_Pursuit/install/turtlesim_custom_msg/include/turtlesim_custom_msg/turtlesim_custom_msg/msg
[0.946s] -- Up-to-date: /home/joseph/Turtle_Pursuit/install/turtlesim_custom_msg/include/turtlesim_custom_msg/turtlesim_custom_msg/msg/detail
[0.946s] -- Up-to-date: /home/joseph/Turtle_Pursuit/install/turtlesim_custom_msg/include/turtlesim_custom_msg/turtlesim_custom_msg/msg/detail/alive_turtle_array__type_support.c
[0.946s] -- Up-to-date: /home/joseph/Turtle_Pursuit/install/turtlesim_custom_msg/include/turtlesim_custom_msg/turtlesim_custom_msg/msg/detail/turtle__type_support.c
[0.947s] -- Up-to-date: /home/joseph/Turtle_Pursuit/install/turtlesim_custom_msg/include/turtlesim_custom_msg/turtlesim_custom_msg/msg/detail/turtle__rosidl_typesupport_introspection_c.h
[0.947s] -- Up-to-date: /home/joseph/Turtle_Pursuit/install/turtlesim_custom_msg/include/turtlesim_custom_msg/turtlesim_custom_msg/msg/detail/alive_turtle_array__rosidl_typesupport_introspection_c.h
[0.947s] -- Up-to-date: /home/joseph/Turtle_Pursuit/install/turtlesim_custom_msg/include/turtlesim_custom_msg/turtlesim_custom_msg/msg/rosidl_typesupport_introspection_c__visibility_control.h
[0.947s] -- Up-to-date: /home/joseph/Turtle_Pursuit/install/turtlesim_custom_msg/include/turtlesim_custom_msg/turtlesim_custom_msg/srv
[0.947s] -- Up-to-date: /home/joseph/Turtle_Pursuit/install/turtlesim_custom_msg/include/turtlesim_custom_msg/turtlesim_custom_msg/srv/detail
[0.947s] -- Up-to-date: /home/joseph/Turtle_Pursuit/install/turtlesim_custom_msg/include/turtlesim_custom_msg/turtlesim_custom_msg/srv/detail/get_turtle_alive__rosidl_typesupport_introspection_c.h
[0.947s] -- Up-to-date: /home/joseph/Turtle_Pursuit/install/turtlesim_custom_msg/include/turtlesim_custom_msg/turtlesim_custom_msg/srv/detail/get_turtle_alive__type_support.c
[0.947s] -- Up-to-date: /home/joseph/Turtle_Pursuit/install/turtlesim_custom_msg/include/turtlesim_custom_msg/turtlesim_custom_msg/srv/detail/navigate_turtle__rosidl_typesupport_introspection_c.h
[0.947s] -- Up-to-date: /home/joseph/Turtle_Pursuit/install/turtlesim_custom_msg/include/turtlesim_custom_msg/turtlesim_custom_msg/srv/detail/navigate_turtle__type_support.c
[0.947s] -- Up-to-date: /home/joseph/Turtle_Pursuit/install/turtlesim_custom_msg/include/turtlesim_custom_msg/turtlesim_custom_msg/srv/detail/kill_turtle__type_support.c
[0.947s] -- Up-to-date: /home/joseph/Turtle_Pursuit/install/turtlesim_custom_msg/include/turtlesim_custom_msg/turtlesim_custom_msg/srv/detail/kill_turtle__rosidl_typesupport_introspection_c.h
[0.948s] -- Up-to-date: /home/joseph/Turtle_Pursuit/install/turtlesim_custom_msg/lib/libturtlesim_custom_msg__rosidl_typesupport_introspection_c.so
[0.948s] -- Up-to-date: /home/joseph/Turtle_Pursuit/install/turtlesim_custom_msg/lib/libturtlesim_custom_msg__rosidl_typesupport_c.so
[0.948s] -- Up-to-date: /home/joseph/Turtle_Pursuit/install/turtlesim_custom_msg/include/turtlesim_custom_msg/turtlesim_custom_msg
[0.948s] -- Up-to-date: /home/joseph/Turtle_Pursuit/install/turtlesim_custom_msg/include/turtlesim_custom_msg/turtlesim_custom_msg/msg
[0.948s] -- Up-to-date: /home/joseph/Turtle_Pursuit/install/turtlesim_custom_msg/include/turtlesim_custom_msg/turtlesim_custom_msg/msg/alive_turtle_array.hpp
[0.948s] -- Up-to-date: /home/joseph/Turtle_Pursuit/install/turtlesim_custom_msg/include/turtlesim_custom_msg/turtlesim_custom_msg/msg/detail
[0.948s] -- Up-to-date: /home/joseph/Turtle_Pursuit/install/turtlesim_custom_msg/include/turtlesim_custom_msg/turtlesim_custom_msg/msg/detail/turtle__builder.hpp
[0.948s] -- Up-to-date: /home/joseph/Turtle_Pursuit/install/turtlesim_custom_msg/include/turtlesim_custom_msg/turtlesim_custom_msg/msg/detail/alive_turtle_array__struct.hpp
[0.948s] -- Up-to-date: /home/joseph/Turtle_Pursuit/install/turtlesim_custom_msg/include/turtlesim_custom_msg/turtlesim_custom_msg/msg/detail/alive_turtle_array__builder.hpp
[0.948s] -- Up-to-date: /home/joseph/Turtle_Pursuit/install/turtlesim_custom_msg/include/turtlesim_custom_msg/turtlesim_custom_msg/msg/detail/alive_turtle_array__traits.hpp
[0.949s] -- Up-to-date: /home/joseph/Turtle_Pursuit/install/turtlesim_custom_msg/include/turtlesim_custom_msg/turtlesim_custom_msg/msg/detail/turtle__struct.hpp
[0.949s] -- Up-to-date: /home/joseph/Turtle_Pursuit/install/turtlesim_custom_msg/include/turtlesim_custom_msg/turtlesim_custom_msg/msg/detail/turtle__traits.hpp
[0.949s] -- Up-to-date: /home/joseph/Turtle_Pursuit/install/turtlesim_custom_msg/include/turtlesim_custom_msg/turtlesim_custom_msg/msg/turtle.hpp
[0.949s] -- Up-to-date: /home/joseph/Turtle_Pursuit/install/turtlesim_custom_msg/include/turtlesim_custom_msg/turtlesim_custom_msg/srv
[0.949s] -- Up-to-date: /home/joseph/Turtle_Pursuit/install/turtlesim_custom_msg/include/turtlesim_custom_msg/turtlesim_custom_msg/srv/get_turtle_alive.hpp
[0.949s] -- Up-to-date: /home/joseph/Turtle_Pursuit/install/turtlesim_custom_msg/include/turtlesim_custom_msg/turtlesim_custom_msg/srv/detail
[0.949s] -- Up-to-date: /home/joseph/Turtle_Pursuit/install/turtlesim_custom_msg/include/turtlesim_custom_msg/turtlesim_custom_msg/srv/detail/get_turtle_alive__builder.hpp
[0.949s] -- Up-to-date: /home/joseph/Turtle_Pursuit/install/turtlesim_custom_msg/include/turtlesim_custom_msg/turtlesim_custom_msg/srv/detail/kill_turtle__struct.hpp
[0.949s] -- Up-to-date: /home/joseph/Turtle_Pursuit/install/turtlesim_custom_msg/include/turtlesim_custom_msg/turtlesim_custom_msg/srv/detail/navigate_turtle__struct.hpp
[0.949s] -- Up-to-date: /home/joseph/Turtle_Pursuit/install/turtlesim_custom_msg/include/turtlesim_custom_msg/turtlesim_custom_msg/srv/detail/kill_turtle__traits.hpp
[0.949s] -- Up-to-date: /home/joseph/Turtle_Pursuit/install/turtlesim_custom_msg/include/turtlesim_custom_msg/turtlesim_custom_msg/srv/detail/navigate_turtle__builder.hpp
[0.949s] -- Up-to-date: /home/joseph/Turtle_Pursuit/install/turtlesim_custom_msg/include/turtlesim_custom_msg/turtlesim_custom_msg/srv/detail/navigate_turtle__traits.hpp
[0.949s] -- Up-to-date: /home/joseph/Turtle_Pursuit/install/turtlesim_custom_msg/include/turtlesim_custom_msg/turtlesim_custom_msg/srv/detail/get_turtle_alive__traits.hpp
[0.950s] -- Up-to-date: /home/joseph/Turtle_Pursuit/install/turtlesim_custom_msg/include/turtlesim_custom_msg/turtlesim_custom_msg/srv/detail/get_turtle_alive__struct.hpp
[0.950s] -- Up-to-date: /home/joseph/Turtle_Pursuit/install/turtlesim_custom_msg/include/turtlesim_custom_msg/turtlesim_custom_msg/srv/detail/kill_turtle__builder.hpp
[0.950s] -- Up-to-date: /home/joseph/Turtle_Pursuit/install/turtlesim_custom_msg/include/turtlesim_custom_msg/turtlesim_custom_msg/srv/kill_turtle.hpp
[0.950s] -- Up-to-date: /home/joseph/Turtle_Pursuit/install/turtlesim_custom_msg/include/turtlesim_custom_msg/turtlesim_custom_msg/srv/navigate_turtle.hpp
[0.950s] -- Up-to-date: /home/joseph/Turtle_Pursuit/install/turtlesim_custom_msg/include/turtlesim_custom_msg/turtlesim_custom_msg
[0.950s] -- Up-to-date: /home/joseph/Turtle_Pursuit/install/turtlesim_custom_msg/include/turtlesim_custom_msg/turtlesim_custom_msg/msg
[0.950s] -- Up-to-date: /home/joseph/Turtle_Pursuit/install/turtlesim_custom_msg/include/turtlesim_custom_msg/turtlesim_custom_msg/msg/detail
[0.950s] -- Up-to-date: /home/joseph/Turtle_Pursuit/install/turtlesim_custom_msg/include/turtlesim_custom_msg/turtlesim_custom_msg/msg/detail/dds_fastrtps
[0.950s] -- Up-to-date: /home/joseph/Turtle_Pursuit/install/turtlesim_custom_msg/include/turtlesim_custom_msg/turtlesim_custom_msg/msg/detail/turtle__rosidl_typesupport_fastrtps_cpp.hpp
[0.950s] -- Up-to-date: /home/joseph/Turtle_Pursuit/install/turtlesim_custom_msg/include/turtlesim_custom_msg/turtlesim_custom_msg/msg/detail/alive_turtle_array__rosidl_typesupport_fastrtps_cpp.hpp
[0.950s] -- Up-to-date: /home/joseph/Turtle_Pursuit/install/turtlesim_custom_msg/include/turtlesim_custom_msg/turtlesim_custom_msg/msg/rosidl_typesupport_fastrtps_cpp__visibility_control.h
[0.951s] -- Up-to-date: /home/joseph/Turtle_Pursuit/install/turtlesim_custom_msg/include/turtlesim_custom_msg/turtlesim_custom_msg/srv
[0.951s] -- Up-to-date: /home/joseph/Turtle_Pursuit/install/turtlesim_custom_msg/include/turtlesim_custom_msg/turtlesim_custom_msg/srv/detail
[0.951s] -- Up-to-date: /home/joseph/Turtle_Pursuit/install/turtlesim_custom_msg/include/turtlesim_custom_msg/turtlesim_custom_msg/srv/detail/dds_fastrtps
[0.951s] -- Up-to-date: /home/joseph/Turtle_Pursuit/install/turtlesim_custom_msg/include/turtlesim_custom_msg/turtlesim_custom_msg/srv/detail/kill_turtle__rosidl_typesupport_fastrtps_cpp.hpp
[0.951s] -- Up-to-date: /home/joseph/Turtle_Pursuit/install/turtlesim_custom_msg/include/turtlesim_custom_msg/turtlesim_custom_msg/srv/detail/navigate_turtle__rosidl_typesupport_fastrtps_cpp.hpp
[0.951s] -- Up-to-date: /home/joseph/Turtle_Pursuit/install/turtlesim_custom_msg/include/turtlesim_custom_msg/turtlesim_custom_msg/srv/detail/get_turtle_alive__rosidl_typesupport_fastrtps_cpp.hpp
[0.951s] -- Up-to-date: /home/joseph/Turtle_Pursuit/install/turtlesim_custom_msg/lib/libturtlesim_custom_msg__rosidl_typesupport_fastrtps_cpp.so
[0.951s] -- Up-to-date: /home/joseph/Turtle_Pursuit/install/turtlesim_custom_msg/include/turtlesim_custom_msg/turtlesim_custom_msg
[0.951s] -- Up-to-date: /home/joseph/Turtle_Pursuit/install/turtlesim_custom_msg/include/turtlesim_custom_msg/turtlesim_custom_msg/msg
[0.951s] -- Up-to-date: /home/joseph/Turtle_Pursuit/install/turtlesim_custom_msg/include/turtlesim_custom_msg/turtlesim_custom_msg/msg/detail
[0.951s] -- Up-to-date: /home/joseph/Turtle_Pursuit/install/turtlesim_custom_msg/include/turtlesim_custom_msg/turtlesim_custom_msg/msg/detail/alive_turtle_array__type_support.cpp
[0.951s] -- Up-to-date: /home/joseph/Turtle_Pursuit/install/turtlesim_custom_msg/include/turtlesim_custom_msg/turtlesim_custom_msg/msg/detail/alive_turtle_array__rosidl_typesupport_introspection_cpp.hpp
[0.951s] -- Up-to-date: /home/joseph/Turtle_Pursuit/install/turtlesim_custom_msg/include/turtlesim_custom_msg/turtlesim_custom_msg/msg/detail/turtle__rosidl_typesupport_introspection_cpp.hpp
[0.951s] -- Up-to-date: /home/joseph/Turtle_Pursuit/install/turtlesim_custom_msg/include/turtlesim_custom_msg/turtlesim_custom_msg/msg/detail/turtle__type_support.cpp
[0.951s] -- Up-to-date: /home/joseph/Turtle_Pursuit/install/turtlesim_custom_msg/include/turtlesim_custom_msg/turtlesim_custom_msg/srv
[0.951s] -- Up-to-date: /home/joseph/Turtle_Pursuit/install/turtlesim_custom_msg/include/turtlesim_custom_msg/turtlesim_custom_msg/srv/detail
[0.952s] -- Up-to-date: /home/joseph/Turtle_Pursuit/install/turtlesim_custom_msg/include/turtlesim_custom_msg/turtlesim_custom_msg/srv/detail/navigate_turtle__rosidl_typesupport_introspection_cpp.hpp
[0.952s] -- Up-to-date: /home/joseph/Turtle_Pursuit/install/turtlesim_custom_msg/include/turtlesim_custom_msg/turtlesim_custom_msg/srv/detail/kill_turtle__type_support.cpp
[0.952s] -- Up-to-date: /home/joseph/Turtle_Pursuit/install/turtlesim_custom_msg/include/turtlesim_custom_msg/turtlesim_custom_msg/srv/detail/navigate_turtle__type_support.cpp
[0.952s] -- Up-to-date: /home/joseph/Turtle_Pursuit/install/turtlesim_custom_msg/include/turtlesim_custom_msg/turtlesim_custom_msg/srv/detail/get_turtle_alive__rosidl_typesupport_introspection_cpp.hpp
[0.952s] -- Up-to-date: /home/joseph/Turtle_Pursuit/install/turtlesim_custom_msg/include/turtlesim_custom_msg/turtlesim_custom_msg/srv/detail/get_turtle_alive__type_support.cpp
[0.952s] -- Up-to-date: /home/joseph/Turtle_Pursuit/install/turtlesim_custom_msg/include/turtlesim_custom_msg/turtlesim_custom_msg/srv/detail/kill_turtle__rosidl_typesupport_introspection_cpp.hpp
[0.952s] -- Up-to-date: /home/joseph/Turtle_Pursuit/install/turtlesim_custom_msg/lib/libturtlesim_custom_msg__rosidl_typesupport_introspection_cpp.so
[0.952s] -- Up-to-date: /home/joseph/Turtle_Pursuit/install/turtlesim_custom_msg/lib/libturtlesim_custom_msg__rosidl_typesupport_cpp.so
[0.952s] -- Up-to-date: /home/joseph/Turtle_Pursuit/install/turtlesim_custom_msg/share/turtlesim_custom_msg/environment/pythonpath.sh
[0.952s] -- Up-to-date: /home/joseph/Turtle_Pursuit/install/turtlesim_custom_msg/share/turtlesim_custom_msg/environment/pythonpath.dsv
[0.953s] -- Up-to-date: /home/joseph/Turtle_Pursuit/install/turtlesim_custom_msg/local/lib/python3.10/dist-packages/turtlesim_custom_msg-0.0.0-py3.10.egg-info
[0.953s] -- Installing: /home/joseph/Turtle_Pursuit/install/turtlesim_custom_msg/local/lib/python3.10/dist-packages/turtlesim_custom_msg-0.0.0-py3.10.egg-info/PKG-INFO
[0.953s] -- Installing: /home/joseph/Turtle_Pursuit/install/turtlesim_custom_msg/local/lib/python3.10/dist-packages/turtlesim_custom_msg-0.0.0-py3.10.egg-info/SOURCES.txt
[0.953s] -- Installing: /home/joseph/Turtle_Pursuit/install/turtlesim_custom_msg/local/lib/python3.10/dist-packages/turtlesim_custom_msg-0.0.0-py3.10.egg-info/dependency_links.txt
[0.953s] -- Installing: /home/joseph/Turtle_Pursuit/install/turtlesim_custom_msg/local/lib/python3.10/dist-packages/turtlesim_custom_msg-0.0.0-py3.10.egg-info/top_level.txt
[0.954s] -- Up-to-date: /home/joseph/Turtle_Pursuit/install/turtlesim_custom_msg/local/lib/python3.10/dist-packages/turtlesim_custom_msg
[0.954s] -- Up-to-date: /home/joseph/Turtle_Pursuit/install/turtlesim_custom_msg/local/lib/python3.10/dist-packages/turtlesim_custom_msg/msg
[0.954s] -- Up-to-date: /home/joseph/Turtle_Pursuit/install/turtlesim_custom_msg/local/lib/python3.10/dist-packages/turtlesim_custom_msg/msg/__init__.py
[0.954s] -- Up-to-date: /home/joseph/Turtle_Pursuit/install/turtlesim_custom_msg/local/lib/python3.10/dist-packages/turtlesim_custom_msg/msg/_alive_turtle_array_s.c
[0.954s] -- Up-to-date: /home/joseph/Turtle_Pursuit/install/turtlesim_custom_msg/local/lib/python3.10/dist-packages/turtlesim_custom_msg/msg/_turtle_s.c
[0.954s] -- Up-to-date: /home/joseph/Turtle_Pursuit/install/turtlesim_custom_msg/local/lib/python3.10/dist-packages/turtlesim_custom_msg/msg/_alive_turtle_array.py
[0.954s] -- Up-to-date: /home/joseph/Turtle_Pursuit/install/turtlesim_custom_msg/local/lib/python3.10/dist-packages/turtlesim_custom_msg/msg/_turtle.py
[0.954s] -- Up-to-date: /home/joseph/Turtle_Pursuit/install/turtlesim_custom_msg/local/lib/python3.10/dist-packages/turtlesim_custom_msg/srv
[0.955s] -- Up-to-date: /home/joseph/Turtle_Pursuit/install/turtlesim_custom_msg/local/lib/python3.10/dist-packages/turtlesim_custom_msg/srv/_get_turtle_alive.py
[0.955s] -- Up-to-date: /home/joseph/Turtle_Pursuit/install/turtlesim_custom_msg/local/lib/python3.10/dist-packages/turtlesim_custom_msg/srv/__init__.py
[0.955s] -- Up-to-date: /home/joseph/Turtle_Pursuit/install/turtlesim_custom_msg/local/lib/python3.10/dist-packages/turtlesim_custom_msg/srv/_navigate_turtle.py
[0.955s] -- Up-to-date: /home/joseph/Turtle_Pursuit/install/turtlesim_custom_msg/local/lib/python3.10/dist-packages/turtlesim_custom_msg/srv/_kill_turtle_s.c
[0.955s] -- Up-to-date: /home/joseph/Turtle_Pursuit/install/turtlesim_custom_msg/local/lib/python3.10/dist-packages/turtlesim_custom_msg/srv/_navigate_turtle_s.c
[0.955s] -- Up-to-date: /home/joseph/Turtle_Pursuit/install/turtlesim_custom_msg/local/lib/python3.10/dist-packages/turtlesim_custom_msg/srv/_get_turtle_alive_s.c
[0.955s] -- Up-to-date: /home/joseph/Turtle_Pursuit/install/turtlesim_custom_msg/local/lib/python3.10/dist-packages/turtlesim_custom_msg/srv/_kill_turtle.py
[0.955s] -- Up-to-date: /home/joseph/Turtle_Pursuit/install/turtlesim_custom_msg/local/lib/python3.10/dist-packages/turtlesim_custom_msg/_turtlesim_custom_msg_s.ep.rosidl_typesupport_c.c
[0.955s] -- Up-to-date: /home/joseph/Turtle_Pursuit/install/turtlesim_custom_msg/local/lib/python3.10/dist-packages/turtlesim_custom_msg/turtlesim_custom_msg_s__rosidl_typesupport_fastrtps_c.cpython-310-x86_64-linux-gnu.so
[0.955s] -- Up-to-date: /home/joseph/Turtle_Pursuit/install/turtlesim_custom_msg/local/lib/python3.10/dist-packages/turtlesim_custom_msg/__init__.py
[0.955s] -- Up-to-date: /home/joseph/Turtle_Pursuit/install/turtlesim_custom_msg/local/lib/python3.10/dist-packages/turtlesim_custom_msg/_turtlesim_custom_msg_s.ep.rosidl_typesupport_introspection_c.c
[0.955s] -- Up-to-date: /home/joseph/Turtle_Pursuit/install/turtlesim_custom_msg/local/lib/python3.10/dist-packages/turtlesim_custom_msg/_turtlesim_custom_msg_s.ep.rosidl_typesupport_fastrtps_c.c
[0.955s] -- Up-to-date: /home/joseph/Turtle_Pursuit/install/turtlesim_custom_msg/local/lib/python3.10/dist-packages/turtlesim_custom_msg/libturtlesim_custom_msg__rosidl_generator_py.so
[0.955s] -- Up-to-date: /home/joseph/Turtle_Pursuit/install/turtlesim_custom_msg/local/lib/python3.10/dist-packages/turtlesim_custom_msg/turtlesim_custom_msg_s__rosidl_typesupport_c.cpython-310-x86_64-linux-gnu.so
[0.955s] -- Up-to-date: /home/joseph/Turtle_Pursuit/install/turtlesim_custom_msg/local/lib/python3.10/dist-packages/turtlesim_custom_msg/turtlesim_custom_msg_s__rosidl_typesupport_introspection_c.cpython-310-x86_64-linux-gnu.so
[1.004s] Listing '/home/joseph/Turtle_Pursuit/install/turtlesim_custom_msg/local/lib/python3.10/dist-packages/turtlesim_custom_msg'...
[1.005s] Listing '/home/joseph/Turtle_Pursuit/install/turtlesim_custom_msg/local/lib/python3.10/dist-packages/turtlesim_custom_msg/msg'...
[1.005s] Listing '/home/joseph/Turtle_Pursuit/install/turtlesim_custom_msg/local/lib/python3.10/dist-packages/turtlesim_custom_msg/srv'...
[1.011s] -- Up-to-date: /home/joseph/Turtle_Pursuit/install/turtlesim_custom_msg/local/lib/python3.10/dist-packages/turtlesim_custom_msg/turtlesim_custom_msg_s__rosidl_typesupport_fastrtps_c.cpython-310-x86_64-linux-gnu.so
[1.012s] -- Up-to-date: /home/joseph/Turtle_Pursuit/install/turtlesim_custom_msg/local/lib/python3.10/dist-packages/turtlesim_custom_msg/turtlesim_custom_msg_s__rosidl_typesupport_introspection_c.cpython-310-x86_64-linux-gnu.so
[1.013s] -- Up-to-date: /home/joseph/Turtle_Pursuit/install/turtlesim_custom_msg/local/lib/python3.10/dist-packages/turtlesim_custom_msg/turtlesim_custom_msg_s__rosidl_typesupport_c.cpython-310-x86_64-linux-gnu.so
[1.014s] -- Up-to-date: /home/joseph/Turtle_Pursuit/install/turtlesim_custom_msg/lib/libturtlesim_custom_msg__rosidl_generator_py.so
[1.014s] -- Up-to-date: /home/joseph/Turtle_Pursuit/install/turtlesim_custom_msg/share/turtlesim_custom_msg/srv/GetTurtleAlive.idl
[1.014s] -- Up-to-date: /home/joseph/Turtle_Pursuit/install/turtlesim_custom_msg/share/turtlesim_custom_msg/msg/Turtle.idl
[1.014s] -- Up-to-date: /home/joseph/Turtle_Pursuit/install/turtlesim_custom_msg/share/turtlesim_custom_msg/msg/AliveTurtleArray.idl
[1.015s] -- Up-to-date: /home/joseph/Turtle_Pursuit/install/turtlesim_custom_msg/share/turtlesim_custom_msg/srv/KillTurtle.idl
[1.015s] -- Up-to-date: /home/joseph/Turtle_Pursuit/install/turtlesim_custom_msg/share/turtlesim_custom_msg/srv/NavigateTurtle.idl
[1.015s] -- Up-to-date: /home/joseph/Turtle_Pursuit/install/turtlesim_custom_msg/share/turtlesim_custom_msg/srv/GetTurtleAlive.srv
[1.015s] -- Up-to-date: /home/joseph/Turtle_Pursuit/install/turtlesim_custom_msg/share/turtlesim_custom_msg/srv/GetTurtleAlive_Request.msg
[1.015s] -- Up-to-date: /home/joseph/Turtle_Pursuit/install/turtlesim_custom_msg/share/turtlesim_custom_msg/srv/GetTurtleAlive_Response.msg
[1.015s] -- Up-to-date: /home/joseph/Turtle_Pursuit/install/turtlesim_custom_msg/share/turtlesim_custom_msg/msg/Turtle.msg
[1.015s] -- Up-to-date: /home/joseph/Turtle_Pursuit/install/turtlesim_custom_msg/share/turtlesim_custom_msg/msg/AliveTurtleArray.msg
[1.016s] -- Up-to-date: /home/joseph/Turtle_Pursuit/install/turtlesim_custom_msg/share/turtlesim_custom_msg/srv/KillTurtle.srv
[1.016s] -- Up-to-date: /home/joseph/Turtle_Pursuit/install/turtlesim_custom_msg/share/turtlesim_custom_msg/srv/KillTurtle_Request.msg
[1.016s] -- Up-to-date: /home/joseph/Turtle_Pursuit/install/turtlesim_custom_msg/share/turtlesim_custom_msg/srv/KillTurtle_Response.msg
[1.016s] -- Up-to-date: /home/joseph/Turtle_Pursuit/install/turtlesim_custom_msg/share/turtlesim_custom_msg/srv/NavigateTurtle.srv
[1.016s] -- Up-to-date: /home/joseph/Turtle_Pursuit/install/turtlesim_custom_msg/share/turtlesim_custom_msg/srv/NavigateTurtle_Request.msg
[1.016s] -- Up-to-date: /home/joseph/Turtle_Pursuit/install/turtlesim_custom_msg/share/turtlesim_custom_msg/srv/NavigateTurtle_Response.msg
[1.016s] -- Up-to-date: /home/joseph/Turtle_Pursuit/install/turtlesim_custom_msg/share/ament_index/resource_index/package_run_dependencies/turtlesim_custom_msg
[1.016s] -- Up-to-date: /home/joseph/Turtle_Pursuit/install/turtlesim_custom_msg/share/ament_index/resource_index/parent_prefix_path/turtlesim_custom_msg
[1.016s] -- Up-to-date: /home/joseph/Turtle_Pursuit/install/turtlesim_custom_msg/share/turtlesim_custom_msg/environment/ament_prefix_path.sh
[1.016s] -- Up-to-date: /home/joseph/Turtle_Pursuit/install/turtlesim_custom_msg/share/turtlesim_custom_msg/environment/ament_prefix_path.dsv
[1.016s] -- Up-to-date: /home/joseph/Turtle_Pursuit/install/turtlesim_custom_msg/share/turtlesim_custom_msg/environment/path.sh
[1.016s] -- Up-to-date: /home/joseph/Turtle_Pursuit/install/turtlesim_custom_msg/share/turtlesim_custom_msg/environment/path.dsv
[1.017s] -- Up-to-date: /home/joseph/Turtle_Pursuit/install/turtlesim_custom_msg/share/turtlesim_custom_msg/local_setup.bash
[1.017s] -- Up-to-date: /home/joseph/Turtle_Pursuit/install/turtlesim_custom_msg/share/turtlesim_custom_msg/local_setup.sh
[1.017s] -- Up-to-date: /home/joseph/Turtle_Pursuit/install/turtlesim_custom_msg/share/turtlesim_custom_msg/local_setup.zsh
[1.017s] -- Up-to-date: /home/joseph/Turtle_Pursuit/install/turtlesim_custom_msg/share/turtlesim_custom_msg/local_setup.dsv
[1.017s] -- Installing: /home/joseph/Turtle_Pursuit/install/turtlesim_custom_msg/share/turtlesim_custom_msg/package.dsv
[1.017s] -- Up-to-date: /home/joseph/Turtle_Pursuit/install/turtlesim_custom_msg/share/ament_index/resource_index/packages/turtlesim_custom_msg
[1.017s] -- Up-to-date: /home/joseph/Turtle_Pursuit/install/turtlesim_custom_msg/share/turtlesim_custom_msg/cmake/export_turtlesim_custom_msg__rosidl_generator_cExport.cmake
[1.017s] -- Up-to-date: /home/joseph/Turtle_Pursuit/install/turtlesim_custom_msg/share/turtlesim_custom_msg/cmake/export_turtlesim_custom_msg__rosidl_generator_cExport-noconfig.cmake
[1.018s] -- Up-to-date: /home/joseph/Turtle_Pursuit/install/turtlesim_custom_msg/share/turtlesim_custom_msg/cmake/export_turtlesim_custom_msg__rosidl_typesupport_fastrtps_cExport.cmake
[1.018s] -- Up-to-date: /home/joseph/Turtle_Pursuit/install/turtlesim_custom_msg/share/turtlesim_custom_msg/cmake/export_turtlesim_custom_msg__rosidl_typesupport_fastrtps_cExport-noconfig.cmake
[1.018s] -- Up-to-date: /home/joseph/Turtle_Pursuit/install/turtlesim_custom_msg/share/turtlesim_custom_msg/cmake/turtlesim_custom_msg__rosidl_typesupport_introspection_cExport.cmake
[1.018s] -- Up-to-date: /home/joseph/Turtle_Pursuit/install/turtlesim_custom_msg/share/turtlesim_custom_msg/cmake/turtlesim_custom_msg__rosidl_typesupport_introspection_cExport-noconfig.cmake
[1.019s] -- Up-to-date: /home/joseph/Turtle_Pursuit/install/turtlesim_custom_msg/share/turtlesim_custom_msg/cmake/turtlesim_custom_msg__rosidl_typesupport_cExport.cmake
[1.019s] -- Up-to-date: /home/joseph/Turtle_Pursuit/install/turtlesim_custom_msg/share/turtlesim_custom_msg/cmake/turtlesim_custom_msg__rosidl_typesupport_cExport-noconfig.cmake
[1.019s] -- Up-to-date: /home/joseph/Turtle_Pursuit/install/turtlesim_custom_msg/share/turtlesim_custom_msg/cmake/export_turtlesim_custom_msg__rosidl_generator_cppExport.cmake
[1.019s] -- Up-to-date: /home/joseph/Turtle_Pursuit/install/turtlesim_custom_msg/share/turtlesim_custom_msg/cmake/export_turtlesim_custom_msg__rosidl_typesupport_fastrtps_cppExport.cmake
[1.019s] -- Up-to-date: /home/joseph/Turtle_Pursuit/install/turtlesim_custom_msg/share/turtlesim_custom_msg/cmake/export_turtlesim_custom_msg__rosidl_typesupport_fastrtps_cppExport-noconfig.cmake
[1.020s] -- Up-to-date: /home/joseph/Turtle_Pursuit/install/turtlesim_custom_msg/share/turtlesim_custom_msg/cmake/turtlesim_custom_msg__rosidl_typesupport_introspection_cppExport.cmake
[1.020s] -- Up-to-date: /home/joseph/Turtle_Pursuit/install/turtlesim_custom_msg/share/turtlesim_custom_msg/cmake/turtlesim_custom_msg__rosidl_typesupport_introspection_cppExport-noconfig.cmake
[1.020s] -- Up-to-date: /home/joseph/Turtle_Pursuit/install/turtlesim_custom_msg/share/turtlesim_custom_msg/cmake/turtlesim_custom_msg__rosidl_typesupport_cppExport.cmake
[1.020s] -- Up-to-date: /home/joseph/Turtle_Pursuit/install/turtlesim_custom_msg/share/turtlesim_custom_msg/cmake/turtlesim_custom_msg__rosidl_typesupport_cppExport-noconfig.cmake
[1.021s] -- Up-to-date: /home/joseph/Turtle_Pursuit/install/turtlesim_custom_msg/share/turtlesim_custom_msg/cmake/export_turtlesim_custom_msg__rosidl_generator_pyExport.cmake
[1.021s] -- Up-to-date: /home/joseph/Turtle_Pursuit/install/turtlesim_custom_msg/share/turtlesim_custom_msg/cmake/export_turtlesim_custom_msg__rosidl_generator_pyExport-noconfig.cmake
[1.021s] -- Up-to-date: /home/joseph/Turtle_Pursuit/install/turtlesim_custom_msg/share/turtlesim_custom_msg/cmake/rosidl_cmake-extras.cmake
[1.021s] -- Up-to-date: /home/joseph/Turtle_Pursuit/install/turtlesim_custom_msg/share/turtlesim_custom_msg/cmake/ament_cmake_export_include_directories-extras.cmake
[1.021s] -- Up-to-date: /home/joseph/Turtle_Pursuit/install/turtlesim_custom_msg/share/turtlesim_custom_msg/cmake/ament_cmake_export_libraries-extras.cmake
[1.021s] -- Up-to-date: /home/joseph/Turtle_Pursuit/install/turtlesim_custom_msg/share/turtlesim_custom_msg/cmake/ament_cmake_export_targets-extras.cmake
[1.021s] -- Up-to-date: /home/joseph/Turtle_Pursuit/install/turtlesim_custom_msg/share/turtlesim_custom_msg/cmake/rosidl_cmake_export_typesupport_targets-extras.cmake
[1.021s] -- Up-to-date: /home/joseph/Turtle_Pursuit/install/turtlesim_custom_msg/share/turtlesim_custom_msg/cmake/ament_cmake_export_dependencies-extras.cmake
[1.021s] -- Up-to-date: /home/joseph/Turtle_Pursuit/install/turtlesim_custom_msg/share/turtlesim_custom_msg/cmake/rosidl_cmake_export_typesupport_libraries-extras.cmake
[1.021s] -- Up-to-date: /home/joseph/Turtle_Pursuit/install/turtlesim_custom_msg/share/turtlesim_custom_msg/cmake/turtlesim_custom_msgConfig.cmake
[1.022s] -- Up-to-date: /home/joseph/Turtle_Pursuit/install/turtlesim_custom_msg/share/turtlesim_custom_msg/cmake/turtlesim_custom_msgConfig-version.cmake
[1.022s] -- Up-to-date: /home/joseph/Turtle_Pursuit/install/turtlesim_custom_msg/share/turtlesim_custom_msg/package.xml
[1.025s] Invoked command in '/home/joseph/Turtle_Pursuit/build/turtlesim_custom_msg' returned '0': CMAKE_PREFIX_PATH=${CMAKE_PREFIX_PATH}:/home/joseph/Turtle_Pursuit/install/turtle_handlers:/home/joseph/learn_ros/install/test_pkg:/home/joseph/learn_ros/install/pubsub:/home/joseph/learn_ros/install/activity:/home/joseph/learn_ros/install/clientserver:/home/joseph/turtlesim_catch_turtles/install/handle_turtle:/home/joseph/turtlesim_catch_turtles/install/catch_turtles:/home/joseph/e-Yantra/install/ur5_control:/home/joseph/e-Yantra/install/task3b:/home/joseph/e-Yantra/install/task2a:/home/joseph/e-Yantra/install/misc:/home/joseph/e-Yantra/install/aruco:/opt/ros/humble /usr/bin/cmake --install /home/joseph/Turtle_Pursuit/build/turtlesim_custom_msg
